[0.008s] Invoking command in '/home/william-ubuntu/16832_ws/build/gazebo_ros2_2dmap_plugin': CMAKE_PREFIX_PATH=/home/william-ubuntu/16832_ws/install/laplace_pathfinder:/home/william-ubuntu/16832_ws/install/gazebo_ros2_2dmap_plugin:/home/william-ubuntu/16832_ws/install/dynamic_logistics_warehouse:/opt/ros/humble:/home/william-ubuntu/16832_ws/install/aws_robomaker_bookstore_world /usr/bin/cmake --build /home/william-ubuntu/16832_ws/build/gazebo_ros2_2dmap_plugin -- -j12 -l12
[0.083s] [ 50%] Building CXX object CMakeFiles/gazebo_2Dmap_plugin.dir/src/gazebo_2Dmap_plugin.cpp.o
[11.601s] [100%] Linking CXX shared library libgazebo_2Dmap_plugin.so
[12.021s] [100%] Built target gazebo_2Dmap_plugin
[12.033s] Invoked command in '/home/william-ubuntu/16832_ws/build/gazebo_ros2_2dmap_plugin' returned '0': CMAKE_PREFIX_PATH=/home/william-ubuntu/16832_ws/install/laplace_pathfinder:/home/william-ubuntu/16832_ws/install/gazebo_ros2_2dmap_plugin:/home/william-ubuntu/16832_ws/install/dynamic_logistics_warehouse:/opt/ros/humble:/home/william-ubuntu/16832_ws/install/aws_robomaker_bookstore_world /usr/bin/cmake --build /home/william-ubuntu/16832_ws/build/gazebo_ros2_2dmap_plugin -- -j12 -l12
[12.044s] Invoking command in '/home/william-ubuntu/16832_ws/build/gazebo_ros2_2dmap_plugin': CMAKE_PREFIX_PATH=/home/william-ubuntu/16832_ws/install/laplace_pathfinder:/home/william-ubuntu/16832_ws/install/gazebo_ros2_2dmap_plugin:/home/william-ubuntu/16832_ws/install/dynamic_logistics_warehouse:/opt/ros/humble:/home/william-ubuntu/16832_ws/install/aws_robomaker_bookstore_world /usr/bin/cmake --install /home/william-ubuntu/16832_ws/build/gazebo_ros2_2dmap_plugin
[12.057s] -- Install configuration: ""
[12.057s] -- Installing: /home/william-ubuntu/16832_ws/install/gazebo_ros2_2dmap_plugin/lib/libgazebo_2Dmap_plugin.so
[12.063s] -- Set runtime path of "/home/william-ubuntu/16832_ws/install/gazebo_ros2_2dmap_plugin/lib/libgazebo_2Dmap_plugin.so" to ""
[12.063s] -- Up-to-date: /home/william-ubuntu/16832_ws/install/gazebo_ros2_2dmap_plugin/include
[12.063s] -- Up-to-date: /home/william-ubuntu/16832_ws/install/gazebo_ros2_2dmap_plugin/include/common.h
[12.063s] -- Up-to-date: /home/william-ubuntu/16832_ws/install/gazebo_ros2_2dmap_plugin/include/gazebo_2Dmap_plugin.h
[12.063s] -- Up-to-date: /home/william-ubuntu/16832_ws/install/gazebo_ros2_2dmap_plugin/share/gazebo_ros2_2dmap_plugin/launch
[12.064s] -- Up-to-date: /home/william-ubuntu/16832_ws/install/gazebo_ros2_2dmap_plugin/share/gazebo_ros2_2dmap_plugin/launch/generate_map.launch.py
[12.064s] -- Up-to-date: /home/william-ubuntu/16832_ws/install/gazebo_ros2_2dmap_plugin/lib/gazebo_ros2_2dmap_plugin/generate_map.sh
[12.064s] -- Up-to-date: /home/william-ubuntu/16832_ws/install/gazebo_ros2_2dmap_plugin/share/ament_index/resource_index/package_run_dependencies/gazebo_ros2_2dmap_plugin
[12.064s] -- Up-to-date: /home/william-ubuntu/16832_ws/install/gazebo_ros2_2dmap_plugin/share/ament_index/resource_index/parent_prefix_path/gazebo_ros2_2dmap_plugin
[12.064s] -- Up-to-date: /home/william-ubuntu/16832_ws/install/gazebo_ros2_2dmap_plugin/share/gazebo_ros2_2dmap_plugin/environment/ament_prefix_path.sh
[12.064s] -- Up-to-date: /home/william-ubuntu/16832_ws/install/gazebo_ros2_2dmap_plugin/share/gazebo_ros2_2dmap_plugin/environment/ament_prefix_path.dsv
[12.064s] -- Up-to-date: /home/william-ubuntu/16832_ws/install/gazebo_ros2_2dmap_plugin/share/gazebo_ros2_2dmap_plugin/environment/path.sh
[12.064s] -- Up-to-date: /home/william-ubuntu/16832_ws/install/gazebo_ros2_2dmap_plugin/share/gazebo_ros2_2dmap_plugin/environment/path.dsv
[12.064s] -- Up-to-date: /home/william-ubuntu/16832_ws/install/gazebo_ros2_2dmap_plugin/share/gazebo_ros2_2dmap_plugin/local_setup.bash
[12.064s] -- Up-to-date: /home/william-ubuntu/16832_ws/install/gazebo_ros2_2dmap_plugin/share/gazebo_ros2_2dmap_plugin/local_setup.sh
[12.064s] -- Up-to-date: /home/william-ubuntu/16832_ws/install/gazebo_ros2_2dmap_plugin/share/gazebo_ros2_2dmap_plugin/local_setup.zsh
[12.064s] -- Up-to-date: /home/william-ubuntu/16832_ws/install/gazebo_ros2_2dmap_plugin/share/gazebo_ros2_2dmap_plugin/local_setup.dsv
[12.064s] -- Installing: /home/william-ubuntu/16832_ws/install/gazebo_ros2_2dmap_plugin/share/gazebo_ros2_2dmap_plugin/package.dsv
[12.064s] -- Up-to-date: /home/william-ubuntu/16832_ws/install/gazebo_ros2_2dmap_plugin/share/ament_index/resource_index/packages/gazebo_ros2_2dmap_plugin
[12.064s] -- Up-to-date: /home/william-ubuntu/16832_ws/install/gazebo_ros2_2dmap_plugin/share/gazebo_ros2_2dmap_plugin/cmake/gazebo_ros2_2dmap_pluginConfig.cmake
[12.064s] -- Up-to-date: /home/william-ubuntu/16832_ws/install/gazebo_ros2_2dmap_plugin/share/gazebo_ros2_2dmap_plugin/cmake/gazebo_ros2_2dmap_pluginConfig-version.cmake
[12.065s] -- Up-to-date: /home/william-ubuntu/16832_ws/install/gazebo_ros2_2dmap_plugin/share/gazebo_ros2_2dmap_plugin/package.xml
[12.066s] Invoked command in '/home/william-ubuntu/16832_ws/build/gazebo_ros2_2dmap_plugin' returned '0': CMAKE_PREFIX_PATH=/home/william-ubuntu/16832_ws/install/laplace_pathfinder:/home/william-ubuntu/16832_ws/install/gazebo_ros2_2dmap_plugin:/home/william-ubuntu/16832_ws/install/dynamic_logistics_warehouse:/opt/ros/humble:/home/william-ubuntu/16832_ws/install/aws_robomaker_bookstore_world /usr/bin/cmake --install /home/william-ubuntu/16832_ws/build/gazebo_ros2_2dmap_plugin
