[0.010s] Invoking command in '/home/william-ubuntu/16832_ws/build/laplace_pathfinder': CMAKE_PREFIX_PATH=/home/william-ubuntu/16832_ws/install/dynamic_logistics_warehouse:/opt/ros/humble:/home/william-ubuntu/16832_ws/install/aws_robomaker_bookstore_world:/home/william-ubuntu/16832_ws/install/laplace_pathfinder:/home/william-ubuntu/16832_ws/install/gazebo_ros2_2dmap_plugin /usr/bin/cmake --build /home/william-ubuntu/16832_ws/build/laplace_pathfinder -- -j12 -l12
[0.045s] [35m[1mConsolidate compiler generated dependencies of target robot_nav_controller[0m
[0.059s] [ 33%] [32mBuilding CXX object CMakeFiles/robot_nav_controller.dir/src/robot_nav_controller_main.cpp.o[0m
[1.914s] [ 66%] [32m[1mLinking CXX executable robot_nav_controller[0m
[2.302s] [100%] Built target robot_nav_controller
[2.315s] Invoked command in '/home/william-ubuntu/16832_ws/build/laplace_pathfinder' returned '0': CMAKE_PREFIX_PATH=/home/william-ubuntu/16832_ws/install/dynamic_logistics_warehouse:/opt/ros/humble:/home/william-ubuntu/16832_ws/install/aws_robomaker_bookstore_world:/home/william-ubuntu/16832_ws/install/laplace_pathfinder:/home/william-ubuntu/16832_ws/install/gazebo_ros2_2dmap_plugin /usr/bin/cmake --build /home/william-ubuntu/16832_ws/build/laplace_pathfinder -- -j12 -l12
[2.317s] Invoking command in '/home/william-ubuntu/16832_ws/build/laplace_pathfinder': CMAKE_PREFIX_PATH=/home/william-ubuntu/16832_ws/install/dynamic_logistics_warehouse:/opt/ros/humble:/home/william-ubuntu/16832_ws/install/aws_robomaker_bookstore_world:/home/william-ubuntu/16832_ws/install/laplace_pathfinder:/home/william-ubuntu/16832_ws/install/gazebo_ros2_2dmap_plugin /usr/bin/cmake --install /home/william-ubuntu/16832_ws/build/laplace_pathfinder
[2.326s] -- Install configuration: ""
[2.326s] -- Up-to-date: /home/william-ubuntu/16832_ws/install/laplace_pathfinder/share/laplace_pathfinder/launch
[2.327s] -- Up-to-date: /home/william-ubuntu/16832_ws/install/laplace_pathfinder/share/laplace_pathfinder/launch/laplace_pathfinder.launch.py
[2.327s] -- Up-to-date: /home/william-ubuntu/16832_ws/install/laplace_pathfinder/share/laplace_pathfinder/config
[2.327s] -- Up-to-date: /home/william-ubuntu/16832_ws/install/laplace_pathfinder/share/laplace_pathfinder/config/scenario_config.yaml
[2.327s] -- Up-to-date: /home/william-ubuntu/16832_ws/install/laplace_pathfinder/share/laplace_pathfinder/config/robot_nav_controller_params.yaml
[2.327s] -- Up-to-date: /home/william-ubuntu/16832_ws/install/laplace_pathfinder/share/laplace_pathfinder/models
[2.327s] -- Up-to-date: /home/william-ubuntu/16832_ws/install/laplace_pathfinder/share/laplace_pathfinder/models/goal_marker.sdf
[2.327s] -- Up-to-date: /home/william-ubuntu/16832_ws/install/laplace_pathfinder/share/laplace_pathfinder/models/start_marker.sdf
[2.327s] -- Up-to-date: /home/william-ubuntu/16832_ws/install/laplace_pathfinder/include
[2.327s] -- Up-to-date: /home/william-ubuntu/16832_ws/install/laplace_pathfinder/include/laplace_pathfinder
[2.327s] -- Up-to-date: /home/william-ubuntu/16832_ws/install/laplace_pathfinder/include/laplace_pathfinder/robot_nav_controller.hpp
[2.327s] -- Installing: /home/william-ubuntu/16832_ws/install/laplace_pathfinder/lib/laplace_pathfinder/robot_nav_controller
[2.330s] -- Set runtime path of "/home/william-ubuntu/16832_ws/install/laplace_pathfinder/lib/laplace_pathfinder/robot_nav_controller" to ""
[2.330s] -- Up-to-date: /home/william-ubuntu/16832_ws/install/laplace_pathfinder/share/ament_index/resource_index/package_run_dependencies/laplace_pathfinder
[2.330s] -- Up-to-date: /home/william-ubuntu/16832_ws/install/laplace_pathfinder/share/ament_index/resource_index/parent_prefix_path/laplace_pathfinder
[2.330s] -- Up-to-date: /home/william-ubuntu/16832_ws/install/laplace_pathfinder/share/laplace_pathfinder/environment/ament_prefix_path.sh
[2.330s] -- Up-to-date: /home/william-ubuntu/16832_ws/install/laplace_pathfinder/share/laplace_pathfinder/environment/ament_prefix_path.dsv
[2.330s] -- Up-to-date: /home/william-ubuntu/16832_ws/install/laplace_pathfinder/share/laplace_pathfinder/environment/path.sh
[2.331s] -- Up-to-date: /home/william-ubuntu/16832_ws/install/laplace_pathfinder/share/laplace_pathfinder/environment/path.dsv
[2.331s] -- Up-to-date: /home/william-ubuntu/16832_ws/install/laplace_pathfinder/share/laplace_pathfinder/local_setup.bash
[2.331s] -- Up-to-date: /home/william-ubuntu/16832_ws/install/laplace_pathfinder/share/laplace_pathfinder/local_setup.sh
[2.331s] -- Up-to-date: /home/william-ubuntu/16832_ws/install/laplace_pathfinder/share/laplace_pathfinder/local_setup.zsh
[2.331s] -- Up-to-date: /home/william-ubuntu/16832_ws/install/laplace_pathfinder/share/laplace_pathfinder/local_setup.dsv
[2.331s] -- Installing: /home/william-ubuntu/16832_ws/install/laplace_pathfinder/share/laplace_pathfinder/package.dsv
[2.331s] -- Up-to-date: /home/william-ubuntu/16832_ws/install/laplace_pathfinder/share/ament_index/resource_index/packages/laplace_pathfinder
[2.331s] -- Up-to-date: /home/william-ubuntu/16832_ws/install/laplace_pathfinder/share/laplace_pathfinder/cmake/laplace_pathfinderConfig.cmake
[2.331s] -- Up-to-date: /home/william-ubuntu/16832_ws/install/laplace_pathfinder/share/laplace_pathfinder/cmake/laplace_pathfinderConfig-version.cmake
[2.331s] -- Up-to-date: /home/william-ubuntu/16832_ws/install/laplace_pathfinder/share/laplace_pathfinder/package.xml
[2.333s] Invoked command in '/home/william-ubuntu/16832_ws/build/laplace_pathfinder' returned '0': CMAKE_PREFIX_PATH=/home/william-ubuntu/16832_ws/install/dynamic_logistics_warehouse:/opt/ros/humble:/home/william-ubuntu/16832_ws/install/aws_robomaker_bookstore_world:/home/william-ubuntu/16832_ws/install/laplace_pathfinder:/home/william-ubuntu/16832_ws/install/gazebo_ros2_2dmap_plugin /usr/bin/cmake --install /home/william-ubuntu/16832_ws/build/laplace_pathfinder
