[35m[1mConsolidate compiler generated dependencies of target gazebo_2Dmap_plugin[0m
[ 50%] [32mBuilding CXX object CMakeFiles/gazebo_2Dmap_plugin.dir/src/gazebo_2Dmap_plugin.cpp.o[0m
[100%] [32m[1mLinking CXX shared library libgazebo_2Dmap_plugin.so[0m
[100%] Built target gazebo_2Dmap_plugin
-- Install configuration: ""
-- Installing: /home/william-ubuntu/16832_ws/install/gazebo_ros2_2dmap_plugin/lib/libgazebo_2Dmap_plugin.so
-- Set runtime path of "/home/william-ubuntu/16832_ws/install/gazebo_ros2_2dmap_plugin/lib/libgazebo_2Dmap_plugin.so" to ""
-- Up-to-date: /home/william-ubuntu/16832_ws/install/gazebo_ros2_2dmap_plugin/include
-- Up-to-date: /home/william-ubuntu/16832_ws/install/gazebo_ros2_2dmap_plugin/include/common.h
-- Up-to-date: /home/william-ubuntu/16832_ws/install/gazebo_ros2_2dmap_plugin/include/gazebo_2Dmap_plugin.h
-- Up-to-date: /home/william-ubuntu/16832_ws/install/gazebo_ros2_2dmap_plugin/share/gazebo_ros2_2dmap_plugin/launch
-- Up-to-date: /home/william-ubuntu/16832_ws/install/gazebo_ros2_2dmap_plugin/share/gazebo_ros2_2dmap_plugin/launch/generate_map.launch.py
-- Up-to-date: /home/william-ubuntu/16832_ws/install/gazebo_ros2_2dmap_plugin/lib/gazebo_ros2_2dmap_plugin/generate_map.sh
-- Up-to-date: /home/william-ubuntu/16832_ws/install/gazebo_ros2_2dmap_plugin/share/ament_index/resource_index/package_run_dependencies/gazebo_ros2_2dmap_plugin
-- Up-to-date: /home/william-ubuntu/16832_ws/install/gazebo_ros2_2dmap_plugin/share/ament_index/resource_index/parent_prefix_path/gazebo_ros2_2dmap_plugin
-- Up-to-date: /home/william-ubuntu/16832_ws/install/gazebo_ros2_2dmap_plugin/share/gazebo_ros2_2dmap_plugin/environment/ament_prefix_path.sh
-- Up-to-date: /home/william-ubuntu/16832_ws/install/gazebo_ros2_2dmap_plugin/share/gazebo_ros2_2dmap_plugin/environment/ament_prefix_path.dsv
-- Up-to-date: /home/william-ubuntu/16832_ws/install/gazebo_ros2_2dmap_plugin/share/gazebo_ros2_2dmap_plugin/environment/path.sh
-- Up-to-date: /home/william-ubuntu/16832_ws/install/gazebo_ros2_2dmap_plugin/share/gazebo_ros2_2dmap_plugin/environment/path.dsv
-- Up-to-date: /home/william-ubuntu/16832_ws/install/gazebo_ros2_2dmap_plugin/share/gazebo_ros2_2dmap_plugin/local_setup.bash
-- Up-to-date: /home/william-ubuntu/16832_ws/install/gazebo_ros2_2dmap_plugin/share/gazebo_ros2_2dmap_plugin/local_setup.sh
-- Up-to-date: /home/william-ubuntu/16832_ws/install/gazebo_ros2_2dmap_plugin/share/gazebo_ros2_2dmap_plugin/local_setup.zsh
-- Up-to-date: /home/william-ubuntu/16832_ws/install/gazebo_ros2_2dmap_plugin/share/gazebo_ros2_2dmap_plugin/local_setup.dsv
-- Installing: /home/william-ubuntu/16832_ws/install/gazebo_ros2_2dmap_plugin/share/gazebo_ros2_2dmap_plugin/package.dsv
-- Up-to-date: /home/william-ubuntu/16832_ws/install/gazebo_ros2_2dmap_plugin/share/ament_index/resource_index/packages/gazebo_ros2_2dmap_plugin
-- Up-to-date: /home/william-ubuntu/16832_ws/install/gazebo_ros2_2dmap_plugin/share/gazebo_ros2_2dmap_plugin/cmake/gazebo_ros2_2dmap_pluginConfig.cmake
-- Up-to-date: /home/william-ubuntu/16832_ws/install/gazebo_ros2_2dmap_plugin/share/gazebo_ros2_2dmap_plugin/cmake/gazebo_ros2_2dmap_pluginConfig-version.cmake
-- Up-to-date: /home/william-ubuntu/16832_ws/install/gazebo_ros2_2dmap_plugin/share/gazebo_ros2_2dmap_plugin/package.xml
