[0.007s] Invoking command in '/home/william-ubuntu/16832_ws/build/dynamic_logistics_warehouse': CMAKE_PREFIX_PATH=${CMAKE_PREFIX_PATH}:/opt/ros/humble /usr/bin/cmake --build /home/william-ubuntu/16832_ws/build/dynamic_logistics_warehouse -- -j12 -l12
[0.032s] Invoked command in '/home/william-ubuntu/16832_ws/build/dynamic_logistics_warehouse' returned '0': CMAKE_PREFIX_PATH=${CMAKE_PREFIX_PATH}:/opt/ros/humble /usr/bin/cmake --build /home/william-ubuntu/16832_ws/build/dynamic_logistics_warehouse -- -j12 -l12
[0.041s] Invoking command in '/home/william-ubuntu/16832_ws/build/dynamic_logistics_warehouse': CMAKE_PREFIX_PATH=${CMAKE_PREFIX_PATH}:/opt/ros/humble /usr/bin/cmake --install /home/william-ubuntu/16832_ws/build/dynamic_logistics_warehouse
[0.046s] -- Install configuration: ""
[0.046s] -- Up-to-date: /home/william-ubuntu/16832_ws/install/dynamic_logistics_warehouse/share/dynamic_logistics_warehouse/launch
[0.046s] -- Up-to-date: /home/william-ubuntu/16832_ws/install/dynamic_logistics_warehouse/share/dynamic_logistics_warehouse/launch/logistics_warehouse.launch.py
[0.046s] -- Up-to-date: /home/william-ubuntu/16832_ws/install/dynamic_logistics_warehouse/share/dynamic_logistics_warehouse/launch/logistics_warehouse.launch
[0.046s] -- Up-to-date: /home/william-ubuntu/16832_ws/install/dynamic_logistics_warehouse/share/dynamic_logistics_warehouse/models
[0.046s] -- Up-to-date: /home/william-ubuntu/16832_ws/install/dynamic_logistics_warehouse/share/dynamic_logistics_warehouse/models/aws_robomaker_warehouse_Lamp_01
[0.046s] -- Up-to-date: /home/william-ubuntu/16832_ws/install/dynamic_logistics_warehouse/share/dynamic_logistics_warehouse/models/aws_robomaker_warehouse_Lamp_01/meshes
[0.046s] -- Up-to-date: /home/william-ubuntu/16832_ws/install/dynamic_logistics_warehouse/share/dynamic_logistics_warehouse/models/aws_robomaker_warehouse_Lamp_01/meshes/aws_robomaker_warehouse_Lamp_01_collision.DAE
[0.046s] -- Up-to-date: /home/william-ubuntu/16832_ws/install/dynamic_logistics_warehouse/share/dynamic_logistics_warehouse/models/aws_robomaker_warehouse_Lamp_01/meshes/aws_robomaker_warehouse_Lamp_01_visual.DAE
[0.046s] -- Up-to-date: /home/william-ubuntu/16832_ws/install/dynamic_logistics_warehouse/share/dynamic_logistics_warehouse/models/aws_robomaker_warehouse_Lamp_01/materials
[0.046s] -- Up-to-date: /home/william-ubuntu/16832_ws/install/dynamic_logistics_warehouse/share/dynamic_logistics_warehouse/models/aws_robomaker_warehouse_Lamp_01/materials/textures
[0.046s] -- Up-to-date: /home/william-ubuntu/16832_ws/install/dynamic_logistics_warehouse/share/dynamic_logistics_warehouse/models/aws_robomaker_warehouse_Lamp_01/materials/textures/aws_robomaker_warehouse_Lamp_01.png
[0.046s] -- Up-to-date: /home/william-ubuntu/16832_ws/install/dynamic_logistics_warehouse/share/dynamic_logistics_warehouse/models/aws_robomaker_warehouse_Lamp_01/model.config
[0.046s] -- Up-to-date: /home/william-ubuntu/16832_ws/install/dynamic_logistics_warehouse/share/dynamic_logistics_warehouse/models/aws_robomaker_warehouse_Lamp_01/model.sdf
[0.046s] -- Up-to-date: /home/william-ubuntu/16832_ws/install/dynamic_logistics_warehouse/share/dynamic_logistics_warehouse/models/aws_robomaker_warehouse_ClutteringC_01
[0.046s] -- Up-to-date: /home/william-ubuntu/16832_ws/install/dynamic_logistics_warehouse/share/dynamic_logistics_warehouse/models/aws_robomaker_warehouse_ClutteringC_01/meshes
[0.046s] -- Up-to-date: /home/william-ubuntu/16832_ws/install/dynamic_logistics_warehouse/share/dynamic_logistics_warehouse/models/aws_robomaker_warehouse_ClutteringC_01/meshes/aws_robomaker_warehouse_ClutteringC_01_visual.DAE
[0.046s] -- Up-to-date: /home/william-ubuntu/16832_ws/install/dynamic_logistics_warehouse/share/dynamic_logistics_warehouse/models/aws_robomaker_warehouse_ClutteringC_01/meshes/aws_robomaker_warehouse_ClutteringC_01_collision.DAE
[0.047s] -- Up-to-date: /home/william-ubuntu/16832_ws/install/dynamic_logistics_warehouse/share/dynamic_logistics_warehouse/models/aws_robomaker_warehouse_ClutteringC_01/materials
[0.047s] -- Up-to-date: /home/william-ubuntu/16832_ws/install/dynamic_logistics_warehouse/share/dynamic_logistics_warehouse/models/aws_robomaker_warehouse_ClutteringC_01/materials/textures
[0.047s] -- Up-to-date: /home/william-ubuntu/16832_ws/install/dynamic_logistics_warehouse/share/dynamic_logistics_warehouse/models/aws_robomaker_warehouse_ClutteringC_01/materials/textures/aws_robomaker_warehouse_ClutteringC_02.png
[0.047s] -- Up-to-date: /home/william-ubuntu/16832_ws/install/dynamic_logistics_warehouse/share/dynamic_logistics_warehouse/models/aws_robomaker_warehouse_ClutteringC_01/materials/textures/aws_robomaker_warehouse_ClutteringC_01.png
[0.047s] -- Up-to-date: /home/william-ubuntu/16832_ws/install/dynamic_logistics_warehouse/share/dynamic_logistics_warehouse/models/aws_robomaker_warehouse_ClutteringC_01/model.config
[0.047s] -- Up-to-date: /home/william-ubuntu/16832_ws/install/dynamic_logistics_warehouse/share/dynamic_logistics_warehouse/models/aws_robomaker_warehouse_ClutteringC_01/model.sdf
[0.047s] -- Up-to-date: /home/william-ubuntu/16832_ws/install/dynamic_logistics_warehouse/share/dynamic_logistics_warehouse/models/aws_robomaker_warehouse_ShelfF_01
[0.047s] -- Up-to-date: /home/william-ubuntu/16832_ws/install/dynamic_logistics_warehouse/share/dynamic_logistics_warehouse/models/aws_robomaker_warehouse_ShelfF_01/meshes
[0.047s] -- Up-to-date: /home/william-ubuntu/16832_ws/install/dynamic_logistics_warehouse/share/dynamic_logistics_warehouse/models/aws_robomaker_warehouse_ShelfF_01/meshes/aws_robomaker_warehouse_ShelfF_01_collision.DAE
[0.047s] -- Up-to-date: /home/william-ubuntu/16832_ws/install/dynamic_logistics_warehouse/share/dynamic_logistics_warehouse/models/aws_robomaker_warehouse_ShelfF_01/meshes/aws_robomaker_warehouse_ShelfF_01_visual.DAE
[0.047s] -- Up-to-date: /home/william-ubuntu/16832_ws/install/dynamic_logistics_warehouse/share/dynamic_logistics_warehouse/models/aws_robomaker_warehouse_ShelfF_01/materials
[0.047s] -- Up-to-date: /home/william-ubuntu/16832_ws/install/dynamic_logistics_warehouse/share/dynamic_logistics_warehouse/models/aws_robomaker_warehouse_ShelfF_01/materials/textures
[0.047s] -- Up-to-date: /home/william-ubuntu/16832_ws/install/dynamic_logistics_warehouse/share/dynamic_logistics_warehouse/models/aws_robomaker_warehouse_ShelfF_01/materials/textures/aws_robomaker_warehouse_ShelfF_01.png
[0.047s] -- Up-to-date: /home/william-ubuntu/16832_ws/install/dynamic_logistics_warehouse/share/dynamic_logistics_warehouse/models/aws_robomaker_warehouse_ShelfF_01/materials/textures/aws_robomaker_warehouse_ShelfF_03.png
[0.047s] -- Up-to-date: /home/william-ubuntu/16832_ws/install/dynamic_logistics_warehouse/share/dynamic_logistics_warehouse/models/aws_robomaker_warehouse_ShelfF_01/materials/textures/aws_robomaker_warehouse_ShelfF_02.png
[0.047s] -- Up-to-date: /home/william-ubuntu/16832_ws/install/dynamic_logistics_warehouse/share/dynamic_logistics_warehouse/models/aws_robomaker_warehouse_ShelfF_01/model.config
[0.047s] -- Up-to-date: /home/william-ubuntu/16832_ws/install/dynamic_logistics_warehouse/share/dynamic_logistics_warehouse/models/aws_robomaker_warehouse_ShelfF_01/model.sdf
[0.047s] -- Up-to-date: /home/william-ubuntu/16832_ws/install/dynamic_logistics_warehouse/share/dynamic_logistics_warehouse/models/aws_robomaker_warehouse_DeskC_01
[0.047s] -- Up-to-date: /home/william-ubuntu/16832_ws/install/dynamic_logistics_warehouse/share/dynamic_logistics_warehouse/models/aws_robomaker_warehouse_DeskC_01/meshes
[0.047s] -- Up-to-date: /home/william-ubuntu/16832_ws/install/dynamic_logistics_warehouse/share/dynamic_logistics_warehouse/models/aws_robomaker_warehouse_DeskC_01/meshes/aws_robomaker_warehouse_DeskC_01_visual.DAE
[0.047s] -- Up-to-date: /home/william-ubuntu/16832_ws/install/dynamic_logistics_warehouse/share/dynamic_logistics_warehouse/models/aws_robomaker_warehouse_DeskC_01/meshes/aws_robomaker_warehouse_DeskC_01_collision.DAE
[0.048s] -- Up-to-date: /home/william-ubuntu/16832_ws/install/dynamic_logistics_warehouse/share/dynamic_logistics_warehouse/models/aws_robomaker_warehouse_DeskC_01/materials
[0.048s] -- Up-to-date: /home/william-ubuntu/16832_ws/install/dynamic_logistics_warehouse/share/dynamic_logistics_warehouse/models/aws_robomaker_warehouse_DeskC_01/materials/textures
[0.048s] -- Up-to-date: /home/william-ubuntu/16832_ws/install/dynamic_logistics_warehouse/share/dynamic_logistics_warehouse/models/aws_robomaker_warehouse_DeskC_01/materials/textures/aws_robomaker_warehouse_DeskC_04.png
[0.048s] -- Up-to-date: /home/william-ubuntu/16832_ws/install/dynamic_logistics_warehouse/share/dynamic_logistics_warehouse/models/aws_robomaker_warehouse_DeskC_01/materials/textures/aws_robomaker_warehouse_DeskC_02.png
[0.048s] -- Up-to-date: /home/william-ubuntu/16832_ws/install/dynamic_logistics_warehouse/share/dynamic_logistics_warehouse/models/aws_robomaker_warehouse_DeskC_01/materials/textures/aws_robomaker_warehouse_DeskC_03.psd
[0.048s] -- Up-to-date: /home/william-ubuntu/16832_ws/install/dynamic_logistics_warehouse/share/dynamic_logistics_warehouse/models/aws_robomaker_warehouse_DeskC_01/materials/textures/aws_robomaker_warehouse_DeskC_01.png
[0.048s] -- Up-to-date: /home/william-ubuntu/16832_ws/install/dynamic_logistics_warehouse/share/dynamic_logistics_warehouse/models/aws_robomaker_warehouse_DeskC_01/materials/textures/aws_robomaker_warehouse_DeskC_03.png
[0.048s] -- Up-to-date: /home/william-ubuntu/16832_ws/install/dynamic_logistics_warehouse/share/dynamic_logistics_warehouse/models/aws_robomaker_warehouse_DeskC_01/model.config
[0.048s] -- Up-to-date: /home/william-ubuntu/16832_ws/install/dynamic_logistics_warehouse/share/dynamic_logistics_warehouse/models/aws_robomaker_warehouse_DeskC_01/model.sdf
[0.048s] -- Up-to-date: /home/william-ubuntu/16832_ws/install/dynamic_logistics_warehouse/share/dynamic_logistics_warehouse/models/aws_robomaker_warehouse_PalletJackB_01
[0.048s] -- Up-to-date: /home/william-ubuntu/16832_ws/install/dynamic_logistics_warehouse/share/dynamic_logistics_warehouse/models/aws_robomaker_warehouse_PalletJackB_01/meshes
[0.048s] -- Up-to-date: /home/william-ubuntu/16832_ws/install/dynamic_logistics_warehouse/share/dynamic_logistics_warehouse/models/aws_robomaker_warehouse_PalletJackB_01/meshes/aws_robomaker_warehouse_PalletJackB_01_visual.DAE
[0.048s] -- Up-to-date: /home/william-ubuntu/16832_ws/install/dynamic_logistics_warehouse/share/dynamic_logistics_warehouse/models/aws_robomaker_warehouse_PalletJackB_01/meshes/aws_robomaker_warehouse_PalletJackB_01_collision.DAE
[0.048s] -- Up-to-date: /home/william-ubuntu/16832_ws/install/dynamic_logistics_warehouse/share/dynamic_logistics_warehouse/models/aws_robomaker_warehouse_PalletJackB_01/materials
[0.048s] -- Up-to-date: /home/william-ubuntu/16832_ws/install/dynamic_logistics_warehouse/share/dynamic_logistics_warehouse/models/aws_robomaker_warehouse_PalletJackB_01/materials/textures
[0.048s] -- Up-to-date: /home/william-ubuntu/16832_ws/install/dynamic_logistics_warehouse/share/dynamic_logistics_warehouse/models/aws_robomaker_warehouse_PalletJackB_01/materials/textures/aws_robomaker_warehouse_PalletJackB_01.png
[0.048s] -- Up-to-date: /home/william-ubuntu/16832_ws/install/dynamic_logistics_warehouse/share/dynamic_logistics_warehouse/models/aws_robomaker_warehouse_PalletJackB_01/materials/textures/aws_robomaker_warehouse_PalletJackB_02.png
[0.048s] -- Up-to-date: /home/william-ubuntu/16832_ws/install/dynamic_logistics_warehouse/share/dynamic_logistics_warehouse/models/aws_robomaker_warehouse_PalletJackB_01/model.config
[0.048s] -- Up-to-date: /home/william-ubuntu/16832_ws/install/dynamic_logistics_warehouse/share/dynamic_logistics_warehouse/models/aws_robomaker_warehouse_PalletJackB_01/model.sdf
[0.048s] -- Up-to-date: /home/william-ubuntu/16832_ws/install/dynamic_logistics_warehouse/share/dynamic_logistics_warehouse/models/aws_robomaker_warehouse_ShelfE_01
[0.048s] -- Up-to-date: /home/william-ubuntu/16832_ws/install/dynamic_logistics_warehouse/share/dynamic_logistics_warehouse/models/aws_robomaker_warehouse_ShelfE_01/meshes
[0.049s] -- Up-to-date: /home/william-ubuntu/16832_ws/install/dynamic_logistics_warehouse/share/dynamic_logistics_warehouse/models/aws_robomaker_warehouse_ShelfE_01/meshes/aws_robomaker_warehouse_ShelfE_01_visual.DAE
[0.049s] -- Up-to-date: /home/william-ubuntu/16832_ws/install/dynamic_logistics_warehouse/share/dynamic_logistics_warehouse/models/aws_robomaker_warehouse_ShelfE_01/meshes/aws_robomaker_warehouse_ShelfE_01_collision.DAE
[0.049s] -- Up-to-date: /home/william-ubuntu/16832_ws/install/dynamic_logistics_warehouse/share/dynamic_logistics_warehouse/models/aws_robomaker_warehouse_ShelfE_01/materials
[0.049s] -- Up-to-date: /home/william-ubuntu/16832_ws/install/dynamic_logistics_warehouse/share/dynamic_logistics_warehouse/models/aws_robomaker_warehouse_ShelfE_01/materials/textures
[0.049s] -- Up-to-date: /home/william-ubuntu/16832_ws/install/dynamic_logistics_warehouse/share/dynamic_logistics_warehouse/models/aws_robomaker_warehouse_ShelfE_01/materials/textures/aws_robomaker_warehouse_ShelfE_04.png
[0.049s] -- Up-to-date: /home/william-ubuntu/16832_ws/install/dynamic_logistics_warehouse/share/dynamic_logistics_warehouse/models/aws_robomaker_warehouse_ShelfE_01/materials/textures/aws_robomaker_warehouse_ShelfE_03.png
[0.049s] -- Up-to-date: /home/william-ubuntu/16832_ws/install/dynamic_logistics_warehouse/share/dynamic_logistics_warehouse/models/aws_robomaker_warehouse_ShelfE_01/materials/textures/aws_robomaker_warehouse_ShelfE_02.png
[0.049s] -- Up-to-date: /home/william-ubuntu/16832_ws/install/dynamic_logistics_warehouse/share/dynamic_logistics_warehouse/models/aws_robomaker_warehouse_ShelfE_01/materials/textures/aws_robomaker_warehouse_ShelfE_01.png
[0.049s] -- Up-to-date: /home/william-ubuntu/16832_ws/install/dynamic_logistics_warehouse/share/dynamic_logistics_warehouse/models/aws_robomaker_warehouse_ShelfE_01/model.config
[0.049s] -- Up-to-date: /home/william-ubuntu/16832_ws/install/dynamic_logistics_warehouse/share/dynamic_logistics_warehouse/models/aws_robomaker_warehouse_ShelfE_01/model.sdf
[0.049s] -- Up-to-date: /home/william-ubuntu/16832_ws/install/dynamic_logistics_warehouse/share/dynamic_logistics_warehouse/models/aws_robomaker_warehouse_ShelfD_01
[0.049s] -- Up-to-date: /home/william-ubuntu/16832_ws/install/dynamic_logistics_warehouse/share/dynamic_logistics_warehouse/models/aws_robomaker_warehouse_ShelfD_01/materials
[0.049s] -- Up-to-date: /home/william-ubuntu/16832_ws/install/dynamic_logistics_warehouse/share/dynamic_logistics_warehouse/models/aws_robomaker_warehouse_ShelfD_01/materials/textures
[0.049s] -- Up-to-date: /home/william-ubuntu/16832_ws/install/dynamic_logistics_warehouse/share/dynamic_logistics_warehouse/models/aws_robomaker_warehouse_ShelfD_01/materials/textures/aws_robomaker_warehouse_ShelfD_04.png
[0.049s] -- Up-to-date: /home/william-ubuntu/16832_ws/install/dynamic_logistics_warehouse/share/dynamic_logistics_warehouse/models/aws_robomaker_warehouse_ShelfD_01/materials/textures/aws_robomaker_warehouse_ShelfD_03.png
[0.049s] -- Up-to-date: /home/william-ubuntu/16832_ws/install/dynamic_logistics_warehouse/share/dynamic_logistics_warehouse/models/aws_robomaker_warehouse_ShelfD_01/materials/textures/aws_robomaker_warehouse_ShelfD_01.png
[0.049s] -- Up-to-date: /home/william-ubuntu/16832_ws/install/dynamic_logistics_warehouse/share/dynamic_logistics_warehouse/models/aws_robomaker_warehouse_ShelfD_01/materials/textures/aws_robomaker_warehouse_ShelfD_02.png
[0.049s] -- Up-to-date: /home/william-ubuntu/16832_ws/install/dynamic_logistics_warehouse/share/dynamic_logistics_warehouse/models/aws_robomaker_warehouse_ShelfD_01/model.config
[0.049s] -- Up-to-date: /home/william-ubuntu/16832_ws/install/dynamic_logistics_warehouse/share/dynamic_logistics_warehouse/models/aws_robomaker_warehouse_ShelfD_01/model.sdf
[0.049s] -- Up-to-date: /home/william-ubuntu/16832_ws/install/dynamic_logistics_warehouse/share/dynamic_logistics_warehouse/models/aws_robomaker_warehouse_RoofB_01
[0.050s] -- Up-to-date: /home/william-ubuntu/16832_ws/install/dynamic_logistics_warehouse/share/dynamic_logistics_warehouse/models/aws_robomaker_warehouse_RoofB_01/meshes
[0.050s] -- Up-to-date: /home/william-ubuntu/16832_ws/install/dynamic_logistics_warehouse/share/dynamic_logistics_warehouse/models/aws_robomaker_warehouse_RoofB_01/meshes/aws_robomaker_warehouse_RoofB_01_visual.DAE
[0.050s] -- Up-to-date: /home/william-ubuntu/16832_ws/install/dynamic_logistics_warehouse/share/dynamic_logistics_warehouse/models/aws_robomaker_warehouse_RoofB_01/meshes/aws_robomaker_warehouse_RoofB_01_collision.DAE
[0.050s] -- Up-to-date: /home/william-ubuntu/16832_ws/install/dynamic_logistics_warehouse/share/dynamic_logistics_warehouse/models/aws_robomaker_warehouse_RoofB_01/materials
[0.050s] -- Up-to-date: /home/william-ubuntu/16832_ws/install/dynamic_logistics_warehouse/share/dynamic_logistics_warehouse/models/aws_robomaker_warehouse_RoofB_01/materials/textures
[0.050s] -- Up-to-date: /home/william-ubuntu/16832_ws/install/dynamic_logistics_warehouse/share/dynamic_logistics_warehouse/models/aws_robomaker_warehouse_RoofB_01/materials/textures/aws_robomaker_warehouse_RoofB_01.png
[0.050s] -- Up-to-date: /home/william-ubuntu/16832_ws/install/dynamic_logistics_warehouse/share/dynamic_logistics_warehouse/models/aws_robomaker_warehouse_RoofB_01/model.config
[0.050s] -- Up-to-date: /home/william-ubuntu/16832_ws/install/dynamic_logistics_warehouse/share/dynamic_logistics_warehouse/models/aws_robomaker_warehouse_RoofB_01/model.sdf
[0.050s] -- Up-to-date: /home/william-ubuntu/16832_ws/install/dynamic_logistics_warehouse/share/dynamic_logistics_warehouse/models/aws_robomaker_warehouse_TrashCanC_01
[0.050s] -- Up-to-date: /home/william-ubuntu/16832_ws/install/dynamic_logistics_warehouse/share/dynamic_logistics_warehouse/models/aws_robomaker_warehouse_TrashCanC_01/meshes
[0.050s] -- Up-to-date: /home/william-ubuntu/16832_ws/install/dynamic_logistics_warehouse/share/dynamic_logistics_warehouse/models/aws_robomaker_warehouse_TrashCanC_01/meshes/aws_robomaker_warehouse_TrashCanC_01_visual.DAE
[0.050s] -- Up-to-date: /home/william-ubuntu/16832_ws/install/dynamic_logistics_warehouse/share/dynamic_logistics_warehouse/models/aws_robomaker_warehouse_TrashCanC_01/meshes/aws_robomaker_warehouse_TrashCanC_01_collision.DAE
[0.050s] -- Up-to-date: /home/william-ubuntu/16832_ws/install/dynamic_logistics_warehouse/share/dynamic_logistics_warehouse/models/aws_robomaker_warehouse_TrashCanC_01/materials
[0.050s] -- Up-to-date: /home/william-ubuntu/16832_ws/install/dynamic_logistics_warehouse/share/dynamic_logistics_warehouse/models/aws_robomaker_warehouse_TrashCanC_01/materials/textures
[0.050s] -- Up-to-date: /home/william-ubuntu/16832_ws/install/dynamic_logistics_warehouse/share/dynamic_logistics_warehouse/models/aws_robomaker_warehouse_TrashCanC_01/materials/textures/aws_robomaker_warehouse_TrashCanC_01.png
[0.050s] -- Up-to-date: /home/william-ubuntu/16832_ws/install/dynamic_logistics_warehouse/share/dynamic_logistics_warehouse/models/aws_robomaker_warehouse_TrashCanC_01/model.config
[0.050s] -- Up-to-date: /home/william-ubuntu/16832_ws/install/dynamic_logistics_warehouse/share/dynamic_logistics_warehouse/models/aws_robomaker_warehouse_TrashCanC_01/model.sdf
[0.050s] -- Up-to-date: /home/william-ubuntu/16832_ws/install/dynamic_logistics_warehouse/share/dynamic_logistics_warehouse/models/aws_robomaker_warehouse_WallB_01
[0.050s] -- Up-to-date: /home/william-ubuntu/16832_ws/install/dynamic_logistics_warehouse/share/dynamic_logistics_warehouse/models/aws_robomaker_warehouse_WallB_01/meshes
[0.050s] -- Up-to-date: /home/william-ubuntu/16832_ws/install/dynamic_logistics_warehouse/share/dynamic_logistics_warehouse/models/aws_robomaker_warehouse_WallB_01/meshes/aws_robomaker_warehouse_WallB_01_collision.DAE
[0.050s] -- Up-to-date: /home/william-ubuntu/16832_ws/install/dynamic_logistics_warehouse/share/dynamic_logistics_warehouse/models/aws_robomaker_warehouse_WallB_01/meshes/aws_robomaker_warehouse_WallB_01_visual.DAE
[0.050s] -- Up-to-date: /home/william-ubuntu/16832_ws/install/dynamic_logistics_warehouse/share/dynamic_logistics_warehouse/models/aws_robomaker_warehouse_WallB_01/materials
[0.050s] -- Up-to-date: /home/william-ubuntu/16832_ws/install/dynamic_logistics_warehouse/share/dynamic_logistics_warehouse/models/aws_robomaker_warehouse_WallB_01/materials/textures
[0.050s] -- Up-to-date: /home/william-ubuntu/16832_ws/install/dynamic_logistics_warehouse/share/dynamic_logistics_warehouse/models/aws_robomaker_warehouse_WallB_01/materials/textures/aws_robomaker_warehouse_WallB_01.png
[0.051s] -- Up-to-date: /home/william-ubuntu/16832_ws/install/dynamic_logistics_warehouse/share/dynamic_logistics_warehouse/models/aws_robomaker_warehouse_WallB_01/model.config
[0.051s] -- Up-to-date: /home/william-ubuntu/16832_ws/install/dynamic_logistics_warehouse/share/dynamic_logistics_warehouse/models/aws_robomaker_warehouse_WallB_01/model.sdf
[0.051s] -- Up-to-date: /home/william-ubuntu/16832_ws/install/dynamic_logistics_warehouse/share/dynamic_logistics_warehouse/models/aws_robomaker_warehouse_ClutteringA_01
[0.051s] -- Up-to-date: /home/william-ubuntu/16832_ws/install/dynamic_logistics_warehouse/share/dynamic_logistics_warehouse/models/aws_robomaker_warehouse_ClutteringA_01/meshes
[0.051s] -- Up-to-date: /home/william-ubuntu/16832_ws/install/dynamic_logistics_warehouse/share/dynamic_logistics_warehouse/models/aws_robomaker_warehouse_ClutteringA_01/meshes/aws_robomaker_warehouse_ClutteringA_01_collision.DAE
[0.051s] -- Up-to-date: /home/william-ubuntu/16832_ws/install/dynamic_logistics_warehouse/share/dynamic_logistics_warehouse/models/aws_robomaker_warehouse_ClutteringA_01/meshes/aws_robomaker_warehouse_ClutteringA_01_visual.DAE
[0.051s] -- Up-to-date: /home/william-ubuntu/16832_ws/install/dynamic_logistics_warehouse/share/dynamic_logistics_warehouse/models/aws_robomaker_warehouse_ClutteringA_01/materials
[0.051s] -- Up-to-date: /home/william-ubuntu/16832_ws/install/dynamic_logistics_warehouse/share/dynamic_logistics_warehouse/models/aws_robomaker_warehouse_ClutteringA_01/materials/textures
[0.051s] -- Up-to-date: /home/william-ubuntu/16832_ws/install/dynamic_logistics_warehouse/share/dynamic_logistics_warehouse/models/aws_robomaker_warehouse_ClutteringA_01/materials/textures/aws_robomaker_warehouse_ClutteringA_02.png
[0.051s] -- Up-to-date: /home/william-ubuntu/16832_ws/install/dynamic_logistics_warehouse/share/dynamic_logistics_warehouse/models/aws_robomaker_warehouse_ClutteringA_01/materials/textures/aws_robomaker_warehouse_ClutteringA_01.png
[0.051s] -- Up-to-date: /home/william-ubuntu/16832_ws/install/dynamic_logistics_warehouse/share/dynamic_logistics_warehouse/models/aws_robomaker_warehouse_ClutteringA_01/materials/textures/aws_robomaker_warehouse_ClutteringA_03.png
[0.051s] -- Up-to-date: /home/william-ubuntu/16832_ws/install/dynamic_logistics_warehouse/share/dynamic_logistics_warehouse/models/aws_robomaker_warehouse_ClutteringA_01/model.config
[0.051s] -- Up-to-date: /home/william-ubuntu/16832_ws/install/dynamic_logistics_warehouse/share/dynamic_logistics_warehouse/models/aws_robomaker_warehouse_ClutteringA_01/model.sdf
[0.051s] -- Up-to-date: /home/william-ubuntu/16832_ws/install/dynamic_logistics_warehouse/share/dynamic_logistics_warehouse/models/aws_robomaker_warehouse_ClutteringD_01
[0.051s] -- Up-to-date: /home/william-ubuntu/16832_ws/install/dynamic_logistics_warehouse/share/dynamic_logistics_warehouse/models/aws_robomaker_warehouse_ClutteringD_01/meshes
[0.051s] -- Up-to-date: /home/william-ubuntu/16832_ws/install/dynamic_logistics_warehouse/share/dynamic_logistics_warehouse/models/aws_robomaker_warehouse_ClutteringD_01/meshes/aws_robomaker_warehouse_ClutteringD_01_collision.DAE
[0.051s] -- Up-to-date: /home/william-ubuntu/16832_ws/install/dynamic_logistics_warehouse/share/dynamic_logistics_warehouse/models/aws_robomaker_warehouse_ClutteringD_01/meshes/aws_robomaker_warehouse_ClutteringD_01_visual.DAE
[0.051s] -- Up-to-date: /home/william-ubuntu/16832_ws/install/dynamic_logistics_warehouse/share/dynamic_logistics_warehouse/models/aws_robomaker_warehouse_ClutteringD_01/materials
[0.051s] -- Up-to-date: /home/william-ubuntu/16832_ws/install/dynamic_logistics_warehouse/share/dynamic_logistics_warehouse/models/aws_robomaker_warehouse_ClutteringD_01/materials/textures
[0.051s] -- Up-to-date: /home/william-ubuntu/16832_ws/install/dynamic_logistics_warehouse/share/dynamic_logistics_warehouse/models/aws_robomaker_warehouse_ClutteringD_01/materials/textures/aws_robomaker_warehouse_ClutteringD_01.png
[0.052s] -- Up-to-date: /home/william-ubuntu/16832_ws/install/dynamic_logistics_warehouse/share/dynamic_logistics_warehouse/models/aws_robomaker_warehouse_ClutteringD_01/materials/textures/aws_robomaker_warehouse_ClutteringD_02.png
[0.052s] -- Up-to-date: /home/william-ubuntu/16832_ws/install/dynamic_logistics_warehouse/share/dynamic_logistics_warehouse/models/aws_robomaker_warehouse_ClutteringD_01/model.config
[0.052s] -- Up-to-date: /home/william-ubuntu/16832_ws/install/dynamic_logistics_warehouse/share/dynamic_logistics_warehouse/models/aws_robomaker_warehouse_ClutteringD_01/model.sdf
[0.052s] -- Up-to-date: /home/william-ubuntu/16832_ws/install/dynamic_logistics_warehouse/share/dynamic_logistics_warehouse/models/aws_robomaker_warehouse_GroundB_01
[0.052s] -- Up-to-date: /home/william-ubuntu/16832_ws/install/dynamic_logistics_warehouse/share/dynamic_logistics_warehouse/models/aws_robomaker_warehouse_GroundB_01/meshes
[0.052s] -- Up-to-date: /home/william-ubuntu/16832_ws/install/dynamic_logistics_warehouse/share/dynamic_logistics_warehouse/models/aws_robomaker_warehouse_GroundB_01/meshes/aws_robomaker_warehouse_GroundB_01_visual.DAE
[0.052s] -- Up-to-date: /home/william-ubuntu/16832_ws/install/dynamic_logistics_warehouse/share/dynamic_logistics_warehouse/models/aws_robomaker_warehouse_GroundB_01/meshes/aws_robomaker_warehouse_GroundB_01_collision.DAE
[0.052s] -- Up-to-date: /home/william-ubuntu/16832_ws/install/dynamic_logistics_warehouse/share/dynamic_logistics_warehouse/models/aws_robomaker_warehouse_GroundB_01/materials
[0.052s] -- Up-to-date: /home/william-ubuntu/16832_ws/install/dynamic_logistics_warehouse/share/dynamic_logistics_warehouse/models/aws_robomaker_warehouse_GroundB_01/materials/textures
[0.052s] -- Up-to-date: /home/william-ubuntu/16832_ws/install/dynamic_logistics_warehouse/share/dynamic_logistics_warehouse/models/aws_robomaker_warehouse_GroundB_01/materials/textures/aws_robomaker_warehouse_GroundB_02.png
[0.052s] -- Up-to-date: /home/william-ubuntu/16832_ws/install/dynamic_logistics_warehouse/share/dynamic_logistics_warehouse/models/aws_robomaker_warehouse_GroundB_01/materials/textures/aws_robomaker_warehouse_GroundB_01.png
[0.052s] -- Up-to-date: /home/william-ubuntu/16832_ws/install/dynamic_logistics_warehouse/share/dynamic_logistics_warehouse/models/aws_robomaker_warehouse_GroundB_01/model.config
[0.052s] -- Up-to-date: /home/william-ubuntu/16832_ws/install/dynamic_logistics_warehouse/share/dynamic_logistics_warehouse/models/aws_robomaker_warehouse_GroundB_01/model.sdf
[0.052s] -- Up-to-date: /home/william-ubuntu/16832_ws/install/dynamic_logistics_warehouse/share/dynamic_logistics_warehouse/worlds
[0.052s] -- Up-to-date: /home/william-ubuntu/16832_ws/install/dynamic_logistics_warehouse/share/dynamic_logistics_warehouse/worlds/warehouse.world
[0.052s] -- Up-to-date: /home/william-ubuntu/16832_ws/install/dynamic_logistics_warehouse/share/dynamic_logistics_warehouse/maps
[0.052s] -- Up-to-date: /home/william-ubuntu/16832_ws/install/dynamic_logistics_warehouse/share/dynamic_logistics_warehouse/maps/002
[0.052s] -- Up-to-date: /home/william-ubuntu/16832_ws/install/dynamic_logistics_warehouse/share/dynamic_logistics_warehouse/maps/002/map.yaml
[0.052s] -- Up-to-date: /home/william-ubuntu/16832_ws/install/dynamic_logistics_warehouse/share/dynamic_logistics_warehouse/maps/002/map.pgm
[0.053s] -- Up-to-date: /home/william-ubuntu/16832_ws/install/dynamic_logistics_warehouse/share/dynamic_logistics_warehouse/maps/005
[0.053s] -- Up-to-date: /home/william-ubuntu/16832_ws/install/dynamic_logistics_warehouse/share/dynamic_logistics_warehouse/maps/005/map_rotated.pgm
[0.053s] -- Up-to-date: /home/william-ubuntu/16832_ws/install/dynamic_logistics_warehouse/share/dynamic_logistics_warehouse/maps/005/map_rotated.png
[0.053s] -- Up-to-date: /home/william-ubuntu/16832_ws/install/dynamic_logistics_warehouse/share/dynamic_logistics_warehouse/maps/005/map.yaml
[0.053s] -- Up-to-date: /home/william-ubuntu/16832_ws/install/dynamic_logistics_warehouse/share/dynamic_logistics_warehouse/maps/005/map.pgm
[0.053s] -- Up-to-date: /home/william-ubuntu/16832_ws/install/dynamic_logistics_warehouse/share/dynamic_logistics_warehouse/rviz
[0.053s] -- Up-to-date: /home/william-ubuntu/16832_ws/install/dynamic_logistics_warehouse/share/dynamic_logistics_warehouse/rviz/basic_data.rviz
[0.053s] -- Up-to-date: /home/william-ubuntu/16832_ws/install/dynamic_logistics_warehouse/share/ament_index/resource_index/package_run_dependencies/dynamic_logistics_warehouse
[0.053s] -- Up-to-date: /home/william-ubuntu/16832_ws/install/dynamic_logistics_warehouse/share/ament_index/resource_index/parent_prefix_path/dynamic_logistics_warehouse
[0.053s] -- Up-to-date: /home/william-ubuntu/16832_ws/install/dynamic_logistics_warehouse/share/dynamic_logistics_warehouse/environment/ament_prefix_path.sh
[0.053s] -- Up-to-date: /home/william-ubuntu/16832_ws/install/dynamic_logistics_warehouse/share/dynamic_logistics_warehouse/environment/ament_prefix_path.dsv
[0.053s] -- Up-to-date: /home/william-ubuntu/16832_ws/install/dynamic_logistics_warehouse/share/dynamic_logistics_warehouse/environment/path.sh
[0.053s] -- Up-to-date: /home/william-ubuntu/16832_ws/install/dynamic_logistics_warehouse/share/dynamic_logistics_warehouse/environment/path.dsv
[0.053s] -- Up-to-date: /home/william-ubuntu/16832_ws/install/dynamic_logistics_warehouse/share/dynamic_logistics_warehouse/local_setup.bash
[0.053s] -- Up-to-date: /home/william-ubuntu/16832_ws/install/dynamic_logistics_warehouse/share/dynamic_logistics_warehouse/local_setup.sh
[0.053s] -- Up-to-date: /home/william-ubuntu/16832_ws/install/dynamic_logistics_warehouse/share/dynamic_logistics_warehouse/local_setup.zsh
[0.053s] -- Up-to-date: /home/william-ubuntu/16832_ws/install/dynamic_logistics_warehouse/share/dynamic_logistics_warehouse/local_setup.dsv
[0.054s] -- Up-to-date: /home/william-ubuntu/16832_ws/install/dynamic_logistics_warehouse/share/dynamic_logistics_warehouse/package.dsv
[0.054s] -- Up-to-date: /home/william-ubuntu/16832_ws/install/dynamic_logistics_warehouse/share/ament_index/resource_index/packages/dynamic_logistics_warehouse
[0.054s] -- Up-to-date: /home/william-ubuntu/16832_ws/install/dynamic_logistics_warehouse/share/dynamic_logistics_warehouse/cmake/dynamic_logistics_warehouseConfig.cmake
[0.054s] -- Up-to-date: /home/william-ubuntu/16832_ws/install/dynamic_logistics_warehouse/share/dynamic_logistics_warehouse/cmake/dynamic_logistics_warehouseConfig-version.cmake
[0.054s] -- Up-to-date: /home/william-ubuntu/16832_ws/install/dynamic_logistics_warehouse/share/dynamic_logistics_warehouse/package.xml
[0.054s] Invoked command in '/home/william-ubuntu/16832_ws/build/dynamic_logistics_warehouse' returned '0': CMAKE_PREFIX_PATH=${CMAKE_PREFIX_PATH}:/opt/ros/humble /usr/bin/cmake --install /home/william-ubuntu/16832_ws/build/dynamic_logistics_warehouse
