[0.081s] DEBUG:colcon:Command line arguments: ['/usr/bin/colcon', 'build', '--packages-select', 'laplace_pathfinder']
[0.081s] DEBUG:colcon:Parsed command line arguments: Namespace(log_base=None, log_level=None, verb_name='build', build_base='build', install_base='install', merge_install=False, symlink_install=False, test_result_base=None, continue_on_error=False, executor='parallel', parallel_workers=12, event_handlers=None, ignore_user_meta=False, metas=['./colcon.meta'], base_paths=['.'], packages_ignore=None, packages_ignore_regex=None, paths=None, packages_up_to=None, packages_up_to_regex=None, packages_above=None, packages_above_and_dependencies=None, packages_above_depth=None, packages_select_by_dep=None, packages_skip_by_dep=None, packages_skip_up_to=None, packages_select_build_failed=False, packages_skip_build_finished=False, packages_select_test_failures=False, packages_skip_test_passed=False, packages_select=['laplace_pathfinder'], packages_skip=None, packages_select_regex=None, packages_skip_regex=None, packages_start=None, packages_end=None, allow_overriding=[], cmake_args=None, cmake_target=None, cmake_target_skip_unavailable=False, cmake_clean_cache=False, cmake_clean_first=False, cmake_force_configure=False, ament_cmake_args=None, catkin_cmake_args=None, catkin_skip_building_tests=False, mixin_files=None, mixin=None, verb_parser=<colcon_mixin.mixin.mixin_argument.MixinArgumentDecorator object at 0x78a8808f9ab0>, verb_extension=<colcon_core.verb.build.BuildVerb object at 0x78a880a62aa0>, main=<bound method BuildVerb.main of <colcon_core.verb.build.BuildVerb object at 0x78a880a62aa0>>, mixin_verb=('build',))
[0.181s] Level 1:colcon.colcon_core.package_discovery:discover_packages(colcon_meta) check parameters
[0.181s] Level 1:colcon.colcon_core.package_discovery:discover_packages(recursive) check parameters
[0.181s] Level 1:colcon.colcon_core.package_discovery:discover_packages(ignore) check parameters
[0.181s] Level 1:colcon.colcon_core.package_discovery:discover_packages(path) check parameters
[0.181s] Level 1:colcon.colcon_core.package_discovery:discover_packages(colcon_meta) discover
[0.181s] Level 1:colcon.colcon_core.package_discovery:discover_packages(recursive) discover
[0.181s] INFO:colcon.colcon_core.package_discovery:Crawling recursively for packages in '/home/william-ubuntu/16832_ws'
[0.181s] Level 1:colcon.colcon_core.package_identification:_identify(.) by extensions ['ignore', 'ignore_ament_install']
[0.181s] Level 1:colcon.colcon_core.package_identification:_identify(.) by extension 'ignore'
[0.181s] Level 1:colcon.colcon_core.package_identification:_identify(.) by extension 'ignore_ament_install'
[0.181s] Level 1:colcon.colcon_core.package_identification:_identify(.) by extensions ['colcon_pkg']
[0.181s] Level 1:colcon.colcon_core.package_identification:_identify(.) by extension 'colcon_pkg'
[0.181s] Level 1:colcon.colcon_core.package_identification:_identify(.) by extensions ['colcon_meta']
[0.181s] Level 1:colcon.colcon_core.package_identification:_identify(.) by extension 'colcon_meta'
[0.181s] Level 1:colcon.colcon_core.package_identification:_identify(.) by extensions ['ros']
[0.181s] Level 1:colcon.colcon_core.package_identification:_identify(.) by extension 'ros'
[0.188s] Level 1:colcon.colcon_core.package_identification:_identify(.) by extensions ['cmake', 'python']
[0.188s] Level 1:colcon.colcon_core.package_identification:_identify(.) by extension 'cmake'
[0.188s] Level 1:colcon.colcon_core.package_identification:_identify(.) by extension 'python'
[0.188s] Level 1:colcon.colcon_core.package_identification:_identify(.) by extensions ['python_setup_py']
[0.188s] Level 1:colcon.colcon_core.package_identification:_identify(.) by extension 'python_setup_py'
[0.188s] Level 1:colcon.colcon_core.package_identification:_identify(build) by extensions ['ignore', 'ignore_ament_install']
[0.188s] Level 1:colcon.colcon_core.package_identification:_identify(build) by extension 'ignore'
[0.188s] Level 1:colcon.colcon_core.package_identification:_identify(build) ignored
[0.189s] Level 1:colcon.colcon_core.package_identification:_identify(install) by extensions ['ignore', 'ignore_ament_install']
[0.189s] Level 1:colcon.colcon_core.package_identification:_identify(install) by extension 'ignore'
[0.189s] Level 1:colcon.colcon_core.package_identification:_identify(install) ignored
[0.189s] Level 1:colcon.colcon_core.package_identification:_identify(log) by extensions ['ignore', 'ignore_ament_install']
[0.189s] Level 1:colcon.colcon_core.package_identification:_identify(log) by extension 'ignore'
[0.189s] Level 1:colcon.colcon_core.package_identification:_identify(log) ignored
[0.189s] Level 1:colcon.colcon_core.package_identification:_identify(maps) by extensions ['ignore', 'ignore_ament_install']
[0.189s] Level 1:colcon.colcon_core.package_identification:_identify(maps) by extension 'ignore'
[0.189s] Level 1:colcon.colcon_core.package_identification:_identify(maps) by extension 'ignore_ament_install'
[0.189s] Level 1:colcon.colcon_core.package_identification:_identify(maps) by extensions ['colcon_pkg']
[0.189s] Level 1:colcon.colcon_core.package_identification:_identify(maps) by extension 'colcon_pkg'
[0.189s] Level 1:colcon.colcon_core.package_identification:_identify(maps) by extensions ['colcon_meta']
[0.189s] Level 1:colcon.colcon_core.package_identification:_identify(maps) by extension 'colcon_meta'
[0.189s] Level 1:colcon.colcon_core.package_identification:_identify(maps) by extensions ['ros']
[0.189s] Level 1:colcon.colcon_core.package_identification:_identify(maps) by extension 'ros'
[0.189s] Level 1:colcon.colcon_core.package_identification:_identify(maps) by extensions ['cmake', 'python']
[0.189s] Level 1:colcon.colcon_core.package_identification:_identify(maps) by extension 'cmake'
[0.189s] Level 1:colcon.colcon_core.package_identification:_identify(maps) by extension 'python'
[0.189s] Level 1:colcon.colcon_core.package_identification:_identify(maps) by extensions ['python_setup_py']
[0.189s] Level 1:colcon.colcon_core.package_identification:_identify(maps) by extension 'python_setup_py'
[0.189s] Level 1:colcon.colcon_core.package_identification:_identify(src) by extensions ['ignore', 'ignore_ament_install']
[0.189s] Level 1:colcon.colcon_core.package_identification:_identify(src) by extension 'ignore'
[0.189s] Level 1:colcon.colcon_core.package_identification:_identify(src) by extension 'ignore_ament_install'
[0.189s] Level 1:colcon.colcon_core.package_identification:_identify(src) by extensions ['colcon_pkg']
[0.189s] Level 1:colcon.colcon_core.package_identification:_identify(src) by extension 'colcon_pkg'
[0.189s] Level 1:colcon.colcon_core.package_identification:_identify(src) by extensions ['colcon_meta']
[0.189s] Level 1:colcon.colcon_core.package_identification:_identify(src) by extension 'colcon_meta'
[0.189s] Level 1:colcon.colcon_core.package_identification:_identify(src) by extensions ['ros']
[0.189s] Level 1:colcon.colcon_core.package_identification:_identify(src) by extension 'ros'
[0.189s] Level 1:colcon.colcon_core.package_identification:_identify(src) by extensions ['cmake', 'python']
[0.189s] Level 1:colcon.colcon_core.package_identification:_identify(src) by extension 'cmake'
[0.189s] Level 1:colcon.colcon_core.package_identification:_identify(src) by extension 'python'
[0.189s] Level 1:colcon.colcon_core.package_identification:_identify(src) by extensions ['python_setup_py']
[0.189s] Level 1:colcon.colcon_core.package_identification:_identify(src) by extension 'python_setup_py'
[0.190s] Level 1:colcon.colcon_core.package_identification:_identify(src/aws-robomaker-bookstore-world) by extensions ['ignore', 'ignore_ament_install']
[0.190s] Level 1:colcon.colcon_core.package_identification:_identify(src/aws-robomaker-bookstore-world) by extension 'ignore'
[0.190s] Level 1:colcon.colcon_core.package_identification:_identify(src/aws-robomaker-bookstore-world) by extension 'ignore_ament_install'
[0.190s] Level 1:colcon.colcon_core.package_identification:_identify(src/aws-robomaker-bookstore-world) by extensions ['colcon_pkg']
[0.190s] Level 1:colcon.colcon_core.package_identification:_identify(src/aws-robomaker-bookstore-world) by extension 'colcon_pkg'
[0.190s] Level 1:colcon.colcon_core.package_identification:_identify(src/aws-robomaker-bookstore-world) by extensions ['colcon_meta']
[0.190s] Level 1:colcon.colcon_core.package_identification:_identify(src/aws-robomaker-bookstore-world) by extension 'colcon_meta'
[0.190s] Level 1:colcon.colcon_core.package_identification:_identify(src/aws-robomaker-bookstore-world) by extensions ['ros']
[0.190s] Level 1:colcon.colcon_core.package_identification:_identify(src/aws-robomaker-bookstore-world) by extension 'ros'
[0.191s] DEBUG:colcon.colcon_core.package_identification:Package 'src/aws-robomaker-bookstore-world' with type 'ros.ament_cmake' and name 'aws_robomaker_bookstore_world'
[0.192s] Level 1:colcon.colcon_core.package_identification:_identify(src/dynamic_logistics_warehouse) by extensions ['ignore', 'ignore_ament_install']
[0.192s] Level 1:colcon.colcon_core.package_identification:_identify(src/dynamic_logistics_warehouse) by extension 'ignore'
[0.192s] Level 1:colcon.colcon_core.package_identification:_identify(src/dynamic_logistics_warehouse) by extension 'ignore_ament_install'
[0.192s] Level 1:colcon.colcon_core.package_identification:_identify(src/dynamic_logistics_warehouse) by extensions ['colcon_pkg']
[0.192s] Level 1:colcon.colcon_core.package_identification:_identify(src/dynamic_logistics_warehouse) by extension 'colcon_pkg'
[0.192s] Level 1:colcon.colcon_core.package_identification:_identify(src/dynamic_logistics_warehouse) by extensions ['colcon_meta']
[0.192s] Level 1:colcon.colcon_core.package_identification:_identify(src/dynamic_logistics_warehouse) by extension 'colcon_meta'
[0.192s] Level 1:colcon.colcon_core.package_identification:_identify(src/dynamic_logistics_warehouse) by extensions ['ros']
[0.192s] Level 1:colcon.colcon_core.package_identification:_identify(src/dynamic_logistics_warehouse) by extension 'ros'
[0.192s] DEBUG:colcon.colcon_core.package_identification:Package 'src/dynamic_logistics_warehouse' with type 'ros.ament_cmake' and name 'dynamic_logistics_warehouse'
[0.192s] Level 1:colcon.colcon_core.package_identification:_identify(src/gazebo_ros2_2Dmap_plugin) by extensions ['ignore', 'ignore_ament_install']
[0.192s] Level 1:colcon.colcon_core.package_identification:_identify(src/gazebo_ros2_2Dmap_plugin) by extension 'ignore'
[0.192s] Level 1:colcon.colcon_core.package_identification:_identify(src/gazebo_ros2_2Dmap_plugin) by extension 'ignore_ament_install'
[0.192s] Level 1:colcon.colcon_core.package_identification:_identify(src/gazebo_ros2_2Dmap_plugin) by extensions ['colcon_pkg']
[0.192s] Level 1:colcon.colcon_core.package_identification:_identify(src/gazebo_ros2_2Dmap_plugin) by extension 'colcon_pkg'
[0.192s] Level 1:colcon.colcon_core.package_identification:_identify(src/gazebo_ros2_2Dmap_plugin) by extensions ['colcon_meta']
[0.192s] Level 1:colcon.colcon_core.package_identification:_identify(src/gazebo_ros2_2Dmap_plugin) by extension 'colcon_meta'
[0.192s] Level 1:colcon.colcon_core.package_identification:_identify(src/gazebo_ros2_2Dmap_plugin) by extensions ['ros']
[0.192s] Level 1:colcon.colcon_core.package_identification:_identify(src/gazebo_ros2_2Dmap_plugin) by extension 'ros'
[0.193s] DEBUG:colcon.colcon_core.package_identification:Package 'src/gazebo_ros2_2Dmap_plugin' with type 'ros.ament_cmake' and name 'gazebo_ros2_2dmap_plugin'
[0.193s] Level 1:colcon.colcon_core.package_identification:_identify(src/laplace_pathfinder) by extensions ['ignore', 'ignore_ament_install']
[0.193s] Level 1:colcon.colcon_core.package_identification:_identify(src/laplace_pathfinder) by extension 'ignore'
[0.193s] Level 1:colcon.colcon_core.package_identification:_identify(src/laplace_pathfinder) by extension 'ignore_ament_install'
[0.193s] Level 1:colcon.colcon_core.package_identification:_identify(src/laplace_pathfinder) by extensions ['colcon_pkg']
[0.193s] Level 1:colcon.colcon_core.package_identification:_identify(src/laplace_pathfinder) by extension 'colcon_pkg'
[0.193s] Level 1:colcon.colcon_core.package_identification:_identify(src/laplace_pathfinder) by extensions ['colcon_meta']
[0.193s] Level 1:colcon.colcon_core.package_identification:_identify(src/laplace_pathfinder) by extension 'colcon_meta'
[0.193s] Level 1:colcon.colcon_core.package_identification:_identify(src/laplace_pathfinder) by extensions ['ros']
[0.193s] Level 1:colcon.colcon_core.package_identification:_identify(src/laplace_pathfinder) by extension 'ros'
[0.194s] DEBUG:colcon.colcon_core.package_identification:Package 'src/laplace_pathfinder' with type 'ros.ament_cmake' and name 'laplace_pathfinder'
[0.194s] Level 1:colcon.colcon_core.package_discovery:discover_packages(recursive) using defaults
[0.194s] Level 1:colcon.colcon_core.package_discovery:discover_packages(ignore) discover
[0.194s] Level 1:colcon.colcon_core.package_discovery:discover_packages(ignore) using defaults
[0.194s] Level 1:colcon.colcon_core.package_discovery:discover_packages(path) discover
[0.194s] Level 1:colcon.colcon_core.package_discovery:discover_packages(path) using defaults
[0.214s] INFO:colcon.colcon_core.package_selection:Skipping not selected package 'aws_robomaker_bookstore_world' in 'src/aws-robomaker-bookstore-world'
[0.214s] INFO:colcon.colcon_core.package_selection:Skipping not selected package 'dynamic_logistics_warehouse' in 'src/dynamic_logistics_warehouse'
[0.214s] INFO:colcon.colcon_core.package_selection:Skipping not selected package 'gazebo_ros2_2dmap_plugin' in 'src/gazebo_ros2_2Dmap_plugin'
[0.214s] Level 1:colcon.colcon_core.package_discovery:discover_packages(prefix_path) check parameters
[0.215s] Level 1:colcon.colcon_core.package_discovery:discover_packages(prefix_path) discover
[0.216s] DEBUG:colcon.colcon_installed_package_information.package_discovery:Found 341 installed packages in /opt/ros/humble
[0.217s] Level 1:colcon.colcon_core.package_discovery:discover_packages(prefix_path) using defaults
[0.242s] Level 5:colcon.colcon_core.verb:set package 'laplace_pathfinder' build argument 'cmake_args' from command line to 'None'
[0.242s] Level 5:colcon.colcon_core.verb:set package 'laplace_pathfinder' build argument 'cmake_target' from command line to 'None'
[0.242s] Level 5:colcon.colcon_core.verb:set package 'laplace_pathfinder' build argument 'cmake_target_skip_unavailable' from command line to 'False'
[0.242s] Level 5:colcon.colcon_core.verb:set package 'laplace_pathfinder' build argument 'cmake_clean_cache' from command line to 'False'
[0.242s] Level 5:colcon.colcon_core.verb:set package 'laplace_pathfinder' build argument 'cmake_clean_first' from command line to 'False'
[0.242s] Level 5:colcon.colcon_core.verb:set package 'laplace_pathfinder' build argument 'cmake_force_configure' from command line to 'False'
[0.242s] Level 5:colcon.colcon_core.verb:set package 'laplace_pathfinder' build argument 'ament_cmake_args' from command line to 'None'
[0.242s] Level 5:colcon.colcon_core.verb:set package 'laplace_pathfinder' build argument 'catkin_cmake_args' from command line to 'None'
[0.242s] Level 5:colcon.colcon_core.verb:set package 'laplace_pathfinder' build argument 'catkin_skip_building_tests' from command line to 'False'
[0.243s] DEBUG:colcon.colcon_core.verb:Building package 'laplace_pathfinder' with the following arguments: {'ament_cmake_args': None, 'build_base': '/home/william-ubuntu/16832_ws/build/laplace_pathfinder', 'catkin_cmake_args': None, 'catkin_skip_building_tests': False, 'cmake_args': None, 'cmake_clean_cache': False, 'cmake_clean_first': False, 'cmake_force_configure': False, 'cmake_target': None, 'cmake_target_skip_unavailable': False, 'install_base': '/home/william-ubuntu/16832_ws/install/laplace_pathfinder', 'merge_install': False, 'path': '/home/william-ubuntu/16832_ws/src/laplace_pathfinder', 'symlink_install': False, 'test_result_base': None}
[0.243s] INFO:colcon.colcon_core.executor:Executing jobs using 'parallel' executor
[0.243s] DEBUG:colcon.colcon_parallel_executor.executor.parallel:run_until_complete
[0.243s] INFO:colcon.colcon_ros.task.ament_cmake.build:Building ROS package in '/home/william-ubuntu/16832_ws/src/laplace_pathfinder' with build type 'ament_cmake'
[0.244s] INFO:colcon.colcon_cmake.task.cmake.build:Building CMake package in '/home/william-ubuntu/16832_ws/src/laplace_pathfinder'
[0.245s] INFO:colcon.colcon_core.plugin_system:Skipping extension 'colcon_core.shell.bat': Not used on non-Windows systems
[0.245s] INFO:colcon.colcon_core.shell:Skip shell extension 'powershell' for command environment: Not usable outside of PowerShell
[0.245s] DEBUG:colcon.colcon_core.shell:Skip shell extension 'dsv' for command environment
[0.256s] DEBUG:colcon.colcon_core.event_handler.log_command:Invoking command in '/home/william-ubuntu/16832_ws/build/laplace_pathfinder': AMENT_PREFIX_PATH=/home/william-ubuntu/16832_ws/install/dynamic_logistics_warehouse:/home/william-ubuntu/16832_ws/install/aws_robomaker_bookstore_world:${AMENT_PREFIX_PATH} CMAKE_PREFIX_PATH=/home/william-ubuntu/16832_ws/install/dynamic_logistics_warehouse:/opt/ros/humble:/home/william-ubuntu/16832_ws/install/aws_robomaker_bookstore_world /usr/bin/cmake --build /home/william-ubuntu/16832_ws/build/laplace_pathfinder -- -j12 -l12
[7.754s] DEBUG:colcon.colcon_core.event_handler.log_command:Invoked command in '/home/william-ubuntu/16832_ws/build/laplace_pathfinder' returned '0': AMENT_PREFIX_PATH=/home/william-ubuntu/16832_ws/install/dynamic_logistics_warehouse:/home/william-ubuntu/16832_ws/install/aws_robomaker_bookstore_world:${AMENT_PREFIX_PATH} CMAKE_PREFIX_PATH=/home/william-ubuntu/16832_ws/install/dynamic_logistics_warehouse:/opt/ros/humble:/home/william-ubuntu/16832_ws/install/aws_robomaker_bookstore_world /usr/bin/cmake --build /home/william-ubuntu/16832_ws/build/laplace_pathfinder -- -j12 -l12
[7.771s] DEBUG:colcon.colcon_core.event_handler.log_command:Invoking command in '/home/william-ubuntu/16832_ws/build/laplace_pathfinder': AMENT_PREFIX_PATH=/home/william-ubuntu/16832_ws/install/dynamic_logistics_warehouse:/home/william-ubuntu/16832_ws/install/aws_robomaker_bookstore_world:${AMENT_PREFIX_PATH} CMAKE_PREFIX_PATH=/home/william-ubuntu/16832_ws/install/dynamic_logistics_warehouse:/opt/ros/humble:/home/william-ubuntu/16832_ws/install/aws_robomaker_bookstore_world /usr/bin/cmake --install /home/william-ubuntu/16832_ws/build/laplace_pathfinder
[7.792s] Level 1:colcon.colcon_core.environment:create_environment_scripts_only(laplace_pathfinder)
[7.793s] DEBUG:colcon.colcon_core.event_handler.log_command:Invoked command in '/home/william-ubuntu/16832_ws/build/laplace_pathfinder' returned '0': AMENT_PREFIX_PATH=/home/william-ubuntu/16832_ws/install/dynamic_logistics_warehouse:/home/william-ubuntu/16832_ws/install/aws_robomaker_bookstore_world:${AMENT_PREFIX_PATH} CMAKE_PREFIX_PATH=/home/william-ubuntu/16832_ws/install/dynamic_logistics_warehouse:/opt/ros/humble:/home/william-ubuntu/16832_ws/install/aws_robomaker_bookstore_world /usr/bin/cmake --install /home/william-ubuntu/16832_ws/build/laplace_pathfinder
[7.794s] Level 1:colcon.colcon_core.environment:checking '/home/william-ubuntu/16832_ws/install/laplace_pathfinder' for CMake module files
[7.794s] Level 1:colcon.colcon_core.environment:checking '/home/william-ubuntu/16832_ws/install/laplace_pathfinder' for CMake config files
[7.795s] Level 1:colcon.colcon_core.shell:create_environment_hook('laplace_pathfinder', 'cmake_prefix_path')
[7.795s] INFO:colcon.colcon_core.shell:Creating environment hook '/home/william-ubuntu/16832_ws/install/laplace_pathfinder/share/laplace_pathfinder/hook/cmake_prefix_path.ps1'
[7.795s] INFO:colcon.colcon_core.shell:Creating environment descriptor '/home/william-ubuntu/16832_ws/install/laplace_pathfinder/share/laplace_pathfinder/hook/cmake_prefix_path.dsv'
[7.795s] INFO:colcon.colcon_core.shell:Creating environment hook '/home/william-ubuntu/16832_ws/install/laplace_pathfinder/share/laplace_pathfinder/hook/cmake_prefix_path.sh'
[7.796s] Level 1:colcon.colcon_core.environment:checking '/home/william-ubuntu/16832_ws/install/laplace_pathfinder/lib'
[7.796s] Level 1:colcon.colcon_core.environment:checking '/home/william-ubuntu/16832_ws/install/laplace_pathfinder/bin'
[7.796s] Level 1:colcon.colcon_core.environment:checking '/home/william-ubuntu/16832_ws/install/laplace_pathfinder/lib/pkgconfig/laplace_pathfinder.pc'
[7.796s] Level 1:colcon.colcon_core.environment:checking '/home/william-ubuntu/16832_ws/install/laplace_pathfinder/lib/python3.10/site-packages'
[7.797s] Level 1:colcon.colcon_core.environment:checking '/home/william-ubuntu/16832_ws/install/laplace_pathfinder/bin'
[7.797s] INFO:colcon.colcon_core.shell:Creating package script '/home/william-ubuntu/16832_ws/install/laplace_pathfinder/share/laplace_pathfinder/package.ps1'
[7.797s] INFO:colcon.colcon_core.shell:Creating package descriptor '/home/william-ubuntu/16832_ws/install/laplace_pathfinder/share/laplace_pathfinder/package.dsv'
[7.797s] INFO:colcon.colcon_core.shell:Creating package script '/home/william-ubuntu/16832_ws/install/laplace_pathfinder/share/laplace_pathfinder/package.sh'
[7.798s] INFO:colcon.colcon_core.shell:Creating package script '/home/william-ubuntu/16832_ws/install/laplace_pathfinder/share/laplace_pathfinder/package.bash'
[7.798s] INFO:colcon.colcon_core.shell:Creating package script '/home/william-ubuntu/16832_ws/install/laplace_pathfinder/share/laplace_pathfinder/package.zsh'
[7.799s] Level 1:colcon.colcon_core.environment:create_file_with_runtime_dependencies(/home/william-ubuntu/16832_ws/install/laplace_pathfinder/share/colcon-core/packages/laplace_pathfinder)
[7.799s] Level 1:colcon.colcon_core.environment:create_environment_scripts_only(laplace_pathfinder)
[7.799s] Level 1:colcon.colcon_core.environment:checking '/home/william-ubuntu/16832_ws/install/laplace_pathfinder' for CMake module files
[7.799s] Level 1:colcon.colcon_core.environment:checking '/home/william-ubuntu/16832_ws/install/laplace_pathfinder' for CMake config files
[7.800s] Level 1:colcon.colcon_core.shell:create_environment_hook('laplace_pathfinder', 'cmake_prefix_path')
[7.800s] INFO:colcon.colcon_core.shell:Creating environment hook '/home/william-ubuntu/16832_ws/install/laplace_pathfinder/share/laplace_pathfinder/hook/cmake_prefix_path.ps1'
[7.800s] INFO:colcon.colcon_core.shell:Creating environment descriptor '/home/william-ubuntu/16832_ws/install/laplace_pathfinder/share/laplace_pathfinder/hook/cmake_prefix_path.dsv'
[7.800s] INFO:colcon.colcon_core.shell:Creating environment hook '/home/william-ubuntu/16832_ws/install/laplace_pathfinder/share/laplace_pathfinder/hook/cmake_prefix_path.sh'
[7.800s] Level 1:colcon.colcon_core.environment:checking '/home/william-ubuntu/16832_ws/install/laplace_pathfinder/lib'
[7.801s] Level 1:colcon.colcon_core.environment:checking '/home/william-ubuntu/16832_ws/install/laplace_pathfinder/bin'
[7.801s] Level 1:colcon.colcon_core.environment:checking '/home/william-ubuntu/16832_ws/install/laplace_pathfinder/lib/pkgconfig/laplace_pathfinder.pc'
[7.801s] Level 1:colcon.colcon_core.environment:checking '/home/william-ubuntu/16832_ws/install/laplace_pathfinder/lib/python3.10/site-packages'
[7.801s] Level 1:colcon.colcon_core.environment:checking '/home/william-ubuntu/16832_ws/install/laplace_pathfinder/bin'
[7.801s] INFO:colcon.colcon_core.shell:Creating package script '/home/william-ubuntu/16832_ws/install/laplace_pathfinder/share/laplace_pathfinder/package.ps1'
[7.801s] INFO:colcon.colcon_core.shell:Creating package descriptor '/home/william-ubuntu/16832_ws/install/laplace_pathfinder/share/laplace_pathfinder/package.dsv'
[7.802s] INFO:colcon.colcon_core.shell:Creating package script '/home/william-ubuntu/16832_ws/install/laplace_pathfinder/share/laplace_pathfinder/package.sh'
[7.802s] INFO:colcon.colcon_core.shell:Creating package script '/home/william-ubuntu/16832_ws/install/laplace_pathfinder/share/laplace_pathfinder/package.bash'
[7.802s] INFO:colcon.colcon_core.shell:Creating package script '/home/william-ubuntu/16832_ws/install/laplace_pathfinder/share/laplace_pathfinder/package.zsh'
[7.802s] Level 1:colcon.colcon_core.environment:create_file_with_runtime_dependencies(/home/william-ubuntu/16832_ws/install/laplace_pathfinder/share/colcon-core/packages/laplace_pathfinder)
[7.803s] DEBUG:colcon.colcon_parallel_executor.executor.parallel:closing loop
[7.803s] DEBUG:colcon.colcon_parallel_executor.executor.parallel:loop closed
[7.803s] DEBUG:colcon.colcon_parallel_executor.executor.parallel:run_until_complete finished with '0'
[7.803s] DEBUG:colcon.colcon_core.event_reactor:joining thread
[7.806s] INFO:colcon.colcon_core.plugin_system:Skipping extension 'colcon_notification.desktop_notification.terminal_notifier': Not used on non-Darwin systems
[7.806s] INFO:colcon.colcon_core.plugin_system:Skipping extension 'colcon_notification.desktop_notification.win32': Not used on non-Windows systems
[7.806s] INFO:colcon.colcon_notification.desktop_notification:Sending desktop notification using 'notify2'
[7.817s] DEBUG:colcon.colcon_core.event_reactor:joined thread
[7.817s] INFO:colcon.colcon_core.shell:Creating prefix script '/home/william-ubuntu/16832_ws/install/local_setup.ps1'
[7.818s] INFO:colcon.colcon_core.shell:Creating prefix util module '/home/william-ubuntu/16832_ws/install/_local_setup_util_ps1.py'
[7.819s] INFO:colcon.colcon_core.shell:Creating prefix chain script '/home/william-ubuntu/16832_ws/install/setup.ps1'
[7.820s] INFO:colcon.colcon_core.shell:Creating prefix script '/home/william-ubuntu/16832_ws/install/local_setup.sh'
[7.820s] INFO:colcon.colcon_core.shell:Creating prefix util module '/home/william-ubuntu/16832_ws/install/_local_setup_util_sh.py'
[7.821s] INFO:colcon.colcon_core.shell:Creating prefix chain script '/home/william-ubuntu/16832_ws/install/setup.sh'
[7.821s] INFO:colcon.colcon_core.shell:Creating prefix script '/home/william-ubuntu/16832_ws/install/local_setup.bash'
[7.822s] INFO:colcon.colcon_core.shell:Creating prefix chain script '/home/william-ubuntu/16832_ws/install/setup.bash'
[7.822s] INFO:colcon.colcon_core.shell:Creating prefix script '/home/william-ubuntu/16832_ws/install/local_setup.zsh'
[7.822s] INFO:colcon.colcon_core.shell:Creating prefix chain script '/home/william-ubuntu/16832_ws/install/setup.zsh'
