[0.010s] Invoking command in '/home/william-ubuntu/16832_ws/build/gazebo_ros2_2dmap_plugin': CMAKE_PREFIX_PATH=/opt/ros/humble /usr/bin/cmake /home/william-ubuntu/16832_ws/src/gazebo_ros2_2Dmap_plugin -DCMAKE_INSTALL_PREFIX=/home/william-ubuntu/16832_ws/install/gazebo_ros2_2dmap_plugin
[0.125s] -- The C compiler identification is GNU 11.4.0
[0.179s] -- The CXX compiler identification is GNU 11.4.0
[0.188s] -- Detecting C compiler ABI info
[0.245s] -- Detecting C compiler ABI info - done
[0.250s] -- Check for working C compiler: /usr/bin/cc - skipped
[0.251s] -- Detecting C compile features
[0.251s] -- Detecting C compile features - done
[0.253s] -- Detecting CXX compiler ABI info
[0.335s] -- Detecting CXX compiler ABI info - done
[0.341s] -- Check for working CXX compiler: /usr/bin/c++ - skipped
[0.341s] -- Detecting CXX compile features
[0.342s] -- Detecting CXX compile features - done
[0.344s] -- Found ament_cmake: 1.3.14 (/opt/ros/humble/share/ament_cmake/cmake)
[0.503s] -- Found Python3: /usr/bin/python3 (found version "3.10.12") found components: Interpreter 
[0.588s] -- Found rclcpp: 16.0.18 (/opt/ros/humble/share/rclcpp/cmake)
[0.625s] -- Found rosidl_generator_c: 3.1.8 (/opt/ros/humble/share/rosidl_generator_c/cmake)
[0.629s] -- Found rosidl_adapter: 3.1.8 (/opt/ros/humble/share/rosidl_adapter/cmake)
[0.635s] -- Found rosidl_generator_cpp: 3.1.8 (/opt/ros/humble/share/rosidl_generator_cpp/cmake)
[0.645s] -- Using all available rosidl_typesupport_c: rosidl_typesupport_fastrtps_c;rosidl_typesupport_introspection_c
[0.657s] -- Using all available rosidl_typesupport_cpp: rosidl_typesupport_fastrtps_cpp;rosidl_typesupport_introspection_cpp
[0.689s] -- Found rmw_implementation_cmake: 6.1.2 (/opt/ros/humble/share/rmw_implementation_cmake/cmake)
[0.691s] -- Found rmw_fastrtps_cpp: 6.2.10 (/opt/ros/humble/share/rmw_fastrtps_cpp/cmake)
[0.872s] -- Found OpenSSL: /usr/lib/x86_64-linux-gnu/libcrypto.so (found version "3.0.2")  
[0.899s] -- Found FastRTPS: /opt/ros/humble/include  
[0.929s] -- Using RMW implementation 'rmw_fastrtps_cpp' as default
[0.937s] -- Looking for pthread.h
[1.074s] -- Looking for pthread.h - found
[1.075s] -- Performing Test CMAKE_HAVE_LIBC_PTHREAD
[1.209s] -- Performing Test CMAKE_HAVE_LIBC_PTHREAD - Success
[1.210s] -- Found Threads: TRUE  
[1.257s] -- Found gazebo_dev: 3.9.0 (/opt/ros/humble/share/gazebo_dev/cmake)
[1.262s] -- Found PkgConfig: /usr/bin/pkg-config (found version "0.29.2") 
[1.262s] -- Checking for module 'bullet>=2.82'
[1.273s] --   Found bullet, version 3.05
[1.545s] -- Found fcl: /usr/include (found suitable version "0.7.0", minimum required is "0.5.0") 
[1.739s] -- Found assimp: /usr/include (found version "5.2.0") 
[1.769s] -- Found DART: /usr/include (Required is at least version "6.6") found components: dart 
[1.793s] -- Found Boost: /usr/lib/x86_64-linux-gnu/cmake/Boost-1.74.0/BoostConfig.cmake (found suitable version "1.74.0", minimum required is "1.40.0") found components: thread system filesystem program_options regex iostreams date_time 
[1.813s] -- Found Protobuf: /usr/lib/x86_64-linux-gnu/libprotobuf.so (found version "3.12.4") 
[1.819s] -- Looking for ignition-math6 -- found version 6.15.1
[1.834s] -- Searching for dependencies of ignition-math6
[1.837s] -- Looking for OGRE...
[1.838s] -- OGRE_PREFIX_WATCH changed.
[1.844s] -- Checking for module 'OGRE'
[1.867s] --   Found OGRE, version 1.9.0
[2.001s] -- Found Ogre Ghadamon (1.9.0)
[2.015s] -- Found OGRE: optimized;/usr/lib/x86_64-linux-gnu/libOgreMain.so;debug;/usr/lib/x86_64-linux-gnu/libOgreMain.so
[2.023s] -- Looking for OGRE_Paging...
[2.026s] -- Found OGRE_Paging: optimized;/usr/lib/x86_64-linux-gnu/libOgrePaging.so;debug;/usr/lib/x86_64-linux-gnu/libOgrePaging.so
[2.026s] -- Looking for OGRE_Terrain...
[2.029s] -- Found OGRE_Terrain: optimized;/usr/lib/x86_64-linux-gnu/libOgreTerrain.so;debug;/usr/lib/x86_64-linux-gnu/libOgreTerrain.so
[2.030s] -- Looking for OGRE_Property...
[2.033s] -- Found OGRE_Property: optimized;/usr/lib/x86_64-linux-gnu/libOgreProperty.so;debug;/usr/lib/x86_64-linux-gnu/libOgreProperty.so
[2.033s] -- Looking for OGRE_RTShaderSystem...
[2.036s] -- Found OGRE_RTShaderSystem: optimized;/usr/lib/x86_64-linux-gnu/libOgreRTShaderSystem.so;debug;/usr/lib/x86_64-linux-gnu/libOgreRTShaderSystem.so
[2.036s] -- Looking for OGRE_Volume...
[2.039s] -- Found OGRE_Volume: optimized;/usr/lib/x86_64-linux-gnu/libOgreVolume.so;debug;/usr/lib/x86_64-linux-gnu/libOgreVolume.so
[2.039s] -- Looking for OGRE_Overlay...
[2.042s] -- Found OGRE_Overlay: optimized;/usr/lib/x86_64-linux-gnu/libOgreOverlay.so;debug;/usr/lib/x86_64-linux-gnu/libOgreOverlay.so
[2.106s] -- Looking for ignition-math6 -- found version 6.15.1
[2.107s] -- Looking for ignition-transport8 -- found version 8.2.1
[2.107s] -- Searching for dependencies of ignition-transport8
[2.121s] -- Found Protobuf: /usr/lib/x86_64-linux-gnu/libprotobuf.so (found suitable version "3.12.4", minimum required is "3") 
[2.128s] -- Config-file not installed for ZeroMQ -- checking for pkg-config
[2.131s] -- Checking for module 'libzmq >= 4'
[2.154s] --   Found libzmq , version 4.3.4
[2.246s] -- Found ZeroMQ: TRUE (Required is at least version "4") 
[2.257s] -- Checking for module 'uuid'
[2.285s] --   Found uuid, version 2.37.2
[2.409s] -- Found UUID: TRUE  
[2.414s] -- Looking for ignition-msgs5 -- found version 5.8.1
[2.415s] -- Searching for dependencies of ignition-msgs5
[2.434s] -- Looking for ignition-math6 -- found version 6.15.1
[2.440s] -- Checking for module 'tinyxml2'
[2.460s] --   Found tinyxml2, version 9.0.0
[2.574s] -- Looking for ignition-msgs5 -- found version 5.8.1
[2.577s] -- Looking for ignition-common3 -- found version 3.14.0
[2.577s] -- Searching for dependencies of ignition-common3
[2.577s] -- Looking for dlfcn.h - found
[2.578s] -- Looking for libdl - found
[2.579s] -- Found DL: TRUE  
[2.588s] -- Found tinyobjloader: /usr/lib/x86_64-linux-gnu/cmake/tinyobjloader/tinyobjloader-config.cmake (found version "2.0.0") 
[2.589s] -- Searching for <ignition-common3> component [graphics]
[2.591s] -- Looking for ignition-common3-graphics -- found version 3.14.0
[2.591s] -- Searching for dependencies of ignition-common3-graphics
[2.591s] -- Looking for ignition-math6 -- found version 6.15.1
[2.593s] -- Looking for ignition-fuel_tools4 -- found version 4.4.0
[2.594s] -- Searching for dependencies of ignition-fuel_tools4
[2.710s] -- Found CURL: /usr/lib/x86_64-linux-gnu/libcurl.so (found version "7.81.0")  
[2.725s] -- Checking for module 'jsoncpp'
[2.762s] --   Found jsoncpp, version 1.9.5
[2.876s] -- Found JSONCPP: TRUE  
[2.883s] -- Checking for module 'libzip'
[2.913s] --   Found libzip, version 1.7.3
[3.060s] -- Found ZIP: TRUE  
[3.061s] -- Looking for ignition-common3 -- found version 3.14.0
[3.063s] -- Looking for ignition-math6 -- found version 6.15.1
[3.064s] -- Looking for ignition-msgs5 -- found version 5.8.1
[3.074s] -- Gazebo version: 11.10
[3.074s] -- Checking for module 'tbb'
[3.107s] --   Found tbb, version 2021.5.0
[3.241s] -- Found gazebo_ros: 3.9.0 (/opt/ros/humble/share/gazebo_ros/cmake)
[3.252s] -- Found nav_msgs: 4.9.1 (/opt/ros/humble/share/nav_msgs/cmake)
[3.283s] -- Found std_srvs: 4.9.1 (/opt/ros/humble/share/std_srvs/cmake)
[3.298s] -- Found ament_lint_auto: 0.12.15 (/opt/ros/humble/share/ament_lint_auto/cmake)
[3.360s] -- Added test 'copyright' to check source files copyright and LICENSE
[3.362s] -- Added test 'cppcheck' to perform static code analysis on C / C++ code
[3.362s] -- Configured cppcheck include dirs: /home/william-ubuntu/16832_ws/src/gazebo_ros2_2Dmap_plugin/include
[3.362s] -- Configured cppcheck exclude dirs and/or files: 
[3.364s] -- Added test 'cpplint' to check C / C++ code against the Google style
[3.364s] -- Configured cpplint exclude dirs and/or files: 
[3.364s] -- Added test 'flake8' to check Python code syntax and style conventions
[3.365s] -- Added test 'lint_cmake' to check CMake code style
[3.365s] -- Added test 'pep257' to check Python code against some of the docstring style conventions in PEP 257
[3.367s] -- Added test 'uncrustify' to check C / C++ code style
[3.367s] -- Configured uncrustify additional arguments: 
[3.367s] -- Added test 'xmllint' to check XML markup files
[3.368s] -- Configuring done
[3.396s] -- Generating done
[3.400s] -- Build files have been written to: /home/william-ubuntu/16832_ws/build/gazebo_ros2_2dmap_plugin
[3.408s] Invoked command in '/home/william-ubuntu/16832_ws/build/gazebo_ros2_2dmap_plugin' returned '0': CMAKE_PREFIX_PATH=/opt/ros/humble /usr/bin/cmake /home/william-ubuntu/16832_ws/src/gazebo_ros2_2Dmap_plugin -DCMAKE_INSTALL_PREFIX=/home/william-ubuntu/16832_ws/install/gazebo_ros2_2dmap_plugin
[3.409s] Invoking command in '/home/william-ubuntu/16832_ws/build/gazebo_ros2_2dmap_plugin': CMAKE_PREFIX_PATH=/opt/ros/humble /usr/bin/cmake --build /home/william-ubuntu/16832_ws/build/gazebo_ros2_2dmap_plugin -- -j12 -l12
[3.487s] [ 50%] [32mBuilding CXX object CMakeFiles/gazebo_2Dmap_plugin.dir/src/gazebo_2Dmap_plugin.cpp.o[0m
[14.737s] [100%] [32m[1mLinking CXX shared library libgazebo_2Dmap_plugin.so[0m
[15.182s] [100%] Built target gazebo_2Dmap_plugin
[15.189s] Invoked command in '/home/william-ubuntu/16832_ws/build/gazebo_ros2_2dmap_plugin' returned '0': CMAKE_PREFIX_PATH=/opt/ros/humble /usr/bin/cmake --build /home/william-ubuntu/16832_ws/build/gazebo_ros2_2dmap_plugin -- -j12 -l12
[15.191s] Invoking command in '/home/william-ubuntu/16832_ws/build/gazebo_ros2_2dmap_plugin': CMAKE_PREFIX_PATH=/opt/ros/humble /usr/bin/cmake --install /home/william-ubuntu/16832_ws/build/gazebo_ros2_2dmap_plugin
[15.199s] -- Install configuration: ""
[15.199s] -- Installing: /home/william-ubuntu/16832_ws/install/gazebo_ros2_2dmap_plugin/lib/libgazebo_2Dmap_plugin.so
[15.201s] -- Set runtime path of "/home/william-ubuntu/16832_ws/install/gazebo_ros2_2dmap_plugin/lib/libgazebo_2Dmap_plugin.so" to ""
[15.201s] -- Installing: /home/william-ubuntu/16832_ws/install/gazebo_ros2_2dmap_plugin/include
[15.201s] -- Installing: /home/william-ubuntu/16832_ws/install/gazebo_ros2_2dmap_plugin/include/common.h
[15.201s] -- Installing: /home/william-ubuntu/16832_ws/install/gazebo_ros2_2dmap_plugin/include/gazebo_2Dmap_plugin.h
[15.201s] -- Installing: /home/william-ubuntu/16832_ws/install/gazebo_ros2_2dmap_plugin/share/gazebo_ros2_2dmap_plugin/launch
[15.201s] -- Installing: /home/william-ubuntu/16832_ws/install/gazebo_ros2_2dmap_plugin/share/gazebo_ros2_2dmap_plugin/launch/generate_map.launch.py
[15.201s] -- Installing: /home/william-ubuntu/16832_ws/install/gazebo_ros2_2dmap_plugin/lib/gazebo_ros2_2dmap_plugin/generate_map.sh
[15.201s] -- Installing: /home/william-ubuntu/16832_ws/install/gazebo_ros2_2dmap_plugin/share/ament_index/resource_index/package_run_dependencies/gazebo_ros2_2dmap_plugin
[15.201s] -- Installing: /home/william-ubuntu/16832_ws/install/gazebo_ros2_2dmap_plugin/share/ament_index/resource_index/parent_prefix_path/gazebo_ros2_2dmap_plugin
[15.201s] -- Installing: /home/william-ubuntu/16832_ws/install/gazebo_ros2_2dmap_plugin/share/gazebo_ros2_2dmap_plugin/environment/ament_prefix_path.sh
[15.202s] -- Installing: /home/william-ubuntu/16832_ws/install/gazebo_ros2_2dmap_plugin/share/gazebo_ros2_2dmap_plugin/environment/ament_prefix_path.dsv
[15.202s] -- Installing: /home/william-ubuntu/16832_ws/install/gazebo_ros2_2dmap_plugin/share/gazebo_ros2_2dmap_plugin/environment/path.sh
[15.202s] -- Installing: /home/william-ubuntu/16832_ws/install/gazebo_ros2_2dmap_plugin/share/gazebo_ros2_2dmap_plugin/environment/path.dsv
[15.202s] -- Installing: /home/william-ubuntu/16832_ws/install/gazebo_ros2_2dmap_plugin/share/gazebo_ros2_2dmap_plugin/local_setup.bash
[15.202s] -- Installing: /home/william-ubuntu/16832_ws/install/gazebo_ros2_2dmap_plugin/share/gazebo_ros2_2dmap_plugin/local_setup.sh
[15.202s] -- Installing: /home/william-ubuntu/16832_ws/install/gazebo_ros2_2dmap_plugin/share/gazebo_ros2_2dmap_plugin/local_setup.zsh
[15.202s] -- Installing: /home/william-ubuntu/16832_ws/install/gazebo_ros2_2dmap_plugin/share/gazebo_ros2_2dmap_plugin/local_setup.dsv
[15.202s] -- Installing: /home/william-ubuntu/16832_ws/install/gazebo_ros2_2dmap_plugin/share/gazebo_ros2_2dmap_plugin/package.dsv
[15.202s] -- Installing: /home/william-ubuntu/16832_ws/install/gazebo_ros2_2dmap_plugin/share/ament_index/resource_index/packages/gazebo_ros2_2dmap_plugin
[15.202s] -- Installing: /home/william-ubuntu/16832_ws/install/gazebo_ros2_2dmap_plugin/share/gazebo_ros2_2dmap_plugin/cmake/gazebo_ros2_2dmap_pluginConfig.cmake
[15.202s] -- Installing: /home/william-ubuntu/16832_ws/install/gazebo_ros2_2dmap_plugin/share/gazebo_ros2_2dmap_plugin/cmake/gazebo_ros2_2dmap_pluginConfig-version.cmake
[15.202s] -- Installing: /home/william-ubuntu/16832_ws/install/gazebo_ros2_2dmap_plugin/share/gazebo_ros2_2dmap_plugin/package.xml
[15.204s] Invoked command in '/home/william-ubuntu/16832_ws/build/gazebo_ros2_2dmap_plugin' returned '0': CMAKE_PREFIX_PATH=/opt/ros/humble /usr/bin/cmake --install /home/william-ubuntu/16832_ws/build/gazebo_ros2_2dmap_plugin
