[0.008s] Invoking command in '/home/william-ubuntu/16832_ws/build/aws_robomaker_bookstore_world': CMAKE_PREFIX_PATH=${CMAKE_PREFIX_PATH}:/opt/ros/humble /usr/bin/cmake /home/william-ubuntu/16832_ws/src/aws-robomaker-bookstore-world -DCMAKE_INSTALL_PREFIX=/home/william-ubuntu/16832_ws/install/aws_robomaker_bookstore_world
[0.021s] -- Found ament_cmake: 1.3.14 (/opt/ros/humble/share/ament_cmake/cmake)
[0.142s] -- Found Python3: /usr/bin/python3 (found version "3.10.12") found components: Interpreter 
[0.199s] -- Found gazebo_ros: 3.9.0 (/opt/ros/humble/share/gazebo_ros/cmake)
[0.249s] -- Found rosidl_generator_c: 3.1.8 (/opt/ros/humble/share/rosidl_generator_c/cmake)
[0.254s] -- Found rosidl_adapter: 3.1.8 (/opt/ros/humble/share/rosidl_adapter/cmake)
[0.263s] -- Found rosidl_generator_cpp: 3.1.8 (/opt/ros/humble/share/rosidl_generator_cpp/cmake)
[0.276s] -- Using all available rosidl_typesupport_c: rosidl_typesupport_fastrtps_c;rosidl_typesupport_introspection_c
[0.292s] -- Using all available rosidl_typesupport_cpp: rosidl_typesupport_fastrtps_cpp;rosidl_typesupport_introspection_cpp
[0.335s] -- Found rmw_implementation_cmake: 6.1.2 (/opt/ros/humble/share/rmw_implementation_cmake/cmake)
[0.337s] -- Found rmw_fastrtps_cpp: 6.2.10 (/opt/ros/humble/share/rmw_fastrtps_cpp/cmake)
[0.502s] -- Found OpenSSL: /usr/lib/x86_64-linux-gnu/libcrypto.so (found version "3.0.2")  
[0.530s] -- Found FastRTPS: /opt/ros/humble/include  
[0.563s] -- Using RMW implementation 'rmw_fastrtps_cpp' as default
[0.574s] -- Looking for pthread.h
[0.677s] -- Looking for pthread.h - found
[0.677s] -- Performing Test CMAKE_HAVE_LIBC_PTHREAD
[0.803s] -- Performing Test CMAKE_HAVE_LIBC_PTHREAD - Success
[0.804s] -- Found Threads: TRUE  
[0.848s] -- Found PkgConfig: /usr/bin/pkg-config (found version "0.29.2") 
[0.849s] -- Checking for module 'bullet>=2.82'
[0.860s] --   Found bullet, version 3.05
[1.080s] -- Found fcl: /usr/include (found suitable version "0.7.0", minimum required is "0.5.0") 
[1.263s] -- Found assimp: /usr/include (found version "5.2.0") 
[1.295s] -- Found DART: /usr/include (Required is at least version "6.6") found components: dart 
[1.337s] -- Found Boost: /usr/lib/x86_64-linux-gnu/cmake/Boost-1.74.0/BoostConfig.cmake (found suitable version "1.74.0", minimum required is "1.40.0") found components: thread system filesystem program_options regex iostreams date_time 
[1.351s] -- Found Protobuf: /usr/lib/x86_64-linux-gnu/libprotobuf.so (found version "3.12.4") 
[1.357s] -- Looking for ignition-math6 -- found version 6.15.1
[1.368s] -- Searching for dependencies of ignition-math6
[1.369s] -- Looking for OGRE...
[1.370s] -- OGRE_PREFIX_WATCH changed.
[1.373s] -- Checking for module 'OGRE'
[1.399s] --   Found OGRE, version 1.9.0
[1.540s] -- Found Ogre Ghadamon (1.9.0)
[1.552s] -- Found OGRE: optimized;/usr/lib/x86_64-linux-gnu/libOgreMain.so;debug;/usr/lib/x86_64-linux-gnu/libOgreMain.so
[1.560s] -- Looking for OGRE_Paging...
[1.563s] -- Found OGRE_Paging: optimized;/usr/lib/x86_64-linux-gnu/libOgrePaging.so;debug;/usr/lib/x86_64-linux-gnu/libOgrePaging.so
[1.563s] -- Looking for OGRE_Terrain...
[1.566s] -- Found OGRE_Terrain: optimized;/usr/lib/x86_64-linux-gnu/libOgreTerrain.so;debug;/usr/lib/x86_64-linux-gnu/libOgreTerrain.so
[1.566s] -- Looking for OGRE_Property...
[1.569s] -- Found OGRE_Property: optimized;/usr/lib/x86_64-linux-gnu/libOgreProperty.so;debug;/usr/lib/x86_64-linux-gnu/libOgreProperty.so
[1.569s] -- Looking for OGRE_RTShaderSystem...
[1.572s] -- Found OGRE_RTShaderSystem: optimized;/usr/lib/x86_64-linux-gnu/libOgreRTShaderSystem.so;debug;/usr/lib/x86_64-linux-gnu/libOgreRTShaderSystem.so
[1.572s] -- Looking for OGRE_Volume...
[1.575s] -- Found OGRE_Volume: optimized;/usr/lib/x86_64-linux-gnu/libOgreVolume.so;debug;/usr/lib/x86_64-linux-gnu/libOgreVolume.so
[1.575s] -- Looking for OGRE_Overlay...
[1.577s] -- Found OGRE_Overlay: optimized;/usr/lib/x86_64-linux-gnu/libOgreOverlay.so;debug;/usr/lib/x86_64-linux-gnu/libOgreOverlay.so
[1.636s] -- Looking for ignition-math6 -- found version 6.15.1
[1.637s] -- Looking for ignition-transport8 -- found version 8.2.1
[1.637s] -- Searching for dependencies of ignition-transport8
[1.650s] -- Found Protobuf: /usr/lib/x86_64-linux-gnu/libprotobuf.so (found suitable version "3.12.4", minimum required is "3") 
[1.657s] -- Config-file not installed for ZeroMQ -- checking for pkg-config
[1.661s] -- Checking for module 'libzmq >= 4'
[1.671s] --   Found libzmq , version 4.3.4
[1.719s] -- Found ZeroMQ: TRUE (Required is at least version "4") 
[1.724s] -- Checking for module 'uuid'
[1.736s] --   Found uuid, version 2.37.2
[1.783s] -- Found UUID: TRUE  
[1.786s] -- Looking for ignition-msgs5 -- found version 5.8.1
[1.787s] -- Searching for dependencies of ignition-msgs5
[1.802s] -- Looking for ignition-math6 -- found version 6.15.1
[1.806s] -- Checking for module 'tinyxml2'
[1.819s] --   Found tinyxml2, version 9.0.0
[1.931s] -- Looking for ignition-msgs5 -- found version 5.8.1
[1.933s] -- Looking for ignition-common3 -- found version 3.14.0
[1.934s] -- Searching for dependencies of ignition-common3
[1.936s] -- Looking for dlfcn.h - found
[1.937s] -- Looking for libdl - found
[1.938s] -- Found DL: TRUE  
[1.950s] -- Found tinyobjloader: /usr/lib/x86_64-linux-gnu/cmake/tinyobjloader/tinyobjloader-config.cmake (found version "2.0.0") 
[1.951s] -- Searching for <ignition-common3> component [graphics]
[1.954s] -- Looking for ignition-common3-graphics -- found version 3.14.0
[1.955s] -- Searching for dependencies of ignition-common3-graphics
[1.955s] -- Looking for ignition-math6 -- found version 6.15.1
[1.958s] -- Looking for ignition-fuel_tools4 -- found version 4.4.0
[1.959s] -- Searching for dependencies of ignition-fuel_tools4
[2.070s] -- Found CURL: /usr/lib/x86_64-linux-gnu/libcurl.so (found version "7.81.0")  
[2.090s] -- Checking for module 'jsoncpp'
[2.132s] --   Found jsoncpp, version 1.9.5
[2.218s] -- Found JSONCPP: TRUE  
[2.235s] -- Checking for module 'libzip'
[2.268s] --   Found libzip, version 1.7.3
[2.355s] -- Found ZIP: TRUE  
[2.356s] -- Looking for ignition-common3 -- found version 3.14.0
[2.356s] -- Looking for ignition-math6 -- found version 6.15.1
[2.357s] -- Looking for ignition-msgs5 -- found version 5.8.1
[2.362s] -- Gazebo version: 11.10
[2.363s] -- Checking for module 'tbb'
[2.389s] --   Found tbb, version 2021.5.0
[2.534s] -- Configuring done
[2.540s] -- Generating done
[2.544s] -- Build files have been written to: /home/william-ubuntu/16832_ws/build/aws_robomaker_bookstore_world
[2.553s] Invoked command in '/home/william-ubuntu/16832_ws/build/aws_robomaker_bookstore_world' returned '0': CMAKE_PREFIX_PATH=${CMAKE_PREFIX_PATH}:/opt/ros/humble /usr/bin/cmake /home/william-ubuntu/16832_ws/src/aws-robomaker-bookstore-world -DCMAKE_INSTALL_PREFIX=/home/william-ubuntu/16832_ws/install/aws_robomaker_bookstore_world
[2.555s] Invoking command in '/home/william-ubuntu/16832_ws/build/aws_robomaker_bookstore_world': CMAKE_PREFIX_PATH=${CMAKE_PREFIX_PATH}:/opt/ros/humble /usr/bin/cmake --build /home/william-ubuntu/16832_ws/build/aws_robomaker_bookstore_world -- -j12 -l12
[2.610s] Invoked command in '/home/william-ubuntu/16832_ws/build/aws_robomaker_bookstore_world' returned '0': CMAKE_PREFIX_PATH=${CMAKE_PREFIX_PATH}:/opt/ros/humble /usr/bin/cmake --build /home/william-ubuntu/16832_ws/build/aws_robomaker_bookstore_world -- -j12 -l12
[2.612s] Invoking command in '/home/william-ubuntu/16832_ws/build/aws_robomaker_bookstore_world': CMAKE_PREFIX_PATH=${CMAKE_PREFIX_PATH}:/opt/ros/humble /usr/bin/cmake --install /home/william-ubuntu/16832_ws/build/aws_robomaker_bookstore_world
[2.627s] -- Install configuration: ""
[2.628s] -- Installing: /home/william-ubuntu/16832_ws/install/aws_robomaker_bookstore_world/share/aws_robomaker_bookstore_world/launch
[2.628s] -- Installing: /home/william-ubuntu/16832_ws/install/aws_robomaker_bookstore_world/share/aws_robomaker_bookstore_world/launch/bookstore.launch.py
[2.628s] -- Installing: /home/william-ubuntu/16832_ws/install/aws_robomaker_bookstore_world/share/aws_robomaker_bookstore_world/launch/view_bookstore.launch.py
[2.629s] -- Installing: /home/william-ubuntu/16832_ws/install/aws_robomaker_bookstore_world/share/aws_robomaker_bookstore_world/maps
[2.629s] -- Installing: /home/william-ubuntu/16832_ws/install/aws_robomaker_bookstore_world/share/aws_robomaker_bookstore_world/maps/turtlebot3_waffle_pi
[2.629s] -- Installing: /home/william-ubuntu/16832_ws/install/aws_robomaker_bookstore_world/share/aws_robomaker_bookstore_world/maps/turtlebot3_waffle_pi/map.yaml
[2.629s] -- Installing: /home/william-ubuntu/16832_ws/install/aws_robomaker_bookstore_world/share/aws_robomaker_bookstore_world/maps/turtlebot3_waffle_pi/map.pgm
[2.629s] -- Installing: /home/william-ubuntu/16832_ws/install/aws_robomaker_bookstore_world/share/aws_robomaker_bookstore_world/models
[2.629s] -- Installing: /home/william-ubuntu/16832_ws/install/aws_robomaker_bookstore_world/share/aws_robomaker_bookstore_world/models/aws_robomaker_retail_ColumnB_01
[2.629s] -- Installing: /home/william-ubuntu/16832_ws/install/aws_robomaker_bookstore_world/share/aws_robomaker_bookstore_world/models/aws_robomaker_retail_ColumnB_01/meshes
[2.630s] -- Installing: /home/william-ubuntu/16832_ws/install/aws_robomaker_bookstore_world/share/aws_robomaker_bookstore_world/models/aws_robomaker_retail_ColumnB_01/meshes/aws_ColumnB_01_collision.DAE
[2.630s] -- Installing: /home/william-ubuntu/16832_ws/install/aws_robomaker_bookstore_world/share/aws_robomaker_bookstore_world/models/aws_robomaker_retail_ColumnB_01/meshes/aws_ColumnB_01_visual.DAE
[2.630s] -- Installing: /home/william-ubuntu/16832_ws/install/aws_robomaker_bookstore_world/share/aws_robomaker_bookstore_world/models/aws_robomaker_retail_ColumnB_01/materials
[2.630s] -- Installing: /home/william-ubuntu/16832_ws/install/aws_robomaker_bookstore_world/share/aws_robomaker_bookstore_world/models/aws_robomaker_retail_ColumnB_01/materials/textures
[2.630s] -- Installing: /home/william-ubuntu/16832_ws/install/aws_robomaker_bookstore_world/share/aws_robomaker_bookstore_world/models/aws_robomaker_retail_ColumnB_01/materials/textures/aws_ColumnB_01.png
[2.632s] -- Installing: /home/william-ubuntu/16832_ws/install/aws_robomaker_bookstore_world/share/aws_robomaker_bookstore_world/models/aws_robomaker_retail_ColumnB_01/model.config
[2.632s] -- Installing: /home/william-ubuntu/16832_ws/install/aws_robomaker_bookstore_world/share/aws_robomaker_bookstore_world/models/aws_robomaker_retail_ColumnB_01/model.sdf
[2.633s] -- Installing: /home/william-ubuntu/16832_ws/install/aws_robomaker_bookstore_world/share/aws_robomaker_bookstore_world/models/aws_robomaker_retail_RetailShopWall_01
[2.633s] -- Installing: /home/william-ubuntu/16832_ws/install/aws_robomaker_bookstore_world/share/aws_robomaker_bookstore_world/models/aws_robomaker_retail_RetailShopWall_01/meshes
[2.633s] -- Installing: /home/william-ubuntu/16832_ws/install/aws_robomaker_bookstore_world/share/aws_robomaker_bookstore_world/models/aws_robomaker_retail_RetailShopWall_01/meshes/aws_RetailShopWall_01_collision.DAE
[2.633s] -- Installing: /home/william-ubuntu/16832_ws/install/aws_robomaker_bookstore_world/share/aws_robomaker_bookstore_world/models/aws_robomaker_retail_RetailShopWall_01/meshes/aws_RetailShopWall_01_visual.DAE
[2.633s] -- Installing: /home/william-ubuntu/16832_ws/install/aws_robomaker_bookstore_world/share/aws_robomaker_bookstore_world/models/aws_robomaker_retail_RetailShopWall_01/materials
[2.634s] -- Installing: /home/william-ubuntu/16832_ws/install/aws_robomaker_bookstore_world/share/aws_robomaker_bookstore_world/models/aws_robomaker_retail_RetailShopWall_01/materials/textures
[2.634s] -- Installing: /home/william-ubuntu/16832_ws/install/aws_robomaker_bookstore_world/share/aws_robomaker_bookstore_world/models/aws_robomaker_retail_RetailShopWall_01/materials/textures/aws_RetailShopWall_01.png
[2.634s] -- Installing: /home/william-ubuntu/16832_ws/install/aws_robomaker_bookstore_world/share/aws_robomaker_bookstore_world/models/aws_robomaker_retail_RetailShopWall_01/model.config
[2.634s] -- Installing: /home/william-ubuntu/16832_ws/install/aws_robomaker_bookstore_world/share/aws_robomaker_bookstore_world/models/aws_robomaker_retail_RetailShopWall_01/model.sdf
[2.634s] -- Installing: /home/william-ubuntu/16832_ws/install/aws_robomaker_bookstore_world/share/aws_robomaker_bookstore_world/models/aws_robomaker_retail_DeskA_01
[2.634s] -- Installing: /home/william-ubuntu/16832_ws/install/aws_robomaker_bookstore_world/share/aws_robomaker_bookstore_world/models/aws_robomaker_retail_DeskA_01/meshes
[2.635s] -- Installing: /home/william-ubuntu/16832_ws/install/aws_robomaker_bookstore_world/share/aws_robomaker_bookstore_world/models/aws_robomaker_retail_DeskA_01/meshes/aws_DeskA_01_collision.DAE
[2.635s] -- Installing: /home/william-ubuntu/16832_ws/install/aws_robomaker_bookstore_world/share/aws_robomaker_bookstore_world/models/aws_robomaker_retail_DeskA_01/meshes/aws_DeskA_01_visual.DAE
[2.639s] -- Installing: /home/william-ubuntu/16832_ws/install/aws_robomaker_bookstore_world/share/aws_robomaker_bookstore_world/models/aws_robomaker_retail_DeskA_01/materials
[2.639s] -- Installing: /home/william-ubuntu/16832_ws/install/aws_robomaker_bookstore_world/share/aws_robomaker_bookstore_world/models/aws_robomaker_retail_DeskA_01/materials/textures
[2.640s] -- Installing: /home/william-ubuntu/16832_ws/install/aws_robomaker_bookstore_world/share/aws_robomaker_bookstore_world/models/aws_robomaker_retail_DeskA_01/materials/textures/aws_DeskA_01.png
[2.643s] -- Installing: /home/william-ubuntu/16832_ws/install/aws_robomaker_bookstore_world/share/aws_robomaker_bookstore_world/models/aws_robomaker_retail_DeskA_01/materials/textures/aws_DeskA_03.png
[2.643s] -- Installing: /home/william-ubuntu/16832_ws/install/aws_robomaker_bookstore_world/share/aws_robomaker_bookstore_world/models/aws_robomaker_retail_DeskA_01/materials/textures/aws_DeskA_02.png
[2.646s] -- Installing: /home/william-ubuntu/16832_ws/install/aws_robomaker_bookstore_world/share/aws_robomaker_bookstore_world/models/aws_robomaker_retail_DeskA_01/model.config
[2.646s] -- Installing: /home/william-ubuntu/16832_ws/install/aws_robomaker_bookstore_world/share/aws_robomaker_bookstore_world/models/aws_robomaker_retail_DeskA_01/model.sdf
[2.646s] -- Installing: /home/william-ubuntu/16832_ws/install/aws_robomaker_bookstore_world/share/aws_robomaker_bookstore_world/models/aws_robomaker_retail_SmartSpeakerTall_01
[2.646s] -- Installing: /home/william-ubuntu/16832_ws/install/aws_robomaker_bookstore_world/share/aws_robomaker_bookstore_world/models/aws_robomaker_retail_SmartSpeakerTall_01/meshes
[2.646s] -- Installing: /home/william-ubuntu/16832_ws/install/aws_robomaker_bookstore_world/share/aws_robomaker_bookstore_world/models/aws_robomaker_retail_SmartSpeakerTall_01/meshes/aws_SmartSpeakerTall_01_collision.DAE
[2.646s] -- Installing: /home/william-ubuntu/16832_ws/install/aws_robomaker_bookstore_world/share/aws_robomaker_bookstore_world/models/aws_robomaker_retail_SmartSpeakerTall_01/meshes/aws_SmartSpeakerTall_01_visual.DAE
[2.646s] -- Installing: /home/william-ubuntu/16832_ws/install/aws_robomaker_bookstore_world/share/aws_robomaker_bookstore_world/models/aws_robomaker_retail_SmartSpeakerTall_01/materials
[2.647s] -- Installing: /home/william-ubuntu/16832_ws/install/aws_robomaker_bookstore_world/share/aws_robomaker_bookstore_world/models/aws_robomaker_retail_SmartSpeakerTall_01/materials/textures
[2.647s] -- Installing: /home/william-ubuntu/16832_ws/install/aws_robomaker_bookstore_world/share/aws_robomaker_bookstore_world/models/aws_robomaker_retail_SmartSpeakerTall_01/materials/textures/aws_SmartSpeakerTall_01.png
[2.647s] -- Installing: /home/william-ubuntu/16832_ws/install/aws_robomaker_bookstore_world/share/aws_robomaker_bookstore_world/models/aws_robomaker_retail_SmartSpeakerTall_01/model.config
[2.647s] -- Installing: /home/william-ubuntu/16832_ws/install/aws_robomaker_bookstore_world/share/aws_robomaker_bookstore_world/models/aws_robomaker_retail_SmartSpeakerTall_01/model.sdf
[2.647s] -- Installing: /home/william-ubuntu/16832_ws/install/aws_robomaker_bookstore_world/share/aws_robomaker_bookstore_world/models/aws_robomaker_retail_BookstoreLogo_01
[2.647s] -- Installing: /home/william-ubuntu/16832_ws/install/aws_robomaker_bookstore_world/share/aws_robomaker_bookstore_world/models/aws_robomaker_retail_BookstoreLogo_01/meshes
[2.647s] -- Installing: /home/william-ubuntu/16832_ws/install/aws_robomaker_bookstore_world/share/aws_robomaker_bookstore_world/models/aws_robomaker_retail_BookstoreLogo_01/meshes/aws_BookstoreLogo_01_collision.DAE
[2.647s] -- Installing: /home/william-ubuntu/16832_ws/install/aws_robomaker_bookstore_world/share/aws_robomaker_bookstore_world/models/aws_robomaker_retail_BookstoreLogo_01/meshes/aws_BookstoreLogo_01_visual.DAE
[2.647s] -- Installing: /home/william-ubuntu/16832_ws/install/aws_robomaker_bookstore_world/share/aws_robomaker_bookstore_world/models/aws_robomaker_retail_BookstoreLogo_01/materials
[2.647s] -- Installing: /home/william-ubuntu/16832_ws/install/aws_robomaker_bookstore_world/share/aws_robomaker_bookstore_world/models/aws_robomaker_retail_BookstoreLogo_01/materials/textures
[2.648s] -- Installing: /home/william-ubuntu/16832_ws/install/aws_robomaker_bookstore_world/share/aws_robomaker_bookstore_world/models/aws_robomaker_retail_BookstoreLogo_01/materials/textures/aws_BookstoreLogo_01.png
[2.648s] -- Installing: /home/william-ubuntu/16832_ws/install/aws_robomaker_bookstore_world/share/aws_robomaker_bookstore_world/models/aws_robomaker_retail_BookstoreLogo_01/model.config
[2.648s] -- Installing: /home/william-ubuntu/16832_ws/install/aws_robomaker_bookstore_world/share/aws_robomaker_bookstore_world/models/aws_robomaker_retail_BookstoreLogo_01/model.sdf
[2.648s] -- Installing: /home/william-ubuntu/16832_ws/install/aws_robomaker_bookstore_world/share/aws_robomaker_bookstore_world/models/aws_robomaker_retail_BookshelfC_01
[2.648s] -- Installing: /home/william-ubuntu/16832_ws/install/aws_robomaker_bookstore_world/share/aws_robomaker_bookstore_world/models/aws_robomaker_retail_BookshelfC_01/meshes
[2.648s] -- Installing: /home/william-ubuntu/16832_ws/install/aws_robomaker_bookstore_world/share/aws_robomaker_bookstore_world/models/aws_robomaker_retail_BookshelfC_01/meshes/aws_BookshelfC_01_visual.DAE
[2.648s] -- Installing: /home/william-ubuntu/16832_ws/install/aws_robomaker_bookstore_world/share/aws_robomaker_bookstore_world/models/aws_robomaker_retail_BookshelfC_01/meshes/aws_BookshelfC_01_collision.DAE
[2.648s] -- Installing: /home/william-ubuntu/16832_ws/install/aws_robomaker_bookstore_world/share/aws_robomaker_bookstore_world/models/aws_robomaker_retail_BookshelfC_01/materials
[2.648s] -- Installing: /home/william-ubuntu/16832_ws/install/aws_robomaker_bookstore_world/share/aws_robomaker_bookstore_world/models/aws_robomaker_retail_BookshelfC_01/materials/textures
[2.648s] -- Installing: /home/william-ubuntu/16832_ws/install/aws_robomaker_bookstore_world/share/aws_robomaker_bookstore_world/models/aws_robomaker_retail_BookshelfC_01/materials/textures/aws_BookshelfC_01.png
[2.650s] -- Installing: /home/william-ubuntu/16832_ws/install/aws_robomaker_bookstore_world/share/aws_robomaker_bookstore_world/models/aws_robomaker_retail_BookshelfC_01/model.config
[2.650s] -- Installing: /home/william-ubuntu/16832_ws/install/aws_robomaker_bookstore_world/share/aws_robomaker_bookstore_world/models/aws_robomaker_retail_BookshelfC_01/model.sdf
[2.650s] -- Installing: /home/william-ubuntu/16832_ws/install/aws_robomaker_bookstore_world/share/aws_robomaker_bookstore_world/models/aws_robomaker_retail_ChairB_01
[2.650s] -- Installing: /home/william-ubuntu/16832_ws/install/aws_robomaker_bookstore_world/share/aws_robomaker_bookstore_world/models/aws_robomaker_retail_ChairB_01/meshes
[2.650s] -- Installing: /home/william-ubuntu/16832_ws/install/aws_robomaker_bookstore_world/share/aws_robomaker_bookstore_world/models/aws_robomaker_retail_ChairB_01/meshes/aws_ChairB_01_visual.DAE
[2.650s] -- Installing: /home/william-ubuntu/16832_ws/install/aws_robomaker_bookstore_world/share/aws_robomaker_bookstore_world/models/aws_robomaker_retail_ChairB_01/meshes/aws_ChairB_01_collision.DAE
[2.650s] -- Installing: /home/william-ubuntu/16832_ws/install/aws_robomaker_bookstore_world/share/aws_robomaker_bookstore_world/models/aws_robomaker_retail_ChairB_01/materials
[2.650s] -- Installing: /home/william-ubuntu/16832_ws/install/aws_robomaker_bookstore_world/share/aws_robomaker_bookstore_world/models/aws_robomaker_retail_ChairB_01/materials/textures
[2.650s] -- Installing: /home/william-ubuntu/16832_ws/install/aws_robomaker_bookstore_world/share/aws_robomaker_bookstore_world/models/aws_robomaker_retail_ChairB_01/materials/textures/aws_ChairB_01.png
[2.652s] -- Installing: /home/william-ubuntu/16832_ws/install/aws_robomaker_bookstore_world/share/aws_robomaker_bookstore_world/models/aws_robomaker_retail_ChairB_01/model.config
[2.652s] -- Installing: /home/william-ubuntu/16832_ws/install/aws_robomaker_bookstore_world/share/aws_robomaker_bookstore_world/models/aws_robomaker_retail_ChairB_01/model.sdf
[2.652s] -- Installing: /home/william-ubuntu/16832_ws/install/aws_robomaker_bookstore_world/share/aws_robomaker_bookstore_world/models/aws_robomaker_retail_BookC_01
[2.652s] -- Installing: /home/william-ubuntu/16832_ws/install/aws_robomaker_bookstore_world/share/aws_robomaker_bookstore_world/models/aws_robomaker_retail_BookC_01/meshes
[2.652s] -- Installing: /home/william-ubuntu/16832_ws/install/aws_robomaker_bookstore_world/share/aws_robomaker_bookstore_world/models/aws_robomaker_retail_BookC_01/meshes/aws_BookC_01_visual.DAE
[2.652s] -- Installing: /home/william-ubuntu/16832_ws/install/aws_robomaker_bookstore_world/share/aws_robomaker_bookstore_world/models/aws_robomaker_retail_BookC_01/meshes/aws_BookC_01_collision.DAE
[2.652s] -- Installing: /home/william-ubuntu/16832_ws/install/aws_robomaker_bookstore_world/share/aws_robomaker_bookstore_world/models/aws_robomaker_retail_BookC_01/materials
[2.652s] -- Installing: /home/william-ubuntu/16832_ws/install/aws_robomaker_bookstore_world/share/aws_robomaker_bookstore_world/models/aws_robomaker_retail_BookC_01/materials/textures
[2.652s] -- Installing: /home/william-ubuntu/16832_ws/install/aws_robomaker_bookstore_world/share/aws_robomaker_bookstore_world/models/aws_robomaker_retail_BookC_01/materials/textures/aws_BookC_01.png
[2.652s] -- Installing: /home/william-ubuntu/16832_ws/install/aws_robomaker_bookstore_world/share/aws_robomaker_bookstore_world/models/aws_robomaker_retail_BookC_01/model.config
[2.652s] -- Installing: /home/william-ubuntu/16832_ws/install/aws_robomaker_bookstore_world/share/aws_robomaker_bookstore_world/models/aws_robomaker_retail_BookC_01/model.sdf
[2.652s] -- Installing: /home/william-ubuntu/16832_ws/install/aws_robomaker_bookstore_world/share/aws_robomaker_bookstore_world/models/aws_robomaker_retail_InfoDesk_01
[2.652s] -- Installing: /home/william-ubuntu/16832_ws/install/aws_robomaker_bookstore_world/share/aws_robomaker_bookstore_world/models/aws_robomaker_retail_InfoDesk_01/meshes
[2.652s] -- Installing: /home/william-ubuntu/16832_ws/install/aws_robomaker_bookstore_world/share/aws_robomaker_bookstore_world/models/aws_robomaker_retail_InfoDesk_01/meshes/aws_InfoDesk_01_collision.DAE
[2.653s] -- Installing: /home/william-ubuntu/16832_ws/install/aws_robomaker_bookstore_world/share/aws_robomaker_bookstore_world/models/aws_robomaker_retail_InfoDesk_01/meshes/aws_InfoDesk_01_visual.DAE
[2.653s] -- Installing: /home/william-ubuntu/16832_ws/install/aws_robomaker_bookstore_world/share/aws_robomaker_bookstore_world/models/aws_robomaker_retail_InfoDesk_01/materials
[2.653s] -- Installing: /home/william-ubuntu/16832_ws/install/aws_robomaker_bookstore_world/share/aws_robomaker_bookstore_world/models/aws_robomaker_retail_InfoDesk_01/materials/textures
[2.653s] -- Installing: /home/william-ubuntu/16832_ws/install/aws_robomaker_bookstore_world/share/aws_robomaker_bookstore_world/models/aws_robomaker_retail_InfoDesk_01/materials/textures/aws_InfoDesk_01.png
[2.653s] -- Installing: /home/william-ubuntu/16832_ws/install/aws_robomaker_bookstore_world/share/aws_robomaker_bookstore_world/models/aws_robomaker_retail_InfoDesk_01/model.config
[2.653s] -- Installing: /home/william-ubuntu/16832_ws/install/aws_robomaker_bookstore_world/share/aws_robomaker_bookstore_world/models/aws_robomaker_retail_InfoDesk_01/model.sdf
[2.653s] -- Installing: /home/william-ubuntu/16832_ws/install/aws_robomaker_bookstore_world/share/aws_robomaker_bookstore_world/models/aws_robomaker_retail_BookD_01
[2.653s] -- Installing: /home/william-ubuntu/16832_ws/install/aws_robomaker_bookstore_world/share/aws_robomaker_bookstore_world/models/aws_robomaker_retail_BookD_01/meshes
[2.653s] -- Installing: /home/william-ubuntu/16832_ws/install/aws_robomaker_bookstore_world/share/aws_robomaker_bookstore_world/models/aws_robomaker_retail_BookD_01/meshes/aws_BookD_01_visual.DAE
[2.653s] -- Installing: /home/william-ubuntu/16832_ws/install/aws_robomaker_bookstore_world/share/aws_robomaker_bookstore_world/models/aws_robomaker_retail_BookD_01/meshes/aws_BookD_01_collision.DAE
[2.653s] -- Installing: /home/william-ubuntu/16832_ws/install/aws_robomaker_bookstore_world/share/aws_robomaker_bookstore_world/models/aws_robomaker_retail_BookD_01/materials
[2.653s] -- Installing: /home/william-ubuntu/16832_ws/install/aws_robomaker_bookstore_world/share/aws_robomaker_bookstore_world/models/aws_robomaker_retail_BookD_01/materials/textures
[2.653s] -- Installing: /home/william-ubuntu/16832_ws/install/aws_robomaker_bookstore_world/share/aws_robomaker_bookstore_world/models/aws_robomaker_retail_BookD_01/materials/textures/aws_BookD_01.png
[2.653s] -- Installing: /home/william-ubuntu/16832_ws/install/aws_robomaker_bookstore_world/share/aws_robomaker_bookstore_world/models/aws_robomaker_retail_BookD_01/model.config
[2.653s] -- Installing: /home/william-ubuntu/16832_ws/install/aws_robomaker_bookstore_world/share/aws_robomaker_bookstore_world/models/aws_robomaker_retail_BookD_01/model.sdf
[2.653s] -- Installing: /home/william-ubuntu/16832_ws/install/aws_robomaker_bookstore_world/share/aws_robomaker_bookstore_world/models/aws_robomaker_retail_BookshelfA_01
[2.653s] -- Installing: /home/william-ubuntu/16832_ws/install/aws_robomaker_bookstore_world/share/aws_robomaker_bookstore_world/models/aws_robomaker_retail_BookshelfA_01/meshes
[2.653s] -- Installing: /home/william-ubuntu/16832_ws/install/aws_robomaker_bookstore_world/share/aws_robomaker_bookstore_world/models/aws_robomaker_retail_BookshelfA_01/meshes/aws_BookshelfA_01_collision.DAE
[2.654s] -- Installing: /home/william-ubuntu/16832_ws/install/aws_robomaker_bookstore_world/share/aws_robomaker_bookstore_world/models/aws_robomaker_retail_BookshelfA_01/meshes/aws_BookshelfA_01_visual.DAE
[2.656s] -- Installing: /home/william-ubuntu/16832_ws/install/aws_robomaker_bookstore_world/share/aws_robomaker_bookstore_world/models/aws_robomaker_retail_BookshelfA_01/materials
[2.656s] -- Installing: /home/william-ubuntu/16832_ws/install/aws_robomaker_bookstore_world/share/aws_robomaker_bookstore_world/models/aws_robomaker_retail_BookshelfA_01/materials/textures
[2.656s] -- Installing: /home/william-ubuntu/16832_ws/install/aws_robomaker_bookstore_world/share/aws_robomaker_bookstore_world/models/aws_robomaker_retail_BookshelfA_01/materials/textures/aws_BookshelfA_02.png
[2.657s] -- Installing: /home/william-ubuntu/16832_ws/install/aws_robomaker_bookstore_world/share/aws_robomaker_bookstore_world/models/aws_robomaker_retail_BookshelfA_01/materials/textures/aws_BookshelfA_01.png
[2.658s] -- Installing: /home/william-ubuntu/16832_ws/install/aws_robomaker_bookstore_world/share/aws_robomaker_bookstore_world/models/aws_robomaker_retail_BookshelfA_01/materials/textures/aws_BookshelfA_03.png
[2.658s] -- Installing: /home/william-ubuntu/16832_ws/install/aws_robomaker_bookstore_world/share/aws_robomaker_bookstore_world/models/aws_robomaker_retail_BookshelfA_01/model.config
[2.658s] -- Installing: /home/william-ubuntu/16832_ws/install/aws_robomaker_bookstore_world/share/aws_robomaker_bookstore_world/models/aws_robomaker_retail_BookshelfA_01/model.sdf
[2.658s] -- Installing: /home/william-ubuntu/16832_ws/install/aws_robomaker_bookstore_world/share/aws_robomaker_bookstore_world/models/aws_robomaker_retail_BookB_01
[2.658s] -- Installing: /home/william-ubuntu/16832_ws/install/aws_robomaker_bookstore_world/share/aws_robomaker_bookstore_world/models/aws_robomaker_retail_BookB_01/meshes
[2.658s] -- Installing: /home/william-ubuntu/16832_ws/install/aws_robomaker_bookstore_world/share/aws_robomaker_bookstore_world/models/aws_robomaker_retail_BookB_01/meshes/aws_BookB_01_visual.DAE
[2.660s] -- Installing: /home/william-ubuntu/16832_ws/install/aws_robomaker_bookstore_world/share/aws_robomaker_bookstore_world/models/aws_robomaker_retail_BookB_01/meshes/aws_BookB_01_collision.DAE
[2.660s] -- Installing: /home/william-ubuntu/16832_ws/install/aws_robomaker_bookstore_world/share/aws_robomaker_bookstore_world/models/aws_robomaker_retail_BookB_01/materials
[2.660s] -- Installing: /home/william-ubuntu/16832_ws/install/aws_robomaker_bookstore_world/share/aws_robomaker_bookstore_world/models/aws_robomaker_retail_BookB_01/materials/textures
[2.660s] -- Installing: /home/william-ubuntu/16832_ws/install/aws_robomaker_bookstore_world/share/aws_robomaker_bookstore_world/models/aws_robomaker_retail_BookB_01/materials/textures/aws_BookB_02.png
[2.660s] -- Installing: /home/william-ubuntu/16832_ws/install/aws_robomaker_bookstore_world/share/aws_robomaker_bookstore_world/models/aws_robomaker_retail_BookB_01/materials/textures/aws_BookB_01.png
[2.661s] -- Installing: /home/william-ubuntu/16832_ws/install/aws_robomaker_bookstore_world/share/aws_robomaker_bookstore_world/models/aws_robomaker_retail_BookB_01/model.config
[2.661s] -- Installing: /home/william-ubuntu/16832_ws/install/aws_robomaker_bookstore_world/share/aws_robomaker_bookstore_world/models/aws_robomaker_retail_BookB_01/model.sdf
[2.661s] -- Installing: /home/william-ubuntu/16832_ws/install/aws_robomaker_bookstore_world/share/aws_robomaker_bookstore_world/models/aws_robomaker_retail_LightA_01
[2.661s] -- Installing: /home/william-ubuntu/16832_ws/install/aws_robomaker_bookstore_world/share/aws_robomaker_bookstore_world/models/aws_robomaker_retail_LightA_01/meshes
[2.661s] -- Installing: /home/william-ubuntu/16832_ws/install/aws_robomaker_bookstore_world/share/aws_robomaker_bookstore_world/models/aws_robomaker_retail_LightA_01/meshes/aws_LightA_01_collision.DAE
[2.661s] -- Installing: /home/william-ubuntu/16832_ws/install/aws_robomaker_bookstore_world/share/aws_robomaker_bookstore_world/models/aws_robomaker_retail_LightA_01/meshes/aws_LightA_01_visual.DAE
[2.661s] -- Installing: /home/william-ubuntu/16832_ws/install/aws_robomaker_bookstore_world/share/aws_robomaker_bookstore_world/models/aws_robomaker_retail_LightA_01/materials
[2.661s] -- Installing: /home/william-ubuntu/16832_ws/install/aws_robomaker_bookstore_world/share/aws_robomaker_bookstore_world/models/aws_robomaker_retail_LightA_01/materials/textures
[2.661s] -- Installing: /home/william-ubuntu/16832_ws/install/aws_robomaker_bookstore_world/share/aws_robomaker_bookstore_world/models/aws_robomaker_retail_LightA_01/materials/textures/aws_LightA_01.png
[2.661s] -- Installing: /home/william-ubuntu/16832_ws/install/aws_robomaker_bookstore_world/share/aws_robomaker_bookstore_world/models/aws_robomaker_retail_LightA_01/model.config
[2.661s] -- Installing: /home/william-ubuntu/16832_ws/install/aws_robomaker_bookstore_world/share/aws_robomaker_bookstore_world/models/aws_robomaker_retail_LightA_01/model.sdf
[2.661s] -- Installing: /home/william-ubuntu/16832_ws/install/aws_robomaker_bookstore_world/share/aws_robomaker_bookstore_world/models/aws_robomaker_retail_RetailShopCeiling_01
[2.661s] -- Installing: /home/william-ubuntu/16832_ws/install/aws_robomaker_bookstore_world/share/aws_robomaker_bookstore_world/models/aws_robomaker_retail_RetailShopCeiling_01/meshes
[2.662s] -- Installing: /home/william-ubuntu/16832_ws/install/aws_robomaker_bookstore_world/share/aws_robomaker_bookstore_world/models/aws_robomaker_retail_RetailShopCeiling_01/meshes/aws_RetailShopCeiling_01_visual.DAE
[2.662s] -- Installing: /home/william-ubuntu/16832_ws/install/aws_robomaker_bookstore_world/share/aws_robomaker_bookstore_world/models/aws_robomaker_retail_RetailShopCeiling_01/meshes/aws_RetailShopCeiling_01_collision.DAE
[2.662s] -- Installing: /home/william-ubuntu/16832_ws/install/aws_robomaker_bookstore_world/share/aws_robomaker_bookstore_world/models/aws_robomaker_retail_RetailShopCeiling_01/materials
[2.662s] -- Installing: /home/william-ubuntu/16832_ws/install/aws_robomaker_bookstore_world/share/aws_robomaker_bookstore_world/models/aws_robomaker_retail_RetailShopCeiling_01/materials/textures
[2.662s] -- Installing: /home/william-ubuntu/16832_ws/install/aws_robomaker_bookstore_world/share/aws_robomaker_bookstore_world/models/aws_robomaker_retail_RetailShopCeiling_01/materials/textures/aws_RetailShopCeiling_01.png
[2.662s] -- Installing: /home/william-ubuntu/16832_ws/install/aws_robomaker_bookstore_world/share/aws_robomaker_bookstore_world/models/aws_robomaker_retail_RetailShopCeiling_01/model.config
[2.662s] -- Installing: /home/william-ubuntu/16832_ws/install/aws_robomaker_bookstore_world/share/aws_robomaker_bookstore_world/models/aws_robomaker_retail_RetailShopCeiling_01/model.sdf
[2.662s] -- Installing: /home/william-ubuntu/16832_ws/install/aws_robomaker_bookstore_world/share/aws_robomaker_bookstore_world/models/aws_robomaker_retail_AirConditionerC_01
[2.662s] -- Installing: /home/william-ubuntu/16832_ws/install/aws_robomaker_bookstore_world/share/aws_robomaker_bookstore_world/models/aws_robomaker_retail_AirConditionerC_01/meshes
[2.662s] -- Installing: /home/william-ubuntu/16832_ws/install/aws_robomaker_bookstore_world/share/aws_robomaker_bookstore_world/models/aws_robomaker_retail_AirConditionerC_01/meshes/aws_AirConditionerC_01_collision.DAE
[2.662s] -- Installing: /home/william-ubuntu/16832_ws/install/aws_robomaker_bookstore_world/share/aws_robomaker_bookstore_world/models/aws_robomaker_retail_AirConditionerC_01/meshes/aws_AirConditionerC_01_visual.DAE
[2.662s] -- Installing: /home/william-ubuntu/16832_ws/install/aws_robomaker_bookstore_world/share/aws_robomaker_bookstore_world/models/aws_robomaker_retail_AirConditionerC_01/materials
[2.662s] -- Installing: /home/william-ubuntu/16832_ws/install/aws_robomaker_bookstore_world/share/aws_robomaker_bookstore_world/models/aws_robomaker_retail_AirConditionerC_01/materials/textures
[2.662s] -- Installing: /home/william-ubuntu/16832_ws/install/aws_robomaker_bookstore_world/share/aws_robomaker_bookstore_world/models/aws_robomaker_retail_AirConditionerC_01/materials/textures/aws_AirConditionerC_01.png
[2.662s] -- Installing: /home/william-ubuntu/16832_ws/install/aws_robomaker_bookstore_world/share/aws_robomaker_bookstore_world/models/aws_robomaker_retail_AirConditionerC_01/model.config
[2.662s] -- Installing: /home/william-ubuntu/16832_ws/install/aws_robomaker_bookstore_world/share/aws_robomaker_bookstore_world/models/aws_robomaker_retail_AirConditionerC_01/model.sdf
[2.662s] -- Installing: /home/william-ubuntu/16832_ws/install/aws_robomaker_bookstore_world/share/aws_robomaker_bookstore_world/models/aws_robomaker_retail_ColumnA_01
[2.663s] -- Installing: /home/william-ubuntu/16832_ws/install/aws_robomaker_bookstore_world/share/aws_robomaker_bookstore_world/models/aws_robomaker_retail_ColumnA_01/meshes
[2.663s] -- Installing: /home/william-ubuntu/16832_ws/install/aws_robomaker_bookstore_world/share/aws_robomaker_bookstore_world/models/aws_robomaker_retail_ColumnA_01/meshes/aws_ColumnA_01_visual.DAE
[2.663s] -- Installing: /home/william-ubuntu/16832_ws/install/aws_robomaker_bookstore_world/share/aws_robomaker_bookstore_world/models/aws_robomaker_retail_ColumnA_01/meshes/aws_ColumnA_01_collision.DAE
[2.663s] -- Installing: /home/william-ubuntu/16832_ws/install/aws_robomaker_bookstore_world/share/aws_robomaker_bookstore_world/models/aws_robomaker_retail_ColumnA_01/materials
[2.663s] -- Installing: /home/william-ubuntu/16832_ws/install/aws_robomaker_bookstore_world/share/aws_robomaker_bookstore_world/models/aws_robomaker_retail_ColumnA_01/materials/textures
[2.663s] -- Installing: /home/william-ubuntu/16832_ws/install/aws_robomaker_bookstore_world/share/aws_robomaker_bookstore_world/models/aws_robomaker_retail_ColumnA_01/materials/textures/aws_ColumnA_01.png
[2.664s] -- Installing: /home/william-ubuntu/16832_ws/install/aws_robomaker_bookstore_world/share/aws_robomaker_bookstore_world/models/aws_robomaker_retail_ColumnA_01/model.config
[2.664s] -- Installing: /home/william-ubuntu/16832_ws/install/aws_robomaker_bookstore_world/share/aws_robomaker_bookstore_world/models/aws_robomaker_retail_ColumnA_01/model.sdf
[2.664s] -- Installing: /home/william-ubuntu/16832_ws/install/aws_robomaker_bookstore_world/share/aws_robomaker_bookstore_world/models/aws_robomaker_retail_Horologe_01
[2.664s] -- Installing: /home/william-ubuntu/16832_ws/install/aws_robomaker_bookstore_world/share/aws_robomaker_bookstore_world/models/aws_robomaker_retail_Horologe_01/meshes
[2.664s] -- Installing: /home/william-ubuntu/16832_ws/install/aws_robomaker_bookstore_world/share/aws_robomaker_bookstore_world/models/aws_robomaker_retail_Horologe_01/meshes/aws_Horologe_01_collision.DAE
[2.664s] -- Installing: /home/william-ubuntu/16832_ws/install/aws_robomaker_bookstore_world/share/aws_robomaker_bookstore_world/models/aws_robomaker_retail_Horologe_01/meshes/aws_Horologe_01_visual.DAE
[2.664s] -- Installing: /home/william-ubuntu/16832_ws/install/aws_robomaker_bookstore_world/share/aws_robomaker_bookstore_world/models/aws_robomaker_retail_Horologe_01/materials
[2.664s] -- Installing: /home/william-ubuntu/16832_ws/install/aws_robomaker_bookstore_world/share/aws_robomaker_bookstore_world/models/aws_robomaker_retail_Horologe_01/materials/textures
[2.664s] -- Installing: /home/william-ubuntu/16832_ws/install/aws_robomaker_bookstore_world/share/aws_robomaker_bookstore_world/models/aws_robomaker_retail_Horologe_01/materials/textures/aws_Horologe_01.png
[2.666s] -- Installing: /home/william-ubuntu/16832_ws/install/aws_robomaker_bookstore_world/share/aws_robomaker_bookstore_world/models/aws_robomaker_retail_Horologe_01/model.config
[2.667s] -- Installing: /home/william-ubuntu/16832_ws/install/aws_robomaker_bookstore_world/share/aws_robomaker_bookstore_world/models/aws_robomaker_retail_Horologe_01/model.sdf
[2.667s] -- Installing: /home/william-ubuntu/16832_ws/install/aws_robomaker_bookstore_world/share/aws_robomaker_bookstore_world/models/aws_robomaker_retail_RetailShopFloor_01
[2.667s] -- Installing: /home/william-ubuntu/16832_ws/install/aws_robomaker_bookstore_world/share/aws_robomaker_bookstore_world/models/aws_robomaker_retail_RetailShopFloor_01/meshes
[2.667s] -- Installing: /home/william-ubuntu/16832_ws/install/aws_robomaker_bookstore_world/share/aws_robomaker_bookstore_world/models/aws_robomaker_retail_RetailShopFloor_01/meshes/aws_RetailShopFloor_01_visual.DAE
[2.667s] -- Installing: /home/william-ubuntu/16832_ws/install/aws_robomaker_bookstore_world/share/aws_robomaker_bookstore_world/models/aws_robomaker_retail_RetailShopFloor_01/meshes/aws_RetailShopFloor_01_collision.DAE
[2.667s] -- Installing: /home/william-ubuntu/16832_ws/install/aws_robomaker_bookstore_world/share/aws_robomaker_bookstore_world/models/aws_robomaker_retail_RetailShopFloor_01/materials
[2.667s] -- Installing: /home/william-ubuntu/16832_ws/install/aws_robomaker_bookstore_world/share/aws_robomaker_bookstore_world/models/aws_robomaker_retail_RetailShopFloor_01/materials/textures
[2.667s] -- Installing: /home/william-ubuntu/16832_ws/install/aws_robomaker_bookstore_world/share/aws_robomaker_bookstore_world/models/aws_robomaker_retail_RetailShopFloor_01/materials/textures/aws_RetailShopFloor_01.png
[2.667s] -- Installing: /home/william-ubuntu/16832_ws/install/aws_robomaker_bookstore_world/share/aws_robomaker_bookstore_world/models/aws_robomaker_retail_RetailShopFloor_01/model.config
[2.667s] -- Installing: /home/william-ubuntu/16832_ws/install/aws_robomaker_bookstore_world/share/aws_robomaker_bookstore_world/models/aws_robomaker_retail_RetailShopFloor_01/model.sdf
[2.667s] -- Installing: /home/william-ubuntu/16832_ws/install/aws_robomaker_bookstore_world/share/aws_robomaker_bookstore_world/models/aws_robomaker_retail_Computer_01
[2.667s] -- Installing: /home/william-ubuntu/16832_ws/install/aws_robomaker_bookstore_world/share/aws_robomaker_bookstore_world/models/aws_robomaker_retail_Computer_01/meshes
[2.667s] -- Installing: /home/william-ubuntu/16832_ws/install/aws_robomaker_bookstore_world/share/aws_robomaker_bookstore_world/models/aws_robomaker_retail_Computer_01/meshes/aws_Computer_01_collision.DAE
[2.667s] -- Installing: /home/william-ubuntu/16832_ws/install/aws_robomaker_bookstore_world/share/aws_robomaker_bookstore_world/models/aws_robomaker_retail_Computer_01/meshes/aws_Computer_01_visual.DAE
[2.667s] -- Installing: /home/william-ubuntu/16832_ws/install/aws_robomaker_bookstore_world/share/aws_robomaker_bookstore_world/models/aws_robomaker_retail_Computer_01/materials
[2.667s] -- Installing: /home/william-ubuntu/16832_ws/install/aws_robomaker_bookstore_world/share/aws_robomaker_bookstore_world/models/aws_robomaker_retail_Computer_01/materials/textures
[2.667s] -- Installing: /home/william-ubuntu/16832_ws/install/aws_robomaker_bookstore_world/share/aws_robomaker_bookstore_world/models/aws_robomaker_retail_Computer_01/materials/textures/aws_Computer_01.png
[2.667s] -- Installing: /home/william-ubuntu/16832_ws/install/aws_robomaker_bookstore_world/share/aws_robomaker_bookstore_world/models/aws_robomaker_retail_Computer_01/model.config
[2.667s] -- Installing: /home/william-ubuntu/16832_ws/install/aws_robomaker_bookstore_world/share/aws_robomaker_bookstore_world/models/aws_robomaker_retail_Computer_01/model.sdf
[2.668s] -- Installing: /home/william-ubuntu/16832_ws/install/aws_robomaker_bookstore_world/share/aws_robomaker_bookstore_world/models/aws_robomaker_retail_Tablet_01
[2.668s] -- Installing: /home/william-ubuntu/16832_ws/install/aws_robomaker_bookstore_world/share/aws_robomaker_bookstore_world/models/aws_robomaker_retail_Tablet_01/meshes
[2.668s] -- Installing: /home/william-ubuntu/16832_ws/install/aws_robomaker_bookstore_world/share/aws_robomaker_bookstore_world/models/aws_robomaker_retail_Tablet_01/meshes/aws_Tablet_01_collision.DAE
[2.668s] -- Installing: /home/william-ubuntu/16832_ws/install/aws_robomaker_bookstore_world/share/aws_robomaker_bookstore_world/models/aws_robomaker_retail_Tablet_01/meshes/aws_Tablet_01_visual.DAE
[2.668s] -- Installing: /home/william-ubuntu/16832_ws/install/aws_robomaker_bookstore_world/share/aws_robomaker_bookstore_world/models/aws_robomaker_retail_Tablet_01/materials
[2.668s] -- Installing: /home/william-ubuntu/16832_ws/install/aws_robomaker_bookstore_world/share/aws_robomaker_bookstore_world/models/aws_robomaker_retail_Tablet_01/materials/textures
[2.668s] -- Installing: /home/william-ubuntu/16832_ws/install/aws_robomaker_bookstore_world/share/aws_robomaker_bookstore_world/models/aws_robomaker_retail_Tablet_01/materials/textures/aws_Tablet_01_nologo.png
[2.668s] -- Installing: /home/william-ubuntu/16832_ws/install/aws_robomaker_bookstore_world/share/aws_robomaker_bookstore_world/models/aws_robomaker_retail_Tablet_01/model.config
[2.668s] -- Installing: /home/william-ubuntu/16832_ws/install/aws_robomaker_bookstore_world/share/aws_robomaker_bookstore_world/models/aws_robomaker_retail_Tablet_01/model.sdf
[2.668s] -- Installing: /home/william-ubuntu/16832_ws/install/aws_robomaker_bookstore_world/share/aws_robomaker_bookstore_world/models/aws_robomaker_retail_BookF_01
[2.668s] -- Installing: /home/william-ubuntu/16832_ws/install/aws_robomaker_bookstore_world/share/aws_robomaker_bookstore_world/models/aws_robomaker_retail_BookF_01/meshes
[2.668s] -- Installing: /home/william-ubuntu/16832_ws/install/aws_robomaker_bookstore_world/share/aws_robomaker_bookstore_world/models/aws_robomaker_retail_BookF_01/meshes/aws_BookF_01_visual.DAE
[2.668s] -- Installing: /home/william-ubuntu/16832_ws/install/aws_robomaker_bookstore_world/share/aws_robomaker_bookstore_world/models/aws_robomaker_retail_BookF_01/meshes/aws_BookF_01_collision.DAE
[2.668s] -- Installing: /home/william-ubuntu/16832_ws/install/aws_robomaker_bookstore_world/share/aws_robomaker_bookstore_world/models/aws_robomaker_retail_BookF_01/materials
[2.668s] -- Installing: /home/william-ubuntu/16832_ws/install/aws_robomaker_bookstore_world/share/aws_robomaker_bookstore_world/models/aws_robomaker_retail_BookF_01/materials/textures
[2.668s] -- Installing: /home/william-ubuntu/16832_ws/install/aws_robomaker_bookstore_world/share/aws_robomaker_bookstore_world/models/aws_robomaker_retail_BookF_01/materials/textures/aws_BookF_01.png
[2.668s] -- Installing: /home/william-ubuntu/16832_ws/install/aws_robomaker_bookstore_world/share/aws_robomaker_bookstore_world/models/aws_robomaker_retail_BookF_01/model.config
[2.668s] -- Installing: /home/william-ubuntu/16832_ws/install/aws_robomaker_bookstore_world/share/aws_robomaker_bookstore_world/models/aws_robomaker_retail_BookF_01/model.sdf
[2.668s] -- Installing: /home/william-ubuntu/16832_ws/install/aws_robomaker_bookstore_world/share/aws_robomaker_bookstore_world/models/aws_robomaker_retail_Holder_01
[2.669s] -- Installing: /home/william-ubuntu/16832_ws/install/aws_robomaker_bookstore_world/share/aws_robomaker_bookstore_world/models/aws_robomaker_retail_Holder_01/meshes
[2.669s] -- Installing: /home/william-ubuntu/16832_ws/install/aws_robomaker_bookstore_world/share/aws_robomaker_bookstore_world/models/aws_robomaker_retail_Holder_01/meshes/aws_Holder_01_collision.DAE
[2.669s] -- Installing: /home/william-ubuntu/16832_ws/install/aws_robomaker_bookstore_world/share/aws_robomaker_bookstore_world/models/aws_robomaker_retail_Holder_01/meshes/aws_Holder_01_visual.DAE
[2.669s] -- Installing: /home/william-ubuntu/16832_ws/install/aws_robomaker_bookstore_world/share/aws_robomaker_bookstore_world/models/aws_robomaker_retail_Holder_01/materials
[2.669s] -- Installing: /home/william-ubuntu/16832_ws/install/aws_robomaker_bookstore_world/share/aws_robomaker_bookstore_world/models/aws_robomaker_retail_Holder_01/materials/textures
[2.669s] -- Installing: /home/william-ubuntu/16832_ws/install/aws_robomaker_bookstore_world/share/aws_robomaker_bookstore_world/models/aws_robomaker_retail_Holder_01/materials/textures/aws_Holder_01.png
[2.669s] -- Installing: /home/william-ubuntu/16832_ws/install/aws_robomaker_bookstore_world/share/aws_robomaker_bookstore_world/models/aws_robomaker_retail_Holder_01/model.config
[2.669s] -- Installing: /home/william-ubuntu/16832_ws/install/aws_robomaker_bookstore_world/share/aws_robomaker_bookstore_world/models/aws_robomaker_retail_Holder_01/model.sdf
[2.669s] -- Installing: /home/william-ubuntu/16832_ws/install/aws_robomaker_bookstore_world/share/aws_robomaker_bookstore_world/models/aws_robomaker_retail_BookA_01
[2.669s] -- Installing: /home/william-ubuntu/16832_ws/install/aws_robomaker_bookstore_world/share/aws_robomaker_bookstore_world/models/aws_robomaker_retail_BookA_01/meshes
[2.669s] -- Installing: /home/william-ubuntu/16832_ws/install/aws_robomaker_bookstore_world/share/aws_robomaker_bookstore_world/models/aws_robomaker_retail_BookA_01/meshes/aws_BookA_01_collision.DAE
[2.669s] -- Installing: /home/william-ubuntu/16832_ws/install/aws_robomaker_bookstore_world/share/aws_robomaker_bookstore_world/models/aws_robomaker_retail_BookA_01/meshes/aws_BookA_01_visual.DAE
[2.669s] -- Installing: /home/william-ubuntu/16832_ws/install/aws_robomaker_bookstore_world/share/aws_robomaker_bookstore_world/models/aws_robomaker_retail_BookA_01/materials
[2.669s] -- Installing: /home/william-ubuntu/16832_ws/install/aws_robomaker_bookstore_world/share/aws_robomaker_bookstore_world/models/aws_robomaker_retail_BookA_01/materials/textures
[2.669s] -- Installing: /home/william-ubuntu/16832_ws/install/aws_robomaker_bookstore_world/share/aws_robomaker_bookstore_world/models/aws_robomaker_retail_BookA_01/materials/textures/aws_BookA_01.png
[2.669s] -- Installing: /home/william-ubuntu/16832_ws/install/aws_robomaker_bookstore_world/share/aws_robomaker_bookstore_world/models/aws_robomaker_retail_BookA_01/model.config
[2.669s] -- Installing: /home/william-ubuntu/16832_ws/install/aws_robomaker_bookstore_world/share/aws_robomaker_bookstore_world/models/aws_robomaker_retail_BookA_01/model.sdf
[2.669s] -- Installing: /home/william-ubuntu/16832_ws/install/aws_robomaker_bookstore_world/share/aws_robomaker_bookstore_world/models/aws_robomaker_retail_DeskB_01
[2.669s] -- Installing: /home/william-ubuntu/16832_ws/install/aws_robomaker_bookstore_world/share/aws_robomaker_bookstore_world/models/aws_robomaker_retail_DeskB_01/meshes
[2.669s] -- Installing: /home/william-ubuntu/16832_ws/install/aws_robomaker_bookstore_world/share/aws_robomaker_bookstore_world/models/aws_robomaker_retail_DeskB_01/meshes/aws_DeskB_01_visual.DAE
[2.669s] -- Installing: /home/william-ubuntu/16832_ws/install/aws_robomaker_bookstore_world/share/aws_robomaker_bookstore_world/models/aws_robomaker_retail_DeskB_01/meshes/aws_DeskB_01_collision.DAE
[2.669s] -- Installing: /home/william-ubuntu/16832_ws/install/aws_robomaker_bookstore_world/share/aws_robomaker_bookstore_world/models/aws_robomaker_retail_DeskB_01/materials
[2.669s] -- Installing: /home/william-ubuntu/16832_ws/install/aws_robomaker_bookstore_world/share/aws_robomaker_bookstore_world/models/aws_robomaker_retail_DeskB_01/materials/textures
[2.669s] -- Installing: /home/william-ubuntu/16832_ws/install/aws_robomaker_bookstore_world/share/aws_robomaker_bookstore_world/models/aws_robomaker_retail_DeskB_01/materials/textures/aws_DeskB_01.png
[2.670s] -- Installing: /home/william-ubuntu/16832_ws/install/aws_robomaker_bookstore_world/share/aws_robomaker_bookstore_world/models/aws_robomaker_retail_DeskB_01/model.config
[2.670s] -- Installing: /home/william-ubuntu/16832_ws/install/aws_robomaker_bookstore_world/share/aws_robomaker_bookstore_world/models/aws_robomaker_retail_DeskB_01/model.sdf
[2.670s] -- Installing: /home/william-ubuntu/16832_ws/install/aws_robomaker_bookstore_world/share/aws_robomaker_bookstore_world/models/aws_robomaker_retail_BookE_01
[2.670s] -- Installing: /home/william-ubuntu/16832_ws/install/aws_robomaker_bookstore_world/share/aws_robomaker_bookstore_world/models/aws_robomaker_retail_BookE_01/meshes
[2.671s] -- Installing: /home/william-ubuntu/16832_ws/install/aws_robomaker_bookstore_world/share/aws_robomaker_bookstore_world/models/aws_robomaker_retail_BookE_01/meshes/aws_BookE_01_collision.DAE
[2.671s] -- Installing: /home/william-ubuntu/16832_ws/install/aws_robomaker_bookstore_world/share/aws_robomaker_bookstore_world/models/aws_robomaker_retail_BookE_01/meshes/aws_BookE_01_visual.DAE
[2.671s] -- Installing: /home/william-ubuntu/16832_ws/install/aws_robomaker_bookstore_world/share/aws_robomaker_bookstore_world/models/aws_robomaker_retail_BookE_01/materials
[2.671s] -- Installing: /home/william-ubuntu/16832_ws/install/aws_robomaker_bookstore_world/share/aws_robomaker_bookstore_world/models/aws_robomaker_retail_BookE_01/materials/textures
[2.671s] -- Installing: /home/william-ubuntu/16832_ws/install/aws_robomaker_bookstore_world/share/aws_robomaker_bookstore_world/models/aws_robomaker_retail_BookE_01/materials/textures/aws_BookE_01.png
[2.671s] -- Installing: /home/william-ubuntu/16832_ws/install/aws_robomaker_bookstore_world/share/aws_robomaker_bookstore_world/models/aws_robomaker_retail_BookE_01/materials/textures/aws_BookE_02.png
[2.671s] -- Installing: /home/william-ubuntu/16832_ws/install/aws_robomaker_bookstore_world/share/aws_robomaker_bookstore_world/models/aws_robomaker_retail_BookE_01/model.config
[2.671s] -- Installing: /home/william-ubuntu/16832_ws/install/aws_robomaker_bookstore_world/share/aws_robomaker_bookstore_world/models/aws_robomaker_retail_BookE_01/model.sdf
[2.671s] -- Installing: /home/william-ubuntu/16832_ws/install/aws_robomaker_bookstore_world/share/aws_robomaker_bookstore_world/models/aws_robomaker_retail_TabletB_01
[2.671s] -- Installing: /home/william-ubuntu/16832_ws/install/aws_robomaker_bookstore_world/share/aws_robomaker_bookstore_world/models/aws_robomaker_retail_TabletB_01/meshes
[2.671s] -- Installing: /home/william-ubuntu/16832_ws/install/aws_robomaker_bookstore_world/share/aws_robomaker_bookstore_world/models/aws_robomaker_retail_TabletB_01/meshes/aws_TabletB_01_visual.DAE
[2.671s] -- Installing: /home/william-ubuntu/16832_ws/install/aws_robomaker_bookstore_world/share/aws_robomaker_bookstore_world/models/aws_robomaker_retail_TabletB_01/meshes/aws_TabletB_01_collision.DAE
[2.671s] -- Installing: /home/william-ubuntu/16832_ws/install/aws_robomaker_bookstore_world/share/aws_robomaker_bookstore_world/models/aws_robomaker_retail_TabletB_01/materials
[2.671s] -- Installing: /home/william-ubuntu/16832_ws/install/aws_robomaker_bookstore_world/share/aws_robomaker_bookstore_world/models/aws_robomaker_retail_TabletB_01/materials/textures
[2.671s] -- Installing: /home/william-ubuntu/16832_ws/install/aws_robomaker_bookstore_world/share/aws_robomaker_bookstore_world/models/aws_robomaker_retail_TabletB_01/materials/textures/aws_TabletB_01.png
[2.671s] -- Installing: /home/william-ubuntu/16832_ws/install/aws_robomaker_bookstore_world/share/aws_robomaker_bookstore_world/models/aws_robomaker_retail_TabletB_01/model.config
[2.671s] -- Installing: /home/william-ubuntu/16832_ws/install/aws_robomaker_bookstore_world/share/aws_robomaker_bookstore_world/models/aws_robomaker_retail_TabletB_01/model.sdf
[2.671s] -- Installing: /home/william-ubuntu/16832_ws/install/aws_robomaker_bookstore_world/share/aws_robomaker_bookstore_world/models/aws_robomaker_retail_SecurityCamera_01
[2.671s] -- Installing: /home/william-ubuntu/16832_ws/install/aws_robomaker_bookstore_world/share/aws_robomaker_bookstore_world/models/aws_robomaker_retail_SecurityCamera_01/meshes
[2.671s] -- Installing: /home/william-ubuntu/16832_ws/install/aws_robomaker_bookstore_world/share/aws_robomaker_bookstore_world/models/aws_robomaker_retail_SecurityCamera_01/meshes/aws_SecurityCamera_01_collision.DAE
[2.671s] -- Installing: /home/william-ubuntu/16832_ws/install/aws_robomaker_bookstore_world/share/aws_robomaker_bookstore_world/models/aws_robomaker_retail_SecurityCamera_01/meshes/aws_SecurityCamera_01_visual.DAE
[2.671s] -- Installing: /home/william-ubuntu/16832_ws/install/aws_robomaker_bookstore_world/share/aws_robomaker_bookstore_world/models/aws_robomaker_retail_SecurityCamera_01/materials
[2.672s] -- Installing: /home/william-ubuntu/16832_ws/install/aws_robomaker_bookstore_world/share/aws_robomaker_bookstore_world/models/aws_robomaker_retail_SecurityCamera_01/materials/textures
[2.672s] -- Installing: /home/william-ubuntu/16832_ws/install/aws_robomaker_bookstore_world/share/aws_robomaker_bookstore_world/models/aws_robomaker_retail_SecurityCamera_01/materials/textures/aws_SecurityCamera_01.png
[2.672s] -- Installing: /home/william-ubuntu/16832_ws/install/aws_robomaker_bookstore_world/share/aws_robomaker_bookstore_world/models/aws_robomaker_retail_SecurityCamera_01/model.config
[2.672s] -- Installing: /home/william-ubuntu/16832_ws/install/aws_robomaker_bookstore_world/share/aws_robomaker_bookstore_world/models/aws_robomaker_retail_SecurityCamera_01/model.sdf
[2.672s] -- Installing: /home/william-ubuntu/16832_ws/install/aws_robomaker_bookstore_world/share/aws_robomaker_bookstore_world/models/aws_robomaker_retail_SmartSpeakerSmall_01
[2.672s] -- Installing: /home/william-ubuntu/16832_ws/install/aws_robomaker_bookstore_world/share/aws_robomaker_bookstore_world/models/aws_robomaker_retail_SmartSpeakerSmall_01/meshes
[2.672s] -- Installing: /home/william-ubuntu/16832_ws/install/aws_robomaker_bookstore_world/share/aws_robomaker_bookstore_world/models/aws_robomaker_retail_SmartSpeakerSmall_01/meshes/aws_SmartSpeakerSmall_01_visual.DAE
[2.672s] -- Installing: /home/william-ubuntu/16832_ws/install/aws_robomaker_bookstore_world/share/aws_robomaker_bookstore_world/models/aws_robomaker_retail_SmartSpeakerSmall_01/meshes/aws_SmartSpeakerSmall_01_collision.DAE
[2.672s] -- Installing: /home/william-ubuntu/16832_ws/install/aws_robomaker_bookstore_world/share/aws_robomaker_bookstore_world/models/aws_robomaker_retail_SmartSpeakerSmall_01/materials
[2.672s] -- Installing: /home/william-ubuntu/16832_ws/install/aws_robomaker_bookstore_world/share/aws_robomaker_bookstore_world/models/aws_robomaker_retail_SmartSpeakerSmall_01/materials/textures
[2.672s] -- Installing: /home/william-ubuntu/16832_ws/install/aws_robomaker_bookstore_world/share/aws_robomaker_bookstore_world/models/aws_robomaker_retail_SmartSpeakerSmall_01/materials/textures/aws_SmartSpeakerSmall_01.png
[2.672s] -- Installing: /home/william-ubuntu/16832_ws/install/aws_robomaker_bookstore_world/share/aws_robomaker_bookstore_world/models/aws_robomaker_retail_SmartSpeakerSmall_01/model.config
[2.672s] -- Installing: /home/william-ubuntu/16832_ws/install/aws_robomaker_bookstore_world/share/aws_robomaker_bookstore_world/models/aws_robomaker_retail_SmartSpeakerSmall_01/model.sdf
[2.672s] -- Installing: /home/william-ubuntu/16832_ws/install/aws_robomaker_bookstore_world/share/aws_robomaker_bookstore_world/models/aws_robomaker_retail_BookshelfB_01
[2.672s] -- Installing: /home/william-ubuntu/16832_ws/install/aws_robomaker_bookstore_world/share/aws_robomaker_bookstore_world/models/aws_robomaker_retail_BookshelfB_01/meshes
[2.672s] -- Installing: /home/william-ubuntu/16832_ws/install/aws_robomaker_bookstore_world/share/aws_robomaker_bookstore_world/models/aws_robomaker_retail_BookshelfB_01/meshes/aws_BookshelfB_01_visual.DAE
[2.672s] -- Installing: /home/william-ubuntu/16832_ws/install/aws_robomaker_bookstore_world/share/aws_robomaker_bookstore_world/models/aws_robomaker_retail_BookshelfB_01/meshes/aws_BookshelfB_01_collision.DAE
[2.672s] -- Installing: /home/william-ubuntu/16832_ws/install/aws_robomaker_bookstore_world/share/aws_robomaker_bookstore_world/models/aws_robomaker_retail_BookshelfB_01/materials
[2.672s] -- Installing: /home/william-ubuntu/16832_ws/install/aws_robomaker_bookstore_world/share/aws_robomaker_bookstore_world/models/aws_robomaker_retail_BookshelfB_01/materials/textures
[2.672s] -- Installing: /home/william-ubuntu/16832_ws/install/aws_robomaker_bookstore_world/share/aws_robomaker_bookstore_world/models/aws_robomaker_retail_BookshelfB_01/materials/textures/aws_BookshelfB_01.png
[2.673s] -- Installing: /home/william-ubuntu/16832_ws/install/aws_robomaker_bookstore_world/share/aws_robomaker_bookstore_world/models/aws_robomaker_retail_BookshelfB_01/materials/textures/aws_BookshelfB_02.png
[2.673s] -- Installing: /home/william-ubuntu/16832_ws/install/aws_robomaker_bookstore_world/share/aws_robomaker_bookstore_world/models/aws_robomaker_retail_BookshelfB_01/model.config
[2.673s] -- Installing: /home/william-ubuntu/16832_ws/install/aws_robomaker_bookstore_world/share/aws_robomaker_bookstore_world/models/aws_robomaker_retail_BookshelfB_01/model.sdf
[2.674s] -- Installing: /home/william-ubuntu/16832_ws/install/aws_robomaker_bookstore_world/share/aws_robomaker_bookstore_world/models/aws_robomaker_retail_ShopWindow_01
[2.674s] -- Installing: /home/william-ubuntu/16832_ws/install/aws_robomaker_bookstore_world/share/aws_robomaker_bookstore_world/models/aws_robomaker_retail_ShopWindow_01/meshes
[2.674s] -- Installing: /home/william-ubuntu/16832_ws/install/aws_robomaker_bookstore_world/share/aws_robomaker_bookstore_world/models/aws_robomaker_retail_ShopWindow_01/meshes/aws_ShopWindow_01_collision.DAE
[2.674s] -- Installing: /home/william-ubuntu/16832_ws/install/aws_robomaker_bookstore_world/share/aws_robomaker_bookstore_world/models/aws_robomaker_retail_ShopWindow_01/meshes/aws_ShopWindow_01_visual.DAE
[2.674s] -- Installing: /home/william-ubuntu/16832_ws/install/aws_robomaker_bookstore_world/share/aws_robomaker_bookstore_world/models/aws_robomaker_retail_ShopWindow_01/materials
[2.674s] -- Installing: /home/william-ubuntu/16832_ws/install/aws_robomaker_bookstore_world/share/aws_robomaker_bookstore_world/models/aws_robomaker_retail_ShopWindow_01/materials/textures
[2.674s] -- Installing: /home/william-ubuntu/16832_ws/install/aws_robomaker_bookstore_world/share/aws_robomaker_bookstore_world/models/aws_robomaker_retail_ShopWindow_01/materials/textures/aws_ShopWindow_01.png
[2.674s] -- Installing: /home/william-ubuntu/16832_ws/install/aws_robomaker_bookstore_world/share/aws_robomaker_bookstore_world/models/aws_robomaker_retail_ShopWindow_01/model.config
[2.674s] -- Installing: /home/william-ubuntu/16832_ws/install/aws_robomaker_bookstore_world/share/aws_robomaker_bookstore_world/models/aws_robomaker_retail_ShopWindow_01/model.sdf
[2.674s] -- Installing: /home/william-ubuntu/16832_ws/install/aws_robomaker_bookstore_world/share/aws_robomaker_bookstore_world/models/aws_robomaker_retail_Spotlight_01
[2.674s] -- Installing: /home/william-ubuntu/16832_ws/install/aws_robomaker_bookstore_world/share/aws_robomaker_bookstore_world/models/aws_robomaker_retail_Spotlight_01/meshes
[2.674s] -- Installing: /home/william-ubuntu/16832_ws/install/aws_robomaker_bookstore_world/share/aws_robomaker_bookstore_world/models/aws_robomaker_retail_Spotlight_01/meshes/aws_spotlight_01_collision.DAE
[2.674s] -- Installing: /home/william-ubuntu/16832_ws/install/aws_robomaker_bookstore_world/share/aws_robomaker_bookstore_world/models/aws_robomaker_retail_Spotlight_01/meshes/aws_spotlight_01_visual.DAE
[2.674s] -- Installing: /home/william-ubuntu/16832_ws/install/aws_robomaker_bookstore_world/share/aws_robomaker_bookstore_world/models/aws_robomaker_retail_Spotlight_01/materials
[2.674s] -- Installing: /home/william-ubuntu/16832_ws/install/aws_robomaker_bookstore_world/share/aws_robomaker_bookstore_world/models/aws_robomaker_retail_Spotlight_01/materials/textures
[2.674s] -- Installing: /home/william-ubuntu/16832_ws/install/aws_robomaker_bookstore_world/share/aws_robomaker_bookstore_world/models/aws_robomaker_retail_Spotlight_01/materials/textures/aws_SpotlightDiffuse_01.png
[2.674s] -- Installing: /home/william-ubuntu/16832_ws/install/aws_robomaker_bookstore_world/share/aws_robomaker_bookstore_world/models/aws_robomaker_retail_Spotlight_01/model.config
[2.674s] -- Installing: /home/william-ubuntu/16832_ws/install/aws_robomaker_bookstore_world/share/aws_robomaker_bookstore_world/models/aws_robomaker_retail_Spotlight_01/model.sdf
[2.674s] -- Installing: /home/william-ubuntu/16832_ws/install/aws_robomaker_bookstore_world/share/aws_robomaker_bookstore_world/models/aws_robomaker_retail_MagicCube_01
[2.674s] -- Installing: /home/william-ubuntu/16832_ws/install/aws_robomaker_bookstore_world/share/aws_robomaker_bookstore_world/models/aws_robomaker_retail_MagicCube_01/meshes
[2.674s] -- Installing: /home/william-ubuntu/16832_ws/install/aws_robomaker_bookstore_world/share/aws_robomaker_bookstore_world/models/aws_robomaker_retail_MagicCube_01/meshes/aws_MagicCube_01_collision.DAE
[2.674s] -- Installing: /home/william-ubuntu/16832_ws/install/aws_robomaker_bookstore_world/share/aws_robomaker_bookstore_world/models/aws_robomaker_retail_MagicCube_01/meshes/aws_MagicCube_01_visual.DAE
[2.674s] -- Installing: /home/william-ubuntu/16832_ws/install/aws_robomaker_bookstore_world/share/aws_robomaker_bookstore_world/models/aws_robomaker_retail_MagicCube_01/materials
[2.675s] -- Installing: /home/william-ubuntu/16832_ws/install/aws_robomaker_bookstore_world/share/aws_robomaker_bookstore_world/models/aws_robomaker_retail_MagicCube_01/materials/textures
[2.675s] -- Installing: /home/william-ubuntu/16832_ws/install/aws_robomaker_bookstore_world/share/aws_robomaker_bookstore_world/models/aws_robomaker_retail_MagicCube_01/materials/textures/aws_MagicCube_01.png
[2.675s] -- Installing: /home/william-ubuntu/16832_ws/install/aws_robomaker_bookstore_world/share/aws_robomaker_bookstore_world/models/aws_robomaker_retail_MagicCube_01/model.config
[2.675s] -- Installing: /home/william-ubuntu/16832_ws/install/aws_robomaker_bookstore_world/share/aws_robomaker_bookstore_world/models/aws_robomaker_retail_MagicCube_01/model.sdf
[2.675s] -- Installing: /home/william-ubuntu/16832_ws/install/aws_robomaker_bookstore_world/share/aws_robomaker_bookstore_world/models/aws_robomaker_retail_DoorB_01
[2.675s] -- Installing: /home/william-ubuntu/16832_ws/install/aws_robomaker_bookstore_world/share/aws_robomaker_bookstore_world/models/aws_robomaker_retail_DoorB_01/meshes
[2.675s] -- Installing: /home/william-ubuntu/16832_ws/install/aws_robomaker_bookstore_world/share/aws_robomaker_bookstore_world/models/aws_robomaker_retail_DoorB_01/meshes/aws_DoorB_01_visual.DAE
[2.675s] -- Installing: /home/william-ubuntu/16832_ws/install/aws_robomaker_bookstore_world/share/aws_robomaker_bookstore_world/models/aws_robomaker_retail_DoorB_01/meshes/aws_DoorB_01_collision.DAE
[2.675s] -- Installing: /home/william-ubuntu/16832_ws/install/aws_robomaker_bookstore_world/share/aws_robomaker_bookstore_world/models/aws_robomaker_retail_DoorB_01/materials
[2.675s] -- Installing: /home/william-ubuntu/16832_ws/install/aws_robomaker_bookstore_world/share/aws_robomaker_bookstore_world/models/aws_robomaker_retail_DoorB_01/materials/textures
[2.675s] -- Installing: /home/william-ubuntu/16832_ws/install/aws_robomaker_bookstore_world/share/aws_robomaker_bookstore_world/models/aws_robomaker_retail_DoorB_01/materials/textures/aws_DoorB_01.png
[2.675s] -- Installing: /home/william-ubuntu/16832_ws/install/aws_robomaker_bookstore_world/share/aws_robomaker_bookstore_world/models/aws_robomaker_retail_DoorB_01/model.config
[2.675s] -- Installing: /home/william-ubuntu/16832_ws/install/aws_robomaker_bookstore_world/share/aws_robomaker_bookstore_world/models/aws_robomaker_retail_DoorB_01/model.sdf
[2.675s] -- Installing: /home/william-ubuntu/16832_ws/install/aws_robomaker_bookstore_world/share/aws_robomaker_bookstore_world/models/aws_robomaker_retail_Bicycle_01
[2.675s] -- Installing: /home/william-ubuntu/16832_ws/install/aws_robomaker_bookstore_world/share/aws_robomaker_bookstore_world/models/aws_robomaker_retail_Bicycle_01/meshes
[2.675s] -- Installing: /home/william-ubuntu/16832_ws/install/aws_robomaker_bookstore_world/share/aws_robomaker_bookstore_world/models/aws_robomaker_retail_Bicycle_01/meshes/aws_Bicycle_01_visual.DAE
[2.675s] -- Installing: /home/william-ubuntu/16832_ws/install/aws_robomaker_bookstore_world/share/aws_robomaker_bookstore_world/models/aws_robomaker_retail_Bicycle_01/meshes/aws_Bicycle_01_collision.DAE
[2.675s] -- Installing: /home/william-ubuntu/16832_ws/install/aws_robomaker_bookstore_world/share/aws_robomaker_bookstore_world/models/aws_robomaker_retail_Bicycle_01/materials
[2.675s] -- Installing: /home/william-ubuntu/16832_ws/install/aws_robomaker_bookstore_world/share/aws_robomaker_bookstore_world/models/aws_robomaker_retail_Bicycle_01/materials/textures
[2.675s] -- Installing: /home/william-ubuntu/16832_ws/install/aws_robomaker_bookstore_world/share/aws_robomaker_bookstore_world/models/aws_robomaker_retail_Bicycle_01/materials/textures/aws_Bicycle_01.png
[2.675s] -- Installing: /home/william-ubuntu/16832_ws/install/aws_robomaker_bookstore_world/share/aws_robomaker_bookstore_world/models/aws_robomaker_retail_Bicycle_01/model.config
[2.676s] -- Installing: /home/william-ubuntu/16832_ws/install/aws_robomaker_bookstore_world/share/aws_robomaker_bookstore_world/models/aws_robomaker_retail_Bicycle_01/model.sdf
[2.676s] -- Installing: /home/william-ubuntu/16832_ws/install/aws_robomaker_bookstore_world/share/aws_robomaker_bookstore_world/routes
[2.676s] -- Installing: /home/william-ubuntu/16832_ws/install/aws_robomaker_bookstore_world/share/aws_robomaker_bookstore_world/routes/route.yaml
[2.676s] -- Installing: /home/william-ubuntu/16832_ws/install/aws_robomaker_bookstore_world/share/aws_robomaker_bookstore_world/param
[2.676s] -- Installing: /home/william-ubuntu/16832_ws/install/aws_robomaker_bookstore_world/share/aws_robomaker_bookstore_world/param/burger.yaml
[2.676s] -- Installing: /home/william-ubuntu/16832_ws/install/aws_robomaker_bookstore_world/share/aws_robomaker_bookstore_world/param/waffle_pi.yaml
[2.676s] -- Installing: /home/william-ubuntu/16832_ws/install/aws_robomaker_bookstore_world/share/aws_robomaker_bookstore_world/param/waffle.yaml
[2.676s] -- Installing: /home/william-ubuntu/16832_ws/install/aws_robomaker_bookstore_world/share/aws_robomaker_bookstore_world/worlds
[2.676s] -- Installing: /home/william-ubuntu/16832_ws/install/aws_robomaker_bookstore_world/share/aws_robomaker_bookstore_world/worlds/bookstore.world
[2.676s] -- Installing: /home/william-ubuntu/16832_ws/install/aws_robomaker_bookstore_world/share/ament_index/resource_index/package_run_dependencies/aws_robomaker_bookstore_world
[2.676s] -- Installing: /home/william-ubuntu/16832_ws/install/aws_robomaker_bookstore_world/share/ament_index/resource_index/parent_prefix_path/aws_robomaker_bookstore_world
[2.676s] -- Installing: /home/william-ubuntu/16832_ws/install/aws_robomaker_bookstore_world/share/aws_robomaker_bookstore_world/environment/ament_prefix_path.sh
[2.676s] -- Installing: /home/william-ubuntu/16832_ws/install/aws_robomaker_bookstore_world/share/aws_robomaker_bookstore_world/environment/ament_prefix_path.dsv
[2.676s] -- Installing: /home/william-ubuntu/16832_ws/install/aws_robomaker_bookstore_world/share/aws_robomaker_bookstore_world/environment/path.sh
[2.676s] -- Installing: /home/william-ubuntu/16832_ws/install/aws_robomaker_bookstore_world/share/aws_robomaker_bookstore_world/environment/path.dsv
[2.676s] -- Installing: /home/william-ubuntu/16832_ws/install/aws_robomaker_bookstore_world/share/aws_robomaker_bookstore_world/local_setup.bash
[2.676s] -- Installing: /home/william-ubuntu/16832_ws/install/aws_robomaker_bookstore_world/share/aws_robomaker_bookstore_world/local_setup.sh
[2.676s] -- Installing: /home/william-ubuntu/16832_ws/install/aws_robomaker_bookstore_world/share/aws_robomaker_bookstore_world/local_setup.zsh
[2.676s] -- Installing: /home/william-ubuntu/16832_ws/install/aws_robomaker_bookstore_world/share/aws_robomaker_bookstore_world/local_setup.dsv
[2.677s] -- Installing: /home/william-ubuntu/16832_ws/install/aws_robomaker_bookstore_world/share/aws_robomaker_bookstore_world/package.dsv
[2.677s] -- Installing: /home/william-ubuntu/16832_ws/install/aws_robomaker_bookstore_world/share/ament_index/resource_index/packages/aws_robomaker_bookstore_world
[2.677s] -- Installing: /home/william-ubuntu/16832_ws/install/aws_robomaker_bookstore_world/share/aws_robomaker_bookstore_world/cmake/ament_cmake_export_dependencies-extras.cmake
[2.677s] -- Installing: /home/william-ubuntu/16832_ws/install/aws_robomaker_bookstore_world/share/aws_robomaker_bookstore_world/cmake/aws_robomaker_bookstore_worldConfig.cmake
[2.677s] -- Installing: /home/william-ubuntu/16832_ws/install/aws_robomaker_bookstore_world/share/aws_robomaker_bookstore_world/cmake/aws_robomaker_bookstore_worldConfig-version.cmake
[2.677s] -- Installing: /home/william-ubuntu/16832_ws/install/aws_robomaker_bookstore_world/share/aws_robomaker_bookstore_world/package.xml
[2.679s] Invoked command in '/home/william-ubuntu/16832_ws/build/aws_robomaker_bookstore_world' returned '0': CMAKE_PREFIX_PATH=${CMAKE_PREFIX_PATH}:/opt/ros/humble /usr/bin/cmake --install /home/william-ubuntu/16832_ws/build/aws_robomaker_bookstore_world
