[0.011s] Invoking command in '/home/william-ubuntu/16832_ws/build/gazebo_ros2_2dmap_plugin': CMAKE_PREFIX_PATH=/opt/ros/humble /usr/bin/cmake --build /home/william-ubuntu/16832_ws/build/gazebo_ros2_2dmap_plugin -- -j12 -l12
[0.128s] [100%] Built target gazebo_2Dmap_plugin
[0.139s] Invoked command in '/home/william-ubuntu/16832_ws/build/gazebo_ros2_2dmap_plugin' returned '0': CMAKE_PREFIX_PATH=/opt/ros/humble /usr/bin/cmake --build /home/william-ubuntu/16832_ws/build/gazebo_ros2_2dmap_plugin -- -j12 -l12
[0.140s] Invoking command in '/home/william-ubuntu/16832_ws/build/gazebo_ros2_2dmap_plugin': CMAKE_PREFIX_PATH=/opt/ros/humble /usr/bin/cmake --install /home/william-ubuntu/16832_ws/build/gazebo_ros2_2dmap_plugin
[0.145s] -- Install configuration: ""
[0.146s] -- Up-to-date: /home/william-ubuntu/16832_ws/install/gazebo_ros2_2dmap_plugin/lib/libgazebo_2Dmap_plugin.so
[0.146s] -- Up-to-date: /home/william-ubuntu/16832_ws/install/gazebo_ros2_2dmap_plugin/include
[0.146s] -- Up-to-date: /home/william-ubuntu/16832_ws/install/gazebo_ros2_2dmap_plugin/include/common.h
[0.146s] -- Up-to-date: /home/william-ubuntu/16832_ws/install/gazebo_ros2_2dmap_plugin/include/gazebo_2Dmap_plugin.h
[0.146s] -- Up-to-date: /home/william-ubuntu/16832_ws/install/gazebo_ros2_2dmap_plugin/share/gazebo_ros2_2dmap_plugin/launch
[0.146s] -- Up-to-date: /home/william-ubuntu/16832_ws/install/gazebo_ros2_2dmap_plugin/share/gazebo_ros2_2dmap_plugin/launch/generate_map.launch.py
[0.146s] -- Up-to-date: /home/william-ubuntu/16832_ws/install/gazebo_ros2_2dmap_plugin/lib/gazebo_ros2_2dmap_plugin/generate_map.sh
[0.146s] -- Up-to-date: /home/william-ubuntu/16832_ws/install/gazebo_ros2_2dmap_plugin/share/ament_index/resource_index/package_run_dependencies/gazebo_ros2_2dmap_plugin
[0.147s] -- Up-to-date: /home/william-ubuntu/16832_ws/install/gazebo_ros2_2dmap_plugin/share/ament_index/resource_index/parent_prefix_path/gazebo_ros2_2dmap_plugin
[0.147s] -- Up-to-date: /home/william-ubuntu/16832_ws/install/gazebo_ros2_2dmap_plugin/share/gazebo_ros2_2dmap_plugin/environment/ament_prefix_path.sh
[0.147s] -- Up-to-date: /home/william-ubuntu/16832_ws/install/gazebo_ros2_2dmap_plugin/share/gazebo_ros2_2dmap_plugin/environment/ament_prefix_path.dsv
[0.147s] -- Up-to-date: /home/william-ubuntu/16832_ws/install/gazebo_ros2_2dmap_plugin/share/gazebo_ros2_2dmap_plugin/environment/path.sh
[0.147s] -- Up-to-date: /home/william-ubuntu/16832_ws/install/gazebo_ros2_2dmap_plugin/share/gazebo_ros2_2dmap_plugin/environment/path.dsv
[0.147s] -- Up-to-date: /home/william-ubuntu/16832_ws/install/gazebo_ros2_2dmap_plugin/share/gazebo_ros2_2dmap_plugin/local_setup.bash
[0.147s] -- Up-to-date: /home/william-ubuntu/16832_ws/install/gazebo_ros2_2dmap_plugin/share/gazebo_ros2_2dmap_plugin/local_setup.sh
[0.147s] -- Up-to-date: /home/william-ubuntu/16832_ws/install/gazebo_ros2_2dmap_plugin/share/gazebo_ros2_2dmap_plugin/local_setup.zsh
[0.147s] -- Up-to-date: /home/william-ubuntu/16832_ws/install/gazebo_ros2_2dmap_plugin/share/gazebo_ros2_2dmap_plugin/local_setup.dsv
[0.147s] -- Installing: /home/william-ubuntu/16832_ws/install/gazebo_ros2_2dmap_plugin/share/gazebo_ros2_2dmap_plugin/package.dsv
[0.147s] -- Up-to-date: /home/william-ubuntu/16832_ws/install/gazebo_ros2_2dmap_plugin/share/ament_index/resource_index/packages/gazebo_ros2_2dmap_plugin
[0.147s] -- Up-to-date: /home/william-ubuntu/16832_ws/install/gazebo_ros2_2dmap_plugin/share/gazebo_ros2_2dmap_plugin/cmake/gazebo_ros2_2dmap_pluginConfig.cmake
[0.147s] -- Up-to-date: /home/william-ubuntu/16832_ws/install/gazebo_ros2_2dmap_plugin/share/gazebo_ros2_2dmap_plugin/cmake/gazebo_ros2_2dmap_pluginConfig-version.cmake
[0.147s] -- Up-to-date: /home/william-ubuntu/16832_ws/install/gazebo_ros2_2dmap_plugin/share/gazebo_ros2_2dmap_plugin/package.xml
[0.149s] Invoked command in '/home/william-ubuntu/16832_ws/build/gazebo_ros2_2dmap_plugin' returned '0': CMAKE_PREFIX_PATH=/opt/ros/humble /usr/bin/cmake --install /home/william-ubuntu/16832_ws/build/gazebo_ros2_2dmap_plugin
