[35m[1mConsolidate compiler generated dependencies of target robot_nav_controller[0m
[ 33%] [32mBuilding CXX object CMakeFiles/robot_nav_controller.dir/src/robot_nav_controller_node.cpp.o[0m
[ 66%] [32m[1mLinking CXX executable robot_nav_controller[0m
[100%] Built target robot_nav_controller
-- Install configuration: ""
-- Up-to-date: /home/william-ubuntu/16832_ws/install/laplace_pathfinder/share/laplace_pathfinder/launch
-- Up-to-date: /home/william-ubuntu/16832_ws/install/laplace_pathfinder/share/laplace_pathfinder/launch/laplace_pathfinder.launch.py
-- Up-to-date: /home/william-ubuntu/16832_ws/install/laplace_pathfinder/share/laplace_pathfinder/config
-- Up-to-date: /home/william-ubuntu/16832_ws/install/laplace_pathfinder/share/laplace_pathfinder/config/scenario_config.yaml
-- Up-to-date: /home/william-ubuntu/16832_ws/install/laplace_pathfinder/share/laplace_pathfinder/config/robot_nav_controller_params.yaml
-- Up-to-date: /home/william-ubuntu/16832_ws/install/laplace_pathfinder/share/laplace_pathfinder/models
-- Up-to-date: /home/william-ubuntu/16832_ws/install/laplace_pathfinder/share/laplace_pathfinder/models/goal_marker.sdf
-- Up-to-date: /home/william-ubuntu/16832_ws/install/laplace_pathfinder/share/laplace_pathfinder/models/start_marker.sdf
-- Up-to-date: /home/william-ubuntu/16832_ws/install/laplace_pathfinder/include
-- Up-to-date: /home/william-ubuntu/16832_ws/install/laplace_pathfinder/include/laplace_pathfinder
-- Up-to-date: /home/william-ubuntu/16832_ws/install/laplace_pathfinder/include/laplace_pathfinder/robot_nav_controller.hpp
-- Installing: /home/william-ubuntu/16832_ws/install/laplace_pathfinder/lib/laplace_pathfinder/robot_nav_controller
-- Set runtime path of "/home/william-ubuntu/16832_ws/install/laplace_pathfinder/lib/laplace_pathfinder/robot_nav_controller" to ""
-- Up-to-date: /home/william-ubuntu/16832_ws/install/laplace_pathfinder/share/ament_index/resource_index/package_run_dependencies/laplace_pathfinder
-- Up-to-date: /home/william-ubuntu/16832_ws/install/laplace_pathfinder/share/ament_index/resource_index/parent_prefix_path/laplace_pathfinder
-- Up-to-date: /home/william-ubuntu/16832_ws/install/laplace_pathfinder/share/laplace_pathfinder/environment/ament_prefix_path.sh
-- Up-to-date: /home/william-ubuntu/16832_ws/install/laplace_pathfinder/share/laplace_pathfinder/environment/ament_prefix_path.dsv
-- Up-to-date: /home/william-ubuntu/16832_ws/install/laplace_pathfinder/share/laplace_pathfinder/environment/path.sh
-- Up-to-date: /home/william-ubuntu/16832_ws/install/laplace_pathfinder/share/laplace_pathfinder/environment/path.dsv
-- Up-to-date: /home/william-ubuntu/16832_ws/install/laplace_pathfinder/share/laplace_pathfinder/local_setup.bash
-- Up-to-date: /home/william-ubuntu/16832_ws/install/laplace_pathfinder/share/laplace_pathfinder/local_setup.sh
-- Up-to-date: /home/william-ubuntu/16832_ws/install/laplace_pathfinder/share/laplace_pathfinder/local_setup.zsh
-- Up-to-date: /home/william-ubuntu/16832_ws/install/laplace_pathfinder/share/laplace_pathfinder/local_setup.dsv
-- Installing: /home/william-ubuntu/16832_ws/install/laplace_pathfinder/share/laplace_pathfinder/package.dsv
-- Up-to-date: /home/william-ubuntu/16832_ws/install/laplace_pathfinder/share/ament_index/resource_index/packages/laplace_pathfinder
-- Up-to-date: /home/william-ubuntu/16832_ws/install/laplace_pathfinder/share/laplace_pathfinder/cmake/laplace_pathfinderConfig.cmake
-- Up-to-date: /home/william-ubuntu/16832_ws/install/laplace_pathfinder/share/laplace_pathfinder/cmake/laplace_pathfinderConfig-version.cmake
-- Up-to-date: /home/william-ubuntu/16832_ws/install/laplace_pathfinder/share/laplace_pathfinder/package.xml
