[0.010s] Invoking command in '/home/william-ubuntu/16832_ws/build/laplace_pathfinder': AMENT_PREFIX_PATH=/home/william-ubuntu/16832_ws/install/dynamic_logistics_warehouse:/home/william-ubuntu/16832_ws/install/aws_robomaker_bookstore_world:${AMENT_PREFIX_PATH} CMAKE_PREFIX_PATH=/home/william-ubuntu/16832_ws/install/dynamic_logistics_warehouse:/opt/ros/humble:/home/william-ubuntu/16832_ws/install/aws_robomaker_bookstore_world /usr/bin/cmake --build /home/william-ubuntu/16832_ws/build/laplace_pathfinder -- -j12 -l12
[0.058s] [35m[1mConsolidate compiler generated dependencies of target robot_nav_controller[0m
[0.079s] [ 33%] [32mBuilding CXX object CMakeFiles/robot_nav_controller.dir/src/robot_nav_controller_node.cpp.o[0m
[0.079s] [ 66%] [32mBuilding CXX object CMakeFiles/robot_nav_controller.dir/src/robot_nav_controller_main.cpp.o[0m
[1.705s] [01m[K/home/william-ubuntu/16832_ws/src/laplace_pathfinder/src/robot_nav_controller_node.cpp:[m[K In member function ‘[01m[Kvoid laplace_pathfinder::RobotNavController::waypoint_callback(geometry_msgs::msg::Point_<std::allocator<void> >::SharedPtr)[m[K’:
[1.705s] [01m[K/home/william-ubuntu/16832_ws/src/laplace_pathfinder/src/robot_nav_controller_node.cpp:57:9:[m[K [01;31m[Kerror: [m[K‘[01m[Kstart_error_[m[K’ was not declared in this scope; did you mean ‘[01m[Kstrerror_r[m[K’?
[1.705s]    57 |         [01;31m[Kstart_error_[m[K = 0.0;
[1.705s]       |         [01;31m[K^~~~~~~~~~~~[m[K
[1.705s]       |         [32m[Kstrerror_r[m[K
[1.710s] [01m[K/home/william-ubuntu/16832_ws/src/laplace_pathfinder/src/robot_nav_controller_node.cpp:58:9:[m[K [01;31m[Kerror: [m[K‘[01m[Kerror_sum_[m[K’ was not declared in this scope; did you mean ‘[01m[Kerror_t[m[K’?
[1.710s]    58 |         [01;31m[Kerror_sum_[m[K = 0.0;
[1.710s]       |         [01;31m[K^~~~~~~~~~[m[K
[1.710s]       |         [32m[Kerror_t[m[K
[1.719s] [01m[K/home/william-ubuntu/16832_ws/src/laplace_pathfinder/src/robot_nav_controller_node.cpp:[m[K In member function ‘[01m[Kvoid laplace_pathfinder::RobotNavController::odom_callback(nav_msgs::msg::Odometry_<std::allocator<void> >::SharedPtr)[m[K’:
[1.719s] [01m[K/home/william-ubuntu/16832_ws/src/laplace_pathfinder/src/robot_nav_controller_node.cpp:120:20:[m[K [01;31m[Kerror: [m[K‘[01m[Kwaypoint_tolerance_[m[K’ was not declared in this scope; did you mean ‘[01m[Kwaypoint_topic_[m[K’?
[1.719s]   120 |         if (dist < [01;31m[Kwaypoint_tolerance_[m[K) {
[1.720s]       |                    [01;31m[K^~~~~~~~~~~~~~~~~~~[m[K
[1.720s]       |                    [32m[Kwaypoint_topic_[m[K
[3.872s] gmake[2]: *** [CMakeFiles/robot_nav_controller.dir/build.make:90: CMakeFiles/robot_nav_controller.dir/src/robot_nav_controller_node.cpp.o] Error 1
[3.872s] gmake[1]: *** [CMakeFiles/Makefile2:137: CMakeFiles/robot_nav_controller.dir/all] Error 2
[3.872s] gmake: *** [Makefile:146: all] Error 2
[3.874s] Invoked command in '/home/william-ubuntu/16832_ws/build/laplace_pathfinder' returned '2': AMENT_PREFIX_PATH=/home/william-ubuntu/16832_ws/install/dynamic_logistics_warehouse:/home/william-ubuntu/16832_ws/install/aws_robomaker_bookstore_world:${AMENT_PREFIX_PATH} CMAKE_PREFIX_PATH=/home/william-ubuntu/16832_ws/install/dynamic_logistics_warehouse:/opt/ros/humble:/home/william-ubuntu/16832_ws/install/aws_robomaker_bookstore_world /usr/bin/cmake --build /home/william-ubuntu/16832_ws/build/laplace_pathfinder -- -j12 -l12
