[0.008s] Invoking command in '/home/william-ubuntu/16832_ws/build/dynamic_logistics_warehouse': CMAKE_PREFIX_PATH=/home/william-ubuntu/16832_ws/install/laplace_pathfinder:/home/william-ubuntu/16832_ws/install/dynamic_logistics_warehouse:/opt/ros/humble:/home/william-ubuntu/16832_ws/install/aws_robomaker_bookstore_world /usr/bin/cmake --build /home/william-ubuntu/16832_ws/build/dynamic_logistics_warehouse -- -j12 -l12
[0.046s] Invoked command in '/home/william-ubuntu/16832_ws/build/dynamic_logistics_warehouse' returned '0': CMAKE_PREFIX_PATH=/home/william-ubuntu/16832_ws/install/laplace_pathfinder:/home/william-ubuntu/16832_ws/install/dynamic_logistics_warehouse:/opt/ros/humble:/home/william-ubuntu/16832_ws/install/aws_robomaker_bookstore_world /usr/bin/cmake --build /home/william-ubuntu/16832_ws/build/dynamic_logistics_warehouse -- -j12 -l12
[0.056s] Invoking command in '/home/william-ubuntu/16832_ws/build/dynamic_logistics_warehouse': CMAKE_PREFIX_PATH=/home/william-ubuntu/16832_ws/install/laplace_pathfinder:/home/william-ubuntu/16832_ws/install/dynamic_logistics_warehouse:/opt/ros/humble:/home/william-ubuntu/16832_ws/install/aws_robomaker_bookstore_world /usr/bin/cmake --install /home/william-ubuntu/16832_ws/build/dynamic_logistics_warehouse
[0.068s] -- Install configuration: ""
[0.069s] -- Up-to-date: /home/william-ubuntu/16832_ws/install/dynamic_logistics_warehouse/share/dynamic_logistics_warehouse/launch
[0.069s] -- Up-to-date: /home/william-ubuntu/16832_ws/install/dynamic_logistics_warehouse/share/dynamic_logistics_warehouse/launch/logistics_warehouse.launch.py
[0.070s] -- Up-to-date: /home/william-ubuntu/16832_ws/install/dynamic_logistics_warehouse/share/dynamic_logistics_warehouse/launch/logistics_warehouse.launch
[0.070s] -- Up-to-date: /home/william-ubuntu/16832_ws/install/dynamic_logistics_warehouse/share/dynamic_logistics_warehouse/models
[0.071s] -- Up-to-date: /home/william-ubuntu/16832_ws/install/dynamic_logistics_warehouse/share/dynamic_logistics_warehouse/models/aws_robomaker_warehouse_Lamp_01
[0.071s] -- Up-to-date: /home/william-ubuntu/16832_ws/install/dynamic_logistics_warehouse/share/dynamic_logistics_warehouse/models/aws_robomaker_warehouse_Lamp_01/meshes
[0.072s] -- Up-to-date: /home/william-ubuntu/16832_ws/install/dynamic_logistics_warehouse/share/dynamic_logistics_warehouse/models/aws_robomaker_warehouse_Lamp_01/meshes/aws_robomaker_warehouse_Lamp_01_collision.DAE
[0.072s] -- Up-to-date: /home/william-ubuntu/16832_ws/install/dynamic_logistics_warehouse/share/dynamic_logistics_warehouse/models/aws_robomaker_warehouse_Lamp_01/meshes/aws_robomaker_warehouse_Lamp_01_visual.DAE
[0.072s] -- Up-to-date: /home/william-ubuntu/16832_ws/install/dynamic_logistics_warehouse/share/dynamic_logistics_warehouse/models/aws_robomaker_warehouse_Lamp_01/materials
[0.073s] -- Up-to-date: /home/william-ubuntu/16832_ws/install/dynamic_logistics_warehouse/share/dynamic_logistics_warehouse/models/aws_robomaker_warehouse_Lamp_01/materials/textures
[0.075s] -- Up-to-date: /home/william-ubuntu/16832_ws/install/dynamic_logistics_warehouse/share/dynamic_logistics_warehouse/models/aws_robomaker_warehouse_Lamp_01/materials/textures/aws_robomaker_warehouse_Lamp_01.png
[0.076s] -- Up-to-date: /home/william-ubuntu/16832_ws/install/dynamic_logistics_warehouse/share/dynamic_logistics_warehouse/models/aws_robomaker_warehouse_Lamp_01/model.config
[0.076s] -- Up-to-date: /home/william-ubuntu/16832_ws/install/dynamic_logistics_warehouse/share/dynamic_logistics_warehouse/models/aws_robomaker_warehouse_Lamp_01/model.sdf
[0.076s] -- Up-to-date: /home/william-ubuntu/16832_ws/install/dynamic_logistics_warehouse/share/dynamic_logistics_warehouse/models/aws_robomaker_warehouse_ClutteringC_01
[0.076s] -- Up-to-date: /home/william-ubuntu/16832_ws/install/dynamic_logistics_warehouse/share/dynamic_logistics_warehouse/models/aws_robomaker_warehouse_ClutteringC_01/meshes
[0.076s] -- Up-to-date: /home/william-ubuntu/16832_ws/install/dynamic_logistics_warehouse/share/dynamic_logistics_warehouse/models/aws_robomaker_warehouse_ClutteringC_01/meshes/aws_robomaker_warehouse_ClutteringC_01_visual.DAE
[0.076s] -- Up-to-date: /home/william-ubuntu/16832_ws/install/dynamic_logistics_warehouse/share/dynamic_logistics_warehouse/models/aws_robomaker_warehouse_ClutteringC_01/meshes/aws_robomaker_warehouse_ClutteringC_01_collision.DAE
[0.076s] -- Up-to-date: /home/william-ubuntu/16832_ws/install/dynamic_logistics_warehouse/share/dynamic_logistics_warehouse/models/aws_robomaker_warehouse_ClutteringC_01/materials
[0.076s] -- Up-to-date: /home/william-ubuntu/16832_ws/install/dynamic_logistics_warehouse/share/dynamic_logistics_warehouse/models/aws_robomaker_warehouse_ClutteringC_01/materials/textures
[0.077s] -- Up-to-date: /home/william-ubuntu/16832_ws/install/dynamic_logistics_warehouse/share/dynamic_logistics_warehouse/models/aws_robomaker_warehouse_ClutteringC_01/materials/textures/aws_robomaker_warehouse_ClutteringC_02.png
[0.077s] -- Up-to-date: /home/william-ubuntu/16832_ws/install/dynamic_logistics_warehouse/share/dynamic_logistics_warehouse/models/aws_robomaker_warehouse_ClutteringC_01/materials/textures/aws_robomaker_warehouse_ClutteringC_01.png
[0.077s] -- Up-to-date: /home/william-ubuntu/16832_ws/install/dynamic_logistics_warehouse/share/dynamic_logistics_warehouse/models/aws_robomaker_warehouse_ClutteringC_01/model.config
[0.077s] -- Up-to-date: /home/william-ubuntu/16832_ws/install/dynamic_logistics_warehouse/share/dynamic_logistics_warehouse/models/aws_robomaker_warehouse_ClutteringC_01/model.sdf
[0.077s] -- Up-to-date: /home/william-ubuntu/16832_ws/install/dynamic_logistics_warehouse/share/dynamic_logistics_warehouse/models/aws_robomaker_warehouse_ShelfF_01
[0.077s] -- Up-to-date: /home/william-ubuntu/16832_ws/install/dynamic_logistics_warehouse/share/dynamic_logistics_warehouse/models/aws_robomaker_warehouse_ShelfF_01/meshes
[0.077s] -- Up-to-date: /home/william-ubuntu/16832_ws/install/dynamic_logistics_warehouse/share/dynamic_logistics_warehouse/models/aws_robomaker_warehouse_ShelfF_01/meshes/aws_robomaker_warehouse_ShelfF_01_collision.DAE
[0.077s] -- Up-to-date: /home/william-ubuntu/16832_ws/install/dynamic_logistics_warehouse/share/dynamic_logistics_warehouse/models/aws_robomaker_warehouse_ShelfF_01/meshes/aws_robomaker_warehouse_ShelfF_01_visual.DAE
[0.077s] -- Up-to-date: /home/william-ubuntu/16832_ws/install/dynamic_logistics_warehouse/share/dynamic_logistics_warehouse/models/aws_robomaker_warehouse_ShelfF_01/materials
[0.077s] -- Up-to-date: /home/william-ubuntu/16832_ws/install/dynamic_logistics_warehouse/share/dynamic_logistics_warehouse/models/aws_robomaker_warehouse_ShelfF_01/materials/textures
[0.078s] -- Up-to-date: /home/william-ubuntu/16832_ws/install/dynamic_logistics_warehouse/share/dynamic_logistics_warehouse/models/aws_robomaker_warehouse_ShelfF_01/materials/textures/aws_robomaker_warehouse_ShelfF_01.png
[0.078s] -- Up-to-date: /home/william-ubuntu/16832_ws/install/dynamic_logistics_warehouse/share/dynamic_logistics_warehouse/models/aws_robomaker_warehouse_ShelfF_01/materials/textures/aws_robomaker_warehouse_ShelfF_03.png
[0.078s] -- Up-to-date: /home/william-ubuntu/16832_ws/install/dynamic_logistics_warehouse/share/dynamic_logistics_warehouse/models/aws_robomaker_warehouse_ShelfF_01/materials/textures/aws_robomaker_warehouse_ShelfF_02.png
[0.078s] -- Up-to-date: /home/william-ubuntu/16832_ws/install/dynamic_logistics_warehouse/share/dynamic_logistics_warehouse/models/aws_robomaker_warehouse_ShelfF_01/model.config
[0.078s] -- Up-to-date: /home/william-ubuntu/16832_ws/install/dynamic_logistics_warehouse/share/dynamic_logistics_warehouse/models/aws_robomaker_warehouse_ShelfF_01/model.sdf
[0.078s] -- Up-to-date: /home/william-ubuntu/16832_ws/install/dynamic_logistics_warehouse/share/dynamic_logistics_warehouse/models/aws_robomaker_warehouse_DeskC_01
[0.078s] -- Up-to-date: /home/william-ubuntu/16832_ws/install/dynamic_logistics_warehouse/share/dynamic_logistics_warehouse/models/aws_robomaker_warehouse_DeskC_01/meshes
[0.078s] -- Up-to-date: /home/william-ubuntu/16832_ws/install/dynamic_logistics_warehouse/share/dynamic_logistics_warehouse/models/aws_robomaker_warehouse_DeskC_01/meshes/aws_robomaker_warehouse_DeskC_01_visual.DAE
[0.078s] -- Up-to-date: /home/william-ubuntu/16832_ws/install/dynamic_logistics_warehouse/share/dynamic_logistics_warehouse/models/aws_robomaker_warehouse_DeskC_01/meshes/aws_robomaker_warehouse_DeskC_01_collision.DAE
[0.079s] -- Up-to-date: /home/william-ubuntu/16832_ws/install/dynamic_logistics_warehouse/share/dynamic_logistics_warehouse/models/aws_robomaker_warehouse_DeskC_01/materials
[0.079s] -- Up-to-date: /home/william-ubuntu/16832_ws/install/dynamic_logistics_warehouse/share/dynamic_logistics_warehouse/models/aws_robomaker_warehouse_DeskC_01/materials/textures
[0.079s] -- Up-to-date: /home/william-ubuntu/16832_ws/install/dynamic_logistics_warehouse/share/dynamic_logistics_warehouse/models/aws_robomaker_warehouse_DeskC_01/materials/textures/aws_robomaker_warehouse_DeskC_04.png
[0.079s] -- Up-to-date: /home/william-ubuntu/16832_ws/install/dynamic_logistics_warehouse/share/dynamic_logistics_warehouse/models/aws_robomaker_warehouse_DeskC_01/materials/textures/aws_robomaker_warehouse_DeskC_02.png
[0.079s] -- Up-to-date: /home/william-ubuntu/16832_ws/install/dynamic_logistics_warehouse/share/dynamic_logistics_warehouse/models/aws_robomaker_warehouse_DeskC_01/materials/textures/aws_robomaker_warehouse_DeskC_03.psd
[0.079s] -- Up-to-date: /home/william-ubuntu/16832_ws/install/dynamic_logistics_warehouse/share/dynamic_logistics_warehouse/models/aws_robomaker_warehouse_DeskC_01/materials/textures/aws_robomaker_warehouse_DeskC_01.png
[0.079s] -- Up-to-date: /home/william-ubuntu/16832_ws/install/dynamic_logistics_warehouse/share/dynamic_logistics_warehouse/models/aws_robomaker_warehouse_DeskC_01/materials/textures/aws_robomaker_warehouse_DeskC_03.png
[0.079s] -- Up-to-date: /home/william-ubuntu/16832_ws/install/dynamic_logistics_warehouse/share/dynamic_logistics_warehouse/models/aws_robomaker_warehouse_DeskC_01/model.config
[0.079s] -- Up-to-date: /home/william-ubuntu/16832_ws/install/dynamic_logistics_warehouse/share/dynamic_logistics_warehouse/models/aws_robomaker_warehouse_DeskC_01/model.sdf
[0.079s] -- Up-to-date: /home/william-ubuntu/16832_ws/install/dynamic_logistics_warehouse/share/dynamic_logistics_warehouse/models/aws_robomaker_warehouse_PalletJackB_01
[0.079s] -- Up-to-date: /home/william-ubuntu/16832_ws/install/dynamic_logistics_warehouse/share/dynamic_logistics_warehouse/models/aws_robomaker_warehouse_PalletJackB_01/meshes
[0.080s] -- Up-to-date: /home/william-ubuntu/16832_ws/install/dynamic_logistics_warehouse/share/dynamic_logistics_warehouse/models/aws_robomaker_warehouse_PalletJackB_01/meshes/aws_robomaker_warehouse_PalletJackB_01_visual.DAE
[0.080s] -- Up-to-date: /home/william-ubuntu/16832_ws/install/dynamic_logistics_warehouse/share/dynamic_logistics_warehouse/models/aws_robomaker_warehouse_PalletJackB_01/meshes/aws_robomaker_warehouse_PalletJackB_01_collision.DAE
[0.080s] -- Up-to-date: /home/william-ubuntu/16832_ws/install/dynamic_logistics_warehouse/share/dynamic_logistics_warehouse/models/aws_robomaker_warehouse_PalletJackB_01/materials
[0.080s] -- Up-to-date: /home/william-ubuntu/16832_ws/install/dynamic_logistics_warehouse/share/dynamic_logistics_warehouse/models/aws_robomaker_warehouse_PalletJackB_01/materials/textures
[0.080s] -- Up-to-date: /home/william-ubuntu/16832_ws/install/dynamic_logistics_warehouse/share/dynamic_logistics_warehouse/models/aws_robomaker_warehouse_PalletJackB_01/materials/textures/aws_robomaker_warehouse_PalletJackB_01.png
[0.080s] -- Up-to-date: /home/william-ubuntu/16832_ws/install/dynamic_logistics_warehouse/share/dynamic_logistics_warehouse/models/aws_robomaker_warehouse_PalletJackB_01/materials/textures/aws_robomaker_warehouse_PalletJackB_02.png
[0.080s] -- Up-to-date: /home/william-ubuntu/16832_ws/install/dynamic_logistics_warehouse/share/dynamic_logistics_warehouse/models/aws_robomaker_warehouse_PalletJackB_01/model.config
[0.080s] -- Up-to-date: /home/william-ubuntu/16832_ws/install/dynamic_logistics_warehouse/share/dynamic_logistics_warehouse/models/aws_robomaker_warehouse_PalletJackB_01/model.sdf
[0.080s] -- Up-to-date: /home/william-ubuntu/16832_ws/install/dynamic_logistics_warehouse/share/dynamic_logistics_warehouse/models/aws_robomaker_warehouse_ShelfE_01
[0.080s] -- Up-to-date: /home/william-ubuntu/16832_ws/install/dynamic_logistics_warehouse/share/dynamic_logistics_warehouse/models/aws_robomaker_warehouse_ShelfE_01/meshes
[0.080s] -- Up-to-date: /home/william-ubuntu/16832_ws/install/dynamic_logistics_warehouse/share/dynamic_logistics_warehouse/models/aws_robomaker_warehouse_ShelfE_01/meshes/aws_robomaker_warehouse_ShelfE_01_visual.DAE
[0.081s] -- Up-to-date: /home/william-ubuntu/16832_ws/install/dynamic_logistics_warehouse/share/dynamic_logistics_warehouse/models/aws_robomaker_warehouse_ShelfE_01/meshes/aws_robomaker_warehouse_ShelfE_01_collision.DAE
[0.081s] -- Up-to-date: /home/william-ubuntu/16832_ws/install/dynamic_logistics_warehouse/share/dynamic_logistics_warehouse/models/aws_robomaker_warehouse_ShelfE_01/materials
[0.081s] -- Up-to-date: /home/william-ubuntu/16832_ws/install/dynamic_logistics_warehouse/share/dynamic_logistics_warehouse/models/aws_robomaker_warehouse_ShelfE_01/materials/textures
[0.081s] -- Up-to-date: /home/william-ubuntu/16832_ws/install/dynamic_logistics_warehouse/share/dynamic_logistics_warehouse/models/aws_robomaker_warehouse_ShelfE_01/materials/textures/aws_robomaker_warehouse_ShelfE_04.png
[0.081s] -- Up-to-date: /home/william-ubuntu/16832_ws/install/dynamic_logistics_warehouse/share/dynamic_logistics_warehouse/models/aws_robomaker_warehouse_ShelfE_01/materials/textures/aws_robomaker_warehouse_ShelfE_03.png
[0.081s] -- Up-to-date: /home/william-ubuntu/16832_ws/install/dynamic_logistics_warehouse/share/dynamic_logistics_warehouse/models/aws_robomaker_warehouse_ShelfE_01/materials/textures/aws_robomaker_warehouse_ShelfE_02.png
[0.081s] -- Up-to-date: /home/william-ubuntu/16832_ws/install/dynamic_logistics_warehouse/share/dynamic_logistics_warehouse/models/aws_robomaker_warehouse_ShelfE_01/materials/textures/aws_robomaker_warehouse_ShelfE_01.png
[0.081s] -- Up-to-date: /home/william-ubuntu/16832_ws/install/dynamic_logistics_warehouse/share/dynamic_logistics_warehouse/models/aws_robomaker_warehouse_ShelfE_01/model.config
[0.082s] -- Up-to-date: /home/william-ubuntu/16832_ws/install/dynamic_logistics_warehouse/share/dynamic_logistics_warehouse/models/aws_robomaker_warehouse_ShelfE_01/model.sdf
[0.082s] -- Up-to-date: /home/william-ubuntu/16832_ws/install/dynamic_logistics_warehouse/share/dynamic_logistics_warehouse/models/aws_robomaker_warehouse_ShelfD_01
[0.082s] -- Up-to-date: /home/william-ubuntu/16832_ws/install/dynamic_logistics_warehouse/share/dynamic_logistics_warehouse/models/aws_robomaker_warehouse_ShelfD_01/materials
[0.082s] -- Up-to-date: /home/william-ubuntu/16832_ws/install/dynamic_logistics_warehouse/share/dynamic_logistics_warehouse/models/aws_robomaker_warehouse_ShelfD_01/materials/textures
[0.082s] -- Up-to-date: /home/william-ubuntu/16832_ws/install/dynamic_logistics_warehouse/share/dynamic_logistics_warehouse/models/aws_robomaker_warehouse_ShelfD_01/materials/textures/aws_robomaker_warehouse_ShelfD_04.png
[0.082s] -- Up-to-date: /home/william-ubuntu/16832_ws/install/dynamic_logistics_warehouse/share/dynamic_logistics_warehouse/models/aws_robomaker_warehouse_ShelfD_01/materials/textures/aws_robomaker_warehouse_ShelfD_03.png
[0.082s] -- Up-to-date: /home/william-ubuntu/16832_ws/install/dynamic_logistics_warehouse/share/dynamic_logistics_warehouse/models/aws_robomaker_warehouse_ShelfD_01/materials/textures/aws_robomaker_warehouse_ShelfD_01.png
[0.082s] -- Up-to-date: /home/william-ubuntu/16832_ws/install/dynamic_logistics_warehouse/share/dynamic_logistics_warehouse/models/aws_robomaker_warehouse_ShelfD_01/materials/textures/aws_robomaker_warehouse_ShelfD_02.png
[0.082s] -- Up-to-date: /home/william-ubuntu/16832_ws/install/dynamic_logistics_warehouse/share/dynamic_logistics_warehouse/models/aws_robomaker_warehouse_ShelfD_01/model.config
[0.082s] -- Up-to-date: /home/william-ubuntu/16832_ws/install/dynamic_logistics_warehouse/share/dynamic_logistics_warehouse/models/aws_robomaker_warehouse_ShelfD_01/model.sdf
[0.082s] -- Up-to-date: /home/william-ubuntu/16832_ws/install/dynamic_logistics_warehouse/share/dynamic_logistics_warehouse/models/aws_robomaker_warehouse_RoofB_01
[0.082s] -- Up-to-date: /home/william-ubuntu/16832_ws/install/dynamic_logistics_warehouse/share/dynamic_logistics_warehouse/models/aws_robomaker_warehouse_RoofB_01/meshes
[0.082s] -- Up-to-date: /home/william-ubuntu/16832_ws/install/dynamic_logistics_warehouse/share/dynamic_logistics_warehouse/models/aws_robomaker_warehouse_RoofB_01/meshes/aws_robomaker_warehouse_RoofB_01_visual.DAE
[0.082s] -- Up-to-date: /home/william-ubuntu/16832_ws/install/dynamic_logistics_warehouse/share/dynamic_logistics_warehouse/models/aws_robomaker_warehouse_RoofB_01/meshes/aws_robomaker_warehouse_RoofB_01_collision.DAE
[0.082s] -- Up-to-date: /home/william-ubuntu/16832_ws/install/dynamic_logistics_warehouse/share/dynamic_logistics_warehouse/models/aws_robomaker_warehouse_RoofB_01/materials
[0.082s] -- Up-to-date: /home/william-ubuntu/16832_ws/install/dynamic_logistics_warehouse/share/dynamic_logistics_warehouse/models/aws_robomaker_warehouse_RoofB_01/materials/textures
[0.083s] -- Up-to-date: /home/william-ubuntu/16832_ws/install/dynamic_logistics_warehouse/share/dynamic_logistics_warehouse/models/aws_robomaker_warehouse_RoofB_01/materials/textures/aws_robomaker_warehouse_RoofB_01.png
[0.083s] -- Up-to-date: /home/william-ubuntu/16832_ws/install/dynamic_logistics_warehouse/share/dynamic_logistics_warehouse/models/aws_robomaker_warehouse_RoofB_01/model.config
[0.083s] -- Up-to-date: /home/william-ubuntu/16832_ws/install/dynamic_logistics_warehouse/share/dynamic_logistics_warehouse/models/aws_robomaker_warehouse_RoofB_01/model.sdf
[0.083s] -- Up-to-date: /home/william-ubuntu/16832_ws/install/dynamic_logistics_warehouse/share/dynamic_logistics_warehouse/models/aws_robomaker_warehouse_TrashCanC_01
[0.083s] -- Up-to-date: /home/william-ubuntu/16832_ws/install/dynamic_logistics_warehouse/share/dynamic_logistics_warehouse/models/aws_robomaker_warehouse_TrashCanC_01/meshes
[0.083s] -- Up-to-date: /home/william-ubuntu/16832_ws/install/dynamic_logistics_warehouse/share/dynamic_logistics_warehouse/models/aws_robomaker_warehouse_TrashCanC_01/meshes/aws_robomaker_warehouse_TrashCanC_01_visual.DAE
[0.083s] -- Up-to-date: /home/william-ubuntu/16832_ws/install/dynamic_logistics_warehouse/share/dynamic_logistics_warehouse/models/aws_robomaker_warehouse_TrashCanC_01/meshes/aws_robomaker_warehouse_TrashCanC_01_collision.DAE
[0.083s] -- Up-to-date: /home/william-ubuntu/16832_ws/install/dynamic_logistics_warehouse/share/dynamic_logistics_warehouse/models/aws_robomaker_warehouse_TrashCanC_01/materials
[0.083s] -- Up-to-date: /home/william-ubuntu/16832_ws/install/dynamic_logistics_warehouse/share/dynamic_logistics_warehouse/models/aws_robomaker_warehouse_TrashCanC_01/materials/textures
[0.083s] -- Up-to-date: /home/william-ubuntu/16832_ws/install/dynamic_logistics_warehouse/share/dynamic_logistics_warehouse/models/aws_robomaker_warehouse_TrashCanC_01/materials/textures/aws_robomaker_warehouse_TrashCanC_01.png
[0.083s] -- Up-to-date: /home/william-ubuntu/16832_ws/install/dynamic_logistics_warehouse/share/dynamic_logistics_warehouse/models/aws_robomaker_warehouse_TrashCanC_01/model.config
[0.083s] -- Up-to-date: /home/william-ubuntu/16832_ws/install/dynamic_logistics_warehouse/share/dynamic_logistics_warehouse/models/aws_robomaker_warehouse_TrashCanC_01/model.sdf
[0.083s] -- Up-to-date: /home/william-ubuntu/16832_ws/install/dynamic_logistics_warehouse/share/dynamic_logistics_warehouse/models/aws_robomaker_warehouse_WallB_01
[0.083s] -- Up-to-date: /home/william-ubuntu/16832_ws/install/dynamic_logistics_warehouse/share/dynamic_logistics_warehouse/models/aws_robomaker_warehouse_WallB_01/meshes
[0.083s] -- Up-to-date: /home/william-ubuntu/16832_ws/install/dynamic_logistics_warehouse/share/dynamic_logistics_warehouse/models/aws_robomaker_warehouse_WallB_01/meshes/aws_robomaker_warehouse_WallB_01_collision.DAE
[0.084s] -- Up-to-date: /home/william-ubuntu/16832_ws/install/dynamic_logistics_warehouse/share/dynamic_logistics_warehouse/models/aws_robomaker_warehouse_WallB_01/meshes/aws_robomaker_warehouse_WallB_01_visual.DAE
[0.084s] -- Up-to-date: /home/william-ubuntu/16832_ws/install/dynamic_logistics_warehouse/share/dynamic_logistics_warehouse/models/aws_robomaker_warehouse_WallB_01/materials
[0.084s] -- Up-to-date: /home/william-ubuntu/16832_ws/install/dynamic_logistics_warehouse/share/dynamic_logistics_warehouse/models/aws_robomaker_warehouse_WallB_01/materials/textures
[0.084s] -- Up-to-date: /home/william-ubuntu/16832_ws/install/dynamic_logistics_warehouse/share/dynamic_logistics_warehouse/models/aws_robomaker_warehouse_WallB_01/materials/textures/aws_robomaker_warehouse_WallB_01.png
[0.085s] -- Up-to-date: /home/william-ubuntu/16832_ws/install/dynamic_logistics_warehouse/share/dynamic_logistics_warehouse/models/aws_robomaker_warehouse_WallB_01/model.config
[0.085s] -- Up-to-date: /home/william-ubuntu/16832_ws/install/dynamic_logistics_warehouse/share/dynamic_logistics_warehouse/models/aws_robomaker_warehouse_WallB_01/model.sdf
[0.085s] -- Up-to-date: /home/william-ubuntu/16832_ws/install/dynamic_logistics_warehouse/share/dynamic_logistics_warehouse/models/aws_robomaker_warehouse_ClutteringA_01
[0.085s] -- Up-to-date: /home/william-ubuntu/16832_ws/install/dynamic_logistics_warehouse/share/dynamic_logistics_warehouse/models/aws_robomaker_warehouse_ClutteringA_01/meshes
[0.085s] -- Up-to-date: /home/william-ubuntu/16832_ws/install/dynamic_logistics_warehouse/share/dynamic_logistics_warehouse/models/aws_robomaker_warehouse_ClutteringA_01/meshes/aws_robomaker_warehouse_ClutteringA_01_collision.DAE
[0.085s] -- Up-to-date: /home/william-ubuntu/16832_ws/install/dynamic_logistics_warehouse/share/dynamic_logistics_warehouse/models/aws_robomaker_warehouse_ClutteringA_01/meshes/aws_robomaker_warehouse_ClutteringA_01_visual.DAE
[0.085s] -- Up-to-date: /home/william-ubuntu/16832_ws/install/dynamic_logistics_warehouse/share/dynamic_logistics_warehouse/models/aws_robomaker_warehouse_ClutteringA_01/materials
[0.085s] -- Up-to-date: /home/william-ubuntu/16832_ws/install/dynamic_logistics_warehouse/share/dynamic_logistics_warehouse/models/aws_robomaker_warehouse_ClutteringA_01/materials/textures
[0.085s] -- Up-to-date: /home/william-ubuntu/16832_ws/install/dynamic_logistics_warehouse/share/dynamic_logistics_warehouse/models/aws_robomaker_warehouse_ClutteringA_01/materials/textures/aws_robomaker_warehouse_ClutteringA_02.png
[0.085s] -- Up-to-date: /home/william-ubuntu/16832_ws/install/dynamic_logistics_warehouse/share/dynamic_logistics_warehouse/models/aws_robomaker_warehouse_ClutteringA_01/materials/textures/aws_robomaker_warehouse_ClutteringA_01.png
[0.085s] -- Up-to-date: /home/william-ubuntu/16832_ws/install/dynamic_logistics_warehouse/share/dynamic_logistics_warehouse/models/aws_robomaker_warehouse_ClutteringA_01/materials/textures/aws_robomaker_warehouse_ClutteringA_03.png
[0.085s] -- Up-to-date: /home/william-ubuntu/16832_ws/install/dynamic_logistics_warehouse/share/dynamic_logistics_warehouse/models/aws_robomaker_warehouse_ClutteringA_01/model.config
[0.085s] -- Up-to-date: /home/william-ubuntu/16832_ws/install/dynamic_logistics_warehouse/share/dynamic_logistics_warehouse/models/aws_robomaker_warehouse_ClutteringA_01/model.sdf
[0.085s] -- Up-to-date: /home/william-ubuntu/16832_ws/install/dynamic_logistics_warehouse/share/dynamic_logistics_warehouse/models/aws_robomaker_warehouse_ClutteringD_01
[0.086s] -- Up-to-date: /home/william-ubuntu/16832_ws/install/dynamic_logistics_warehouse/share/dynamic_logistics_warehouse/models/aws_robomaker_warehouse_ClutteringD_01/meshes
[0.086s] -- Up-to-date: /home/william-ubuntu/16832_ws/install/dynamic_logistics_warehouse/share/dynamic_logistics_warehouse/models/aws_robomaker_warehouse_ClutteringD_01/meshes/aws_robomaker_warehouse_ClutteringD_01_collision.DAE
[0.086s] -- Up-to-date: /home/william-ubuntu/16832_ws/install/dynamic_logistics_warehouse/share/dynamic_logistics_warehouse/models/aws_robomaker_warehouse_ClutteringD_01/meshes/aws_robomaker_warehouse_ClutteringD_01_visual.DAE
[0.086s] -- Up-to-date: /home/william-ubuntu/16832_ws/install/dynamic_logistics_warehouse/share/dynamic_logistics_warehouse/models/aws_robomaker_warehouse_ClutteringD_01/materials
[0.086s] -- Up-to-date: /home/william-ubuntu/16832_ws/install/dynamic_logistics_warehouse/share/dynamic_logistics_warehouse/models/aws_robomaker_warehouse_ClutteringD_01/materials/textures
[0.086s] -- Up-to-date: /home/william-ubuntu/16832_ws/install/dynamic_logistics_warehouse/share/dynamic_logistics_warehouse/models/aws_robomaker_warehouse_ClutteringD_01/materials/textures/aws_robomaker_warehouse_ClutteringD_01.png
[0.086s] -- Up-to-date: /home/william-ubuntu/16832_ws/install/dynamic_logistics_warehouse/share/dynamic_logistics_warehouse/models/aws_robomaker_warehouse_ClutteringD_01/materials/textures/aws_robomaker_warehouse_ClutteringD_02.png
[0.086s] -- Up-to-date: /home/william-ubuntu/16832_ws/install/dynamic_logistics_warehouse/share/dynamic_logistics_warehouse/models/aws_robomaker_warehouse_ClutteringD_01/model.config
[0.086s] -- Up-to-date: /home/william-ubuntu/16832_ws/install/dynamic_logistics_warehouse/share/dynamic_logistics_warehouse/models/aws_robomaker_warehouse_ClutteringD_01/model.sdf
[0.086s] -- Up-to-date: /home/william-ubuntu/16832_ws/install/dynamic_logistics_warehouse/share/dynamic_logistics_warehouse/models/aws_robomaker_warehouse_GroundB_01
[0.086s] -- Up-to-date: /home/william-ubuntu/16832_ws/install/dynamic_logistics_warehouse/share/dynamic_logistics_warehouse/models/aws_robomaker_warehouse_GroundB_01/meshes
[0.087s] -- Up-to-date: /home/william-ubuntu/16832_ws/install/dynamic_logistics_warehouse/share/dynamic_logistics_warehouse/models/aws_robomaker_warehouse_GroundB_01/meshes/aws_robomaker_warehouse_GroundB_01_visual.DAE
[0.087s] -- Up-to-date: /home/william-ubuntu/16832_ws/install/dynamic_logistics_warehouse/share/dynamic_logistics_warehouse/models/aws_robomaker_warehouse_GroundB_01/meshes/aws_robomaker_warehouse_GroundB_01_collision.DAE
[0.087s] -- Up-to-date: /home/william-ubuntu/16832_ws/install/dynamic_logistics_warehouse/share/dynamic_logistics_warehouse/models/aws_robomaker_warehouse_GroundB_01/materials
[0.087s] -- Up-to-date: /home/william-ubuntu/16832_ws/install/dynamic_logistics_warehouse/share/dynamic_logistics_warehouse/models/aws_robomaker_warehouse_GroundB_01/materials/textures
[0.087s] -- Up-to-date: /home/william-ubuntu/16832_ws/install/dynamic_logistics_warehouse/share/dynamic_logistics_warehouse/models/aws_robomaker_warehouse_GroundB_01/materials/textures/aws_robomaker_warehouse_GroundB_02.png
[0.087s] -- Up-to-date: /home/william-ubuntu/16832_ws/install/dynamic_logistics_warehouse/share/dynamic_logistics_warehouse/models/aws_robomaker_warehouse_GroundB_01/materials/textures/aws_robomaker_warehouse_GroundB_01.png
[0.087s] -- Up-to-date: /home/william-ubuntu/16832_ws/install/dynamic_logistics_warehouse/share/dynamic_logistics_warehouse/models/aws_robomaker_warehouse_GroundB_01/model.config
[0.087s] -- Up-to-date: /home/william-ubuntu/16832_ws/install/dynamic_logistics_warehouse/share/dynamic_logistics_warehouse/models/aws_robomaker_warehouse_GroundB_01/model.sdf
[0.087s] -- Up-to-date: /home/william-ubuntu/16832_ws/install/dynamic_logistics_warehouse/share/dynamic_logistics_warehouse/worlds
[0.087s] -- Up-to-date: /home/william-ubuntu/16832_ws/install/dynamic_logistics_warehouse/share/dynamic_logistics_warehouse/worlds/warehouse.world
[0.087s] -- Up-to-date: /home/william-ubuntu/16832_ws/install/dynamic_logistics_warehouse/share/dynamic_logistics_warehouse/maps
[0.087s] -- Up-to-date: /home/william-ubuntu/16832_ws/install/dynamic_logistics_warehouse/share/dynamic_logistics_warehouse/maps/002
[0.087s] -- Up-to-date: /home/william-ubuntu/16832_ws/install/dynamic_logistics_warehouse/share/dynamic_logistics_warehouse/maps/002/map.yaml
[0.087s] -- Up-to-date: /home/william-ubuntu/16832_ws/install/dynamic_logistics_warehouse/share/dynamic_logistics_warehouse/maps/002/map.pgm
[0.087s] -- Up-to-date: /home/william-ubuntu/16832_ws/install/dynamic_logistics_warehouse/share/dynamic_logistics_warehouse/maps/005
[0.088s] -- Up-to-date: /home/william-ubuntu/16832_ws/install/dynamic_logistics_warehouse/share/dynamic_logistics_warehouse/maps/005/map_rotated.pgm
[0.088s] -- Up-to-date: /home/william-ubuntu/16832_ws/install/dynamic_logistics_warehouse/share/dynamic_logistics_warehouse/maps/005/map_rotated.png
[0.088s] -- Up-to-date: /home/william-ubuntu/16832_ws/install/dynamic_logistics_warehouse/share/dynamic_logistics_warehouse/maps/005/map.yaml
[0.088s] -- Up-to-date: /home/william-ubuntu/16832_ws/install/dynamic_logistics_warehouse/share/dynamic_logistics_warehouse/maps/005/map.pgm
[0.088s] -- Up-to-date: /home/william-ubuntu/16832_ws/install/dynamic_logistics_warehouse/share/dynamic_logistics_warehouse/rviz
[0.088s] -- Up-to-date: /home/william-ubuntu/16832_ws/install/dynamic_logistics_warehouse/share/dynamic_logistics_warehouse/rviz/basic_data.rviz
[0.088s] -- Up-to-date: /home/william-ubuntu/16832_ws/install/dynamic_logistics_warehouse/share/ament_index/resource_index/package_run_dependencies/dynamic_logistics_warehouse
[0.088s] -- Up-to-date: /home/william-ubuntu/16832_ws/install/dynamic_logistics_warehouse/share/ament_index/resource_index/parent_prefix_path/dynamic_logistics_warehouse
[0.088s] -- Up-to-date: /home/william-ubuntu/16832_ws/install/dynamic_logistics_warehouse/share/dynamic_logistics_warehouse/environment/ament_prefix_path.sh
[0.088s] -- Up-to-date: /home/william-ubuntu/16832_ws/install/dynamic_logistics_warehouse/share/dynamic_logistics_warehouse/environment/ament_prefix_path.dsv
[0.088s] -- Up-to-date: /home/william-ubuntu/16832_ws/install/dynamic_logistics_warehouse/share/dynamic_logistics_warehouse/environment/path.sh
[0.088s] -- Up-to-date: /home/william-ubuntu/16832_ws/install/dynamic_logistics_warehouse/share/dynamic_logistics_warehouse/environment/path.dsv
[0.089s] -- Up-to-date: /home/william-ubuntu/16832_ws/install/dynamic_logistics_warehouse/share/dynamic_logistics_warehouse/local_setup.bash
[0.089s] -- Up-to-date: /home/william-ubuntu/16832_ws/install/dynamic_logistics_warehouse/share/dynamic_logistics_warehouse/local_setup.sh
[0.089s] -- Up-to-date: /home/william-ubuntu/16832_ws/install/dynamic_logistics_warehouse/share/dynamic_logistics_warehouse/local_setup.zsh
[0.089s] -- Up-to-date: /home/william-ubuntu/16832_ws/install/dynamic_logistics_warehouse/share/dynamic_logistics_warehouse/local_setup.dsv
[0.089s] -- Installing: /home/william-ubuntu/16832_ws/install/dynamic_logistics_warehouse/share/dynamic_logistics_warehouse/package.dsv
[0.090s] -- Up-to-date: /home/william-ubuntu/16832_ws/install/dynamic_logistics_warehouse/share/ament_index/resource_index/packages/dynamic_logistics_warehouse
[0.090s] -- Up-to-date: /home/william-ubuntu/16832_ws/install/dynamic_logistics_warehouse/share/dynamic_logistics_warehouse/cmake/dynamic_logistics_warehouseConfig.cmake
[0.090s] -- Up-to-date: /home/william-ubuntu/16832_ws/install/dynamic_logistics_warehouse/share/dynamic_logistics_warehouse/cmake/dynamic_logistics_warehouseConfig-version.cmake
[0.090s] -- Up-to-date: /home/william-ubuntu/16832_ws/install/dynamic_logistics_warehouse/share/dynamic_logistics_warehouse/package.xml
[0.094s] Invoked command in '/home/william-ubuntu/16832_ws/build/dynamic_logistics_warehouse' returned '0': CMAKE_PREFIX_PATH=/home/william-ubuntu/16832_ws/install/laplace_pathfinder:/home/william-ubuntu/16832_ws/install/dynamic_logistics_warehouse:/opt/ros/humble:/home/william-ubuntu/16832_ws/install/aws_robomaker_bookstore_world /usr/bin/cmake --install /home/william-ubuntu/16832_ws/build/dynamic_logistics_warehouse
