[0.097s] DEBUG:colcon:Command line arguments: ['/usr/bin/colcon', 'build']
[0.097s] DEBUG:colcon:Parsed command line arguments: Namespace(log_base=None, log_level=None, verb_name='build', build_base='build', install_base='install', merge_install=False, symlink_install=False, test_result_base=None, continue_on_error=False, executor='parallel', parallel_workers=12, event_handlers=None, ignore_user_meta=False, metas=['./colcon.meta'], base_paths=['.'], packages_ignore=None, packages_ignore_regex=None, paths=None, packages_up_to=None, packages_up_to_regex=None, packages_above=None, packages_above_and_dependencies=None, packages_above_depth=None, packages_select_by_dep=None, packages_skip_by_dep=None, packages_skip_up_to=None, packages_select_build_failed=False, packages_skip_build_finished=False, packages_select_test_failures=False, packages_skip_test_passed=False, packages_select=None, packages_skip=None, packages_select_regex=None, packages_skip_regex=None, packages_start=None, packages_end=None, allow_overriding=[], cmake_args=None, cmake_target=None, cmake_target_skip_unavailable=False, cmake_clean_cache=False, cmake_clean_first=False, cmake_force_configure=False, ament_cmake_args=None, catkin_cmake_args=None, catkin_skip_building_tests=False, mixin_files=None, mixin=None, verb_parser=<colcon_mixin.mixin.mixin_argument.MixinArgumentDecorator object at 0x78a6038414e0>, verb_extension=<colcon_core.verb.build.BuildVerb object at 0x78a60396e4d0>, main=<bound method BuildVerb.main of <colcon_core.verb.build.BuildVerb object at 0x78a60396e4d0>>, mixin_verb=('build',))
[0.234s] Level 1:colcon.colcon_core.package_discovery:discover_packages(colcon_meta) check parameters
[0.234s] Level 1:colcon.colcon_core.package_discovery:discover_packages(recursive) check parameters
[0.234s] Level 1:colcon.colcon_core.package_discovery:discover_packages(ignore) check parameters
[0.234s] Level 1:colcon.colcon_core.package_discovery:discover_packages(path) check parameters
[0.234s] Level 1:colcon.colcon_core.package_discovery:discover_packages(colcon_meta) discover
[0.234s] Level 1:colcon.colcon_core.package_discovery:discover_packages(recursive) discover
[0.234s] INFO:colcon.colcon_core.package_discovery:Crawling recursively for packages in '/home/william-ubuntu/16832_ws'
[0.234s] Level 1:colcon.colcon_core.package_identification:_identify(.) by extensions ['ignore', 'ignore_ament_install']
[0.234s] Level 1:colcon.colcon_core.package_identification:_identify(.) by extension 'ignore'
[0.234s] Level 1:colcon.colcon_core.package_identification:_identify(.) by extension 'ignore_ament_install'
[0.234s] Level 1:colcon.colcon_core.package_identification:_identify(.) by extensions ['colcon_pkg']
[0.234s] Level 1:colcon.colcon_core.package_identification:_identify(.) by extension 'colcon_pkg'
[0.234s] Level 1:colcon.colcon_core.package_identification:_identify(.) by extensions ['colcon_meta']
[0.234s] Level 1:colcon.colcon_core.package_identification:_identify(.) by extension 'colcon_meta'
[0.234s] Level 1:colcon.colcon_core.package_identification:_identify(.) by extensions ['ros']
[0.234s] Level 1:colcon.colcon_core.package_identification:_identify(.) by extension 'ros'
[0.241s] Level 1:colcon.colcon_core.package_identification:_identify(.) by extensions ['cmake', 'python']
[0.241s] Level 1:colcon.colcon_core.package_identification:_identify(.) by extension 'cmake'
[0.241s] Level 1:colcon.colcon_core.package_identification:_identify(.) by extension 'python'
[0.241s] Level 1:colcon.colcon_core.package_identification:_identify(.) by extensions ['python_setup_py']
[0.241s] Level 1:colcon.colcon_core.package_identification:_identify(.) by extension 'python_setup_py'
[0.241s] Level 1:colcon.colcon_core.package_identification:_identify(build) by extensions ['ignore', 'ignore_ament_install']
[0.241s] Level 1:colcon.colcon_core.package_identification:_identify(build) by extension 'ignore'
[0.241s] Level 1:colcon.colcon_core.package_identification:_identify(build) ignored
[0.242s] Level 1:colcon.colcon_core.package_identification:_identify(install) by extensions ['ignore', 'ignore_ament_install']
[0.242s] Level 1:colcon.colcon_core.package_identification:_identify(install) by extension 'ignore'
[0.242s] Level 1:colcon.colcon_core.package_identification:_identify(install) ignored
[0.242s] Level 1:colcon.colcon_core.package_identification:_identify(log) by extensions ['ignore', 'ignore_ament_install']
[0.242s] Level 1:colcon.colcon_core.package_identification:_identify(log) by extension 'ignore'
[0.242s] Level 1:colcon.colcon_core.package_identification:_identify(log) ignored
[0.242s] Level 1:colcon.colcon_core.package_identification:_identify(maps) by extensions ['ignore', 'ignore_ament_install']
[0.242s] Level 1:colcon.colcon_core.package_identification:_identify(maps) by extension 'ignore'
[0.242s] Level 1:colcon.colcon_core.package_identification:_identify(maps) by extension 'ignore_ament_install'
[0.242s] Level 1:colcon.colcon_core.package_identification:_identify(maps) by extensions ['colcon_pkg']
[0.242s] Level 1:colcon.colcon_core.package_identification:_identify(maps) by extension 'colcon_pkg'
[0.242s] Level 1:colcon.colcon_core.package_identification:_identify(maps) by extensions ['colcon_meta']
[0.242s] Level 1:colcon.colcon_core.package_identification:_identify(maps) by extension 'colcon_meta'
[0.242s] Level 1:colcon.colcon_core.package_identification:_identify(maps) by extensions ['ros']
[0.242s] Level 1:colcon.colcon_core.package_identification:_identify(maps) by extension 'ros'
[0.242s] Level 1:colcon.colcon_core.package_identification:_identify(maps) by extensions ['cmake', 'python']
[0.242s] Level 1:colcon.colcon_core.package_identification:_identify(maps) by extension 'cmake'
[0.242s] Level 1:colcon.colcon_core.package_identification:_identify(maps) by extension 'python'
[0.242s] Level 1:colcon.colcon_core.package_identification:_identify(maps) by extensions ['python_setup_py']
[0.242s] Level 1:colcon.colcon_core.package_identification:_identify(maps) by extension 'python_setup_py'
[0.242s] Level 1:colcon.colcon_core.package_identification:_identify(src) by extensions ['ignore', 'ignore_ament_install']
[0.242s] Level 1:colcon.colcon_core.package_identification:_identify(src) by extension 'ignore'
[0.242s] Level 1:colcon.colcon_core.package_identification:_identify(src) by extension 'ignore_ament_install'
[0.242s] Level 1:colcon.colcon_core.package_identification:_identify(src) by extensions ['colcon_pkg']
[0.242s] Level 1:colcon.colcon_core.package_identification:_identify(src) by extension 'colcon_pkg'
[0.242s] Level 1:colcon.colcon_core.package_identification:_identify(src) by extensions ['colcon_meta']
[0.242s] Level 1:colcon.colcon_core.package_identification:_identify(src) by extension 'colcon_meta'
[0.242s] Level 1:colcon.colcon_core.package_identification:_identify(src) by extensions ['ros']
[0.242s] Level 1:colcon.colcon_core.package_identification:_identify(src) by extension 'ros'
[0.242s] Level 1:colcon.colcon_core.package_identification:_identify(src) by extensions ['cmake', 'python']
[0.242s] Level 1:colcon.colcon_core.package_identification:_identify(src) by extension 'cmake'
[0.242s] Level 1:colcon.colcon_core.package_identification:_identify(src) by extension 'python'
[0.242s] Level 1:colcon.colcon_core.package_identification:_identify(src) by extensions ['python_setup_py']
[0.242s] Level 1:colcon.colcon_core.package_identification:_identify(src) by extension 'python_setup_py'
[0.243s] Level 1:colcon.colcon_core.package_identification:_identify(src/aws-robomaker-bookstore-world) by extensions ['ignore', 'ignore_ament_install']
[0.243s] Level 1:colcon.colcon_core.package_identification:_identify(src/aws-robomaker-bookstore-world) by extension 'ignore'
[0.243s] Level 1:colcon.colcon_core.package_identification:_identify(src/aws-robomaker-bookstore-world) by extension 'ignore_ament_install'
[0.243s] Level 1:colcon.colcon_core.package_identification:_identify(src/aws-robomaker-bookstore-world) by extensions ['colcon_pkg']
[0.243s] Level 1:colcon.colcon_core.package_identification:_identify(src/aws-robomaker-bookstore-world) by extension 'colcon_pkg'
[0.243s] Level 1:colcon.colcon_core.package_identification:_identify(src/aws-robomaker-bookstore-world) by extensions ['colcon_meta']
[0.243s] Level 1:colcon.colcon_core.package_identification:_identify(src/aws-robomaker-bookstore-world) by extension 'colcon_meta'
[0.243s] Level 1:colcon.colcon_core.package_identification:_identify(src/aws-robomaker-bookstore-world) by extensions ['ros']
[0.243s] Level 1:colcon.colcon_core.package_identification:_identify(src/aws-robomaker-bookstore-world) by extension 'ros'
[0.245s] DEBUG:colcon.colcon_core.package_identification:Package 'src/aws-robomaker-bookstore-world' with type 'ros.ament_cmake' and name 'aws_robomaker_bookstore_world'
[0.245s] Level 1:colcon.colcon_core.package_identification:_identify(src/aws-robomaker-small-warehouse-world) by extensions ['ignore', 'ignore_ament_install']
[0.245s] Level 1:colcon.colcon_core.package_identification:_identify(src/aws-robomaker-small-warehouse-world) by extension 'ignore'
[0.245s] Level 1:colcon.colcon_core.package_identification:_identify(src/aws-robomaker-small-warehouse-world) by extension 'ignore_ament_install'
[0.245s] Level 1:colcon.colcon_core.package_identification:_identify(src/aws-robomaker-small-warehouse-world) by extensions ['colcon_pkg']
[0.245s] Level 1:colcon.colcon_core.package_identification:_identify(src/aws-robomaker-small-warehouse-world) by extension 'colcon_pkg'
[0.245s] Level 1:colcon.colcon_core.package_identification:_identify(src/aws-robomaker-small-warehouse-world) by extensions ['colcon_meta']
[0.245s] Level 1:colcon.colcon_core.package_identification:_identify(src/aws-robomaker-small-warehouse-world) by extension 'colcon_meta'
[0.245s] Level 1:colcon.colcon_core.package_identification:_identify(src/aws-robomaker-small-warehouse-world) by extensions ['ros']
[0.245s] Level 1:colcon.colcon_core.package_identification:_identify(src/aws-robomaker-small-warehouse-world) by extension 'ros'
[0.245s] DEBUG:colcon.colcon_core.package_identification:Package 'src/aws-robomaker-small-warehouse-world' with type 'ros.catkin' and name 'aws_robomaker_small_warehouse_world'
[0.245s] Level 1:colcon.colcon_core.package_identification:_identify(src/dynamic_logistics_warehouse) by extensions ['ignore', 'ignore_ament_install']
[0.245s] Level 1:colcon.colcon_core.package_identification:_identify(src/dynamic_logistics_warehouse) by extension 'ignore'
[0.245s] Level 1:colcon.colcon_core.package_identification:_identify(src/dynamic_logistics_warehouse) by extension 'ignore_ament_install'
[0.245s] Level 1:colcon.colcon_core.package_identification:_identify(src/dynamic_logistics_warehouse) by extensions ['colcon_pkg']
[0.245s] Level 1:colcon.colcon_core.package_identification:_identify(src/dynamic_logistics_warehouse) by extension 'colcon_pkg'
[0.246s] Level 1:colcon.colcon_core.package_identification:_identify(src/dynamic_logistics_warehouse) by extensions ['colcon_meta']
[0.246s] Level 1:colcon.colcon_core.package_identification:_identify(src/dynamic_logistics_warehouse) by extension 'colcon_meta'
[0.246s] Level 1:colcon.colcon_core.package_identification:_identify(src/dynamic_logistics_warehouse) by extensions ['ros']
[0.246s] Level 1:colcon.colcon_core.package_identification:_identify(src/dynamic_logistics_warehouse) by extension 'ros'
[0.246s] DEBUG:colcon.colcon_core.package_identification:Package 'src/dynamic_logistics_warehouse' with type 'ros.ament_cmake' and name 'dynamic_logistics_warehouse'
[0.246s] Level 1:colcon.colcon_core.package_identification:_identify(src/gazebo_ros2_2Dmap_plugin) by extensions ['ignore', 'ignore_ament_install']
[0.246s] Level 1:colcon.colcon_core.package_identification:_identify(src/gazebo_ros2_2Dmap_plugin) by extension 'ignore'
[0.246s] Level 1:colcon.colcon_core.package_identification:_identify(src/gazebo_ros2_2Dmap_plugin) by extension 'ignore_ament_install'
[0.246s] Level 1:colcon.colcon_core.package_identification:_identify(src/gazebo_ros2_2Dmap_plugin) by extensions ['colcon_pkg']
[0.246s] Level 1:colcon.colcon_core.package_identification:_identify(src/gazebo_ros2_2Dmap_plugin) by extension 'colcon_pkg'
[0.246s] Level 1:colcon.colcon_core.package_identification:_identify(src/gazebo_ros2_2Dmap_plugin) by extensions ['colcon_meta']
[0.246s] Level 1:colcon.colcon_core.package_identification:_identify(src/gazebo_ros2_2Dmap_plugin) by extension 'colcon_meta'
[0.246s] Level 1:colcon.colcon_core.package_identification:_identify(src/gazebo_ros2_2Dmap_plugin) by extensions ['ros']
[0.246s] Level 1:colcon.colcon_core.package_identification:_identify(src/gazebo_ros2_2Dmap_plugin) by extension 'ros'
[0.247s] DEBUG:colcon.colcon_core.package_identification:Package 'src/gazebo_ros2_2Dmap_plugin' with type 'ros.ament_cmake' and name 'gazebo_ros2_2dmap_plugin'
[0.247s] Level 1:colcon.colcon_core.package_identification:_identify(src/laplace_pathfinder) by extensions ['ignore', 'ignore_ament_install']
[0.247s] Level 1:colcon.colcon_core.package_identification:_identify(src/laplace_pathfinder) by extension 'ignore'
[0.247s] Level 1:colcon.colcon_core.package_identification:_identify(src/laplace_pathfinder) by extension 'ignore_ament_install'
[0.247s] Level 1:colcon.colcon_core.package_identification:_identify(src/laplace_pathfinder) by extensions ['colcon_pkg']
[0.247s] Level 1:colcon.colcon_core.package_identification:_identify(src/laplace_pathfinder) by extension 'colcon_pkg'
[0.247s] Level 1:colcon.colcon_core.package_identification:_identify(src/laplace_pathfinder) by extensions ['colcon_meta']
[0.247s] Level 1:colcon.colcon_core.package_identification:_identify(src/laplace_pathfinder) by extension 'colcon_meta'
[0.247s] Level 1:colcon.colcon_core.package_identification:_identify(src/laplace_pathfinder) by extensions ['ros']
[0.247s] Level 1:colcon.colcon_core.package_identification:_identify(src/laplace_pathfinder) by extension 'ros'
[0.248s] DEBUG:colcon.colcon_core.package_identification:Package 'src/laplace_pathfinder' with type 'ros.ament_cmake' and name 'laplace_pathfinder'
[0.248s] Level 1:colcon.colcon_core.package_identification:_identify(turtlebot3_world) by extensions ['ignore', 'ignore_ament_install']
[0.248s] Level 1:colcon.colcon_core.package_identification:_identify(turtlebot3_world) by extension 'ignore'
[0.248s] Level 1:colcon.colcon_core.package_identification:_identify(turtlebot3_world) by extension 'ignore_ament_install'
[0.248s] Level 1:colcon.colcon_core.package_identification:_identify(turtlebot3_world) by extensions ['colcon_pkg']
[0.248s] Level 1:colcon.colcon_core.package_identification:_identify(turtlebot3_world) by extension 'colcon_pkg'
[0.248s] Level 1:colcon.colcon_core.package_identification:_identify(turtlebot3_world) by extensions ['colcon_meta']
[0.248s] Level 1:colcon.colcon_core.package_identification:_identify(turtlebot3_world) by extension 'colcon_meta'
[0.248s] Level 1:colcon.colcon_core.package_identification:_identify(turtlebot3_world) by extensions ['ros']
[0.248s] Level 1:colcon.colcon_core.package_identification:_identify(turtlebot3_world) by extension 'ros'
[0.248s] Level 1:colcon.colcon_core.package_identification:_identify(turtlebot3_world) by extensions ['cmake', 'python']
[0.248s] Level 1:colcon.colcon_core.package_identification:_identify(turtlebot3_world) by extension 'cmake'
[0.248s] Level 1:colcon.colcon_core.package_identification:_identify(turtlebot3_world) by extension 'python'
[0.248s] Level 1:colcon.colcon_core.package_identification:_identify(turtlebot3_world) by extensions ['python_setup_py']
[0.248s] Level 1:colcon.colcon_core.package_identification:_identify(turtlebot3_world) by extension 'python_setup_py'
[0.248s] Level 1:colcon.colcon_core.package_identification:_identify(turtlebot3_world/meshes) by extensions ['ignore', 'ignore_ament_install']
[0.248s] Level 1:colcon.colcon_core.package_identification:_identify(turtlebot3_world/meshes) by extension 'ignore'
[0.248s] Level 1:colcon.colcon_core.package_identification:_identify(turtlebot3_world/meshes) by extension 'ignore_ament_install'
[0.248s] Level 1:colcon.colcon_core.package_identification:_identify(turtlebot3_world/meshes) by extensions ['colcon_pkg']
[0.248s] Level 1:colcon.colcon_core.package_identification:_identify(turtlebot3_world/meshes) by extension 'colcon_pkg'
[0.248s] Level 1:colcon.colcon_core.package_identification:_identify(turtlebot3_world/meshes) by extensions ['colcon_meta']
[0.248s] Level 1:colcon.colcon_core.package_identification:_identify(turtlebot3_world/meshes) by extension 'colcon_meta'
[0.248s] Level 1:colcon.colcon_core.package_identification:_identify(turtlebot3_world/meshes) by extensions ['ros']
[0.248s] Level 1:colcon.colcon_core.package_identification:_identify(turtlebot3_world/meshes) by extension 'ros'
[0.248s] Level 1:colcon.colcon_core.package_identification:_identify(turtlebot3_world/meshes) by extensions ['cmake', 'python']
[0.248s] Level 1:colcon.colcon_core.package_identification:_identify(turtlebot3_world/meshes) by extension 'cmake'
[0.248s] Level 1:colcon.colcon_core.package_identification:_identify(turtlebot3_world/meshes) by extension 'python'
[0.249s] Level 1:colcon.colcon_core.package_identification:_identify(turtlebot3_world/meshes) by extensions ['python_setup_py']
[0.249s] Level 1:colcon.colcon_core.package_identification:_identify(turtlebot3_world/meshes) by extension 'python_setup_py'
[0.249s] Level 1:colcon.colcon_core.package_discovery:discover_packages(recursive) using defaults
[0.249s] Level 1:colcon.colcon_core.package_discovery:discover_packages(ignore) discover
[0.249s] Level 1:colcon.colcon_core.package_discovery:discover_packages(ignore) using defaults
[0.249s] Level 1:colcon.colcon_core.package_discovery:discover_packages(path) discover
[0.249s] Level 1:colcon.colcon_core.package_discovery:discover_packages(path) using defaults
[0.271s] Level 1:colcon.colcon_core.package_discovery:discover_packages(prefix_path) check parameters
[0.271s] Level 1:colcon.colcon_core.package_discovery:discover_packages(prefix_path) discover
[0.273s] DEBUG:colcon.colcon_installed_package_information.package_discovery:Found 4 installed packages in /home/william-ubuntu/16832_ws/install
[0.274s] DEBUG:colcon.colcon_installed_package_information.package_discovery:Found 341 installed packages in /opt/ros/humble
[0.275s] Level 1:colcon.colcon_core.package_discovery:discover_packages(prefix_path) using defaults
[0.300s] Level 5:colcon.colcon_core.verb:set package 'aws_robomaker_bookstore_world' build argument 'cmake_args' from command line to 'None'
[0.300s] Level 5:colcon.colcon_core.verb:set package 'aws_robomaker_bookstore_world' build argument 'cmake_target' from command line to 'None'
[0.300s] Level 5:colcon.colcon_core.verb:set package 'aws_robomaker_bookstore_world' build argument 'cmake_target_skip_unavailable' from command line to 'False'
[0.300s] Level 5:colcon.colcon_core.verb:set package 'aws_robomaker_bookstore_world' build argument 'cmake_clean_cache' from command line to 'False'
[0.300s] Level 5:colcon.colcon_core.verb:set package 'aws_robomaker_bookstore_world' build argument 'cmake_clean_first' from command line to 'False'
[0.300s] Level 5:colcon.colcon_core.verb:set package 'aws_robomaker_bookstore_world' build argument 'cmake_force_configure' from command line to 'False'
[0.300s] Level 5:colcon.colcon_core.verb:set package 'aws_robomaker_bookstore_world' build argument 'ament_cmake_args' from command line to 'None'
[0.300s] Level 5:colcon.colcon_core.verb:set package 'aws_robomaker_bookstore_world' build argument 'catkin_cmake_args' from command line to 'None'
[0.300s] Level 5:colcon.colcon_core.verb:set package 'aws_robomaker_bookstore_world' build argument 'catkin_skip_building_tests' from command line to 'False'
[0.300s] DEBUG:colcon.colcon_core.verb:Building package 'aws_robomaker_bookstore_world' with the following arguments: {'ament_cmake_args': None, 'build_base': '/home/william-ubuntu/16832_ws/build/aws_robomaker_bookstore_world', 'catkin_cmake_args': None, 'catkin_skip_building_tests': False, 'cmake_args': None, 'cmake_clean_cache': False, 'cmake_clean_first': False, 'cmake_force_configure': False, 'cmake_target': None, 'cmake_target_skip_unavailable': False, 'install_base': '/home/william-ubuntu/16832_ws/install/aws_robomaker_bookstore_world', 'merge_install': False, 'path': '/home/william-ubuntu/16832_ws/src/aws-robomaker-bookstore-world', 'symlink_install': False, 'test_result_base': None}
[0.300s] Level 5:colcon.colcon_core.verb:set package 'aws_robomaker_small_warehouse_world' build argument 'cmake_args' from command line to 'None'
[0.300s] Level 5:colcon.colcon_core.verb:set package 'aws_robomaker_small_warehouse_world' build argument 'cmake_target' from command line to 'None'
[0.300s] Level 5:colcon.colcon_core.verb:set package 'aws_robomaker_small_warehouse_world' build argument 'cmake_target_skip_unavailable' from command line to 'False'
[0.300s] Level 5:colcon.colcon_core.verb:set package 'aws_robomaker_small_warehouse_world' build argument 'cmake_clean_cache' from command line to 'False'
[0.300s] Level 5:colcon.colcon_core.verb:set package 'aws_robomaker_small_warehouse_world' build argument 'cmake_clean_first' from command line to 'False'
[0.300s] Level 5:colcon.colcon_core.verb:set package 'aws_robomaker_small_warehouse_world' build argument 'cmake_force_configure' from command line to 'False'
[0.300s] Level 5:colcon.colcon_core.verb:set package 'aws_robomaker_small_warehouse_world' build argument 'ament_cmake_args' from command line to 'None'
[0.300s] Level 5:colcon.colcon_core.verb:set package 'aws_robomaker_small_warehouse_world' build argument 'catkin_cmake_args' from command line to 'None'
[0.300s] Level 5:colcon.colcon_core.verb:set package 'aws_robomaker_small_warehouse_world' build argument 'catkin_skip_building_tests' from command line to 'False'
[0.300s] DEBUG:colcon.colcon_core.verb:Building package 'aws_robomaker_small_warehouse_world' with the following arguments: {'ament_cmake_args': None, 'build_base': '/home/william-ubuntu/16832_ws/build/aws_robomaker_small_warehouse_world', 'catkin_cmake_args': None, 'catkin_skip_building_tests': False, 'cmake_args': None, 'cmake_clean_cache': False, 'cmake_clean_first': False, 'cmake_force_configure': False, 'cmake_target': None, 'cmake_target_skip_unavailable': False, 'install_base': '/home/william-ubuntu/16832_ws/install/aws_robomaker_small_warehouse_world', 'merge_install': False, 'path': '/home/william-ubuntu/16832_ws/src/aws-robomaker-small-warehouse-world', 'symlink_install': False, 'test_result_base': None}
[0.300s] Level 5:colcon.colcon_core.verb:set package 'dynamic_logistics_warehouse' build argument 'cmake_args' from command line to 'None'
[0.301s] Level 5:colcon.colcon_core.verb:set package 'dynamic_logistics_warehouse' build argument 'cmake_target' from command line to 'None'
[0.301s] Level 5:colcon.colcon_core.verb:set package 'dynamic_logistics_warehouse' build argument 'cmake_target_skip_unavailable' from command line to 'False'
[0.301s] Level 5:colcon.colcon_core.verb:set package 'dynamic_logistics_warehouse' build argument 'cmake_clean_cache' from command line to 'False'
[0.301s] Level 5:colcon.colcon_core.verb:set package 'dynamic_logistics_warehouse' build argument 'cmake_clean_first' from command line to 'False'
[0.301s] Level 5:colcon.colcon_core.verb:set package 'dynamic_logistics_warehouse' build argument 'cmake_force_configure' from command line to 'False'
[0.301s] Level 5:colcon.colcon_core.verb:set package 'dynamic_logistics_warehouse' build argument 'ament_cmake_args' from command line to 'None'
[0.301s] Level 5:colcon.colcon_core.verb:set package 'dynamic_logistics_warehouse' build argument 'catkin_cmake_args' from command line to 'None'
[0.301s] Level 5:colcon.colcon_core.verb:set package 'dynamic_logistics_warehouse' build argument 'catkin_skip_building_tests' from command line to 'False'
[0.301s] DEBUG:colcon.colcon_core.verb:Building package 'dynamic_logistics_warehouse' with the following arguments: {'ament_cmake_args': None, 'build_base': '/home/william-ubuntu/16832_ws/build/dynamic_logistics_warehouse', 'catkin_cmake_args': None, 'catkin_skip_building_tests': False, 'cmake_args': None, 'cmake_clean_cache': False, 'cmake_clean_first': False, 'cmake_force_configure': False, 'cmake_target': None, 'cmake_target_skip_unavailable': False, 'install_base': '/home/william-ubuntu/16832_ws/install/dynamic_logistics_warehouse', 'merge_install': False, 'path': '/home/william-ubuntu/16832_ws/src/dynamic_logistics_warehouse', 'symlink_install': False, 'test_result_base': None}
[0.301s] Level 5:colcon.colcon_core.verb:set package 'gazebo_ros2_2dmap_plugin' build argument 'cmake_args' from command line to 'None'
[0.301s] Level 5:colcon.colcon_core.verb:set package 'gazebo_ros2_2dmap_plugin' build argument 'cmake_target' from command line to 'None'
[0.301s] Level 5:colcon.colcon_core.verb:set package 'gazebo_ros2_2dmap_plugin' build argument 'cmake_target_skip_unavailable' from command line to 'False'
[0.301s] Level 5:colcon.colcon_core.verb:set package 'gazebo_ros2_2dmap_plugin' build argument 'cmake_clean_cache' from command line to 'False'
[0.301s] Level 5:colcon.colcon_core.verb:set package 'gazebo_ros2_2dmap_plugin' build argument 'cmake_clean_first' from command line to 'False'
[0.301s] Level 5:colcon.colcon_core.verb:set package 'gazebo_ros2_2dmap_plugin' build argument 'cmake_force_configure' from command line to 'False'
[0.301s] Level 5:colcon.colcon_core.verb:set package 'gazebo_ros2_2dmap_plugin' build argument 'ament_cmake_args' from command line to 'None'
[0.301s] Level 5:colcon.colcon_core.verb:set package 'gazebo_ros2_2dmap_plugin' build argument 'catkin_cmake_args' from command line to 'None'
[0.301s] Level 5:colcon.colcon_core.verb:set package 'gazebo_ros2_2dmap_plugin' build argument 'catkin_skip_building_tests' from command line to 'False'
[0.301s] DEBUG:colcon.colcon_core.verb:Building package 'gazebo_ros2_2dmap_plugin' with the following arguments: {'ament_cmake_args': None, 'build_base': '/home/william-ubuntu/16832_ws/build/gazebo_ros2_2dmap_plugin', 'catkin_cmake_args': None, 'catkin_skip_building_tests': False, 'cmake_args': None, 'cmake_clean_cache': False, 'cmake_clean_first': False, 'cmake_force_configure': False, 'cmake_target': None, 'cmake_target_skip_unavailable': False, 'install_base': '/home/william-ubuntu/16832_ws/install/gazebo_ros2_2dmap_plugin', 'merge_install': False, 'path': '/home/william-ubuntu/16832_ws/src/gazebo_ros2_2Dmap_plugin', 'symlink_install': False, 'test_result_base': None}
[0.301s] Level 5:colcon.colcon_core.verb:set package 'laplace_pathfinder' build argument 'cmake_args' from command line to 'None'
[0.301s] Level 5:colcon.colcon_core.verb:set package 'laplace_pathfinder' build argument 'cmake_target' from command line to 'None'
[0.301s] Level 5:colcon.colcon_core.verb:set package 'laplace_pathfinder' build argument 'cmake_target_skip_unavailable' from command line to 'False'
[0.301s] Level 5:colcon.colcon_core.verb:set package 'laplace_pathfinder' build argument 'cmake_clean_cache' from command line to 'False'
[0.301s] Level 5:colcon.colcon_core.verb:set package 'laplace_pathfinder' build argument 'cmake_clean_first' from command line to 'False'
[0.301s] Level 5:colcon.colcon_core.verb:set package 'laplace_pathfinder' build argument 'cmake_force_configure' from command line to 'False'
[0.301s] Level 5:colcon.colcon_core.verb:set package 'laplace_pathfinder' build argument 'ament_cmake_args' from command line to 'None'
[0.301s] Level 5:colcon.colcon_core.verb:set package 'laplace_pathfinder' build argument 'catkin_cmake_args' from command line to 'None'
[0.301s] Level 5:colcon.colcon_core.verb:set package 'laplace_pathfinder' build argument 'catkin_skip_building_tests' from command line to 'False'
[0.301s] DEBUG:colcon.colcon_core.verb:Building package 'laplace_pathfinder' with the following arguments: {'ament_cmake_args': None, 'build_base': '/home/william-ubuntu/16832_ws/build/laplace_pathfinder', 'catkin_cmake_args': None, 'catkin_skip_building_tests': False, 'cmake_args': None, 'cmake_clean_cache': False, 'cmake_clean_first': False, 'cmake_force_configure': False, 'cmake_target': None, 'cmake_target_skip_unavailable': False, 'install_base': '/home/william-ubuntu/16832_ws/install/laplace_pathfinder', 'merge_install': False, 'path': '/home/william-ubuntu/16832_ws/src/laplace_pathfinder', 'symlink_install': False, 'test_result_base': None}
[0.301s] INFO:colcon.colcon_core.executor:Executing jobs using 'parallel' executor
[0.302s] DEBUG:colcon.colcon_parallel_executor.executor.parallel:run_until_complete
[0.302s] INFO:colcon.colcon_ros.task.ament_cmake.build:Building ROS package in '/home/william-ubuntu/16832_ws/src/dynamic_logistics_warehouse' with build type 'ament_cmake'
[0.303s] INFO:colcon.colcon_cmake.task.cmake.build:Building CMake package in '/home/william-ubuntu/16832_ws/src/dynamic_logistics_warehouse'
[0.305s] INFO:colcon.colcon_core.plugin_system:Skipping extension 'colcon_core.shell.bat': Not used on non-Windows systems
[0.305s] INFO:colcon.colcon_core.shell:Skip shell extension 'powershell' for command environment: Not usable outside of PowerShell
[0.305s] DEBUG:colcon.colcon_core.shell:Skip shell extension 'dsv' for command environment
[0.307s] INFO:colcon.colcon_ros.task.ament_cmake.build:Building ROS package in '/home/william-ubuntu/16832_ws/src/aws-robomaker-bookstore-world' with build type 'ament_cmake'
[0.307s] INFO:colcon.colcon_cmake.task.cmake.build:Building CMake package in '/home/william-ubuntu/16832_ws/src/aws-robomaker-bookstore-world'
[0.308s] INFO:colcon.colcon_core.shell:Skip shell extension 'powershell' for command environment: Not usable outside of PowerShell
[0.308s] DEBUG:colcon.colcon_core.shell:Skip shell extension 'dsv' for command environment
[0.310s] INFO:colcon.colcon_ros.task.catkin.build:Building ROS package in '/home/william-ubuntu/16832_ws/src/aws-robomaker-small-warehouse-world' with build type 'catkin'
[0.310s] INFO:colcon.colcon_cmake.task.cmake.build:Building CMake package in '/home/william-ubuntu/16832_ws/src/aws-robomaker-small-warehouse-world'
[0.310s] INFO:colcon.colcon_core.shell:Skip shell extension 'powershell' for command environment: Not usable outside of PowerShell
[0.310s] DEBUG:colcon.colcon_core.shell:Skip shell extension 'dsv' for command environment
[0.312s] INFO:colcon.colcon_ros.task.ament_cmake.build:Building ROS package in '/home/william-ubuntu/16832_ws/src/gazebo_ros2_2Dmap_plugin' with build type 'ament_cmake'
[0.312s] INFO:colcon.colcon_cmake.task.cmake.build:Building CMake package in '/home/william-ubuntu/16832_ws/src/gazebo_ros2_2Dmap_plugin'
[0.312s] INFO:colcon.colcon_core.shell:Skip shell extension 'powershell' for command environment: Not usable outside of PowerShell
[0.312s] DEBUG:colcon.colcon_core.shell:Skip shell extension 'dsv' for command environment
[0.318s] DEBUG:colcon.colcon_core.event_handler.log_command:Invoking command in '/home/william-ubuntu/16832_ws/build/dynamic_logistics_warehouse': CMAKE_PREFIX_PATH=/home/william-ubuntu/16832_ws/install/laplace_pathfinder:/home/william-ubuntu/16832_ws/install/gazebo_ros2_2dmap_plugin:/home/william-ubuntu/16832_ws/install/dynamic_logistics_warehouse:/opt/ros/humble:/home/william-ubuntu/16832_ws/install/aws_robomaker_bookstore_world /usr/bin/cmake --build /home/william-ubuntu/16832_ws/build/dynamic_logistics_warehouse -- -j12 -l12
[0.323s] DEBUG:colcon.colcon_core.event_handler.log_command:Invoking command in '/home/william-ubuntu/16832_ws/build/aws_robomaker_bookstore_world': CMAKE_PREFIX_PATH=/home/william-ubuntu/16832_ws/install/laplace_pathfinder:/home/william-ubuntu/16832_ws/install/gazebo_ros2_2dmap_plugin:/home/william-ubuntu/16832_ws/install/dynamic_logistics_warehouse:/opt/ros/humble:/home/william-ubuntu/16832_ws/install/aws_robomaker_bookstore_world /usr/bin/cmake --build /home/william-ubuntu/16832_ws/build/aws_robomaker_bookstore_world -- -j12 -l12
[0.325s] DEBUG:colcon.colcon_core.event_handler.log_command:Invoking command in '/home/william-ubuntu/16832_ws/build/aws_robomaker_small_warehouse_world': /usr/bin/cmake /home/william-ubuntu/16832_ws/src/aws-robomaker-small-warehouse-world -DCATKIN_INSTALL_INTO_PREFIX_ROOT=0 -DCMAKE_INSTALL_PREFIX=/home/william-ubuntu/16832_ws/install/aws_robomaker_small_warehouse_world
[0.334s] DEBUG:colcon.colcon_core.event_handler.log_command:Invoking command in '/home/william-ubuntu/16832_ws/build/gazebo_ros2_2dmap_plugin': CMAKE_PREFIX_PATH=/home/william-ubuntu/16832_ws/install/laplace_pathfinder:/home/william-ubuntu/16832_ws/install/gazebo_ros2_2dmap_plugin:/home/william-ubuntu/16832_ws/install/dynamic_logistics_warehouse:/opt/ros/humble:/home/william-ubuntu/16832_ws/install/aws_robomaker_bookstore_world /usr/bin/cmake --build /home/william-ubuntu/16832_ws/build/gazebo_ros2_2dmap_plugin -- -j12 -l12
[0.381s] DEBUG:colcon.colcon_core.event_handler.log_command:Invoked command in '/home/william-ubuntu/16832_ws/build/dynamic_logistics_warehouse' returned '0': CMAKE_PREFIX_PATH=/home/william-ubuntu/16832_ws/install/laplace_pathfinder:/home/william-ubuntu/16832_ws/install/gazebo_ros2_2dmap_plugin:/home/william-ubuntu/16832_ws/install/dynamic_logistics_warehouse:/opt/ros/humble:/home/william-ubuntu/16832_ws/install/aws_robomaker_bookstore_world /usr/bin/cmake --build /home/william-ubuntu/16832_ws/build/dynamic_logistics_warehouse -- -j12 -l12
[0.392s] DEBUG:colcon.colcon_core.event_handler.log_command:Invoking command in '/home/william-ubuntu/16832_ws/build/dynamic_logistics_warehouse': CMAKE_PREFIX_PATH=/home/william-ubuntu/16832_ws/install/laplace_pathfinder:/home/william-ubuntu/16832_ws/install/gazebo_ros2_2dmap_plugin:/home/william-ubuntu/16832_ws/install/dynamic_logistics_warehouse:/opt/ros/humble:/home/william-ubuntu/16832_ws/install/aws_robomaker_bookstore_world /usr/bin/cmake --install /home/william-ubuntu/16832_ws/build/dynamic_logistics_warehouse
[0.393s] DEBUG:colcon.colcon_core.event_handler.log_command:Invoked command in '/home/william-ubuntu/16832_ws/build/aws_robomaker_bookstore_world' returned '0': CMAKE_PREFIX_PATH=/home/william-ubuntu/16832_ws/install/laplace_pathfinder:/home/william-ubuntu/16832_ws/install/gazebo_ros2_2dmap_plugin:/home/william-ubuntu/16832_ws/install/dynamic_logistics_warehouse:/opt/ros/humble:/home/william-ubuntu/16832_ws/install/aws_robomaker_bookstore_world /usr/bin/cmake --build /home/william-ubuntu/16832_ws/build/aws_robomaker_bookstore_world -- -j12 -l12
[0.395s] DEBUG:colcon.colcon_core.event_handler.log_command:Invoking command in '/home/william-ubuntu/16832_ws/build/aws_robomaker_bookstore_world': CMAKE_PREFIX_PATH=/home/william-ubuntu/16832_ws/install/laplace_pathfinder:/home/william-ubuntu/16832_ws/install/gazebo_ros2_2dmap_plugin:/home/william-ubuntu/16832_ws/install/dynamic_logistics_warehouse:/opt/ros/humble:/home/william-ubuntu/16832_ws/install/aws_robomaker_bookstore_world /usr/bin/cmake --install /home/william-ubuntu/16832_ws/build/aws_robomaker_bookstore_world
[0.404s] Level 1:colcon.colcon_core.environment:create_environment_scripts_only(dynamic_logistics_warehouse)
[0.412s] DEBUG:colcon.colcon_core.event_handler.log_command:Invoked command in '/home/william-ubuntu/16832_ws/build/dynamic_logistics_warehouse' returned '0': CMAKE_PREFIX_PATH=/home/william-ubuntu/16832_ws/install/laplace_pathfinder:/home/william-ubuntu/16832_ws/install/gazebo_ros2_2dmap_plugin:/home/william-ubuntu/16832_ws/install/dynamic_logistics_warehouse:/opt/ros/humble:/home/william-ubuntu/16832_ws/install/aws_robomaker_bookstore_world /usr/bin/cmake --install /home/william-ubuntu/16832_ws/build/dynamic_logistics_warehouse
[0.425s] Level 1:colcon.colcon_core.environment:checking '/home/william-ubuntu/16832_ws/install/dynamic_logistics_warehouse' for CMake module files
[0.429s] Level 1:colcon.colcon_core.environment:checking '/home/william-ubuntu/16832_ws/install/dynamic_logistics_warehouse' for CMake config files
[0.430s] Level 1:colcon.colcon_core.shell:create_environment_hook('dynamic_logistics_warehouse', 'cmake_prefix_path')
[0.430s] INFO:colcon.colcon_core.shell:Creating environment hook '/home/william-ubuntu/16832_ws/install/dynamic_logistics_warehouse/share/dynamic_logistics_warehouse/hook/cmake_prefix_path.ps1'
[0.431s] INFO:colcon.colcon_core.shell:Creating environment descriptor '/home/william-ubuntu/16832_ws/install/dynamic_logistics_warehouse/share/dynamic_logistics_warehouse/hook/cmake_prefix_path.dsv'
[0.431s] INFO:colcon.colcon_core.shell:Creating environment hook '/home/william-ubuntu/16832_ws/install/dynamic_logistics_warehouse/share/dynamic_logistics_warehouse/hook/cmake_prefix_path.sh'
[0.432s] Level 1:colcon.colcon_core.environment:checking '/home/william-ubuntu/16832_ws/install/dynamic_logistics_warehouse/bin'
[0.432s] Level 1:colcon.colcon_core.environment:checking '/home/william-ubuntu/16832_ws/install/dynamic_logistics_warehouse/lib/pkgconfig/dynamic_logistics_warehouse.pc'
[0.432s] Level 1:colcon.colcon_core.environment:checking '/home/william-ubuntu/16832_ws/install/dynamic_logistics_warehouse/lib/python3.10/site-packages'
[0.432s] Level 1:colcon.colcon_core.environment:checking '/home/william-ubuntu/16832_ws/install/dynamic_logistics_warehouse/bin'
[0.432s] INFO:colcon.colcon_core.shell:Creating package script '/home/william-ubuntu/16832_ws/install/dynamic_logistics_warehouse/share/dynamic_logistics_warehouse/package.ps1'
[0.433s] INFO:colcon.colcon_core.shell:Creating package descriptor '/home/william-ubuntu/16832_ws/install/dynamic_logistics_warehouse/share/dynamic_logistics_warehouse/package.dsv'
[0.433s] INFO:colcon.colcon_core.shell:Creating package script '/home/william-ubuntu/16832_ws/install/dynamic_logistics_warehouse/share/dynamic_logistics_warehouse/package.sh'
[0.434s] INFO:colcon.colcon_core.shell:Creating package script '/home/william-ubuntu/16832_ws/install/dynamic_logistics_warehouse/share/dynamic_logistics_warehouse/package.bash'
[0.434s] INFO:colcon.colcon_core.shell:Creating package script '/home/william-ubuntu/16832_ws/install/dynamic_logistics_warehouse/share/dynamic_logistics_warehouse/package.zsh'
[0.435s] Level 1:colcon.colcon_core.environment:create_file_with_runtime_dependencies(/home/william-ubuntu/16832_ws/install/dynamic_logistics_warehouse/share/colcon-core/packages/dynamic_logistics_warehouse)
[0.435s] Level 1:colcon.colcon_core.environment:create_environment_scripts_only(dynamic_logistics_warehouse)
[0.435s] Level 1:colcon.colcon_core.environment:checking '/home/william-ubuntu/16832_ws/install/dynamic_logistics_warehouse' for CMake module files
[0.435s] Level 1:colcon.colcon_core.environment:checking '/home/william-ubuntu/16832_ws/install/dynamic_logistics_warehouse' for CMake config files
[0.436s] Level 1:colcon.colcon_core.shell:create_environment_hook('dynamic_logistics_warehouse', 'cmake_prefix_path')
[0.436s] INFO:colcon.colcon_core.shell:Creating environment hook '/home/william-ubuntu/16832_ws/install/dynamic_logistics_warehouse/share/dynamic_logistics_warehouse/hook/cmake_prefix_path.ps1'
[0.436s] INFO:colcon.colcon_core.shell:Creating environment descriptor '/home/william-ubuntu/16832_ws/install/dynamic_logistics_warehouse/share/dynamic_logistics_warehouse/hook/cmake_prefix_path.dsv'
[0.437s] INFO:colcon.colcon_core.shell:Creating environment hook '/home/william-ubuntu/16832_ws/install/dynamic_logistics_warehouse/share/dynamic_logistics_warehouse/hook/cmake_prefix_path.sh'
[0.437s] Level 1:colcon.colcon_core.environment:checking '/home/william-ubuntu/16832_ws/install/dynamic_logistics_warehouse/bin'
[0.437s] Level 1:colcon.colcon_core.environment:checking '/home/william-ubuntu/16832_ws/install/dynamic_logistics_warehouse/lib/pkgconfig/dynamic_logistics_warehouse.pc'
[0.437s] Level 1:colcon.colcon_core.environment:checking '/home/william-ubuntu/16832_ws/install/dynamic_logistics_warehouse/lib/python3.10/site-packages'
[0.437s] Level 1:colcon.colcon_core.environment:checking '/home/william-ubuntu/16832_ws/install/dynamic_logistics_warehouse/bin'
[0.437s] INFO:colcon.colcon_core.shell:Creating package script '/home/william-ubuntu/16832_ws/install/dynamic_logistics_warehouse/share/dynamic_logistics_warehouse/package.ps1'
[0.438s] INFO:colcon.colcon_core.shell:Creating package descriptor '/home/william-ubuntu/16832_ws/install/dynamic_logistics_warehouse/share/dynamic_logistics_warehouse/package.dsv'
[0.438s] INFO:colcon.colcon_core.shell:Creating package script '/home/william-ubuntu/16832_ws/install/dynamic_logistics_warehouse/share/dynamic_logistics_warehouse/package.sh'
[0.439s] INFO:colcon.colcon_core.shell:Creating package script '/home/william-ubuntu/16832_ws/install/dynamic_logistics_warehouse/share/dynamic_logistics_warehouse/package.bash'
[0.439s] INFO:colcon.colcon_core.shell:Creating package script '/home/william-ubuntu/16832_ws/install/dynamic_logistics_warehouse/share/dynamic_logistics_warehouse/package.zsh'
[0.439s] Level 1:colcon.colcon_core.environment:create_file_with_runtime_dependencies(/home/william-ubuntu/16832_ws/install/dynamic_logistics_warehouse/share/colcon-core/packages/dynamic_logistics_warehouse)
[0.439s] INFO:colcon.colcon_ros.task.ament_cmake.build:Building ROS package in '/home/william-ubuntu/16832_ws/src/laplace_pathfinder' with build type 'ament_cmake'
[0.439s] INFO:colcon.colcon_cmake.task.cmake.build:Building CMake package in '/home/william-ubuntu/16832_ws/src/laplace_pathfinder'
[0.440s] INFO:colcon.colcon_core.shell:Skip shell extension 'powershell' for command environment: Not usable outside of PowerShell
[0.440s] DEBUG:colcon.colcon_core.shell:Skip shell extension 'dsv' for command environment
[0.442s] Level 1:colcon.colcon_core.environment:create_environment_scripts_only(aws_robomaker_bookstore_world)
[0.442s] Level 1:colcon.colcon_core.environment:checking '/home/william-ubuntu/16832_ws/install/aws_robomaker_bookstore_world' for CMake module files
[0.443s] DEBUG:colcon.colcon_core.event_handler.log_command:Invoked command in '/home/william-ubuntu/16832_ws/build/aws_robomaker_bookstore_world' returned '0': CMAKE_PREFIX_PATH=/home/william-ubuntu/16832_ws/install/laplace_pathfinder:/home/william-ubuntu/16832_ws/install/gazebo_ros2_2dmap_plugin:/home/william-ubuntu/16832_ws/install/dynamic_logistics_warehouse:/opt/ros/humble:/home/william-ubuntu/16832_ws/install/aws_robomaker_bookstore_world /usr/bin/cmake --install /home/william-ubuntu/16832_ws/build/aws_robomaker_bookstore_world
[0.443s] Level 1:colcon.colcon_core.environment:checking '/home/william-ubuntu/16832_ws/install/aws_robomaker_bookstore_world' for CMake config files
[0.444s] Level 1:colcon.colcon_core.shell:create_environment_hook('aws_robomaker_bookstore_world', 'cmake_prefix_path')
[0.444s] INFO:colcon.colcon_core.shell:Creating environment hook '/home/william-ubuntu/16832_ws/install/aws_robomaker_bookstore_world/share/aws_robomaker_bookstore_world/hook/cmake_prefix_path.ps1'
[0.445s] INFO:colcon.colcon_core.shell:Creating environment descriptor '/home/william-ubuntu/16832_ws/install/aws_robomaker_bookstore_world/share/aws_robomaker_bookstore_world/hook/cmake_prefix_path.dsv'
[0.445s] INFO:colcon.colcon_core.shell:Creating environment hook '/home/william-ubuntu/16832_ws/install/aws_robomaker_bookstore_world/share/aws_robomaker_bookstore_world/hook/cmake_prefix_path.sh'
[0.445s] Level 1:colcon.colcon_core.environment:checking '/home/william-ubuntu/16832_ws/install/aws_robomaker_bookstore_world/bin'
[0.445s] Level 1:colcon.colcon_core.environment:checking '/home/william-ubuntu/16832_ws/install/aws_robomaker_bookstore_world/lib/pkgconfig/aws_robomaker_bookstore_world.pc'
[0.445s] Level 1:colcon.colcon_core.environment:checking '/home/william-ubuntu/16832_ws/install/aws_robomaker_bookstore_world/lib/python3.10/site-packages'
[0.446s] Level 1:colcon.colcon_core.environment:checking '/home/william-ubuntu/16832_ws/install/aws_robomaker_bookstore_world/bin'
[0.446s] INFO:colcon.colcon_core.shell:Creating package script '/home/william-ubuntu/16832_ws/install/aws_robomaker_bookstore_world/share/aws_robomaker_bookstore_world/package.ps1'
[0.446s] INFO:colcon.colcon_core.shell:Creating package descriptor '/home/william-ubuntu/16832_ws/install/aws_robomaker_bookstore_world/share/aws_robomaker_bookstore_world/package.dsv'
[0.446s] INFO:colcon.colcon_core.shell:Creating package script '/home/william-ubuntu/16832_ws/install/aws_robomaker_bookstore_world/share/aws_robomaker_bookstore_world/package.sh'
[0.447s] INFO:colcon.colcon_core.shell:Creating package script '/home/william-ubuntu/16832_ws/install/aws_robomaker_bookstore_world/share/aws_robomaker_bookstore_world/package.bash'
[0.447s] INFO:colcon.colcon_core.shell:Creating package script '/home/william-ubuntu/16832_ws/install/aws_robomaker_bookstore_world/share/aws_robomaker_bookstore_world/package.zsh'
[0.447s] Level 1:colcon.colcon_core.environment:create_file_with_runtime_dependencies(/home/william-ubuntu/16832_ws/install/aws_robomaker_bookstore_world/share/colcon-core/packages/aws_robomaker_bookstore_world)
[0.447s] Level 1:colcon.colcon_core.environment:create_environment_scripts_only(aws_robomaker_bookstore_world)
[0.447s] Level 1:colcon.colcon_core.environment:checking '/home/william-ubuntu/16832_ws/install/aws_robomaker_bookstore_world' for CMake module files
[0.448s] Level 1:colcon.colcon_core.environment:checking '/home/william-ubuntu/16832_ws/install/aws_robomaker_bookstore_world' for CMake config files
[0.449s] Level 1:colcon.colcon_core.shell:create_environment_hook('aws_robomaker_bookstore_world', 'cmake_prefix_path')
[0.449s] INFO:colcon.colcon_core.shell:Creating environment hook '/home/william-ubuntu/16832_ws/install/aws_robomaker_bookstore_world/share/aws_robomaker_bookstore_world/hook/cmake_prefix_path.ps1'
[0.449s] INFO:colcon.colcon_core.shell:Creating environment descriptor '/home/william-ubuntu/16832_ws/install/aws_robomaker_bookstore_world/share/aws_robomaker_bookstore_world/hook/cmake_prefix_path.dsv'
[0.449s] INFO:colcon.colcon_core.shell:Creating environment hook '/home/william-ubuntu/16832_ws/install/aws_robomaker_bookstore_world/share/aws_robomaker_bookstore_world/hook/cmake_prefix_path.sh'
[0.450s] Level 1:colcon.colcon_core.environment:checking '/home/william-ubuntu/16832_ws/install/aws_robomaker_bookstore_world/bin'
[0.450s] Level 1:colcon.colcon_core.environment:checking '/home/william-ubuntu/16832_ws/install/aws_robomaker_bookstore_world/lib/pkgconfig/aws_robomaker_bookstore_world.pc'
[0.450s] Level 1:colcon.colcon_core.environment:checking '/home/william-ubuntu/16832_ws/install/aws_robomaker_bookstore_world/lib/python3.10/site-packages'
[0.450s] Level 1:colcon.colcon_core.environment:checking '/home/william-ubuntu/16832_ws/install/aws_robomaker_bookstore_world/bin'
[0.450s] INFO:colcon.colcon_core.shell:Creating package script '/home/william-ubuntu/16832_ws/install/aws_robomaker_bookstore_world/share/aws_robomaker_bookstore_world/package.ps1'
[0.451s] INFO:colcon.colcon_core.shell:Creating package descriptor '/home/william-ubuntu/16832_ws/install/aws_robomaker_bookstore_world/share/aws_robomaker_bookstore_world/package.dsv'
[0.451s] INFO:colcon.colcon_core.shell:Creating package script '/home/william-ubuntu/16832_ws/install/aws_robomaker_bookstore_world/share/aws_robomaker_bookstore_world/package.sh'
[0.451s] INFO:colcon.colcon_core.shell:Creating package script '/home/william-ubuntu/16832_ws/install/aws_robomaker_bookstore_world/share/aws_robomaker_bookstore_world/package.bash'
[0.451s] INFO:colcon.colcon_core.shell:Creating package script '/home/william-ubuntu/16832_ws/install/aws_robomaker_bookstore_world/share/aws_robomaker_bookstore_world/package.zsh'
[0.451s] Level 1:colcon.colcon_core.environment:create_file_with_runtime_dependencies(/home/william-ubuntu/16832_ws/install/aws_robomaker_bookstore_world/share/colcon-core/packages/aws_robomaker_bookstore_world)
[0.454s] DEBUG:colcon.colcon_core.event_handler.log_command:Invoking command in '/home/william-ubuntu/16832_ws/build/laplace_pathfinder': CMAKE_PREFIX_PATH=/home/william-ubuntu/16832_ws/install/dynamic_logistics_warehouse:/home/william-ubuntu/16832_ws/install/laplace_pathfinder:/home/william-ubuntu/16832_ws/install/gazebo_ros2_2dmap_plugin:/opt/ros/humble:/home/william-ubuntu/16832_ws/install/aws_robomaker_bookstore_world /usr/bin/cmake --build /home/william-ubuntu/16832_ws/build/laplace_pathfinder -- -j12 -l12
[0.483s] DEBUG:colcon.colcon_core.event_handler.log_command:Invoked command in '/home/william-ubuntu/16832_ws/build/gazebo_ros2_2dmap_plugin' returned '0': CMAKE_PREFIX_PATH=/home/william-ubuntu/16832_ws/install/laplace_pathfinder:/home/william-ubuntu/16832_ws/install/gazebo_ros2_2dmap_plugin:/home/william-ubuntu/16832_ws/install/dynamic_logistics_warehouse:/opt/ros/humble:/home/william-ubuntu/16832_ws/install/aws_robomaker_bookstore_world /usr/bin/cmake --build /home/william-ubuntu/16832_ws/build/gazebo_ros2_2dmap_plugin -- -j12 -l12
[0.485s] DEBUG:colcon.colcon_core.event_handler.log_command:Invoking command in '/home/william-ubuntu/16832_ws/build/gazebo_ros2_2dmap_plugin': CMAKE_PREFIX_PATH=/home/william-ubuntu/16832_ws/install/laplace_pathfinder:/home/william-ubuntu/16832_ws/install/gazebo_ros2_2dmap_plugin:/home/william-ubuntu/16832_ws/install/dynamic_logistics_warehouse:/opt/ros/humble:/home/william-ubuntu/16832_ws/install/aws_robomaker_bookstore_world /usr/bin/cmake --install /home/william-ubuntu/16832_ws/build/gazebo_ros2_2dmap_plugin
[0.488s] DEBUG:colcon.colcon_core.event_handler.log_command:Invoked command in '/home/william-ubuntu/16832_ws/build/laplace_pathfinder' returned '0': CMAKE_PREFIX_PATH=/home/william-ubuntu/16832_ws/install/dynamic_logistics_warehouse:/home/william-ubuntu/16832_ws/install/laplace_pathfinder:/home/william-ubuntu/16832_ws/install/gazebo_ros2_2dmap_plugin:/opt/ros/humble:/home/william-ubuntu/16832_ws/install/aws_robomaker_bookstore_world /usr/bin/cmake --build /home/william-ubuntu/16832_ws/build/laplace_pathfinder -- -j12 -l12
[0.489s] DEBUG:colcon.colcon_core.event_handler.log_command:Invoking command in '/home/william-ubuntu/16832_ws/build/laplace_pathfinder': CMAKE_PREFIX_PATH=/home/william-ubuntu/16832_ws/install/dynamic_logistics_warehouse:/home/william-ubuntu/16832_ws/install/laplace_pathfinder:/home/william-ubuntu/16832_ws/install/gazebo_ros2_2dmap_plugin:/opt/ros/humble:/home/william-ubuntu/16832_ws/install/aws_robomaker_bookstore_world /usr/bin/cmake --install /home/william-ubuntu/16832_ws/build/laplace_pathfinder
[0.494s] Level 1:colcon.colcon_core.environment:create_environment_scripts_only(gazebo_ros2_2dmap_plugin)
[0.494s] DEBUG:colcon.colcon_core.event_handler.log_command:Invoked command in '/home/william-ubuntu/16832_ws/build/gazebo_ros2_2dmap_plugin' returned '0': CMAKE_PREFIX_PATH=/home/william-ubuntu/16832_ws/install/laplace_pathfinder:/home/william-ubuntu/16832_ws/install/gazebo_ros2_2dmap_plugin:/home/william-ubuntu/16832_ws/install/dynamic_logistics_warehouse:/opt/ros/humble:/home/william-ubuntu/16832_ws/install/aws_robomaker_bookstore_world /usr/bin/cmake --install /home/william-ubuntu/16832_ws/build/gazebo_ros2_2dmap_plugin
[0.494s] Level 1:colcon.colcon_core.environment:checking '/home/william-ubuntu/16832_ws/install/gazebo_ros2_2dmap_plugin' for CMake module files
[0.495s] Level 1:colcon.colcon_core.environment:checking '/home/william-ubuntu/16832_ws/install/gazebo_ros2_2dmap_plugin' for CMake config files
[0.495s] Level 1:colcon.colcon_core.shell:create_environment_hook('gazebo_ros2_2dmap_plugin', 'cmake_prefix_path')
[0.496s] INFO:colcon.colcon_core.shell:Creating environment hook '/home/william-ubuntu/16832_ws/install/gazebo_ros2_2dmap_plugin/share/gazebo_ros2_2dmap_plugin/hook/cmake_prefix_path.ps1'
[0.496s] INFO:colcon.colcon_core.shell:Creating environment descriptor '/home/william-ubuntu/16832_ws/install/gazebo_ros2_2dmap_plugin/share/gazebo_ros2_2dmap_plugin/hook/cmake_prefix_path.dsv'
[0.497s] INFO:colcon.colcon_core.shell:Creating environment hook '/home/william-ubuntu/16832_ws/install/gazebo_ros2_2dmap_plugin/share/gazebo_ros2_2dmap_plugin/hook/cmake_prefix_path.sh'
[0.498s] Level 1:colcon.colcon_core.environment:checking '/home/william-ubuntu/16832_ws/install/gazebo_ros2_2dmap_plugin/lib'
[0.499s] Level 1:colcon.colcon_core.shell:create_environment_hook('gazebo_ros2_2dmap_plugin', 'ld_library_path_lib')
[0.499s] INFO:colcon.colcon_core.shell:Creating environment hook '/home/william-ubuntu/16832_ws/install/gazebo_ros2_2dmap_plugin/share/gazebo_ros2_2dmap_plugin/hook/ld_library_path_lib.ps1'
[0.499s] INFO:colcon.colcon_core.shell:Creating environment descriptor '/home/william-ubuntu/16832_ws/install/gazebo_ros2_2dmap_plugin/share/gazebo_ros2_2dmap_plugin/hook/ld_library_path_lib.dsv'
[0.500s] INFO:colcon.colcon_core.shell:Creating environment hook '/home/william-ubuntu/16832_ws/install/gazebo_ros2_2dmap_plugin/share/gazebo_ros2_2dmap_plugin/hook/ld_library_path_lib.sh'
[0.500s] Level 1:colcon.colcon_core.environment:checking '/home/william-ubuntu/16832_ws/install/gazebo_ros2_2dmap_plugin/bin'
[0.500s] Level 1:colcon.colcon_core.environment:checking '/home/william-ubuntu/16832_ws/install/gazebo_ros2_2dmap_plugin/lib/pkgconfig/gazebo_ros2_2dmap_plugin.pc'
[0.500s] Level 1:colcon.colcon_core.environment:checking '/home/william-ubuntu/16832_ws/install/gazebo_ros2_2dmap_plugin/lib/python3.10/site-packages'
[0.500s] Level 1:colcon.colcon_core.environment:checking '/home/william-ubuntu/16832_ws/install/gazebo_ros2_2dmap_plugin/bin'
[0.501s] INFO:colcon.colcon_core.shell:Creating package script '/home/william-ubuntu/16832_ws/install/gazebo_ros2_2dmap_plugin/share/gazebo_ros2_2dmap_plugin/package.ps1'
[0.501s] INFO:colcon.colcon_core.shell:Creating package descriptor '/home/william-ubuntu/16832_ws/install/gazebo_ros2_2dmap_plugin/share/gazebo_ros2_2dmap_plugin/package.dsv'
[0.501s] INFO:colcon.colcon_core.shell:Creating package script '/home/william-ubuntu/16832_ws/install/gazebo_ros2_2dmap_plugin/share/gazebo_ros2_2dmap_plugin/package.sh'
[0.501s] INFO:colcon.colcon_core.shell:Creating package script '/home/william-ubuntu/16832_ws/install/gazebo_ros2_2dmap_plugin/share/gazebo_ros2_2dmap_plugin/package.bash'
[0.502s] INFO:colcon.colcon_core.shell:Creating package script '/home/william-ubuntu/16832_ws/install/gazebo_ros2_2dmap_plugin/share/gazebo_ros2_2dmap_plugin/package.zsh'
[0.502s] Level 1:colcon.colcon_core.environment:create_file_with_runtime_dependencies(/home/william-ubuntu/16832_ws/install/gazebo_ros2_2dmap_plugin/share/colcon-core/packages/gazebo_ros2_2dmap_plugin)
[0.502s] Level 1:colcon.colcon_core.environment:create_environment_scripts_only(gazebo_ros2_2dmap_plugin)
[0.502s] Level 1:colcon.colcon_core.environment:checking '/home/william-ubuntu/16832_ws/install/gazebo_ros2_2dmap_plugin' for CMake module files
[0.503s] Level 1:colcon.colcon_core.environment:checking '/home/william-ubuntu/16832_ws/install/gazebo_ros2_2dmap_plugin' for CMake config files
[0.503s] Level 1:colcon.colcon_core.shell:create_environment_hook('gazebo_ros2_2dmap_plugin', 'cmake_prefix_path')
[0.503s] INFO:colcon.colcon_core.shell:Creating environment hook '/home/william-ubuntu/16832_ws/install/gazebo_ros2_2dmap_plugin/share/gazebo_ros2_2dmap_plugin/hook/cmake_prefix_path.ps1'
[0.503s] INFO:colcon.colcon_core.shell:Creating environment descriptor '/home/william-ubuntu/16832_ws/install/gazebo_ros2_2dmap_plugin/share/gazebo_ros2_2dmap_plugin/hook/cmake_prefix_path.dsv'
[0.504s] INFO:colcon.colcon_core.shell:Creating environment hook '/home/william-ubuntu/16832_ws/install/gazebo_ros2_2dmap_plugin/share/gazebo_ros2_2dmap_plugin/hook/cmake_prefix_path.sh'
[0.504s] Level 1:colcon.colcon_core.environment:checking '/home/william-ubuntu/16832_ws/install/gazebo_ros2_2dmap_plugin/lib'
[0.504s] Level 1:colcon.colcon_core.shell:create_environment_hook('gazebo_ros2_2dmap_plugin', 'ld_library_path_lib')
[0.504s] INFO:colcon.colcon_core.shell:Creating environment hook '/home/william-ubuntu/16832_ws/install/gazebo_ros2_2dmap_plugin/share/gazebo_ros2_2dmap_plugin/hook/ld_library_path_lib.ps1'
[0.504s] INFO:colcon.colcon_core.shell:Creating environment descriptor '/home/william-ubuntu/16832_ws/install/gazebo_ros2_2dmap_plugin/share/gazebo_ros2_2dmap_plugin/hook/ld_library_path_lib.dsv'
[0.505s] INFO:colcon.colcon_core.shell:Creating environment hook '/home/william-ubuntu/16832_ws/install/gazebo_ros2_2dmap_plugin/share/gazebo_ros2_2dmap_plugin/hook/ld_library_path_lib.sh'
[0.505s] Level 1:colcon.colcon_core.environment:checking '/home/william-ubuntu/16832_ws/install/gazebo_ros2_2dmap_plugin/bin'
[0.505s] Level 1:colcon.colcon_core.environment:checking '/home/william-ubuntu/16832_ws/install/gazebo_ros2_2dmap_plugin/lib/pkgconfig/gazebo_ros2_2dmap_plugin.pc'
[0.505s] Level 1:colcon.colcon_core.environment:checking '/home/william-ubuntu/16832_ws/install/gazebo_ros2_2dmap_plugin/lib/python3.10/site-packages'
[0.505s] Level 1:colcon.colcon_core.environment:checking '/home/william-ubuntu/16832_ws/install/gazebo_ros2_2dmap_plugin/bin'
[0.505s] INFO:colcon.colcon_core.shell:Creating package script '/home/william-ubuntu/16832_ws/install/gazebo_ros2_2dmap_plugin/share/gazebo_ros2_2dmap_plugin/package.ps1'
[0.506s] INFO:colcon.colcon_core.shell:Creating package descriptor '/home/william-ubuntu/16832_ws/install/gazebo_ros2_2dmap_plugin/share/gazebo_ros2_2dmap_plugin/package.dsv'
[0.506s] INFO:colcon.colcon_core.shell:Creating package script '/home/william-ubuntu/16832_ws/install/gazebo_ros2_2dmap_plugin/share/gazebo_ros2_2dmap_plugin/package.sh'
[0.506s] INFO:colcon.colcon_core.shell:Creating package script '/home/william-ubuntu/16832_ws/install/gazebo_ros2_2dmap_plugin/share/gazebo_ros2_2dmap_plugin/package.bash'
[0.506s] INFO:colcon.colcon_core.shell:Creating package script '/home/william-ubuntu/16832_ws/install/gazebo_ros2_2dmap_plugin/share/gazebo_ros2_2dmap_plugin/package.zsh'
[0.507s] Level 1:colcon.colcon_core.environment:create_file_with_runtime_dependencies(/home/william-ubuntu/16832_ws/install/gazebo_ros2_2dmap_plugin/share/colcon-core/packages/gazebo_ros2_2dmap_plugin)
[0.507s] Level 1:colcon.colcon_core.environment:create_environment_scripts_only(laplace_pathfinder)
[0.507s] Level 1:colcon.colcon_core.environment:checking '/home/william-ubuntu/16832_ws/install/laplace_pathfinder' for CMake module files
[0.508s] DEBUG:colcon.colcon_core.event_handler.log_command:Invoked command in '/home/william-ubuntu/16832_ws/build/laplace_pathfinder' returned '0': CMAKE_PREFIX_PATH=/home/william-ubuntu/16832_ws/install/dynamic_logistics_warehouse:/home/william-ubuntu/16832_ws/install/laplace_pathfinder:/home/william-ubuntu/16832_ws/install/gazebo_ros2_2dmap_plugin:/opt/ros/humble:/home/william-ubuntu/16832_ws/install/aws_robomaker_bookstore_world /usr/bin/cmake --install /home/william-ubuntu/16832_ws/build/laplace_pathfinder
[0.508s] Level 1:colcon.colcon_core.environment:checking '/home/william-ubuntu/16832_ws/install/laplace_pathfinder' for CMake config files
[0.508s] Level 1:colcon.colcon_core.shell:create_environment_hook('laplace_pathfinder', 'cmake_prefix_path')
[0.508s] INFO:colcon.colcon_core.shell:Creating environment hook '/home/william-ubuntu/16832_ws/install/laplace_pathfinder/share/laplace_pathfinder/hook/cmake_prefix_path.ps1'
[0.509s] INFO:colcon.colcon_core.shell:Creating environment descriptor '/home/william-ubuntu/16832_ws/install/laplace_pathfinder/share/laplace_pathfinder/hook/cmake_prefix_path.dsv'
[0.509s] INFO:colcon.colcon_core.shell:Creating environment hook '/home/william-ubuntu/16832_ws/install/laplace_pathfinder/share/laplace_pathfinder/hook/cmake_prefix_path.sh'
[0.509s] Level 1:colcon.colcon_core.environment:checking '/home/william-ubuntu/16832_ws/install/laplace_pathfinder/bin'
[0.509s] Level 1:colcon.colcon_core.environment:checking '/home/william-ubuntu/16832_ws/install/laplace_pathfinder/lib/pkgconfig/laplace_pathfinder.pc'
[0.509s] Level 1:colcon.colcon_core.environment:checking '/home/william-ubuntu/16832_ws/install/laplace_pathfinder/lib/python3.10/site-packages'
[0.509s] Level 1:colcon.colcon_core.environment:checking '/home/william-ubuntu/16832_ws/install/laplace_pathfinder/bin'
[0.510s] INFO:colcon.colcon_core.shell:Creating package script '/home/william-ubuntu/16832_ws/install/laplace_pathfinder/share/laplace_pathfinder/package.ps1'
[0.510s] INFO:colcon.colcon_core.shell:Creating package descriptor '/home/william-ubuntu/16832_ws/install/laplace_pathfinder/share/laplace_pathfinder/package.dsv'
[0.510s] INFO:colcon.colcon_core.shell:Creating package script '/home/william-ubuntu/16832_ws/install/laplace_pathfinder/share/laplace_pathfinder/package.sh'
[0.510s] INFO:colcon.colcon_core.shell:Creating package script '/home/william-ubuntu/16832_ws/install/laplace_pathfinder/share/laplace_pathfinder/package.bash'
[0.510s] INFO:colcon.colcon_core.shell:Creating package script '/home/william-ubuntu/16832_ws/install/laplace_pathfinder/share/laplace_pathfinder/package.zsh'
[0.511s] Level 1:colcon.colcon_core.environment:create_file_with_runtime_dependencies(/home/william-ubuntu/16832_ws/install/laplace_pathfinder/share/colcon-core/packages/laplace_pathfinder)
[0.511s] Level 1:colcon.colcon_core.environment:create_environment_scripts_only(laplace_pathfinder)
[0.511s] Level 1:colcon.colcon_core.environment:checking '/home/william-ubuntu/16832_ws/install/laplace_pathfinder' for CMake module files
[0.511s] Level 1:colcon.colcon_core.environment:checking '/home/william-ubuntu/16832_ws/install/laplace_pathfinder' for CMake config files
[0.512s] Level 1:colcon.colcon_core.shell:create_environment_hook('laplace_pathfinder', 'cmake_prefix_path')
[0.512s] INFO:colcon.colcon_core.shell:Creating environment hook '/home/william-ubuntu/16832_ws/install/laplace_pathfinder/share/laplace_pathfinder/hook/cmake_prefix_path.ps1'
[0.512s] INFO:colcon.colcon_core.shell:Creating environment descriptor '/home/william-ubuntu/16832_ws/install/laplace_pathfinder/share/laplace_pathfinder/hook/cmake_prefix_path.dsv'
[0.512s] INFO:colcon.colcon_core.shell:Creating environment hook '/home/william-ubuntu/16832_ws/install/laplace_pathfinder/share/laplace_pathfinder/hook/cmake_prefix_path.sh'
[0.512s] Level 1:colcon.colcon_core.environment:checking '/home/william-ubuntu/16832_ws/install/laplace_pathfinder/bin'
[0.513s] Level 1:colcon.colcon_core.environment:checking '/home/william-ubuntu/16832_ws/install/laplace_pathfinder/lib/pkgconfig/laplace_pathfinder.pc'
[0.513s] Level 1:colcon.colcon_core.environment:checking '/home/william-ubuntu/16832_ws/install/laplace_pathfinder/lib/python3.10/site-packages'
[0.513s] Level 1:colcon.colcon_core.environment:checking '/home/william-ubuntu/16832_ws/install/laplace_pathfinder/bin'
[0.513s] INFO:colcon.colcon_core.shell:Creating package script '/home/william-ubuntu/16832_ws/install/laplace_pathfinder/share/laplace_pathfinder/package.ps1'
[0.513s] INFO:colcon.colcon_core.shell:Creating package descriptor '/home/william-ubuntu/16832_ws/install/laplace_pathfinder/share/laplace_pathfinder/package.dsv'
[0.514s] INFO:colcon.colcon_core.shell:Creating package script '/home/william-ubuntu/16832_ws/install/laplace_pathfinder/share/laplace_pathfinder/package.sh'
[0.514s] INFO:colcon.colcon_core.shell:Creating package script '/home/william-ubuntu/16832_ws/install/laplace_pathfinder/share/laplace_pathfinder/package.bash'
[0.514s] INFO:colcon.colcon_core.shell:Creating package script '/home/william-ubuntu/16832_ws/install/laplace_pathfinder/share/laplace_pathfinder/package.zsh'
[0.514s] Level 1:colcon.colcon_core.environment:create_file_with_runtime_dependencies(/home/william-ubuntu/16832_ws/install/laplace_pathfinder/share/colcon-core/packages/laplace_pathfinder)
[0.699s] DEBUG:colcon.colcon_core.event_handler.log_command:Invoked command in '/home/william-ubuntu/16832_ws/build/aws_robomaker_small_warehouse_world' returned '1': /usr/bin/cmake /home/william-ubuntu/16832_ws/src/aws-robomaker-small-warehouse-world -DCATKIN_INSTALL_INTO_PREFIX_ROOT=0 -DCMAKE_INSTALL_PREFIX=/home/william-ubuntu/16832_ws/install/aws_robomaker_small_warehouse_world
[0.708s] Level 1:colcon.colcon_core.environment:create_environment_scripts_only(aws_robomaker_small_warehouse_world)
[0.708s] Level 1:colcon.colcon_core.environment:checking '/home/william-ubuntu/16832_ws/install/aws_robomaker_small_warehouse_world' for CMake module files
[0.708s] Level 1:colcon.colcon_core.environment:checking '/home/william-ubuntu/16832_ws/install/aws_robomaker_small_warehouse_world' for CMake config files
[0.708s] Level 1:colcon.colcon_core.environment:checking '/home/william-ubuntu/16832_ws/install/aws_robomaker_small_warehouse_world/bin'
[0.708s] Level 1:colcon.colcon_core.environment:checking '/home/william-ubuntu/16832_ws/install/aws_robomaker_small_warehouse_world/lib/pkgconfig/aws_robomaker_small_warehouse_world.pc'
[0.709s] Level 1:colcon.colcon_core.environment:checking '/home/william-ubuntu/16832_ws/install/aws_robomaker_small_warehouse_world/lib/python3.10/site-packages'
[0.709s] Level 1:colcon.colcon_core.environment:checking '/home/william-ubuntu/16832_ws/install/aws_robomaker_small_warehouse_world/bin'
[0.709s] INFO:colcon.colcon_core.shell:Creating package script '/home/william-ubuntu/16832_ws/install/aws_robomaker_small_warehouse_world/share/aws_robomaker_small_warehouse_world/package.ps1'
[0.709s] INFO:colcon.colcon_core.shell:Creating package descriptor '/home/william-ubuntu/16832_ws/install/aws_robomaker_small_warehouse_world/share/aws_robomaker_small_warehouse_world/package.dsv'
[0.709s] INFO:colcon.colcon_core.shell:Creating package script '/home/william-ubuntu/16832_ws/install/aws_robomaker_small_warehouse_world/share/aws_robomaker_small_warehouse_world/package.sh'
[0.710s] INFO:colcon.colcon_core.shell:Creating package script '/home/william-ubuntu/16832_ws/install/aws_robomaker_small_warehouse_world/share/aws_robomaker_small_warehouse_world/package.bash'
[0.710s] INFO:colcon.colcon_core.shell:Creating package script '/home/william-ubuntu/16832_ws/install/aws_robomaker_small_warehouse_world/share/aws_robomaker_small_warehouse_world/package.zsh'
[0.710s] Level 1:colcon.colcon_core.environment:create_file_with_runtime_dependencies(/home/william-ubuntu/16832_ws/install/aws_robomaker_small_warehouse_world/share/colcon-core/packages/aws_robomaker_small_warehouse_world)
[0.720s] DEBUG:colcon.colcon_parallel_executor.executor.parallel:closing loop
[0.720s] DEBUG:colcon.colcon_parallel_executor.executor.parallel:loop closed
[0.720s] DEBUG:colcon.colcon_parallel_executor.executor.parallel:run_until_complete finished with '1'
[0.720s] DEBUG:colcon.colcon_core.event_reactor:joining thread
[0.729s] INFO:colcon.colcon_core.plugin_system:Skipping extension 'colcon_notification.desktop_notification.terminal_notifier': Not used on non-Darwin systems
[0.729s] INFO:colcon.colcon_core.plugin_system:Skipping extension 'colcon_notification.desktop_notification.win32': Not used on non-Windows systems
[0.729s] INFO:colcon.colcon_notification.desktop_notification:Sending desktop notification using 'notify2'
[0.744s] DEBUG:colcon.colcon_core.event_reactor:joined thread
[0.745s] INFO:colcon.colcon_core.shell:Creating prefix script '/home/william-ubuntu/16832_ws/install/local_setup.ps1'
[0.745s] INFO:colcon.colcon_core.shell:Creating prefix util module '/home/william-ubuntu/16832_ws/install/_local_setup_util_ps1.py'
[0.746s] INFO:colcon.colcon_core.shell:Creating prefix chain script '/home/william-ubuntu/16832_ws/install/setup.ps1'
[0.747s] INFO:colcon.colcon_core.shell:Creating prefix script '/home/william-ubuntu/16832_ws/install/local_setup.sh'
[0.748s] INFO:colcon.colcon_core.shell:Creating prefix util module '/home/william-ubuntu/16832_ws/install/_local_setup_util_sh.py'
[0.748s] INFO:colcon.colcon_core.shell:Creating prefix chain script '/home/william-ubuntu/16832_ws/install/setup.sh'
[0.749s] INFO:colcon.colcon_core.shell:Creating prefix script '/home/william-ubuntu/16832_ws/install/local_setup.bash'
[0.749s] INFO:colcon.colcon_core.shell:Creating prefix chain script '/home/william-ubuntu/16832_ws/install/setup.bash'
[0.750s] INFO:colcon.colcon_core.shell:Creating prefix script '/home/william-ubuntu/16832_ws/install/local_setup.zsh'
[0.750s] INFO:colcon.colcon_core.shell:Creating prefix chain script '/home/william-ubuntu/16832_ws/install/setup.zsh'
