[0.106s] DEBUG:colcon:Command line arguments: ['/usr/bin/colcon', 'build']
[0.106s] DEBUG:colcon:Parsed command line arguments: Namespace(log_base=None, log_level=None, verb_name='build', build_base='build', install_base='install', merge_install=False, symlink_install=False, test_result_base=None, continue_on_error=False, executor='parallel', parallel_workers=12, event_handlers=None, ignore_user_meta=False, metas=['./colcon.meta'], base_paths=['.'], packages_ignore=None, packages_ignore_regex=None, paths=None, packages_up_to=None, packages_up_to_regex=None, packages_above=None, packages_above_and_dependencies=None, packages_above_depth=None, packages_select_by_dep=None, packages_skip_by_dep=None, packages_skip_up_to=None, packages_select_build_failed=False, packages_skip_build_finished=False, packages_select_test_failures=False, packages_skip_test_passed=False, packages_select=None, packages_skip=None, packages_select_regex=None, packages_skip_regex=None, packages_start=None, packages_end=None, allow_overriding=[], cmake_args=None, cmake_target=None, cmake_target_skip_unavailable=False, cmake_clean_cache=False, cmake_clean_first=False, cmake_force_configure=False, ament_cmake_args=None, catkin_cmake_args=None, catkin_skip_building_tests=False, mixin_files=None, mixin=None, verb_parser=<colcon_mixin.mixin.mixin_argument.MixinArgumentDecorator object at 0x76ee36e11540>, verb_extension=<colcon_core.verb.build.BuildVerb object at 0x76ee36f62530>, main=<bound method BuildVerb.main of <colcon_core.verb.build.BuildVerb object at 0x76ee36f62530>>, mixin_verb=('build',))
[0.243s] Level 1:colcon.colcon_core.package_discovery:discover_packages(colcon_meta) check parameters
[0.243s] Level 1:colcon.colcon_core.package_discovery:discover_packages(recursive) check parameters
[0.243s] Level 1:colcon.colcon_core.package_discovery:discover_packages(ignore) check parameters
[0.243s] Level 1:colcon.colcon_core.package_discovery:discover_packages(path) check parameters
[0.243s] Level 1:colcon.colcon_core.package_discovery:discover_packages(colcon_meta) discover
[0.243s] Level 1:colcon.colcon_core.package_discovery:discover_packages(recursive) discover
[0.243s] INFO:colcon.colcon_core.package_discovery:Crawling recursively for packages in '/home/william-ubuntu/16832_ws'
[0.244s] Level 1:colcon.colcon_core.package_identification:_identify(.) by extensions ['ignore', 'ignore_ament_install']
[0.244s] Level 1:colcon.colcon_core.package_identification:_identify(.) by extension 'ignore'
[0.244s] Level 1:colcon.colcon_core.package_identification:_identify(.) by extension 'ignore_ament_install'
[0.244s] Level 1:colcon.colcon_core.package_identification:_identify(.) by extensions ['colcon_pkg']
[0.244s] Level 1:colcon.colcon_core.package_identification:_identify(.) by extension 'colcon_pkg'
[0.244s] Level 1:colcon.colcon_core.package_identification:_identify(.) by extensions ['colcon_meta']
[0.244s] Level 1:colcon.colcon_core.package_identification:_identify(.) by extension 'colcon_meta'
[0.244s] Level 1:colcon.colcon_core.package_identification:_identify(.) by extensions ['ros']
[0.244s] Level 1:colcon.colcon_core.package_identification:_identify(.) by extension 'ros'
[0.252s] Level 1:colcon.colcon_core.package_identification:_identify(.) by extensions ['cmake', 'python']
[0.252s] Level 1:colcon.colcon_core.package_identification:_identify(.) by extension 'cmake'
[0.252s] Level 1:colcon.colcon_core.package_identification:_identify(.) by extension 'python'
[0.252s] Level 1:colcon.colcon_core.package_identification:_identify(.) by extensions ['python_setup_py']
[0.252s] Level 1:colcon.colcon_core.package_identification:_identify(.) by extension 'python_setup_py'
[0.252s] Level 1:colcon.colcon_core.package_identification:_identify(build) by extensions ['ignore', 'ignore_ament_install']
[0.252s] Level 1:colcon.colcon_core.package_identification:_identify(build) by extension 'ignore'
[0.252s] Level 1:colcon.colcon_core.package_identification:_identify(build) ignored
[0.252s] Level 1:colcon.colcon_core.package_identification:_identify(install) by extensions ['ignore', 'ignore_ament_install']
[0.252s] Level 1:colcon.colcon_core.package_identification:_identify(install) by extension 'ignore'
[0.252s] Level 1:colcon.colcon_core.package_identification:_identify(install) ignored
[0.253s] Level 1:colcon.colcon_core.package_identification:_identify(log) by extensions ['ignore', 'ignore_ament_install']
[0.253s] Level 1:colcon.colcon_core.package_identification:_identify(log) by extension 'ignore'
[0.253s] Level 1:colcon.colcon_core.package_identification:_identify(log) ignored
[0.253s] Level 1:colcon.colcon_core.package_identification:_identify(src) by extensions ['ignore', 'ignore_ament_install']
[0.253s] Level 1:colcon.colcon_core.package_identification:_identify(src) by extension 'ignore'
[0.253s] Level 1:colcon.colcon_core.package_identification:_identify(src) by extension 'ignore_ament_install'
[0.253s] Level 1:colcon.colcon_core.package_identification:_identify(src) by extensions ['colcon_pkg']
[0.253s] Level 1:colcon.colcon_core.package_identification:_identify(src) by extension 'colcon_pkg'
[0.253s] Level 1:colcon.colcon_core.package_identification:_identify(src) by extensions ['colcon_meta']
[0.253s] Level 1:colcon.colcon_core.package_identification:_identify(src) by extension 'colcon_meta'
[0.253s] Level 1:colcon.colcon_core.package_identification:_identify(src) by extensions ['ros']
[0.253s] Level 1:colcon.colcon_core.package_identification:_identify(src) by extension 'ros'
[0.253s] Level 1:colcon.colcon_core.package_identification:_identify(src) by extensions ['cmake', 'python']
[0.253s] Level 1:colcon.colcon_core.package_identification:_identify(src) by extension 'cmake'
[0.253s] Level 1:colcon.colcon_core.package_identification:_identify(src) by extension 'python'
[0.253s] Level 1:colcon.colcon_core.package_identification:_identify(src) by extensions ['python_setup_py']
[0.253s] Level 1:colcon.colcon_core.package_identification:_identify(src) by extension 'python_setup_py'
[0.253s] Level 1:colcon.colcon_core.package_identification:_identify(src/aws-robomaker-bookstore-world) by extensions ['ignore', 'ignore_ament_install']
[0.253s] Level 1:colcon.colcon_core.package_identification:_identify(src/aws-robomaker-bookstore-world) by extension 'ignore'
[0.253s] Level 1:colcon.colcon_core.package_identification:_identify(src/aws-robomaker-bookstore-world) by extension 'ignore_ament_install'
[0.253s] Level 1:colcon.colcon_core.package_identification:_identify(src/aws-robomaker-bookstore-world) by extensions ['colcon_pkg']
[0.253s] Level 1:colcon.colcon_core.package_identification:_identify(src/aws-robomaker-bookstore-world) by extension 'colcon_pkg'
[0.253s] Level 1:colcon.colcon_core.package_identification:_identify(src/aws-robomaker-bookstore-world) by extensions ['colcon_meta']
[0.253s] Level 1:colcon.colcon_core.package_identification:_identify(src/aws-robomaker-bookstore-world) by extension 'colcon_meta'
[0.253s] Level 1:colcon.colcon_core.package_identification:_identify(src/aws-robomaker-bookstore-world) by extensions ['ros']
[0.253s] Level 1:colcon.colcon_core.package_identification:_identify(src/aws-robomaker-bookstore-world) by extension 'ros'
[0.255s] DEBUG:colcon.colcon_core.package_identification:Package 'src/aws-robomaker-bookstore-world' with type 'ros.ament_cmake' and name 'aws_robomaker_bookstore_world'
[0.255s] Level 1:colcon.colcon_core.package_identification:_identify(src/dynamic_logistics_warehouse) by extensions ['ignore', 'ignore_ament_install']
[0.255s] Level 1:colcon.colcon_core.package_identification:_identify(src/dynamic_logistics_warehouse) by extension 'ignore'
[0.256s] Level 1:colcon.colcon_core.package_identification:_identify(src/dynamic_logistics_warehouse) by extension 'ignore_ament_install'
[0.256s] Level 1:colcon.colcon_core.package_identification:_identify(src/dynamic_logistics_warehouse) by extensions ['colcon_pkg']
[0.256s] Level 1:colcon.colcon_core.package_identification:_identify(src/dynamic_logistics_warehouse) by extension 'colcon_pkg'
[0.256s] Level 1:colcon.colcon_core.package_identification:_identify(src/dynamic_logistics_warehouse) by extensions ['colcon_meta']
[0.256s] Level 1:colcon.colcon_core.package_identification:_identify(src/dynamic_logistics_warehouse) by extension 'colcon_meta'
[0.256s] Level 1:colcon.colcon_core.package_identification:_identify(src/dynamic_logistics_warehouse) by extensions ['ros']
[0.256s] Level 1:colcon.colcon_core.package_identification:_identify(src/dynamic_logistics_warehouse) by extension 'ros'
[0.256s] DEBUG:colcon.colcon_core.package_identification:Package 'src/dynamic_logistics_warehouse' with type 'ros.ament_cmake' and name 'dynamic_logistics_warehouse'
[0.256s] Level 1:colcon.colcon_core.package_identification:_identify(src/gazebo_ros2_2Dmap_plugin) by extensions ['ignore', 'ignore_ament_install']
[0.256s] Level 1:colcon.colcon_core.package_identification:_identify(src/gazebo_ros2_2Dmap_plugin) by extension 'ignore'
[0.256s] Level 1:colcon.colcon_core.package_identification:_identify(src/gazebo_ros2_2Dmap_plugin) by extension 'ignore_ament_install'
[0.256s] Level 1:colcon.colcon_core.package_identification:_identify(src/gazebo_ros2_2Dmap_plugin) by extensions ['colcon_pkg']
[0.256s] Level 1:colcon.colcon_core.package_identification:_identify(src/gazebo_ros2_2Dmap_plugin) by extension 'colcon_pkg'
[0.256s] Level 1:colcon.colcon_core.package_identification:_identify(src/gazebo_ros2_2Dmap_plugin) by extensions ['colcon_meta']
[0.256s] Level 1:colcon.colcon_core.package_identification:_identify(src/gazebo_ros2_2Dmap_plugin) by extension 'colcon_meta'
[0.256s] Level 1:colcon.colcon_core.package_identification:_identify(src/gazebo_ros2_2Dmap_plugin) by extensions ['ros']
[0.256s] Level 1:colcon.colcon_core.package_identification:_identify(src/gazebo_ros2_2Dmap_plugin) by extension 'ros'
[0.257s] DEBUG:colcon.colcon_core.package_identification:Package 'src/gazebo_ros2_2Dmap_plugin' with type 'ros.ament_cmake' and name 'gazebo_ros2_2dmap_plugin'
[0.257s] Level 1:colcon.colcon_core.package_identification:_identify(src/laplace_pathfinder) by extensions ['ignore', 'ignore_ament_install']
[0.257s] Level 1:colcon.colcon_core.package_identification:_identify(src/laplace_pathfinder) by extension 'ignore'
[0.257s] Level 1:colcon.colcon_core.package_identification:_identify(src/laplace_pathfinder) by extension 'ignore_ament_install'
[0.257s] Level 1:colcon.colcon_core.package_identification:_identify(src/laplace_pathfinder) by extensions ['colcon_pkg']
[0.257s] Level 1:colcon.colcon_core.package_identification:_identify(src/laplace_pathfinder) by extension 'colcon_pkg'
[0.257s] Level 1:colcon.colcon_core.package_identification:_identify(src/laplace_pathfinder) by extensions ['colcon_meta']
[0.257s] Level 1:colcon.colcon_core.package_identification:_identify(src/laplace_pathfinder) by extension 'colcon_meta'
[0.257s] Level 1:colcon.colcon_core.package_identification:_identify(src/laplace_pathfinder) by extensions ['ros']
[0.257s] Level 1:colcon.colcon_core.package_identification:_identify(src/laplace_pathfinder) by extension 'ros'
[0.258s] DEBUG:colcon.colcon_core.package_identification:Package 'src/laplace_pathfinder' with type 'ros.ament_cmake' and name 'laplace_pathfinder'
[0.258s] Level 1:colcon.colcon_core.package_discovery:discover_packages(recursive) using defaults
[0.258s] Level 1:colcon.colcon_core.package_discovery:discover_packages(ignore) discover
[0.258s] Level 1:colcon.colcon_core.package_discovery:discover_packages(ignore) using defaults
[0.258s] Level 1:colcon.colcon_core.package_discovery:discover_packages(path) discover
[0.258s] Level 1:colcon.colcon_core.package_discovery:discover_packages(path) using defaults
[0.281s] Level 1:colcon.colcon_core.package_discovery:discover_packages(prefix_path) check parameters
[0.281s] Level 1:colcon.colcon_core.package_discovery:discover_packages(prefix_path) discover
[0.283s] DEBUG:colcon.colcon_installed_package_information.package_discovery:Found 341 installed packages in /opt/ros/humble
[0.284s] Level 1:colcon.colcon_core.package_discovery:discover_packages(prefix_path) using defaults
[0.309s] Level 5:colcon.colcon_core.verb:set package 'aws_robomaker_bookstore_world' build argument 'cmake_args' from command line to 'None'
[0.309s] Level 5:colcon.colcon_core.verb:set package 'aws_robomaker_bookstore_world' build argument 'cmake_target' from command line to 'None'
[0.309s] Level 5:colcon.colcon_core.verb:set package 'aws_robomaker_bookstore_world' build argument 'cmake_target_skip_unavailable' from command line to 'False'
[0.309s] Level 5:colcon.colcon_core.verb:set package 'aws_robomaker_bookstore_world' build argument 'cmake_clean_cache' from command line to 'False'
[0.309s] Level 5:colcon.colcon_core.verb:set package 'aws_robomaker_bookstore_world' build argument 'cmake_clean_first' from command line to 'False'
[0.309s] Level 5:colcon.colcon_core.verb:set package 'aws_robomaker_bookstore_world' build argument 'cmake_force_configure' from command line to 'False'
[0.309s] Level 5:colcon.colcon_core.verb:set package 'aws_robomaker_bookstore_world' build argument 'ament_cmake_args' from command line to 'None'
[0.309s] Level 5:colcon.colcon_core.verb:set package 'aws_robomaker_bookstore_world' build argument 'catkin_cmake_args' from command line to 'None'
[0.309s] Level 5:colcon.colcon_core.verb:set package 'aws_robomaker_bookstore_world' build argument 'catkin_skip_building_tests' from command line to 'False'
[0.309s] DEBUG:colcon.colcon_core.verb:Building package 'aws_robomaker_bookstore_world' with the following arguments: {'ament_cmake_args': None, 'build_base': '/home/william-ubuntu/16832_ws/build/aws_robomaker_bookstore_world', 'catkin_cmake_args': None, 'catkin_skip_building_tests': False, 'cmake_args': None, 'cmake_clean_cache': False, 'cmake_clean_first': False, 'cmake_force_configure': False, 'cmake_target': None, 'cmake_target_skip_unavailable': False, 'install_base': '/home/william-ubuntu/16832_ws/install/aws_robomaker_bookstore_world', 'merge_install': False, 'path': '/home/william-ubuntu/16832_ws/src/aws-robomaker-bookstore-world', 'symlink_install': False, 'test_result_base': None}
[0.309s] Level 5:colcon.colcon_core.verb:set package 'dynamic_logistics_warehouse' build argument 'cmake_args' from command line to 'None'
[0.309s] Level 5:colcon.colcon_core.verb:set package 'dynamic_logistics_warehouse' build argument 'cmake_target' from command line to 'None'
[0.309s] Level 5:colcon.colcon_core.verb:set package 'dynamic_logistics_warehouse' build argument 'cmake_target_skip_unavailable' from command line to 'False'
[0.309s] Level 5:colcon.colcon_core.verb:set package 'dynamic_logistics_warehouse' build argument 'cmake_clean_cache' from command line to 'False'
[0.309s] Level 5:colcon.colcon_core.verb:set package 'dynamic_logistics_warehouse' build argument 'cmake_clean_first' from command line to 'False'
[0.309s] Level 5:colcon.colcon_core.verb:set package 'dynamic_logistics_warehouse' build argument 'cmake_force_configure' from command line to 'False'
[0.309s] Level 5:colcon.colcon_core.verb:set package 'dynamic_logistics_warehouse' build argument 'ament_cmake_args' from command line to 'None'
[0.309s] Level 5:colcon.colcon_core.verb:set package 'dynamic_logistics_warehouse' build argument 'catkin_cmake_args' from command line to 'None'
[0.309s] Level 5:colcon.colcon_core.verb:set package 'dynamic_logistics_warehouse' build argument 'catkin_skip_building_tests' from command line to 'False'
[0.309s] DEBUG:colcon.colcon_core.verb:Building package 'dynamic_logistics_warehouse' with the following arguments: {'ament_cmake_args': None, 'build_base': '/home/william-ubuntu/16832_ws/build/dynamic_logistics_warehouse', 'catkin_cmake_args': None, 'catkin_skip_building_tests': False, 'cmake_args': None, 'cmake_clean_cache': False, 'cmake_clean_first': False, 'cmake_force_configure': False, 'cmake_target': None, 'cmake_target_skip_unavailable': False, 'install_base': '/home/william-ubuntu/16832_ws/install/dynamic_logistics_warehouse', 'merge_install': False, 'path': '/home/william-ubuntu/16832_ws/src/dynamic_logistics_warehouse', 'symlink_install': False, 'test_result_base': None}
[0.309s] Level 5:colcon.colcon_core.verb:set package 'gazebo_ros2_2dmap_plugin' build argument 'cmake_args' from command line to 'None'
[0.309s] Level 5:colcon.colcon_core.verb:set package 'gazebo_ros2_2dmap_plugin' build argument 'cmake_target' from command line to 'None'
[0.309s] Level 5:colcon.colcon_core.verb:set package 'gazebo_ros2_2dmap_plugin' build argument 'cmake_target_skip_unavailable' from command line to 'False'
[0.309s] Level 5:colcon.colcon_core.verb:set package 'gazebo_ros2_2dmap_plugin' build argument 'cmake_clean_cache' from command line to 'False'
[0.309s] Level 5:colcon.colcon_core.verb:set package 'gazebo_ros2_2dmap_plugin' build argument 'cmake_clean_first' from command line to 'False'
[0.309s] Level 5:colcon.colcon_core.verb:set package 'gazebo_ros2_2dmap_plugin' build argument 'cmake_force_configure' from command line to 'False'
[0.309s] Level 5:colcon.colcon_core.verb:set package 'gazebo_ros2_2dmap_plugin' build argument 'ament_cmake_args' from command line to 'None'
[0.309s] Level 5:colcon.colcon_core.verb:set package 'gazebo_ros2_2dmap_plugin' build argument 'catkin_cmake_args' from command line to 'None'
[0.309s] Level 5:colcon.colcon_core.verb:set package 'gazebo_ros2_2dmap_plugin' build argument 'catkin_skip_building_tests' from command line to 'False'
[0.309s] DEBUG:colcon.colcon_core.verb:Building package 'gazebo_ros2_2dmap_plugin' with the following arguments: {'ament_cmake_args': None, 'build_base': '/home/william-ubuntu/16832_ws/build/gazebo_ros2_2dmap_plugin', 'catkin_cmake_args': None, 'catkin_skip_building_tests': False, 'cmake_args': None, 'cmake_clean_cache': False, 'cmake_clean_first': False, 'cmake_force_configure': False, 'cmake_target': None, 'cmake_target_skip_unavailable': False, 'install_base': '/home/william-ubuntu/16832_ws/install/gazebo_ros2_2dmap_plugin', 'merge_install': False, 'path': '/home/william-ubuntu/16832_ws/src/gazebo_ros2_2Dmap_plugin', 'symlink_install': False, 'test_result_base': None}
[0.310s] Level 5:colcon.colcon_core.verb:set package 'laplace_pathfinder' build argument 'cmake_args' from command line to 'None'
[0.310s] Level 5:colcon.colcon_core.verb:set package 'laplace_pathfinder' build argument 'cmake_target' from command line to 'None'
[0.310s] Level 5:colcon.colcon_core.verb:set package 'laplace_pathfinder' build argument 'cmake_target_skip_unavailable' from command line to 'False'
[0.310s] Level 5:colcon.colcon_core.verb:set package 'laplace_pathfinder' build argument 'cmake_clean_cache' from command line to 'False'
[0.310s] Level 5:colcon.colcon_core.verb:set package 'laplace_pathfinder' build argument 'cmake_clean_first' from command line to 'False'
[0.310s] Level 5:colcon.colcon_core.verb:set package 'laplace_pathfinder' build argument 'cmake_force_configure' from command line to 'False'
[0.310s] Level 5:colcon.colcon_core.verb:set package 'laplace_pathfinder' build argument 'ament_cmake_args' from command line to 'None'
[0.310s] Level 5:colcon.colcon_core.verb:set package 'laplace_pathfinder' build argument 'catkin_cmake_args' from command line to 'None'
[0.310s] Level 5:colcon.colcon_core.verb:set package 'laplace_pathfinder' build argument 'catkin_skip_building_tests' from command line to 'False'
[0.310s] DEBUG:colcon.colcon_core.verb:Building package 'laplace_pathfinder' with the following arguments: {'ament_cmake_args': None, 'build_base': '/home/william-ubuntu/16832_ws/build/laplace_pathfinder', 'catkin_cmake_args': None, 'catkin_skip_building_tests': False, 'cmake_args': None, 'cmake_clean_cache': False, 'cmake_clean_first': False, 'cmake_force_configure': False, 'cmake_target': None, 'cmake_target_skip_unavailable': False, 'install_base': '/home/william-ubuntu/16832_ws/install/laplace_pathfinder', 'merge_install': False, 'path': '/home/william-ubuntu/16832_ws/src/laplace_pathfinder', 'symlink_install': False, 'test_result_base': None}
[0.310s] INFO:colcon.colcon_core.executor:Executing jobs using 'parallel' executor
[0.311s] DEBUG:colcon.colcon_parallel_executor.executor.parallel:run_until_complete
[0.311s] INFO:colcon.colcon_ros.task.ament_cmake.build:Building ROS package in '/home/william-ubuntu/16832_ws/src/aws-robomaker-bookstore-world' with build type 'ament_cmake'
[0.311s] INFO:colcon.colcon_cmake.task.cmake.build:Building CMake package in '/home/william-ubuntu/16832_ws/src/aws-robomaker-bookstore-world'
[0.313s] INFO:colcon.colcon_core.plugin_system:Skipping extension 'colcon_core.shell.bat': Not used on non-Windows systems
[0.313s] INFO:colcon.colcon_core.shell:Skip shell extension 'powershell' for command environment: Not usable outside of PowerShell
[0.313s] DEBUG:colcon.colcon_core.shell:Skip shell extension 'dsv' for command environment
[0.315s] INFO:colcon.colcon_ros.task.ament_cmake.build:Building ROS package in '/home/william-ubuntu/16832_ws/src/dynamic_logistics_warehouse' with build type 'ament_cmake'
[0.315s] INFO:colcon.colcon_cmake.task.cmake.build:Building CMake package in '/home/william-ubuntu/16832_ws/src/dynamic_logistics_warehouse'
[0.315s] INFO:colcon.colcon_core.shell:Skip shell extension 'powershell' for command environment: Not usable outside of PowerShell
[0.315s] DEBUG:colcon.colcon_core.shell:Skip shell extension 'dsv' for command environment
[0.317s] INFO:colcon.colcon_ros.task.ament_cmake.build:Building ROS package in '/home/william-ubuntu/16832_ws/src/gazebo_ros2_2Dmap_plugin' with build type 'ament_cmake'
[0.317s] INFO:colcon.colcon_cmake.task.cmake.build:Building CMake package in '/home/william-ubuntu/16832_ws/src/gazebo_ros2_2Dmap_plugin'
[0.317s] INFO:colcon.colcon_core.shell:Skip shell extension 'powershell' for command environment: Not usable outside of PowerShell
[0.317s] DEBUG:colcon.colcon_core.shell:Skip shell extension 'dsv' for command environment
[0.322s] DEBUG:colcon.colcon_core.event_handler.log_command:Invoking command in '/home/william-ubuntu/16832_ws/build/aws_robomaker_bookstore_world': CMAKE_PREFIX_PATH=/opt/ros/humble /usr/bin/cmake --build /home/william-ubuntu/16832_ws/build/aws_robomaker_bookstore_world -- -j12 -l12
[0.325s] DEBUG:colcon.colcon_core.event_handler.log_command:Invoking command in '/home/william-ubuntu/16832_ws/build/dynamic_logistics_warehouse': CMAKE_PREFIX_PATH=/opt/ros/humble /usr/bin/cmake --build /home/william-ubuntu/16832_ws/build/dynamic_logistics_warehouse -- -j12 -l12
[0.328s] DEBUG:colcon.colcon_core.event_handler.log_command:Invoking command in '/home/william-ubuntu/16832_ws/build/gazebo_ros2_2dmap_plugin': CMAKE_PREFIX_PATH=/opt/ros/humble /usr/bin/cmake --build /home/william-ubuntu/16832_ws/build/gazebo_ros2_2dmap_plugin -- -j12 -l12
[0.369s] DEBUG:colcon.colcon_core.event_handler.log_command:Invoked command in '/home/william-ubuntu/16832_ws/build/dynamic_logistics_warehouse' returned '0': CMAKE_PREFIX_PATH=/opt/ros/humble /usr/bin/cmake --build /home/william-ubuntu/16832_ws/build/dynamic_logistics_warehouse -- -j12 -l12
[0.377s] DEBUG:colcon.colcon_core.event_handler.log_command:Invoking command in '/home/william-ubuntu/16832_ws/build/dynamic_logistics_warehouse': CMAKE_PREFIX_PATH=/opt/ros/humble /usr/bin/cmake --install /home/william-ubuntu/16832_ws/build/dynamic_logistics_warehouse
[0.378s] DEBUG:colcon.colcon_core.event_handler.log_command:Invoked command in '/home/william-ubuntu/16832_ws/build/aws_robomaker_bookstore_world' returned '0': CMAKE_PREFIX_PATH=/opt/ros/humble /usr/bin/cmake --build /home/william-ubuntu/16832_ws/build/aws_robomaker_bookstore_world -- -j12 -l12
[0.380s] DEBUG:colcon.colcon_core.event_handler.log_command:Invoking command in '/home/william-ubuntu/16832_ws/build/aws_robomaker_bookstore_world': CMAKE_PREFIX_PATH=/opt/ros/humble /usr/bin/cmake --install /home/william-ubuntu/16832_ws/build/aws_robomaker_bookstore_world
[0.389s] Level 1:colcon.colcon_core.environment:create_environment_scripts_only(dynamic_logistics_warehouse)
[0.401s] Level 1:colcon.colcon_core.environment:checking '/home/william-ubuntu/16832_ws/install/dynamic_logistics_warehouse' for CMake module files
[0.405s] Level 1:colcon.colcon_core.environment:checking '/home/william-ubuntu/16832_ws/install/dynamic_logistics_warehouse' for CMake config files
[0.409s] DEBUG:colcon.colcon_core.event_handler.log_command:Invoked command in '/home/william-ubuntu/16832_ws/build/dynamic_logistics_warehouse' returned '0': CMAKE_PREFIX_PATH=/opt/ros/humble /usr/bin/cmake --install /home/william-ubuntu/16832_ws/build/dynamic_logistics_warehouse
[0.413s] Level 1:colcon.colcon_core.shell:create_environment_hook('dynamic_logistics_warehouse', 'cmake_prefix_path')
[0.414s] INFO:colcon.colcon_core.shell:Creating environment hook '/home/william-ubuntu/16832_ws/install/dynamic_logistics_warehouse/share/dynamic_logistics_warehouse/hook/cmake_prefix_path.ps1'
[0.415s] INFO:colcon.colcon_core.shell:Creating environment descriptor '/home/william-ubuntu/16832_ws/install/dynamic_logistics_warehouse/share/dynamic_logistics_warehouse/hook/cmake_prefix_path.dsv'
[0.415s] INFO:colcon.colcon_core.shell:Creating environment hook '/home/william-ubuntu/16832_ws/install/dynamic_logistics_warehouse/share/dynamic_logistics_warehouse/hook/cmake_prefix_path.sh'
[0.416s] Level 1:colcon.colcon_core.environment:checking '/home/william-ubuntu/16832_ws/install/dynamic_logistics_warehouse/bin'
[0.416s] Level 1:colcon.colcon_core.environment:checking '/home/william-ubuntu/16832_ws/install/dynamic_logistics_warehouse/lib/pkgconfig/dynamic_logistics_warehouse.pc'
[0.417s] Level 1:colcon.colcon_core.environment:checking '/home/william-ubuntu/16832_ws/install/dynamic_logistics_warehouse/lib/python3.10/site-packages'
[0.417s] Level 1:colcon.colcon_core.environment:checking '/home/william-ubuntu/16832_ws/install/dynamic_logistics_warehouse/bin'
[0.417s] INFO:colcon.colcon_core.shell:Creating package script '/home/william-ubuntu/16832_ws/install/dynamic_logistics_warehouse/share/dynamic_logistics_warehouse/package.ps1'
[0.418s] INFO:colcon.colcon_core.shell:Creating package descriptor '/home/william-ubuntu/16832_ws/install/dynamic_logistics_warehouse/share/dynamic_logistics_warehouse/package.dsv'
[0.419s] INFO:colcon.colcon_core.shell:Creating package script '/home/william-ubuntu/16832_ws/install/dynamic_logistics_warehouse/share/dynamic_logistics_warehouse/package.sh'
[0.420s] INFO:colcon.colcon_core.shell:Creating package script '/home/william-ubuntu/16832_ws/install/dynamic_logistics_warehouse/share/dynamic_logistics_warehouse/package.bash'
[0.420s] INFO:colcon.colcon_core.shell:Creating package script '/home/william-ubuntu/16832_ws/install/dynamic_logistics_warehouse/share/dynamic_logistics_warehouse/package.zsh'
[0.421s] Level 1:colcon.colcon_core.environment:create_file_with_runtime_dependencies(/home/william-ubuntu/16832_ws/install/dynamic_logistics_warehouse/share/colcon-core/packages/dynamic_logistics_warehouse)
[0.421s] Level 1:colcon.colcon_core.environment:create_environment_scripts_only(dynamic_logistics_warehouse)
[0.422s] Level 1:colcon.colcon_core.environment:checking '/home/william-ubuntu/16832_ws/install/dynamic_logistics_warehouse' for CMake module files
[0.422s] Level 1:colcon.colcon_core.environment:checking '/home/william-ubuntu/16832_ws/install/dynamic_logistics_warehouse' for CMake config files
[0.423s] Level 1:colcon.colcon_core.shell:create_environment_hook('dynamic_logistics_warehouse', 'cmake_prefix_path')
[0.423s] INFO:colcon.colcon_core.shell:Creating environment hook '/home/william-ubuntu/16832_ws/install/dynamic_logistics_warehouse/share/dynamic_logistics_warehouse/hook/cmake_prefix_path.ps1'
[0.423s] INFO:colcon.colcon_core.shell:Creating environment descriptor '/home/william-ubuntu/16832_ws/install/dynamic_logistics_warehouse/share/dynamic_logistics_warehouse/hook/cmake_prefix_path.dsv'
[0.423s] INFO:colcon.colcon_core.shell:Creating environment hook '/home/william-ubuntu/16832_ws/install/dynamic_logistics_warehouse/share/dynamic_logistics_warehouse/hook/cmake_prefix_path.sh'
[0.424s] Level 1:colcon.colcon_core.environment:checking '/home/william-ubuntu/16832_ws/install/dynamic_logistics_warehouse/bin'
[0.424s] Level 1:colcon.colcon_core.environment:checking '/home/william-ubuntu/16832_ws/install/dynamic_logistics_warehouse/lib/pkgconfig/dynamic_logistics_warehouse.pc'
[0.424s] Level 1:colcon.colcon_core.environment:checking '/home/william-ubuntu/16832_ws/install/dynamic_logistics_warehouse/lib/python3.10/site-packages'
[0.424s] Level 1:colcon.colcon_core.environment:checking '/home/william-ubuntu/16832_ws/install/dynamic_logistics_warehouse/bin'
[0.424s] INFO:colcon.colcon_core.shell:Creating package script '/home/william-ubuntu/16832_ws/install/dynamic_logistics_warehouse/share/dynamic_logistics_warehouse/package.ps1'
[0.425s] INFO:colcon.colcon_core.shell:Creating package descriptor '/home/william-ubuntu/16832_ws/install/dynamic_logistics_warehouse/share/dynamic_logistics_warehouse/package.dsv'
[0.425s] INFO:colcon.colcon_core.shell:Creating package script '/home/william-ubuntu/16832_ws/install/dynamic_logistics_warehouse/share/dynamic_logistics_warehouse/package.sh'
[0.425s] INFO:colcon.colcon_core.shell:Creating package script '/home/william-ubuntu/16832_ws/install/dynamic_logistics_warehouse/share/dynamic_logistics_warehouse/package.bash'
[0.426s] INFO:colcon.colcon_core.shell:Creating package script '/home/william-ubuntu/16832_ws/install/dynamic_logistics_warehouse/share/dynamic_logistics_warehouse/package.zsh'
[0.426s] Level 1:colcon.colcon_core.environment:create_file_with_runtime_dependencies(/home/william-ubuntu/16832_ws/install/dynamic_logistics_warehouse/share/colcon-core/packages/dynamic_logistics_warehouse)
[0.426s] Level 1:colcon.colcon_core.environment:create_environment_scripts_only(aws_robomaker_bookstore_world)
[0.427s] Level 1:colcon.colcon_core.environment:checking '/home/william-ubuntu/16832_ws/install/aws_robomaker_bookstore_world' for CMake module files
[0.427s] DEBUG:colcon.colcon_core.event_handler.log_command:Invoked command in '/home/william-ubuntu/16832_ws/build/aws_robomaker_bookstore_world' returned '0': CMAKE_PREFIX_PATH=/opt/ros/humble /usr/bin/cmake --install /home/william-ubuntu/16832_ws/build/aws_robomaker_bookstore_world
[0.427s] Level 1:colcon.colcon_core.environment:checking '/home/william-ubuntu/16832_ws/install/aws_robomaker_bookstore_world' for CMake config files
[0.429s] Level 1:colcon.colcon_core.shell:create_environment_hook('aws_robomaker_bookstore_world', 'cmake_prefix_path')
[0.429s] INFO:colcon.colcon_core.shell:Creating environment hook '/home/william-ubuntu/16832_ws/install/aws_robomaker_bookstore_world/share/aws_robomaker_bookstore_world/hook/cmake_prefix_path.ps1'
[0.429s] INFO:colcon.colcon_core.shell:Creating environment descriptor '/home/william-ubuntu/16832_ws/install/aws_robomaker_bookstore_world/share/aws_robomaker_bookstore_world/hook/cmake_prefix_path.dsv'
[0.429s] INFO:colcon.colcon_core.shell:Creating environment hook '/home/william-ubuntu/16832_ws/install/aws_robomaker_bookstore_world/share/aws_robomaker_bookstore_world/hook/cmake_prefix_path.sh'
[0.429s] Level 1:colcon.colcon_core.environment:checking '/home/william-ubuntu/16832_ws/install/aws_robomaker_bookstore_world/bin'
[0.430s] Level 1:colcon.colcon_core.environment:checking '/home/william-ubuntu/16832_ws/install/aws_robomaker_bookstore_world/lib/pkgconfig/aws_robomaker_bookstore_world.pc'
[0.430s] Level 1:colcon.colcon_core.environment:checking '/home/william-ubuntu/16832_ws/install/aws_robomaker_bookstore_world/lib/python3.10/site-packages'
[0.430s] Level 1:colcon.colcon_core.environment:checking '/home/william-ubuntu/16832_ws/install/aws_robomaker_bookstore_world/bin'
[0.430s] INFO:colcon.colcon_core.shell:Creating package script '/home/william-ubuntu/16832_ws/install/aws_robomaker_bookstore_world/share/aws_robomaker_bookstore_world/package.ps1'
[0.430s] INFO:colcon.colcon_core.shell:Creating package descriptor '/home/william-ubuntu/16832_ws/install/aws_robomaker_bookstore_world/share/aws_robomaker_bookstore_world/package.dsv'
[0.431s] INFO:colcon.colcon_core.shell:Creating package script '/home/william-ubuntu/16832_ws/install/aws_robomaker_bookstore_world/share/aws_robomaker_bookstore_world/package.sh'
[0.431s] INFO:colcon.colcon_core.shell:Creating package script '/home/william-ubuntu/16832_ws/install/aws_robomaker_bookstore_world/share/aws_robomaker_bookstore_world/package.bash'
[0.431s] INFO:colcon.colcon_core.shell:Creating package script '/home/william-ubuntu/16832_ws/install/aws_robomaker_bookstore_world/share/aws_robomaker_bookstore_world/package.zsh'
[0.431s] Level 1:colcon.colcon_core.environment:create_file_with_runtime_dependencies(/home/william-ubuntu/16832_ws/install/aws_robomaker_bookstore_world/share/colcon-core/packages/aws_robomaker_bookstore_world)
[0.431s] Level 1:colcon.colcon_core.environment:create_environment_scripts_only(aws_robomaker_bookstore_world)
[0.432s] Level 1:colcon.colcon_core.environment:checking '/home/william-ubuntu/16832_ws/install/aws_robomaker_bookstore_world' for CMake module files
[0.432s] Level 1:colcon.colcon_core.environment:checking '/home/william-ubuntu/16832_ws/install/aws_robomaker_bookstore_world' for CMake config files
[0.433s] Level 1:colcon.colcon_core.shell:create_environment_hook('aws_robomaker_bookstore_world', 'cmake_prefix_path')
[0.433s] INFO:colcon.colcon_core.shell:Creating environment hook '/home/william-ubuntu/16832_ws/install/aws_robomaker_bookstore_world/share/aws_robomaker_bookstore_world/hook/cmake_prefix_path.ps1'
[0.433s] INFO:colcon.colcon_core.shell:Creating environment descriptor '/home/william-ubuntu/16832_ws/install/aws_robomaker_bookstore_world/share/aws_robomaker_bookstore_world/hook/cmake_prefix_path.dsv'
[0.433s] INFO:colcon.colcon_core.shell:Creating environment hook '/home/william-ubuntu/16832_ws/install/aws_robomaker_bookstore_world/share/aws_robomaker_bookstore_world/hook/cmake_prefix_path.sh'
[0.434s] Level 1:colcon.colcon_core.environment:checking '/home/william-ubuntu/16832_ws/install/aws_robomaker_bookstore_world/bin'
[0.434s] Level 1:colcon.colcon_core.environment:checking '/home/william-ubuntu/16832_ws/install/aws_robomaker_bookstore_world/lib/pkgconfig/aws_robomaker_bookstore_world.pc'
[0.434s] Level 1:colcon.colcon_core.environment:checking '/home/william-ubuntu/16832_ws/install/aws_robomaker_bookstore_world/lib/python3.10/site-packages'
[0.434s] Level 1:colcon.colcon_core.environment:checking '/home/william-ubuntu/16832_ws/install/aws_robomaker_bookstore_world/bin'
[0.434s] INFO:colcon.colcon_core.shell:Creating package script '/home/william-ubuntu/16832_ws/install/aws_robomaker_bookstore_world/share/aws_robomaker_bookstore_world/package.ps1'
[0.435s] INFO:colcon.colcon_core.shell:Creating package descriptor '/home/william-ubuntu/16832_ws/install/aws_robomaker_bookstore_world/share/aws_robomaker_bookstore_world/package.dsv'
[0.435s] INFO:colcon.colcon_core.shell:Creating package script '/home/william-ubuntu/16832_ws/install/aws_robomaker_bookstore_world/share/aws_robomaker_bookstore_world/package.sh'
[0.435s] INFO:colcon.colcon_core.shell:Creating package script '/home/william-ubuntu/16832_ws/install/aws_robomaker_bookstore_world/share/aws_robomaker_bookstore_world/package.bash'
[0.435s] INFO:colcon.colcon_core.shell:Creating package script '/home/william-ubuntu/16832_ws/install/aws_robomaker_bookstore_world/share/aws_robomaker_bookstore_world/package.zsh'
[0.436s] Level 1:colcon.colcon_core.environment:create_file_with_runtime_dependencies(/home/william-ubuntu/16832_ws/install/aws_robomaker_bookstore_world/share/colcon-core/packages/aws_robomaker_bookstore_world)
[0.436s] INFO:colcon.colcon_ros.task.ament_cmake.build:Building ROS package in '/home/william-ubuntu/16832_ws/src/laplace_pathfinder' with build type 'ament_cmake'
[0.436s] INFO:colcon.colcon_cmake.task.cmake.build:Building CMake package in '/home/william-ubuntu/16832_ws/src/laplace_pathfinder'
[0.436s] INFO:colcon.colcon_core.shell:Skip shell extension 'powershell' for command environment: Not usable outside of PowerShell
[0.436s] DEBUG:colcon.colcon_core.shell:Skip shell extension 'dsv' for command environment
[0.444s] DEBUG:colcon.colcon_core.event_handler.log_command:Invoking command in '/home/william-ubuntu/16832_ws/build/laplace_pathfinder': AMENT_PREFIX_PATH=/home/william-ubuntu/16832_ws/install/dynamic_logistics_warehouse:/home/william-ubuntu/16832_ws/install/aws_robomaker_bookstore_world:${AMENT_PREFIX_PATH} CMAKE_PREFIX_PATH=/home/william-ubuntu/16832_ws/install/dynamic_logistics_warehouse:/opt/ros/humble:/home/william-ubuntu/16832_ws/install/aws_robomaker_bookstore_world /usr/bin/cmake --build /home/william-ubuntu/16832_ws/build/laplace_pathfinder -- -j12 -l12
[0.456s] DEBUG:colcon.colcon_core.event_handler.log_command:Invoked command in '/home/william-ubuntu/16832_ws/build/gazebo_ros2_2dmap_plugin' returned '0': CMAKE_PREFIX_PATH=/opt/ros/humble /usr/bin/cmake --build /home/william-ubuntu/16832_ws/build/gazebo_ros2_2dmap_plugin -- -j12 -l12
[0.458s] DEBUG:colcon.colcon_core.event_handler.log_command:Invoking command in '/home/william-ubuntu/16832_ws/build/gazebo_ros2_2dmap_plugin': CMAKE_PREFIX_PATH=/opt/ros/humble /usr/bin/cmake --install /home/william-ubuntu/16832_ws/build/gazebo_ros2_2dmap_plugin
[0.465s] Level 1:colcon.colcon_core.environment:create_environment_scripts_only(gazebo_ros2_2dmap_plugin)
[0.466s] Level 1:colcon.colcon_core.environment:checking '/home/william-ubuntu/16832_ws/install/gazebo_ros2_2dmap_plugin' for CMake module files
[0.466s] DEBUG:colcon.colcon_core.event_handler.log_command:Invoked command in '/home/william-ubuntu/16832_ws/build/gazebo_ros2_2dmap_plugin' returned '0': CMAKE_PREFIX_PATH=/opt/ros/humble /usr/bin/cmake --install /home/william-ubuntu/16832_ws/build/gazebo_ros2_2dmap_plugin
[0.467s] Level 1:colcon.colcon_core.environment:checking '/home/william-ubuntu/16832_ws/install/gazebo_ros2_2dmap_plugin' for CMake config files
[0.467s] Level 1:colcon.colcon_core.shell:create_environment_hook('gazebo_ros2_2dmap_plugin', 'cmake_prefix_path')
[0.467s] INFO:colcon.colcon_core.shell:Creating environment hook '/home/william-ubuntu/16832_ws/install/gazebo_ros2_2dmap_plugin/share/gazebo_ros2_2dmap_plugin/hook/cmake_prefix_path.ps1'
[0.468s] INFO:colcon.colcon_core.shell:Creating environment descriptor '/home/william-ubuntu/16832_ws/install/gazebo_ros2_2dmap_plugin/share/gazebo_ros2_2dmap_plugin/hook/cmake_prefix_path.dsv'
[0.468s] INFO:colcon.colcon_core.shell:Creating environment hook '/home/william-ubuntu/16832_ws/install/gazebo_ros2_2dmap_plugin/share/gazebo_ros2_2dmap_plugin/hook/cmake_prefix_path.sh'
[0.469s] Level 1:colcon.colcon_core.environment:checking '/home/william-ubuntu/16832_ws/install/gazebo_ros2_2dmap_plugin/lib'
[0.469s] Level 1:colcon.colcon_core.shell:create_environment_hook('gazebo_ros2_2dmap_plugin', 'ld_library_path_lib')
[0.470s] INFO:colcon.colcon_core.shell:Creating environment hook '/home/william-ubuntu/16832_ws/install/gazebo_ros2_2dmap_plugin/share/gazebo_ros2_2dmap_plugin/hook/ld_library_path_lib.ps1'
[0.470s] INFO:colcon.colcon_core.shell:Creating environment descriptor '/home/william-ubuntu/16832_ws/install/gazebo_ros2_2dmap_plugin/share/gazebo_ros2_2dmap_plugin/hook/ld_library_path_lib.dsv'
[0.470s] INFO:colcon.colcon_core.shell:Creating environment hook '/home/william-ubuntu/16832_ws/install/gazebo_ros2_2dmap_plugin/share/gazebo_ros2_2dmap_plugin/hook/ld_library_path_lib.sh'
[0.471s] Level 1:colcon.colcon_core.environment:checking '/home/william-ubuntu/16832_ws/install/gazebo_ros2_2dmap_plugin/bin'
[0.471s] Level 1:colcon.colcon_core.environment:checking '/home/william-ubuntu/16832_ws/install/gazebo_ros2_2dmap_plugin/lib/pkgconfig/gazebo_ros2_2dmap_plugin.pc'
[0.471s] Level 1:colcon.colcon_core.environment:checking '/home/william-ubuntu/16832_ws/install/gazebo_ros2_2dmap_plugin/lib/python3.10/site-packages'
[0.471s] Level 1:colcon.colcon_core.environment:checking '/home/william-ubuntu/16832_ws/install/gazebo_ros2_2dmap_plugin/bin'
[0.471s] INFO:colcon.colcon_core.shell:Creating package script '/home/william-ubuntu/16832_ws/install/gazebo_ros2_2dmap_plugin/share/gazebo_ros2_2dmap_plugin/package.ps1'
[0.472s] INFO:colcon.colcon_core.shell:Creating package descriptor '/home/william-ubuntu/16832_ws/install/gazebo_ros2_2dmap_plugin/share/gazebo_ros2_2dmap_plugin/package.dsv'
[0.472s] INFO:colcon.colcon_core.shell:Creating package script '/home/william-ubuntu/16832_ws/install/gazebo_ros2_2dmap_plugin/share/gazebo_ros2_2dmap_plugin/package.sh'
[0.472s] INFO:colcon.colcon_core.shell:Creating package script '/home/william-ubuntu/16832_ws/install/gazebo_ros2_2dmap_plugin/share/gazebo_ros2_2dmap_plugin/package.bash'
[0.472s] INFO:colcon.colcon_core.shell:Creating package script '/home/william-ubuntu/16832_ws/install/gazebo_ros2_2dmap_plugin/share/gazebo_ros2_2dmap_plugin/package.zsh'
[0.472s] Level 1:colcon.colcon_core.environment:create_file_with_runtime_dependencies(/home/william-ubuntu/16832_ws/install/gazebo_ros2_2dmap_plugin/share/colcon-core/packages/gazebo_ros2_2dmap_plugin)
[0.473s] Level 1:colcon.colcon_core.environment:create_environment_scripts_only(gazebo_ros2_2dmap_plugin)
[0.473s] Level 1:colcon.colcon_core.environment:checking '/home/william-ubuntu/16832_ws/install/gazebo_ros2_2dmap_plugin' for CMake module files
[0.473s] Level 1:colcon.colcon_core.environment:checking '/home/william-ubuntu/16832_ws/install/gazebo_ros2_2dmap_plugin' for CMake config files
[0.473s] Level 1:colcon.colcon_core.shell:create_environment_hook('gazebo_ros2_2dmap_plugin', 'cmake_prefix_path')
[0.473s] INFO:colcon.colcon_core.shell:Creating environment hook '/home/william-ubuntu/16832_ws/install/gazebo_ros2_2dmap_plugin/share/gazebo_ros2_2dmap_plugin/hook/cmake_prefix_path.ps1'
[0.474s] INFO:colcon.colcon_core.shell:Creating environment descriptor '/home/william-ubuntu/16832_ws/install/gazebo_ros2_2dmap_plugin/share/gazebo_ros2_2dmap_plugin/hook/cmake_prefix_path.dsv'
[0.474s] INFO:colcon.colcon_core.shell:Creating environment hook '/home/william-ubuntu/16832_ws/install/gazebo_ros2_2dmap_plugin/share/gazebo_ros2_2dmap_plugin/hook/cmake_prefix_path.sh'
[0.474s] Level 1:colcon.colcon_core.environment:checking '/home/william-ubuntu/16832_ws/install/gazebo_ros2_2dmap_plugin/lib'
[0.474s] Level 1:colcon.colcon_core.shell:create_environment_hook('gazebo_ros2_2dmap_plugin', 'ld_library_path_lib')
[0.474s] INFO:colcon.colcon_core.shell:Creating environment hook '/home/william-ubuntu/16832_ws/install/gazebo_ros2_2dmap_plugin/share/gazebo_ros2_2dmap_plugin/hook/ld_library_path_lib.ps1'
[0.474s] INFO:colcon.colcon_core.shell:Creating environment descriptor '/home/william-ubuntu/16832_ws/install/gazebo_ros2_2dmap_plugin/share/gazebo_ros2_2dmap_plugin/hook/ld_library_path_lib.dsv'
[0.475s] INFO:colcon.colcon_core.shell:Creating environment hook '/home/william-ubuntu/16832_ws/install/gazebo_ros2_2dmap_plugin/share/gazebo_ros2_2dmap_plugin/hook/ld_library_path_lib.sh'
[0.475s] Level 1:colcon.colcon_core.environment:checking '/home/william-ubuntu/16832_ws/install/gazebo_ros2_2dmap_plugin/bin'
[0.475s] Level 1:colcon.colcon_core.environment:checking '/home/william-ubuntu/16832_ws/install/gazebo_ros2_2dmap_plugin/lib/pkgconfig/gazebo_ros2_2dmap_plugin.pc'
[0.475s] Level 1:colcon.colcon_core.environment:checking '/home/william-ubuntu/16832_ws/install/gazebo_ros2_2dmap_plugin/lib/python3.10/site-packages'
[0.475s] Level 1:colcon.colcon_core.environment:checking '/home/william-ubuntu/16832_ws/install/gazebo_ros2_2dmap_plugin/bin'
[0.475s] INFO:colcon.colcon_core.shell:Creating package script '/home/william-ubuntu/16832_ws/install/gazebo_ros2_2dmap_plugin/share/gazebo_ros2_2dmap_plugin/package.ps1'
[0.476s] INFO:colcon.colcon_core.shell:Creating package descriptor '/home/william-ubuntu/16832_ws/install/gazebo_ros2_2dmap_plugin/share/gazebo_ros2_2dmap_plugin/package.dsv'
[0.476s] INFO:colcon.colcon_core.shell:Creating package script '/home/william-ubuntu/16832_ws/install/gazebo_ros2_2dmap_plugin/share/gazebo_ros2_2dmap_plugin/package.sh'
[0.476s] INFO:colcon.colcon_core.shell:Creating package script '/home/william-ubuntu/16832_ws/install/gazebo_ros2_2dmap_plugin/share/gazebo_ros2_2dmap_plugin/package.bash'
[0.476s] INFO:colcon.colcon_core.shell:Creating package script '/home/william-ubuntu/16832_ws/install/gazebo_ros2_2dmap_plugin/share/gazebo_ros2_2dmap_plugin/package.zsh'
[0.477s] Level 1:colcon.colcon_core.environment:create_file_with_runtime_dependencies(/home/william-ubuntu/16832_ws/install/gazebo_ros2_2dmap_plugin/share/colcon-core/packages/gazebo_ros2_2dmap_plugin)
[0.511s] DEBUG:colcon.colcon_core.event_handler.log_command:Invoked command in '/home/william-ubuntu/16832_ws/build/laplace_pathfinder' returned '0': AMENT_PREFIX_PATH=/home/william-ubuntu/16832_ws/install/dynamic_logistics_warehouse:/home/william-ubuntu/16832_ws/install/aws_robomaker_bookstore_world:${AMENT_PREFIX_PATH} CMAKE_PREFIX_PATH=/home/william-ubuntu/16832_ws/install/dynamic_logistics_warehouse:/opt/ros/humble:/home/william-ubuntu/16832_ws/install/aws_robomaker_bookstore_world /usr/bin/cmake --build /home/william-ubuntu/16832_ws/build/laplace_pathfinder -- -j12 -l12
[0.512s] DEBUG:colcon.colcon_core.event_handler.log_command:Invoking command in '/home/william-ubuntu/16832_ws/build/laplace_pathfinder': AMENT_PREFIX_PATH=/home/william-ubuntu/16832_ws/install/dynamic_logistics_warehouse:/home/william-ubuntu/16832_ws/install/aws_robomaker_bookstore_world:${AMENT_PREFIX_PATH} CMAKE_PREFIX_PATH=/home/william-ubuntu/16832_ws/install/dynamic_logistics_warehouse:/opt/ros/humble:/home/william-ubuntu/16832_ws/install/aws_robomaker_bookstore_world /usr/bin/cmake --install /home/william-ubuntu/16832_ws/build/laplace_pathfinder
[0.525s] Level 1:colcon.colcon_core.environment:create_environment_scripts_only(laplace_pathfinder)
[0.525s] Level 1:colcon.colcon_core.environment:checking '/home/william-ubuntu/16832_ws/install/laplace_pathfinder' for CMake module files
[0.525s] DEBUG:colcon.colcon_core.event_handler.log_command:Invoked command in '/home/william-ubuntu/16832_ws/build/laplace_pathfinder' returned '0': AMENT_PREFIX_PATH=/home/william-ubuntu/16832_ws/install/dynamic_logistics_warehouse:/home/william-ubuntu/16832_ws/install/aws_robomaker_bookstore_world:${AMENT_PREFIX_PATH} CMAKE_PREFIX_PATH=/home/william-ubuntu/16832_ws/install/dynamic_logistics_warehouse:/opt/ros/humble:/home/william-ubuntu/16832_ws/install/aws_robomaker_bookstore_world /usr/bin/cmake --install /home/william-ubuntu/16832_ws/build/laplace_pathfinder
[0.526s] Level 1:colcon.colcon_core.environment:checking '/home/william-ubuntu/16832_ws/install/laplace_pathfinder' for CMake config files
[0.526s] Level 1:colcon.colcon_core.shell:create_environment_hook('laplace_pathfinder', 'cmake_prefix_path')
[0.526s] INFO:colcon.colcon_core.shell:Creating environment hook '/home/william-ubuntu/16832_ws/install/laplace_pathfinder/share/laplace_pathfinder/hook/cmake_prefix_path.ps1'
[0.526s] INFO:colcon.colcon_core.shell:Creating environment descriptor '/home/william-ubuntu/16832_ws/install/laplace_pathfinder/share/laplace_pathfinder/hook/cmake_prefix_path.dsv'
[0.527s] INFO:colcon.colcon_core.shell:Creating environment hook '/home/william-ubuntu/16832_ws/install/laplace_pathfinder/share/laplace_pathfinder/hook/cmake_prefix_path.sh'
[0.527s] Level 1:colcon.colcon_core.environment:checking '/home/william-ubuntu/16832_ws/install/laplace_pathfinder/lib'
[0.527s] Level 1:colcon.colcon_core.environment:checking '/home/william-ubuntu/16832_ws/install/laplace_pathfinder/bin'
[0.527s] Level 1:colcon.colcon_core.environment:checking '/home/william-ubuntu/16832_ws/install/laplace_pathfinder/lib/pkgconfig/laplace_pathfinder.pc'
[0.527s] Level 1:colcon.colcon_core.environment:checking '/home/william-ubuntu/16832_ws/install/laplace_pathfinder/lib/python3.10/site-packages'
[0.527s] Level 1:colcon.colcon_core.environment:checking '/home/william-ubuntu/16832_ws/install/laplace_pathfinder/bin'
[0.528s] INFO:colcon.colcon_core.shell:Creating package script '/home/william-ubuntu/16832_ws/install/laplace_pathfinder/share/laplace_pathfinder/package.ps1'
[0.528s] INFO:colcon.colcon_core.shell:Creating package descriptor '/home/william-ubuntu/16832_ws/install/laplace_pathfinder/share/laplace_pathfinder/package.dsv'
[0.528s] INFO:colcon.colcon_core.shell:Creating package script '/home/william-ubuntu/16832_ws/install/laplace_pathfinder/share/laplace_pathfinder/package.sh'
[0.528s] INFO:colcon.colcon_core.shell:Creating package script '/home/william-ubuntu/16832_ws/install/laplace_pathfinder/share/laplace_pathfinder/package.bash'
[0.528s] INFO:colcon.colcon_core.shell:Creating package script '/home/william-ubuntu/16832_ws/install/laplace_pathfinder/share/laplace_pathfinder/package.zsh'
[0.529s] Level 1:colcon.colcon_core.environment:create_file_with_runtime_dependencies(/home/william-ubuntu/16832_ws/install/laplace_pathfinder/share/colcon-core/packages/laplace_pathfinder)
[0.529s] Level 1:colcon.colcon_core.environment:create_environment_scripts_only(laplace_pathfinder)
[0.529s] Level 1:colcon.colcon_core.environment:checking '/home/william-ubuntu/16832_ws/install/laplace_pathfinder' for CMake module files
[0.529s] Level 1:colcon.colcon_core.environment:checking '/home/william-ubuntu/16832_ws/install/laplace_pathfinder' for CMake config files
[0.530s] Level 1:colcon.colcon_core.shell:create_environment_hook('laplace_pathfinder', 'cmake_prefix_path')
[0.530s] INFO:colcon.colcon_core.shell:Creating environment hook '/home/william-ubuntu/16832_ws/install/laplace_pathfinder/share/laplace_pathfinder/hook/cmake_prefix_path.ps1'
[0.530s] INFO:colcon.colcon_core.shell:Creating environment descriptor '/home/william-ubuntu/16832_ws/install/laplace_pathfinder/share/laplace_pathfinder/hook/cmake_prefix_path.dsv'
[0.530s] INFO:colcon.colcon_core.shell:Creating environment hook '/home/william-ubuntu/16832_ws/install/laplace_pathfinder/share/laplace_pathfinder/hook/cmake_prefix_path.sh'
[0.530s] Level 1:colcon.colcon_core.environment:checking '/home/william-ubuntu/16832_ws/install/laplace_pathfinder/lib'
[0.531s] Level 1:colcon.colcon_core.environment:checking '/home/william-ubuntu/16832_ws/install/laplace_pathfinder/bin'
[0.531s] Level 1:colcon.colcon_core.environment:checking '/home/william-ubuntu/16832_ws/install/laplace_pathfinder/lib/pkgconfig/laplace_pathfinder.pc'
[0.531s] Level 1:colcon.colcon_core.environment:checking '/home/william-ubuntu/16832_ws/install/laplace_pathfinder/lib/python3.10/site-packages'
[0.531s] Level 1:colcon.colcon_core.environment:checking '/home/william-ubuntu/16832_ws/install/laplace_pathfinder/bin'
[0.531s] INFO:colcon.colcon_core.shell:Creating package script '/home/william-ubuntu/16832_ws/install/laplace_pathfinder/share/laplace_pathfinder/package.ps1'
[0.532s] INFO:colcon.colcon_core.shell:Creating package descriptor '/home/william-ubuntu/16832_ws/install/laplace_pathfinder/share/laplace_pathfinder/package.dsv'
[0.532s] INFO:colcon.colcon_core.shell:Creating package script '/home/william-ubuntu/16832_ws/install/laplace_pathfinder/share/laplace_pathfinder/package.sh'
[0.532s] INFO:colcon.colcon_core.shell:Creating package script '/home/william-ubuntu/16832_ws/install/laplace_pathfinder/share/laplace_pathfinder/package.bash'
[0.533s] INFO:colcon.colcon_core.shell:Creating package script '/home/william-ubuntu/16832_ws/install/laplace_pathfinder/share/laplace_pathfinder/package.zsh'
[0.533s] Level 1:colcon.colcon_core.environment:create_file_with_runtime_dependencies(/home/william-ubuntu/16832_ws/install/laplace_pathfinder/share/colcon-core/packages/laplace_pathfinder)
[0.533s] DEBUG:colcon.colcon_parallel_executor.executor.parallel:closing loop
[0.533s] DEBUG:colcon.colcon_parallel_executor.executor.parallel:loop closed
[0.533s] DEBUG:colcon.colcon_parallel_executor.executor.parallel:run_until_complete finished with '0'
[0.533s] DEBUG:colcon.colcon_core.event_reactor:joining thread
[0.541s] INFO:colcon.colcon_core.plugin_system:Skipping extension 'colcon_notification.desktop_notification.terminal_notifier': Not used on non-Darwin systems
[0.541s] INFO:colcon.colcon_core.plugin_system:Skipping extension 'colcon_notification.desktop_notification.win32': Not used on non-Windows systems
[0.541s] INFO:colcon.colcon_notification.desktop_notification:Sending desktop notification using 'notify2'
[0.553s] DEBUG:colcon.colcon_core.event_reactor:joined thread
[0.553s] INFO:colcon.colcon_core.shell:Creating prefix script '/home/william-ubuntu/16832_ws/install/local_setup.ps1'
[0.554s] INFO:colcon.colcon_core.shell:Creating prefix util module '/home/william-ubuntu/16832_ws/install/_local_setup_util_ps1.py'
[0.555s] INFO:colcon.colcon_core.shell:Creating prefix chain script '/home/william-ubuntu/16832_ws/install/setup.ps1'
[0.555s] INFO:colcon.colcon_core.shell:Creating prefix script '/home/william-ubuntu/16832_ws/install/local_setup.sh'
[0.556s] INFO:colcon.colcon_core.shell:Creating prefix util module '/home/william-ubuntu/16832_ws/install/_local_setup_util_sh.py'
[0.556s] INFO:colcon.colcon_core.shell:Creating prefix chain script '/home/william-ubuntu/16832_ws/install/setup.sh'
[0.557s] INFO:colcon.colcon_core.shell:Creating prefix script '/home/william-ubuntu/16832_ws/install/local_setup.bash'
[0.557s] INFO:colcon.colcon_core.shell:Creating prefix chain script '/home/william-ubuntu/16832_ws/install/setup.bash'
[0.558s] INFO:colcon.colcon_core.shell:Creating prefix script '/home/william-ubuntu/16832_ws/install/local_setup.zsh'
[0.558s] INFO:colcon.colcon_core.shell:Creating prefix chain script '/home/william-ubuntu/16832_ws/install/setup.zsh'
