[0.064s] DEBUG:colcon:Command line arguments: ['/usr/bin/colcon', 'build']
[0.065s] DEBUG:colcon:Parsed command line arguments: Namespace(log_base=None, log_level=None, verb_name='build', build_base='build', install_base='install', merge_install=False, symlink_install=False, test_result_base=None, continue_on_error=False, executor='parallel', parallel_workers=12, event_handlers=None, ignore_user_meta=False, metas=['./colcon.meta'], base_paths=['.'], packages_ignore=None, packages_ignore_regex=None, paths=None, packages_up_to=None, packages_up_to_regex=None, packages_above=None, packages_above_and_dependencies=None, packages_above_depth=None, packages_select_by_dep=None, packages_skip_by_dep=None, packages_skip_up_to=None, packages_select_build_failed=False, packages_skip_build_finished=False, packages_select_test_failures=False, packages_skip_test_passed=False, packages_select=None, packages_skip=None, packages_select_regex=None, packages_skip_regex=None, packages_start=None, packages_end=None, allow_overriding=[], cmake_args=None, cmake_target=None, cmake_target_skip_unavailable=False, cmake_clean_cache=False, cmake_clean_first=False, cmake_force_configure=False, ament_cmake_args=None, catkin_cmake_args=None, catkin_skip_building_tests=False, mixin_files=None, mixin=None, verb_parser=<colcon_mixin.mixin.mixin_argument.MixinArgumentDecorator object at 0x7b207af6d060>, verb_extension=<colcon_core.verb.build.BuildVerb object at 0x7b207b072050>, main=<bound method BuildVerb.main of <colcon_core.verb.build.BuildVerb object at 0x7b207b072050>>, mixin_verb=('build',))
[0.156s] Level 1:colcon.colcon_core.package_discovery:discover_packages(colcon_meta) check parameters
[0.156s] Level 1:colcon.colcon_core.package_discovery:discover_packages(recursive) check parameters
[0.156s] Level 1:colcon.colcon_core.package_discovery:discover_packages(ignore) check parameters
[0.156s] Level 1:colcon.colcon_core.package_discovery:discover_packages(path) check parameters
[0.156s] Level 1:colcon.colcon_core.package_discovery:discover_packages(colcon_meta) discover
[0.156s] Level 1:colcon.colcon_core.package_discovery:discover_packages(recursive) discover
[0.156s] INFO:colcon.colcon_core.package_discovery:Crawling recursively for packages in '/home/william-ubuntu/16832_ws'
[0.156s] Level 1:colcon.colcon_core.package_identification:_identify(.) by extensions ['ignore', 'ignore_ament_install']
[0.156s] Level 1:colcon.colcon_core.package_identification:_identify(.) by extension 'ignore'
[0.156s] Level 1:colcon.colcon_core.package_identification:_identify(.) by extension 'ignore_ament_install'
[0.156s] Level 1:colcon.colcon_core.package_identification:_identify(.) by extensions ['colcon_pkg']
[0.156s] Level 1:colcon.colcon_core.package_identification:_identify(.) by extension 'colcon_pkg'
[0.156s] Level 1:colcon.colcon_core.package_identification:_identify(.) by extensions ['colcon_meta']
[0.156s] Level 1:colcon.colcon_core.package_identification:_identify(.) by extension 'colcon_meta'
[0.156s] Level 1:colcon.colcon_core.package_identification:_identify(.) by extensions ['ros']
[0.156s] Level 1:colcon.colcon_core.package_identification:_identify(.) by extension 'ros'
[0.163s] Level 1:colcon.colcon_core.package_identification:_identify(.) by extensions ['cmake', 'python']
[0.163s] Level 1:colcon.colcon_core.package_identification:_identify(.) by extension 'cmake'
[0.163s] Level 1:colcon.colcon_core.package_identification:_identify(.) by extension 'python'
[0.163s] Level 1:colcon.colcon_core.package_identification:_identify(.) by extensions ['python_setup_py']
[0.163s] Level 1:colcon.colcon_core.package_identification:_identify(.) by extension 'python_setup_py'
[0.164s] Level 1:colcon.colcon_core.package_identification:_identify(build) by extensions ['ignore', 'ignore_ament_install']
[0.164s] Level 1:colcon.colcon_core.package_identification:_identify(build) by extension 'ignore'
[0.164s] Level 1:colcon.colcon_core.package_identification:_identify(build) ignored
[0.164s] Level 1:colcon.colcon_core.package_identification:_identify(install) by extensions ['ignore', 'ignore_ament_install']
[0.164s] Level 1:colcon.colcon_core.package_identification:_identify(install) by extension 'ignore'
[0.164s] Level 1:colcon.colcon_core.package_identification:_identify(install) ignored
[0.164s] Level 1:colcon.colcon_core.package_identification:_identify(log) by extensions ['ignore', 'ignore_ament_install']
[0.164s] Level 1:colcon.colcon_core.package_identification:_identify(log) by extension 'ignore'
[0.164s] Level 1:colcon.colcon_core.package_identification:_identify(log) ignored
[0.164s] Level 1:colcon.colcon_core.package_identification:_identify(src) by extensions ['ignore', 'ignore_ament_install']
[0.164s] Level 1:colcon.colcon_core.package_identification:_identify(src) by extension 'ignore'
[0.164s] Level 1:colcon.colcon_core.package_identification:_identify(src) by extension 'ignore_ament_install'
[0.164s] Level 1:colcon.colcon_core.package_identification:_identify(src) by extensions ['colcon_pkg']
[0.164s] Level 1:colcon.colcon_core.package_identification:_identify(src) by extension 'colcon_pkg'
[0.164s] Level 1:colcon.colcon_core.package_identification:_identify(src) by extensions ['colcon_meta']
[0.164s] Level 1:colcon.colcon_core.package_identification:_identify(src) by extension 'colcon_meta'
[0.164s] Level 1:colcon.colcon_core.package_identification:_identify(src) by extensions ['ros']
[0.164s] Level 1:colcon.colcon_core.package_identification:_identify(src) by extension 'ros'
[0.164s] Level 1:colcon.colcon_core.package_identification:_identify(src) by extensions ['cmake', 'python']
[0.164s] Level 1:colcon.colcon_core.package_identification:_identify(src) by extension 'cmake'
[0.164s] Level 1:colcon.colcon_core.package_identification:_identify(src) by extension 'python'
[0.164s] Level 1:colcon.colcon_core.package_identification:_identify(src) by extensions ['python_setup_py']
[0.164s] Level 1:colcon.colcon_core.package_identification:_identify(src) by extension 'python_setup_py'
[0.164s] Level 1:colcon.colcon_core.package_identification:_identify(src/aws-robomaker-bookstore-world) by extensions ['ignore', 'ignore_ament_install']
[0.164s] Level 1:colcon.colcon_core.package_identification:_identify(src/aws-robomaker-bookstore-world) by extension 'ignore'
[0.164s] Level 1:colcon.colcon_core.package_identification:_identify(src/aws-robomaker-bookstore-world) by extension 'ignore_ament_install'
[0.164s] Level 1:colcon.colcon_core.package_identification:_identify(src/aws-robomaker-bookstore-world) by extensions ['colcon_pkg']
[0.164s] Level 1:colcon.colcon_core.package_identification:_identify(src/aws-robomaker-bookstore-world) by extension 'colcon_pkg'
[0.164s] Level 1:colcon.colcon_core.package_identification:_identify(src/aws-robomaker-bookstore-world) by extensions ['colcon_meta']
[0.164s] Level 1:colcon.colcon_core.package_identification:_identify(src/aws-robomaker-bookstore-world) by extension 'colcon_meta'
[0.164s] Level 1:colcon.colcon_core.package_identification:_identify(src/aws-robomaker-bookstore-world) by extensions ['ros']
[0.164s] Level 1:colcon.colcon_core.package_identification:_identify(src/aws-robomaker-bookstore-world) by extension 'ros'
[0.166s] DEBUG:colcon.colcon_core.package_identification:Package 'src/aws-robomaker-bookstore-world' with type 'ros.ament_cmake' and name 'aws_robomaker_bookstore_world'
[0.166s] Level 1:colcon.colcon_core.package_identification:_identify(src/dynamic_logistics_warehouse) by extensions ['ignore', 'ignore_ament_install']
[0.166s] Level 1:colcon.colcon_core.package_identification:_identify(src/dynamic_logistics_warehouse) by extension 'ignore'
[0.166s] Level 1:colcon.colcon_core.package_identification:_identify(src/dynamic_logistics_warehouse) by extension 'ignore_ament_install'
[0.166s] Level 1:colcon.colcon_core.package_identification:_identify(src/dynamic_logistics_warehouse) by extensions ['colcon_pkg']
[0.166s] Level 1:colcon.colcon_core.package_identification:_identify(src/dynamic_logistics_warehouse) by extension 'colcon_pkg'
[0.166s] Level 1:colcon.colcon_core.package_identification:_identify(src/dynamic_logistics_warehouse) by extensions ['colcon_meta']
[0.166s] Level 1:colcon.colcon_core.package_identification:_identify(src/dynamic_logistics_warehouse) by extension 'colcon_meta'
[0.166s] Level 1:colcon.colcon_core.package_identification:_identify(src/dynamic_logistics_warehouse) by extensions ['ros']
[0.166s] Level 1:colcon.colcon_core.package_identification:_identify(src/dynamic_logistics_warehouse) by extension 'ros'
[0.167s] DEBUG:colcon.colcon_core.package_identification:Package 'src/dynamic_logistics_warehouse' with type 'ros.ament_cmake' and name 'dynamic_logistics_warehouse'
[0.167s] Level 1:colcon.colcon_core.package_discovery:discover_packages(recursive) using defaults
[0.167s] Level 1:colcon.colcon_core.package_discovery:discover_packages(ignore) discover
[0.167s] Level 1:colcon.colcon_core.package_discovery:discover_packages(ignore) using defaults
[0.167s] Level 1:colcon.colcon_core.package_discovery:discover_packages(path) discover
[0.167s] Level 1:colcon.colcon_core.package_discovery:discover_packages(path) using defaults
[0.186s] Level 1:colcon.colcon_core.package_discovery:discover_packages(prefix_path) check parameters
[0.186s] Level 1:colcon.colcon_core.package_discovery:discover_packages(prefix_path) discover
[0.187s] DEBUG:colcon.colcon_installed_package_information.package_discovery:Found 2 installed packages in /home/william-ubuntu/16832_ws/install
[0.188s] DEBUG:colcon.colcon_installed_package_information.package_discovery:Found 280 installed packages in /opt/ros/humble
[0.189s] Level 1:colcon.colcon_core.package_discovery:discover_packages(prefix_path) using defaults
[0.210s] Level 5:colcon.colcon_core.verb:set package 'aws_robomaker_bookstore_world' build argument 'cmake_args' from command line to 'None'
[0.210s] Level 5:colcon.colcon_core.verb:set package 'aws_robomaker_bookstore_world' build argument 'cmake_target' from command line to 'None'
[0.210s] Level 5:colcon.colcon_core.verb:set package 'aws_robomaker_bookstore_world' build argument 'cmake_target_skip_unavailable' from command line to 'False'
[0.210s] Level 5:colcon.colcon_core.verb:set package 'aws_robomaker_bookstore_world' build argument 'cmake_clean_cache' from command line to 'False'
[0.210s] Level 5:colcon.colcon_core.verb:set package 'aws_robomaker_bookstore_world' build argument 'cmake_clean_first' from command line to 'False'
[0.210s] Level 5:colcon.colcon_core.verb:set package 'aws_robomaker_bookstore_world' build argument 'cmake_force_configure' from command line to 'False'
[0.210s] Level 5:colcon.colcon_core.verb:set package 'aws_robomaker_bookstore_world' build argument 'ament_cmake_args' from command line to 'None'
[0.210s] Level 5:colcon.colcon_core.verb:set package 'aws_robomaker_bookstore_world' build argument 'catkin_cmake_args' from command line to 'None'
[0.210s] Level 5:colcon.colcon_core.verb:set package 'aws_robomaker_bookstore_world' build argument 'catkin_skip_building_tests' from command line to 'False'
[0.210s] DEBUG:colcon.colcon_core.verb:Building package 'aws_robomaker_bookstore_world' with the following arguments: {'ament_cmake_args': None, 'build_base': '/home/william-ubuntu/16832_ws/build/aws_robomaker_bookstore_world', 'catkin_cmake_args': None, 'catkin_skip_building_tests': False, 'cmake_args': None, 'cmake_clean_cache': False, 'cmake_clean_first': False, 'cmake_force_configure': False, 'cmake_target': None, 'cmake_target_skip_unavailable': False, 'install_base': '/home/william-ubuntu/16832_ws/install/aws_robomaker_bookstore_world', 'merge_install': False, 'path': '/home/william-ubuntu/16832_ws/src/aws-robomaker-bookstore-world', 'symlink_install': False, 'test_result_base': None}
[0.210s] Level 5:colcon.colcon_core.verb:set package 'dynamic_logistics_warehouse' build argument 'cmake_args' from command line to 'None'
[0.210s] Level 5:colcon.colcon_core.verb:set package 'dynamic_logistics_warehouse' build argument 'cmake_target' from command line to 'None'
[0.210s] Level 5:colcon.colcon_core.verb:set package 'dynamic_logistics_warehouse' build argument 'cmake_target_skip_unavailable' from command line to 'False'
[0.211s] Level 5:colcon.colcon_core.verb:set package 'dynamic_logistics_warehouse' build argument 'cmake_clean_cache' from command line to 'False'
[0.211s] Level 5:colcon.colcon_core.verb:set package 'dynamic_logistics_warehouse' build argument 'cmake_clean_first' from command line to 'False'
[0.211s] Level 5:colcon.colcon_core.verb:set package 'dynamic_logistics_warehouse' build argument 'cmake_force_configure' from command line to 'False'
[0.211s] Level 5:colcon.colcon_core.verb:set package 'dynamic_logistics_warehouse' build argument 'ament_cmake_args' from command line to 'None'
[0.211s] Level 5:colcon.colcon_core.verb:set package 'dynamic_logistics_warehouse' build argument 'catkin_cmake_args' from command line to 'None'
[0.211s] Level 5:colcon.colcon_core.verb:set package 'dynamic_logistics_warehouse' build argument 'catkin_skip_building_tests' from command line to 'False'
[0.211s] DEBUG:colcon.colcon_core.verb:Building package 'dynamic_logistics_warehouse' with the following arguments: {'ament_cmake_args': None, 'build_base': '/home/william-ubuntu/16832_ws/build/dynamic_logistics_warehouse', 'catkin_cmake_args': None, 'catkin_skip_building_tests': False, 'cmake_args': None, 'cmake_clean_cache': False, 'cmake_clean_first': False, 'cmake_force_configure': False, 'cmake_target': None, 'cmake_target_skip_unavailable': False, 'install_base': '/home/william-ubuntu/16832_ws/install/dynamic_logistics_warehouse', 'merge_install': False, 'path': '/home/william-ubuntu/16832_ws/src/dynamic_logistics_warehouse', 'symlink_install': False, 'test_result_base': None}
[0.211s] INFO:colcon.colcon_core.executor:Executing jobs using 'parallel' executor
[0.212s] DEBUG:colcon.colcon_parallel_executor.executor.parallel:run_until_complete
[0.212s] INFO:colcon.colcon_ros.task.ament_cmake.build:Building ROS package in '/home/william-ubuntu/16832_ws/src/aws-robomaker-bookstore-world' with build type 'ament_cmake'
[0.212s] INFO:colcon.colcon_cmake.task.cmake.build:Building CMake package in '/home/william-ubuntu/16832_ws/src/aws-robomaker-bookstore-world'
[0.213s] INFO:colcon.colcon_core.plugin_system:Skipping extension 'colcon_core.shell.bat': Not used on non-Windows systems
[0.213s] INFO:colcon.colcon_core.shell:Skip shell extension 'powershell' for command environment: Not usable outside of PowerShell
[0.213s] DEBUG:colcon.colcon_core.shell:Skip shell extension 'dsv' for command environment
[0.215s] INFO:colcon.colcon_ros.task.ament_cmake.build:Building ROS package in '/home/william-ubuntu/16832_ws/src/dynamic_logistics_warehouse' with build type 'ament_cmake'
[0.215s] INFO:colcon.colcon_cmake.task.cmake.build:Building CMake package in '/home/william-ubuntu/16832_ws/src/dynamic_logistics_warehouse'
[0.216s] INFO:colcon.colcon_core.shell:Skip shell extension 'powershell' for command environment: Not usable outside of PowerShell
[0.216s] DEBUG:colcon.colcon_core.shell:Skip shell extension 'dsv' for command environment
[0.220s] DEBUG:colcon.colcon_core.event_handler.log_command:Invoking command in '/home/william-ubuntu/16832_ws/build/aws_robomaker_bookstore_world': CMAKE_PREFIX_PATH=${CMAKE_PREFIX_PATH}:/opt/ros/humble /usr/bin/cmake /home/william-ubuntu/16832_ws/src/aws-robomaker-bookstore-world -DCMAKE_INSTALL_PREFIX=/home/william-ubuntu/16832_ws/install/aws_robomaker_bookstore_world
[0.222s] DEBUG:colcon.colcon_core.event_handler.log_command:Invoking command in '/home/william-ubuntu/16832_ws/build/dynamic_logistics_warehouse': CMAKE_PREFIX_PATH=${CMAKE_PREFIX_PATH}:/opt/ros/humble /usr/bin/cmake --build /home/william-ubuntu/16832_ws/build/dynamic_logistics_warehouse -- -j12 -l12
[0.255s] DEBUG:colcon.colcon_core.event_handler.log_command:Invoked command in '/home/william-ubuntu/16832_ws/build/dynamic_logistics_warehouse' returned '0': CMAKE_PREFIX_PATH=${CMAKE_PREFIX_PATH}:/opt/ros/humble /usr/bin/cmake --build /home/william-ubuntu/16832_ws/build/dynamic_logistics_warehouse -- -j12 -l12
[0.262s] DEBUG:colcon.colcon_core.event_handler.log_command:Invoking command in '/home/william-ubuntu/16832_ws/build/dynamic_logistics_warehouse': CMAKE_PREFIX_PATH=${CMAKE_PREFIX_PATH}:/opt/ros/humble /usr/bin/cmake --install /home/william-ubuntu/16832_ws/build/dynamic_logistics_warehouse
[0.273s] Level 1:colcon.colcon_core.environment:create_environment_scripts_only(dynamic_logistics_warehouse)
[0.283s] Level 1:colcon.colcon_core.environment:checking '/home/william-ubuntu/16832_ws/install/dynamic_logistics_warehouse' for CMake module files
[0.284s] DEBUG:colcon.colcon_core.event_handler.log_command:Invoked command in '/home/william-ubuntu/16832_ws/build/dynamic_logistics_warehouse' returned '0': CMAKE_PREFIX_PATH=${CMAKE_PREFIX_PATH}:/opt/ros/humble /usr/bin/cmake --install /home/william-ubuntu/16832_ws/build/dynamic_logistics_warehouse
[0.284s] Level 1:colcon.colcon_core.environment:checking '/home/william-ubuntu/16832_ws/install/dynamic_logistics_warehouse' for CMake config files
[0.285s] Level 1:colcon.colcon_core.shell:create_environment_hook('dynamic_logistics_warehouse', 'cmake_prefix_path')
[0.285s] INFO:colcon.colcon_core.shell:Creating environment hook '/home/william-ubuntu/16832_ws/install/dynamic_logistics_warehouse/share/dynamic_logistics_warehouse/hook/cmake_prefix_path.ps1'
[0.286s] INFO:colcon.colcon_core.shell:Creating environment descriptor '/home/william-ubuntu/16832_ws/install/dynamic_logistics_warehouse/share/dynamic_logistics_warehouse/hook/cmake_prefix_path.dsv'
[0.286s] INFO:colcon.colcon_core.shell:Creating environment hook '/home/william-ubuntu/16832_ws/install/dynamic_logistics_warehouse/share/dynamic_logistics_warehouse/hook/cmake_prefix_path.sh'
[0.286s] Level 1:colcon.colcon_core.environment:checking '/home/william-ubuntu/16832_ws/install/dynamic_logistics_warehouse/bin'
[0.287s] Level 1:colcon.colcon_core.environment:checking '/home/william-ubuntu/16832_ws/install/dynamic_logistics_warehouse/lib/pkgconfig/dynamic_logistics_warehouse.pc'
[0.287s] Level 1:colcon.colcon_core.environment:checking '/home/william-ubuntu/16832_ws/install/dynamic_logistics_warehouse/lib/python3.10/site-packages'
[0.287s] Level 1:colcon.colcon_core.environment:checking '/home/william-ubuntu/16832_ws/install/dynamic_logistics_warehouse/bin'
[0.287s] INFO:colcon.colcon_core.shell:Creating package script '/home/william-ubuntu/16832_ws/install/dynamic_logistics_warehouse/share/dynamic_logistics_warehouse/package.ps1'
[0.288s] INFO:colcon.colcon_core.shell:Creating package descriptor '/home/william-ubuntu/16832_ws/install/dynamic_logistics_warehouse/share/dynamic_logistics_warehouse/package.dsv'
[0.288s] INFO:colcon.colcon_core.shell:Creating package script '/home/william-ubuntu/16832_ws/install/dynamic_logistics_warehouse/share/dynamic_logistics_warehouse/package.sh'
[0.288s] INFO:colcon.colcon_core.shell:Creating package script '/home/william-ubuntu/16832_ws/install/dynamic_logistics_warehouse/share/dynamic_logistics_warehouse/package.bash'
[0.289s] INFO:colcon.colcon_core.shell:Creating package script '/home/william-ubuntu/16832_ws/install/dynamic_logistics_warehouse/share/dynamic_logistics_warehouse/package.zsh'
[0.289s] Level 1:colcon.colcon_core.environment:create_file_with_runtime_dependencies(/home/william-ubuntu/16832_ws/install/dynamic_logistics_warehouse/share/colcon-core/packages/dynamic_logistics_warehouse)
[0.290s] Level 1:colcon.colcon_core.environment:create_environment_scripts_only(dynamic_logistics_warehouse)
[0.290s] Level 1:colcon.colcon_core.environment:checking '/home/william-ubuntu/16832_ws/install/dynamic_logistics_warehouse' for CMake module files
[0.290s] Level 1:colcon.colcon_core.environment:checking '/home/william-ubuntu/16832_ws/install/dynamic_logistics_warehouse' for CMake config files
[0.290s] Level 1:colcon.colcon_core.shell:create_environment_hook('dynamic_logistics_warehouse', 'cmake_prefix_path')
[0.291s] INFO:colcon.colcon_core.shell:Creating environment hook '/home/william-ubuntu/16832_ws/install/dynamic_logistics_warehouse/share/dynamic_logistics_warehouse/hook/cmake_prefix_path.ps1'
[0.291s] INFO:colcon.colcon_core.shell:Creating environment descriptor '/home/william-ubuntu/16832_ws/install/dynamic_logistics_warehouse/share/dynamic_logistics_warehouse/hook/cmake_prefix_path.dsv'
[0.291s] INFO:colcon.colcon_core.shell:Creating environment hook '/home/william-ubuntu/16832_ws/install/dynamic_logistics_warehouse/share/dynamic_logistics_warehouse/hook/cmake_prefix_path.sh'
[0.291s] Level 1:colcon.colcon_core.environment:checking '/home/william-ubuntu/16832_ws/install/dynamic_logistics_warehouse/bin'
[0.291s] Level 1:colcon.colcon_core.environment:checking '/home/william-ubuntu/16832_ws/install/dynamic_logistics_warehouse/lib/pkgconfig/dynamic_logistics_warehouse.pc'
[0.291s] Level 1:colcon.colcon_core.environment:checking '/home/william-ubuntu/16832_ws/install/dynamic_logistics_warehouse/lib/python3.10/site-packages'
[0.292s] Level 1:colcon.colcon_core.environment:checking '/home/william-ubuntu/16832_ws/install/dynamic_logistics_warehouse/bin'
[0.292s] INFO:colcon.colcon_core.shell:Creating package script '/home/william-ubuntu/16832_ws/install/dynamic_logistics_warehouse/share/dynamic_logistics_warehouse/package.ps1'
[0.292s] INFO:colcon.colcon_core.shell:Creating package descriptor '/home/william-ubuntu/16832_ws/install/dynamic_logistics_warehouse/share/dynamic_logistics_warehouse/package.dsv'
[0.292s] INFO:colcon.colcon_core.shell:Creating package script '/home/william-ubuntu/16832_ws/install/dynamic_logistics_warehouse/share/dynamic_logistics_warehouse/package.sh'
[0.293s] INFO:colcon.colcon_core.shell:Creating package script '/home/william-ubuntu/16832_ws/install/dynamic_logistics_warehouse/share/dynamic_logistics_warehouse/package.bash'
[0.293s] INFO:colcon.colcon_core.shell:Creating package script '/home/william-ubuntu/16832_ws/install/dynamic_logistics_warehouse/share/dynamic_logistics_warehouse/package.zsh'
[0.293s] Level 1:colcon.colcon_core.environment:create_file_with_runtime_dependencies(/home/william-ubuntu/16832_ws/install/dynamic_logistics_warehouse/share/colcon-core/packages/dynamic_logistics_warehouse)
[2.765s] DEBUG:colcon.colcon_core.event_handler.log_command:Invoked command in '/home/william-ubuntu/16832_ws/build/aws_robomaker_bookstore_world' returned '0': CMAKE_PREFIX_PATH=${CMAKE_PREFIX_PATH}:/opt/ros/humble /usr/bin/cmake /home/william-ubuntu/16832_ws/src/aws-robomaker-bookstore-world -DCMAKE_INSTALL_PREFIX=/home/william-ubuntu/16832_ws/install/aws_robomaker_bookstore_world
[2.767s] DEBUG:colcon.colcon_core.event_handler.log_command:Invoking command in '/home/william-ubuntu/16832_ws/build/aws_robomaker_bookstore_world': CMAKE_PREFIX_PATH=${CMAKE_PREFIX_PATH}:/opt/ros/humble /usr/bin/cmake --build /home/william-ubuntu/16832_ws/build/aws_robomaker_bookstore_world -- -j12 -l12
[2.822s] DEBUG:colcon.colcon_core.event_handler.log_command:Invoked command in '/home/william-ubuntu/16832_ws/build/aws_robomaker_bookstore_world' returned '0': CMAKE_PREFIX_PATH=${CMAKE_PREFIX_PATH}:/opt/ros/humble /usr/bin/cmake --build /home/william-ubuntu/16832_ws/build/aws_robomaker_bookstore_world -- -j12 -l12
[2.824s] DEBUG:colcon.colcon_core.event_handler.log_command:Invoking command in '/home/william-ubuntu/16832_ws/build/aws_robomaker_bookstore_world': CMAKE_PREFIX_PATH=${CMAKE_PREFIX_PATH}:/opt/ros/humble /usr/bin/cmake --install /home/william-ubuntu/16832_ws/build/aws_robomaker_bookstore_world
[2.890s] Level 1:colcon.colcon_core.environment:create_environment_scripts_only(aws_robomaker_bookstore_world)
[2.891s] Level 1:colcon.colcon_core.environment:checking '/home/william-ubuntu/16832_ws/install/aws_robomaker_bookstore_world' for CMake module files
[2.891s] DEBUG:colcon.colcon_core.event_handler.log_command:Invoked command in '/home/william-ubuntu/16832_ws/build/aws_robomaker_bookstore_world' returned '0': CMAKE_PREFIX_PATH=${CMAKE_PREFIX_PATH}:/opt/ros/humble /usr/bin/cmake --install /home/william-ubuntu/16832_ws/build/aws_robomaker_bookstore_world
[2.891s] Level 1:colcon.colcon_core.environment:checking '/home/william-ubuntu/16832_ws/install/aws_robomaker_bookstore_world' for CMake config files
[2.892s] Level 1:colcon.colcon_core.shell:create_environment_hook('aws_robomaker_bookstore_world', 'cmake_prefix_path')
[2.892s] INFO:colcon.colcon_core.shell:Creating environment hook '/home/william-ubuntu/16832_ws/install/aws_robomaker_bookstore_world/share/aws_robomaker_bookstore_world/hook/cmake_prefix_path.ps1'
[2.893s] INFO:colcon.colcon_core.shell:Creating environment descriptor '/home/william-ubuntu/16832_ws/install/aws_robomaker_bookstore_world/share/aws_robomaker_bookstore_world/hook/cmake_prefix_path.dsv'
[2.893s] INFO:colcon.colcon_core.shell:Creating environment hook '/home/william-ubuntu/16832_ws/install/aws_robomaker_bookstore_world/share/aws_robomaker_bookstore_world/hook/cmake_prefix_path.sh'
[2.894s] Level 1:colcon.colcon_core.environment:checking '/home/william-ubuntu/16832_ws/install/aws_robomaker_bookstore_world/bin'
[2.894s] Level 1:colcon.colcon_core.environment:checking '/home/william-ubuntu/16832_ws/install/aws_robomaker_bookstore_world/lib/pkgconfig/aws_robomaker_bookstore_world.pc'
[2.894s] Level 1:colcon.colcon_core.environment:checking '/home/william-ubuntu/16832_ws/install/aws_robomaker_bookstore_world/lib/python3.10/site-packages'
[2.894s] Level 1:colcon.colcon_core.environment:checking '/home/william-ubuntu/16832_ws/install/aws_robomaker_bookstore_world/bin'
[2.894s] INFO:colcon.colcon_core.shell:Creating package script '/home/william-ubuntu/16832_ws/install/aws_robomaker_bookstore_world/share/aws_robomaker_bookstore_world/package.ps1'
[2.895s] INFO:colcon.colcon_core.shell:Creating package descriptor '/home/william-ubuntu/16832_ws/install/aws_robomaker_bookstore_world/share/aws_robomaker_bookstore_world/package.dsv'
[2.895s] INFO:colcon.colcon_core.shell:Creating package script '/home/william-ubuntu/16832_ws/install/aws_robomaker_bookstore_world/share/aws_robomaker_bookstore_world/package.sh'
[2.895s] INFO:colcon.colcon_core.shell:Creating package script '/home/william-ubuntu/16832_ws/install/aws_robomaker_bookstore_world/share/aws_robomaker_bookstore_world/package.bash'
[2.895s] INFO:colcon.colcon_core.shell:Creating package script '/home/william-ubuntu/16832_ws/install/aws_robomaker_bookstore_world/share/aws_robomaker_bookstore_world/package.zsh'
[2.895s] Level 1:colcon.colcon_core.environment:create_file_with_runtime_dependencies(/home/william-ubuntu/16832_ws/install/aws_robomaker_bookstore_world/share/colcon-core/packages/aws_robomaker_bookstore_world)
[2.896s] Level 1:colcon.colcon_core.environment:create_environment_scripts_only(aws_robomaker_bookstore_world)
[2.896s] Level 1:colcon.colcon_core.environment:checking '/home/william-ubuntu/16832_ws/install/aws_robomaker_bookstore_world' for CMake module files
[2.896s] Level 1:colcon.colcon_core.environment:checking '/home/william-ubuntu/16832_ws/install/aws_robomaker_bookstore_world' for CMake config files
[2.897s] Level 1:colcon.colcon_core.shell:create_environment_hook('aws_robomaker_bookstore_world', 'cmake_prefix_path')
[2.897s] INFO:colcon.colcon_core.shell:Creating environment hook '/home/william-ubuntu/16832_ws/install/aws_robomaker_bookstore_world/share/aws_robomaker_bookstore_world/hook/cmake_prefix_path.ps1'
[2.898s] INFO:colcon.colcon_core.shell:Creating environment descriptor '/home/william-ubuntu/16832_ws/install/aws_robomaker_bookstore_world/share/aws_robomaker_bookstore_world/hook/cmake_prefix_path.dsv'
[2.898s] INFO:colcon.colcon_core.shell:Creating environment hook '/home/william-ubuntu/16832_ws/install/aws_robomaker_bookstore_world/share/aws_robomaker_bookstore_world/hook/cmake_prefix_path.sh'
[2.898s] Level 1:colcon.colcon_core.environment:checking '/home/william-ubuntu/16832_ws/install/aws_robomaker_bookstore_world/bin'
[2.898s] Level 1:colcon.colcon_core.environment:checking '/home/william-ubuntu/16832_ws/install/aws_robomaker_bookstore_world/lib/pkgconfig/aws_robomaker_bookstore_world.pc'
[2.898s] Level 1:colcon.colcon_core.environment:checking '/home/william-ubuntu/16832_ws/install/aws_robomaker_bookstore_world/lib/python3.10/site-packages'
[2.899s] Level 1:colcon.colcon_core.environment:checking '/home/william-ubuntu/16832_ws/install/aws_robomaker_bookstore_world/bin'
[2.899s] INFO:colcon.colcon_core.shell:Creating package script '/home/william-ubuntu/16832_ws/install/aws_robomaker_bookstore_world/share/aws_robomaker_bookstore_world/package.ps1'
[2.899s] INFO:colcon.colcon_core.shell:Creating package descriptor '/home/william-ubuntu/16832_ws/install/aws_robomaker_bookstore_world/share/aws_robomaker_bookstore_world/package.dsv'
[2.899s] INFO:colcon.colcon_core.shell:Creating package script '/home/william-ubuntu/16832_ws/install/aws_robomaker_bookstore_world/share/aws_robomaker_bookstore_world/package.sh'
[2.900s] INFO:colcon.colcon_core.shell:Creating package script '/home/william-ubuntu/16832_ws/install/aws_robomaker_bookstore_world/share/aws_robomaker_bookstore_world/package.bash'
[2.900s] INFO:colcon.colcon_core.shell:Creating package script '/home/william-ubuntu/16832_ws/install/aws_robomaker_bookstore_world/share/aws_robomaker_bookstore_world/package.zsh'
[2.900s] Level 1:colcon.colcon_core.environment:create_file_with_runtime_dependencies(/home/william-ubuntu/16832_ws/install/aws_robomaker_bookstore_world/share/colcon-core/packages/aws_robomaker_bookstore_world)
[2.900s] DEBUG:colcon.colcon_parallel_executor.executor.parallel:closing loop
[2.900s] DEBUG:colcon.colcon_parallel_executor.executor.parallel:loop closed
[2.901s] DEBUG:colcon.colcon_parallel_executor.executor.parallel:run_until_complete finished with '0'
[2.901s] DEBUG:colcon.colcon_core.event_reactor:joining thread
[2.904s] INFO:colcon.colcon_core.plugin_system:Skipping extension 'colcon_notification.desktop_notification.terminal_notifier': Not used on non-Darwin systems
[2.904s] INFO:colcon.colcon_core.plugin_system:Skipping extension 'colcon_notification.desktop_notification.win32': Not used on non-Windows systems
[2.904s] INFO:colcon.colcon_notification.desktop_notification:Sending desktop notification using 'notify2'
[2.910s] DEBUG:colcon.colcon_core.event_reactor:joined thread
[2.911s] INFO:colcon.colcon_core.shell:Creating prefix script '/home/william-ubuntu/16832_ws/install/local_setup.ps1'
[2.911s] INFO:colcon.colcon_core.shell:Creating prefix util module '/home/william-ubuntu/16832_ws/install/_local_setup_util_ps1.py'
[2.912s] INFO:colcon.colcon_core.shell:Creating prefix chain script '/home/william-ubuntu/16832_ws/install/setup.ps1'
[2.913s] INFO:colcon.colcon_core.shell:Creating prefix script '/home/william-ubuntu/16832_ws/install/local_setup.sh'
[2.913s] INFO:colcon.colcon_core.shell:Creating prefix util module '/home/william-ubuntu/16832_ws/install/_local_setup_util_sh.py'
[2.914s] INFO:colcon.colcon_core.shell:Creating prefix chain script '/home/william-ubuntu/16832_ws/install/setup.sh'
[2.914s] INFO:colcon.colcon_core.shell:Creating prefix script '/home/william-ubuntu/16832_ws/install/local_setup.bash'
[2.915s] INFO:colcon.colcon_core.shell:Creating prefix chain script '/home/william-ubuntu/16832_ws/install/setup.bash'
[2.915s] INFO:colcon.colcon_core.shell:Creating prefix script '/home/william-ubuntu/16832_ws/install/local_setup.zsh'
[2.916s] INFO:colcon.colcon_core.shell:Creating prefix chain script '/home/william-ubuntu/16832_ws/install/setup.zsh'
