[0.066s] DEBUG:colcon:Command line arguments: ['/usr/bin/colcon', 'build']
[0.066s] DEBUG:colcon:Parsed command line arguments: Namespace(log_base=None, log_level=None, verb_name='build', build_base='build', install_base='install', merge_install=False, symlink_install=False, test_result_base=None, continue_on_error=False, executor='parallel', parallel_workers=12, event_handlers=None, ignore_user_meta=False, metas=['./colcon.meta'], base_paths=['.'], packages_ignore=None, packages_ignore_regex=None, paths=None, packages_up_to=None, packages_up_to_regex=None, packages_above=None, packages_above_and_dependencies=None, packages_above_depth=None, packages_select_by_dep=None, packages_skip_by_dep=None, packages_skip_up_to=None, packages_select_build_failed=False, packages_skip_build_finished=False, packages_select_test_failures=False, packages_skip_test_passed=False, packages_select=None, packages_skip=None, packages_select_regex=None, packages_skip_regex=None, packages_start=None, packages_end=None, allow_overriding=[], cmake_args=None, cmake_target=None, cmake_target_skip_unavailable=False, cmake_clean_cache=False, cmake_clean_first=False, cmake_force_configure=False, ament_cmake_args=None, catkin_cmake_args=None, catkin_skip_building_tests=False, mixin_files=None, mixin=None, verb_parser=<colcon_mixin.mixin.mixin_argument.MixinArgumentDecorator object at 0x78fbb4ad14e0>, verb_extension=<colcon_core.verb.build.BuildVerb object at 0x78fbb4c624d0>, main=<bound method BuildVerb.main of <colcon_core.verb.build.BuildVerb object at 0x78fbb4c624d0>>, mixin_verb=('build',))
[0.161s] Level 1:colcon.colcon_core.package_discovery:discover_packages(colcon_meta) check parameters
[0.161s] Level 1:colcon.colcon_core.package_discovery:discover_packages(recursive) check parameters
[0.161s] Level 1:colcon.colcon_core.package_discovery:discover_packages(ignore) check parameters
[0.161s] Level 1:colcon.colcon_core.package_discovery:discover_packages(path) check parameters
[0.161s] Level 1:colcon.colcon_core.package_discovery:discover_packages(colcon_meta) discover
[0.161s] Level 1:colcon.colcon_core.package_discovery:discover_packages(recursive) discover
[0.161s] INFO:colcon.colcon_core.package_discovery:Crawling recursively for packages in '/home/william-ubuntu/16832_ws'
[0.162s] Level 1:colcon.colcon_core.package_identification:_identify(.) by extensions ['ignore', 'ignore_ament_install']
[0.162s] Level 1:colcon.colcon_core.package_identification:_identify(.) by extension 'ignore'
[0.162s] Level 1:colcon.colcon_core.package_identification:_identify(.) by extension 'ignore_ament_install'
[0.162s] Level 1:colcon.colcon_core.package_identification:_identify(.) by extensions ['colcon_pkg']
[0.162s] Level 1:colcon.colcon_core.package_identification:_identify(.) by extension 'colcon_pkg'
[0.162s] Level 1:colcon.colcon_core.package_identification:_identify(.) by extensions ['colcon_meta']
[0.162s] Level 1:colcon.colcon_core.package_identification:_identify(.) by extension 'colcon_meta'
[0.162s] Level 1:colcon.colcon_core.package_identification:_identify(.) by extensions ['ros']
[0.162s] Level 1:colcon.colcon_core.package_identification:_identify(.) by extension 'ros'
[0.170s] Level 1:colcon.colcon_core.package_identification:_identify(.) by extensions ['cmake', 'python']
[0.170s] Level 1:colcon.colcon_core.package_identification:_identify(.) by extension 'cmake'
[0.170s] Level 1:colcon.colcon_core.package_identification:_identify(.) by extension 'python'
[0.170s] Level 1:colcon.colcon_core.package_identification:_identify(.) by extensions ['python_setup_py']
[0.170s] Level 1:colcon.colcon_core.package_identification:_identify(.) by extension 'python_setup_py'
[0.171s] Level 1:colcon.colcon_core.package_identification:_identify(build) by extensions ['ignore', 'ignore_ament_install']
[0.171s] Level 1:colcon.colcon_core.package_identification:_identify(build) by extension 'ignore'
[0.171s] Level 1:colcon.colcon_core.package_identification:_identify(build) ignored
[0.171s] Level 1:colcon.colcon_core.package_identification:_identify(install) by extensions ['ignore', 'ignore_ament_install']
[0.171s] Level 1:colcon.colcon_core.package_identification:_identify(install) by extension 'ignore'
[0.171s] Level 1:colcon.colcon_core.package_identification:_identify(install) ignored
[0.171s] Level 1:colcon.colcon_core.package_identification:_identify(log) by extensions ['ignore', 'ignore_ament_install']
[0.171s] Level 1:colcon.colcon_core.package_identification:_identify(log) by extension 'ignore'
[0.171s] Level 1:colcon.colcon_core.package_identification:_identify(log) ignored
[0.171s] Level 1:colcon.colcon_core.package_identification:_identify(src) by extensions ['ignore', 'ignore_ament_install']
[0.171s] Level 1:colcon.colcon_core.package_identification:_identify(src) by extension 'ignore'
[0.171s] Level 1:colcon.colcon_core.package_identification:_identify(src) by extension 'ignore_ament_install'
[0.171s] Level 1:colcon.colcon_core.package_identification:_identify(src) by extensions ['colcon_pkg']
[0.171s] Level 1:colcon.colcon_core.package_identification:_identify(src) by extension 'colcon_pkg'
[0.171s] Level 1:colcon.colcon_core.package_identification:_identify(src) by extensions ['colcon_meta']
[0.171s] Level 1:colcon.colcon_core.package_identification:_identify(src) by extension 'colcon_meta'
[0.171s] Level 1:colcon.colcon_core.package_identification:_identify(src) by extensions ['ros']
[0.171s] Level 1:colcon.colcon_core.package_identification:_identify(src) by extension 'ros'
[0.171s] Level 1:colcon.colcon_core.package_identification:_identify(src) by extensions ['cmake', 'python']
[0.171s] Level 1:colcon.colcon_core.package_identification:_identify(src) by extension 'cmake'
[0.171s] Level 1:colcon.colcon_core.package_identification:_identify(src) by extension 'python'
[0.171s] Level 1:colcon.colcon_core.package_identification:_identify(src) by extensions ['python_setup_py']
[0.171s] Level 1:colcon.colcon_core.package_identification:_identify(src) by extension 'python_setup_py'
[0.171s] Level 1:colcon.colcon_core.package_identification:_identify(src/aws-robomaker-bookstore-world) by extensions ['ignore', 'ignore_ament_install']
[0.171s] Level 1:colcon.colcon_core.package_identification:_identify(src/aws-robomaker-bookstore-world) by extension 'ignore'
[0.171s] Level 1:colcon.colcon_core.package_identification:_identify(src/aws-robomaker-bookstore-world) by extension 'ignore_ament_install'
[0.171s] Level 1:colcon.colcon_core.package_identification:_identify(src/aws-robomaker-bookstore-world) by extensions ['colcon_pkg']
[0.171s] Level 1:colcon.colcon_core.package_identification:_identify(src/aws-robomaker-bookstore-world) by extension 'colcon_pkg'
[0.171s] Level 1:colcon.colcon_core.package_identification:_identify(src/aws-robomaker-bookstore-world) by extensions ['colcon_meta']
[0.171s] Level 1:colcon.colcon_core.package_identification:_identify(src/aws-robomaker-bookstore-world) by extension 'colcon_meta'
[0.171s] Level 1:colcon.colcon_core.package_identification:_identify(src/aws-robomaker-bookstore-world) by extensions ['ros']
[0.171s] Level 1:colcon.colcon_core.package_identification:_identify(src/aws-robomaker-bookstore-world) by extension 'ros'
[0.173s] DEBUG:colcon.colcon_core.package_identification:Package 'src/aws-robomaker-bookstore-world' with type 'ros.ament_cmake' and name 'aws_robomaker_bookstore_world'
[0.173s] Level 1:colcon.colcon_core.package_identification:_identify(src/dynamic_logistics_warehouse) by extensions ['ignore', 'ignore_ament_install']
[0.173s] Level 1:colcon.colcon_core.package_identification:_identify(src/dynamic_logistics_warehouse) by extension 'ignore'
[0.173s] Level 1:colcon.colcon_core.package_identification:_identify(src/dynamic_logistics_warehouse) by extension 'ignore_ament_install'
[0.173s] Level 1:colcon.colcon_core.package_identification:_identify(src/dynamic_logistics_warehouse) by extensions ['colcon_pkg']
[0.173s] Level 1:colcon.colcon_core.package_identification:_identify(src/dynamic_logistics_warehouse) by extension 'colcon_pkg'
[0.173s] Level 1:colcon.colcon_core.package_identification:_identify(src/dynamic_logistics_warehouse) by extensions ['colcon_meta']
[0.174s] Level 1:colcon.colcon_core.package_identification:_identify(src/dynamic_logistics_warehouse) by extension 'colcon_meta'
[0.174s] Level 1:colcon.colcon_core.package_identification:_identify(src/dynamic_logistics_warehouse) by extensions ['ros']
[0.174s] Level 1:colcon.colcon_core.package_identification:_identify(src/dynamic_logistics_warehouse) by extension 'ros'
[0.174s] DEBUG:colcon.colcon_core.package_identification:Package 'src/dynamic_logistics_warehouse' with type 'ros.ament_cmake' and name 'dynamic_logistics_warehouse'
[0.174s] Level 1:colcon.colcon_core.package_identification:_identify(src/laplace_pathfinder) by extensions ['ignore', 'ignore_ament_install']
[0.174s] Level 1:colcon.colcon_core.package_identification:_identify(src/laplace_pathfinder) by extension 'ignore'
[0.174s] Level 1:colcon.colcon_core.package_identification:_identify(src/laplace_pathfinder) by extension 'ignore_ament_install'
[0.174s] Level 1:colcon.colcon_core.package_identification:_identify(src/laplace_pathfinder) by extensions ['colcon_pkg']
[0.174s] Level 1:colcon.colcon_core.package_identification:_identify(src/laplace_pathfinder) by extension 'colcon_pkg'
[0.174s] Level 1:colcon.colcon_core.package_identification:_identify(src/laplace_pathfinder) by extensions ['colcon_meta']
[0.174s] Level 1:colcon.colcon_core.package_identification:_identify(src/laplace_pathfinder) by extension 'colcon_meta'
[0.174s] Level 1:colcon.colcon_core.package_identification:_identify(src/laplace_pathfinder) by extensions ['ros']
[0.174s] Level 1:colcon.colcon_core.package_identification:_identify(src/laplace_pathfinder) by extension 'ros'
[0.174s] DEBUG:colcon.colcon_core.package_identification:Package 'src/laplace_pathfinder' with type 'ros.ament_cmake' and name 'laplace_pathfinder'
[0.174s] Level 1:colcon.colcon_core.package_discovery:discover_packages(recursive) using defaults
[0.175s] Level 1:colcon.colcon_core.package_discovery:discover_packages(ignore) discover
[0.175s] Level 1:colcon.colcon_core.package_discovery:discover_packages(ignore) using defaults
[0.175s] Level 1:colcon.colcon_core.package_discovery:discover_packages(path) discover
[0.175s] Level 1:colcon.colcon_core.package_discovery:discover_packages(path) using defaults
[0.196s] Level 1:colcon.colcon_core.package_discovery:discover_packages(prefix_path) check parameters
[0.196s] Level 1:colcon.colcon_core.package_discovery:discover_packages(prefix_path) discover
[0.197s] DEBUG:colcon.colcon_installed_package_information.package_discovery:Found 3 installed packages in /home/william-ubuntu/16832_ws/install
[0.198s] DEBUG:colcon.colcon_installed_package_information.package_discovery:Found 341 installed packages in /opt/ros/humble
[0.199s] Level 1:colcon.colcon_core.package_discovery:discover_packages(prefix_path) using defaults
[0.224s] Level 5:colcon.colcon_core.verb:set package 'aws_robomaker_bookstore_world' build argument 'cmake_args' from command line to 'None'
[0.224s] Level 5:colcon.colcon_core.verb:set package 'aws_robomaker_bookstore_world' build argument 'cmake_target' from command line to 'None'
[0.224s] Level 5:colcon.colcon_core.verb:set package 'aws_robomaker_bookstore_world' build argument 'cmake_target_skip_unavailable' from command line to 'False'
[0.224s] Level 5:colcon.colcon_core.verb:set package 'aws_robomaker_bookstore_world' build argument 'cmake_clean_cache' from command line to 'False'
[0.224s] Level 5:colcon.colcon_core.verb:set package 'aws_robomaker_bookstore_world' build argument 'cmake_clean_first' from command line to 'False'
[0.224s] Level 5:colcon.colcon_core.verb:set package 'aws_robomaker_bookstore_world' build argument 'cmake_force_configure' from command line to 'False'
[0.224s] Level 5:colcon.colcon_core.verb:set package 'aws_robomaker_bookstore_world' build argument 'ament_cmake_args' from command line to 'None'
[0.224s] Level 5:colcon.colcon_core.verb:set package 'aws_robomaker_bookstore_world' build argument 'catkin_cmake_args' from command line to 'None'
[0.224s] Level 5:colcon.colcon_core.verb:set package 'aws_robomaker_bookstore_world' build argument 'catkin_skip_building_tests' from command line to 'False'
[0.224s] DEBUG:colcon.colcon_core.verb:Building package 'aws_robomaker_bookstore_world' with the following arguments: {'ament_cmake_args': None, 'build_base': '/home/william-ubuntu/16832_ws/build/aws_robomaker_bookstore_world', 'catkin_cmake_args': None, 'catkin_skip_building_tests': False, 'cmake_args': None, 'cmake_clean_cache': False, 'cmake_clean_first': False, 'cmake_force_configure': False, 'cmake_target': None, 'cmake_target_skip_unavailable': False, 'install_base': '/home/william-ubuntu/16832_ws/install/aws_robomaker_bookstore_world', 'merge_install': False, 'path': '/home/william-ubuntu/16832_ws/src/aws-robomaker-bookstore-world', 'symlink_install': False, 'test_result_base': None}
[0.224s] Level 5:colcon.colcon_core.verb:set package 'dynamic_logistics_warehouse' build argument 'cmake_args' from command line to 'None'
[0.224s] Level 5:colcon.colcon_core.verb:set package 'dynamic_logistics_warehouse' build argument 'cmake_target' from command line to 'None'
[0.224s] Level 5:colcon.colcon_core.verb:set package 'dynamic_logistics_warehouse' build argument 'cmake_target_skip_unavailable' from command line to 'False'
[0.224s] Level 5:colcon.colcon_core.verb:set package 'dynamic_logistics_warehouse' build argument 'cmake_clean_cache' from command line to 'False'
[0.224s] Level 5:colcon.colcon_core.verb:set package 'dynamic_logistics_warehouse' build argument 'cmake_clean_first' from command line to 'False'
[0.224s] Level 5:colcon.colcon_core.verb:set package 'dynamic_logistics_warehouse' build argument 'cmake_force_configure' from command line to 'False'
[0.224s] Level 5:colcon.colcon_core.verb:set package 'dynamic_logistics_warehouse' build argument 'ament_cmake_args' from command line to 'None'
[0.224s] Level 5:colcon.colcon_core.verb:set package 'dynamic_logistics_warehouse' build argument 'catkin_cmake_args' from command line to 'None'
[0.224s] Level 5:colcon.colcon_core.verb:set package 'dynamic_logistics_warehouse' build argument 'catkin_skip_building_tests' from command line to 'False'
[0.224s] DEBUG:colcon.colcon_core.verb:Building package 'dynamic_logistics_warehouse' with the following arguments: {'ament_cmake_args': None, 'build_base': '/home/william-ubuntu/16832_ws/build/dynamic_logistics_warehouse', 'catkin_cmake_args': None, 'catkin_skip_building_tests': False, 'cmake_args': None, 'cmake_clean_cache': False, 'cmake_clean_first': False, 'cmake_force_configure': False, 'cmake_target': None, 'cmake_target_skip_unavailable': False, 'install_base': '/home/william-ubuntu/16832_ws/install/dynamic_logistics_warehouse', 'merge_install': False, 'path': '/home/william-ubuntu/16832_ws/src/dynamic_logistics_warehouse', 'symlink_install': False, 'test_result_base': None}
[0.224s] Level 5:colcon.colcon_core.verb:set package 'laplace_pathfinder' build argument 'cmake_args' from command line to 'None'
[0.224s] Level 5:colcon.colcon_core.verb:set package 'laplace_pathfinder' build argument 'cmake_target' from command line to 'None'
[0.224s] Level 5:colcon.colcon_core.verb:set package 'laplace_pathfinder' build argument 'cmake_target_skip_unavailable' from command line to 'False'
[0.224s] Level 5:colcon.colcon_core.verb:set package 'laplace_pathfinder' build argument 'cmake_clean_cache' from command line to 'False'
[0.224s] Level 5:colcon.colcon_core.verb:set package 'laplace_pathfinder' build argument 'cmake_clean_first' from command line to 'False'
[0.224s] Level 5:colcon.colcon_core.verb:set package 'laplace_pathfinder' build argument 'cmake_force_configure' from command line to 'False'
[0.224s] Level 5:colcon.colcon_core.verb:set package 'laplace_pathfinder' build argument 'ament_cmake_args' from command line to 'None'
[0.224s] Level 5:colcon.colcon_core.verb:set package 'laplace_pathfinder' build argument 'catkin_cmake_args' from command line to 'None'
[0.224s] Level 5:colcon.colcon_core.verb:set package 'laplace_pathfinder' build argument 'catkin_skip_building_tests' from command line to 'False'
[0.224s] DEBUG:colcon.colcon_core.verb:Building package 'laplace_pathfinder' with the following arguments: {'ament_cmake_args': None, 'build_base': '/home/william-ubuntu/16832_ws/build/laplace_pathfinder', 'catkin_cmake_args': None, 'catkin_skip_building_tests': False, 'cmake_args': None, 'cmake_clean_cache': False, 'cmake_clean_first': False, 'cmake_force_configure': False, 'cmake_target': None, 'cmake_target_skip_unavailable': False, 'install_base': '/home/william-ubuntu/16832_ws/install/laplace_pathfinder', 'merge_install': False, 'path': '/home/william-ubuntu/16832_ws/src/laplace_pathfinder', 'symlink_install': False, 'test_result_base': None}
[0.225s] INFO:colcon.colcon_core.executor:Executing jobs using 'parallel' executor
[0.226s] DEBUG:colcon.colcon_parallel_executor.executor.parallel:run_until_complete
[0.226s] INFO:colcon.colcon_ros.task.ament_cmake.build:Building ROS package in '/home/william-ubuntu/16832_ws/src/dynamic_logistics_warehouse' with build type 'ament_cmake'
[0.226s] INFO:colcon.colcon_cmake.task.cmake.build:Building CMake package in '/home/william-ubuntu/16832_ws/src/dynamic_logistics_warehouse'
[0.227s] INFO:colcon.colcon_core.plugin_system:Skipping extension 'colcon_core.shell.bat': Not used on non-Windows systems
[0.227s] INFO:colcon.colcon_core.shell:Skip shell extension 'powershell' for command environment: Not usable outside of PowerShell
[0.227s] DEBUG:colcon.colcon_core.shell:Skip shell extension 'dsv' for command environment
[0.229s] INFO:colcon.colcon_ros.task.ament_cmake.build:Building ROS package in '/home/william-ubuntu/16832_ws/src/aws-robomaker-bookstore-world' with build type 'ament_cmake'
[0.230s] INFO:colcon.colcon_cmake.task.cmake.build:Building CMake package in '/home/william-ubuntu/16832_ws/src/aws-robomaker-bookstore-world'
[0.230s] INFO:colcon.colcon_core.shell:Skip shell extension 'powershell' for command environment: Not usable outside of PowerShell
[0.230s] DEBUG:colcon.colcon_core.shell:Skip shell extension 'dsv' for command environment
[0.234s] DEBUG:colcon.colcon_core.event_handler.log_command:Invoking command in '/home/william-ubuntu/16832_ws/build/dynamic_logistics_warehouse': CMAKE_PREFIX_PATH=/home/william-ubuntu/16832_ws/install/laplace_pathfinder:/home/william-ubuntu/16832_ws/install/dynamic_logistics_warehouse:/opt/ros/humble:/home/william-ubuntu/16832_ws/install/aws_robomaker_bookstore_world /usr/bin/cmake --build /home/william-ubuntu/16832_ws/build/dynamic_logistics_warehouse -- -j12 -l12
[0.237s] DEBUG:colcon.colcon_core.event_handler.log_command:Invoking command in '/home/william-ubuntu/16832_ws/build/aws_robomaker_bookstore_world': CMAKE_PREFIX_PATH=/home/william-ubuntu/16832_ws/install/laplace_pathfinder:/home/william-ubuntu/16832_ws/install/dynamic_logistics_warehouse:/opt/ros/humble:/home/william-ubuntu/16832_ws/install/aws_robomaker_bookstore_world /usr/bin/cmake --build /home/william-ubuntu/16832_ws/build/aws_robomaker_bookstore_world -- -j12 -l12
[0.272s] DEBUG:colcon.colcon_core.event_handler.log_command:Invoked command in '/home/william-ubuntu/16832_ws/build/dynamic_logistics_warehouse' returned '0': CMAKE_PREFIX_PATH=/home/william-ubuntu/16832_ws/install/laplace_pathfinder:/home/william-ubuntu/16832_ws/install/dynamic_logistics_warehouse:/opt/ros/humble:/home/william-ubuntu/16832_ws/install/aws_robomaker_bookstore_world /usr/bin/cmake --build /home/william-ubuntu/16832_ws/build/dynamic_logistics_warehouse -- -j12 -l12
[0.282s] DEBUG:colcon.colcon_core.event_handler.log_command:Invoking command in '/home/william-ubuntu/16832_ws/build/dynamic_logistics_warehouse': CMAKE_PREFIX_PATH=/home/william-ubuntu/16832_ws/install/laplace_pathfinder:/home/william-ubuntu/16832_ws/install/dynamic_logistics_warehouse:/opt/ros/humble:/home/william-ubuntu/16832_ws/install/aws_robomaker_bookstore_world /usr/bin/cmake --install /home/william-ubuntu/16832_ws/build/dynamic_logistics_warehouse
[0.283s] DEBUG:colcon.colcon_core.event_handler.log_command:Invoked command in '/home/william-ubuntu/16832_ws/build/aws_robomaker_bookstore_world' returned '0': CMAKE_PREFIX_PATH=/home/william-ubuntu/16832_ws/install/laplace_pathfinder:/home/william-ubuntu/16832_ws/install/dynamic_logistics_warehouse:/opt/ros/humble:/home/william-ubuntu/16832_ws/install/aws_robomaker_bookstore_world /usr/bin/cmake --build /home/william-ubuntu/16832_ws/build/aws_robomaker_bookstore_world -- -j12 -l12
[0.284s] DEBUG:colcon.colcon_core.event_handler.log_command:Invoking command in '/home/william-ubuntu/16832_ws/build/aws_robomaker_bookstore_world': CMAKE_PREFIX_PATH=/home/william-ubuntu/16832_ws/install/laplace_pathfinder:/home/william-ubuntu/16832_ws/install/dynamic_logistics_warehouse:/opt/ros/humble:/home/william-ubuntu/16832_ws/install/aws_robomaker_bookstore_world /usr/bin/cmake --install /home/william-ubuntu/16832_ws/build/aws_robomaker_bookstore_world
[0.300s] Level 1:colcon.colcon_core.environment:create_environment_scripts_only(dynamic_logistics_warehouse)
[0.313s] Level 1:colcon.colcon_core.environment:checking '/home/william-ubuntu/16832_ws/install/dynamic_logistics_warehouse' for CMake module files
[0.314s] Level 1:colcon.colcon_core.environment:checking '/home/william-ubuntu/16832_ws/install/dynamic_logistics_warehouse' for CMake config files
[0.320s] DEBUG:colcon.colcon_core.event_handler.log_command:Invoked command in '/home/william-ubuntu/16832_ws/build/dynamic_logistics_warehouse' returned '0': CMAKE_PREFIX_PATH=/home/william-ubuntu/16832_ws/install/laplace_pathfinder:/home/william-ubuntu/16832_ws/install/dynamic_logistics_warehouse:/opt/ros/humble:/home/william-ubuntu/16832_ws/install/aws_robomaker_bookstore_world /usr/bin/cmake --install /home/william-ubuntu/16832_ws/build/dynamic_logistics_warehouse
[0.321s] Level 1:colcon.colcon_core.shell:create_environment_hook('dynamic_logistics_warehouse', 'cmake_prefix_path')
[0.321s] INFO:colcon.colcon_core.shell:Creating environment hook '/home/william-ubuntu/16832_ws/install/dynamic_logistics_warehouse/share/dynamic_logistics_warehouse/hook/cmake_prefix_path.ps1'
[0.322s] INFO:colcon.colcon_core.shell:Creating environment descriptor '/home/william-ubuntu/16832_ws/install/dynamic_logistics_warehouse/share/dynamic_logistics_warehouse/hook/cmake_prefix_path.dsv'
[0.322s] INFO:colcon.colcon_core.shell:Creating environment hook '/home/william-ubuntu/16832_ws/install/dynamic_logistics_warehouse/share/dynamic_logistics_warehouse/hook/cmake_prefix_path.sh'
[0.322s] Level 1:colcon.colcon_core.environment:checking '/home/william-ubuntu/16832_ws/install/dynamic_logistics_warehouse/bin'
[0.323s] Level 1:colcon.colcon_core.environment:checking '/home/william-ubuntu/16832_ws/install/dynamic_logistics_warehouse/lib/pkgconfig/dynamic_logistics_warehouse.pc'
[0.323s] Level 1:colcon.colcon_core.environment:checking '/home/william-ubuntu/16832_ws/install/dynamic_logistics_warehouse/lib/python3.10/site-packages'
[0.323s] Level 1:colcon.colcon_core.environment:checking '/home/william-ubuntu/16832_ws/install/dynamic_logistics_warehouse/bin'
[0.323s] INFO:colcon.colcon_core.shell:Creating package script '/home/william-ubuntu/16832_ws/install/dynamic_logistics_warehouse/share/dynamic_logistics_warehouse/package.ps1'
[0.323s] INFO:colcon.colcon_core.shell:Creating package descriptor '/home/william-ubuntu/16832_ws/install/dynamic_logistics_warehouse/share/dynamic_logistics_warehouse/package.dsv'
[0.324s] INFO:colcon.colcon_core.shell:Creating package script '/home/william-ubuntu/16832_ws/install/dynamic_logistics_warehouse/share/dynamic_logistics_warehouse/package.sh'
[0.324s] INFO:colcon.colcon_core.shell:Creating package script '/home/william-ubuntu/16832_ws/install/dynamic_logistics_warehouse/share/dynamic_logistics_warehouse/package.bash'
[0.325s] INFO:colcon.colcon_core.shell:Creating package script '/home/william-ubuntu/16832_ws/install/dynamic_logistics_warehouse/share/dynamic_logistics_warehouse/package.zsh'
[0.325s] Level 1:colcon.colcon_core.environment:create_file_with_runtime_dependencies(/home/william-ubuntu/16832_ws/install/dynamic_logistics_warehouse/share/colcon-core/packages/dynamic_logistics_warehouse)
[0.325s] Level 1:colcon.colcon_core.environment:create_environment_scripts_only(dynamic_logistics_warehouse)
[0.325s] Level 1:colcon.colcon_core.environment:checking '/home/william-ubuntu/16832_ws/install/dynamic_logistics_warehouse' for CMake module files
[0.326s] Level 1:colcon.colcon_core.environment:checking '/home/william-ubuntu/16832_ws/install/dynamic_logistics_warehouse' for CMake config files
[0.326s] Level 1:colcon.colcon_core.shell:create_environment_hook('dynamic_logistics_warehouse', 'cmake_prefix_path')
[0.326s] INFO:colcon.colcon_core.shell:Creating environment hook '/home/william-ubuntu/16832_ws/install/dynamic_logistics_warehouse/share/dynamic_logistics_warehouse/hook/cmake_prefix_path.ps1'
[0.326s] INFO:colcon.colcon_core.shell:Creating environment descriptor '/home/william-ubuntu/16832_ws/install/dynamic_logistics_warehouse/share/dynamic_logistics_warehouse/hook/cmake_prefix_path.dsv'
[0.327s] INFO:colcon.colcon_core.shell:Creating environment hook '/home/william-ubuntu/16832_ws/install/dynamic_logistics_warehouse/share/dynamic_logistics_warehouse/hook/cmake_prefix_path.sh'
[0.327s] Level 1:colcon.colcon_core.environment:checking '/home/william-ubuntu/16832_ws/install/dynamic_logistics_warehouse/bin'
[0.327s] Level 1:colcon.colcon_core.environment:checking '/home/william-ubuntu/16832_ws/install/dynamic_logistics_warehouse/lib/pkgconfig/dynamic_logistics_warehouse.pc'
[0.327s] Level 1:colcon.colcon_core.environment:checking '/home/william-ubuntu/16832_ws/install/dynamic_logistics_warehouse/lib/python3.10/site-packages'
[0.327s] Level 1:colcon.colcon_core.environment:checking '/home/william-ubuntu/16832_ws/install/dynamic_logistics_warehouse/bin'
[0.328s] INFO:colcon.colcon_core.shell:Creating package script '/home/william-ubuntu/16832_ws/install/dynamic_logistics_warehouse/share/dynamic_logistics_warehouse/package.ps1'
[0.328s] INFO:colcon.colcon_core.shell:Creating package descriptor '/home/william-ubuntu/16832_ws/install/dynamic_logistics_warehouse/share/dynamic_logistics_warehouse/package.dsv'
[0.328s] INFO:colcon.colcon_core.shell:Creating package script '/home/william-ubuntu/16832_ws/install/dynamic_logistics_warehouse/share/dynamic_logistics_warehouse/package.sh'
[0.328s] INFO:colcon.colcon_core.shell:Creating package script '/home/william-ubuntu/16832_ws/install/dynamic_logistics_warehouse/share/dynamic_logistics_warehouse/package.bash'
[0.328s] INFO:colcon.colcon_core.shell:Creating package script '/home/william-ubuntu/16832_ws/install/dynamic_logistics_warehouse/share/dynamic_logistics_warehouse/package.zsh'
[0.329s] Level 1:colcon.colcon_core.environment:create_file_with_runtime_dependencies(/home/william-ubuntu/16832_ws/install/dynamic_logistics_warehouse/share/colcon-core/packages/dynamic_logistics_warehouse)
[0.329s] INFO:colcon.colcon_ros.task.ament_cmake.build:Building ROS package in '/home/william-ubuntu/16832_ws/src/laplace_pathfinder' with build type 'ament_cmake'
[0.329s] INFO:colcon.colcon_cmake.task.cmake.build:Building CMake package in '/home/william-ubuntu/16832_ws/src/laplace_pathfinder'
[0.329s] INFO:colcon.colcon_core.shell:Skip shell extension 'powershell' for command environment: Not usable outside of PowerShell
[0.329s] DEBUG:colcon.colcon_core.shell:Skip shell extension 'dsv' for command environment
[0.332s] Level 1:colcon.colcon_core.environment:create_environment_scripts_only(aws_robomaker_bookstore_world)
[0.332s] Level 1:colcon.colcon_core.environment:checking '/home/william-ubuntu/16832_ws/install/aws_robomaker_bookstore_world' for CMake module files
[0.332s] DEBUG:colcon.colcon_core.event_handler.log_command:Invoked command in '/home/william-ubuntu/16832_ws/build/aws_robomaker_bookstore_world' returned '0': CMAKE_PREFIX_PATH=/home/william-ubuntu/16832_ws/install/laplace_pathfinder:/home/william-ubuntu/16832_ws/install/dynamic_logistics_warehouse:/opt/ros/humble:/home/william-ubuntu/16832_ws/install/aws_robomaker_bookstore_world /usr/bin/cmake --install /home/william-ubuntu/16832_ws/build/aws_robomaker_bookstore_world
[0.332s] Level 1:colcon.colcon_core.environment:checking '/home/william-ubuntu/16832_ws/install/aws_robomaker_bookstore_world' for CMake config files
[0.334s] Level 1:colcon.colcon_core.shell:create_environment_hook('aws_robomaker_bookstore_world', 'cmake_prefix_path')
[0.334s] INFO:colcon.colcon_core.shell:Creating environment hook '/home/william-ubuntu/16832_ws/install/aws_robomaker_bookstore_world/share/aws_robomaker_bookstore_world/hook/cmake_prefix_path.ps1'
[0.334s] INFO:colcon.colcon_core.shell:Creating environment descriptor '/home/william-ubuntu/16832_ws/install/aws_robomaker_bookstore_world/share/aws_robomaker_bookstore_world/hook/cmake_prefix_path.dsv'
[0.334s] INFO:colcon.colcon_core.shell:Creating environment hook '/home/william-ubuntu/16832_ws/install/aws_robomaker_bookstore_world/share/aws_robomaker_bookstore_world/hook/cmake_prefix_path.sh'
[0.334s] Level 1:colcon.colcon_core.environment:checking '/home/william-ubuntu/16832_ws/install/aws_robomaker_bookstore_world/bin'
[0.334s] Level 1:colcon.colcon_core.environment:checking '/home/william-ubuntu/16832_ws/install/aws_robomaker_bookstore_world/lib/pkgconfig/aws_robomaker_bookstore_world.pc'
[0.335s] Level 1:colcon.colcon_core.environment:checking '/home/william-ubuntu/16832_ws/install/aws_robomaker_bookstore_world/lib/python3.10/site-packages'
[0.335s] Level 1:colcon.colcon_core.environment:checking '/home/william-ubuntu/16832_ws/install/aws_robomaker_bookstore_world/bin'
[0.335s] INFO:colcon.colcon_core.shell:Creating package script '/home/william-ubuntu/16832_ws/install/aws_robomaker_bookstore_world/share/aws_robomaker_bookstore_world/package.ps1'
[0.335s] INFO:colcon.colcon_core.shell:Creating package descriptor '/home/william-ubuntu/16832_ws/install/aws_robomaker_bookstore_world/share/aws_robomaker_bookstore_world/package.dsv'
[0.336s] INFO:colcon.colcon_core.shell:Creating package script '/home/william-ubuntu/16832_ws/install/aws_robomaker_bookstore_world/share/aws_robomaker_bookstore_world/package.sh'
[0.336s] INFO:colcon.colcon_core.shell:Creating package script '/home/william-ubuntu/16832_ws/install/aws_robomaker_bookstore_world/share/aws_robomaker_bookstore_world/package.bash'
[0.336s] INFO:colcon.colcon_core.shell:Creating package script '/home/william-ubuntu/16832_ws/install/aws_robomaker_bookstore_world/share/aws_robomaker_bookstore_world/package.zsh'
[0.337s] Level 1:colcon.colcon_core.environment:create_file_with_runtime_dependencies(/home/william-ubuntu/16832_ws/install/aws_robomaker_bookstore_world/share/colcon-core/packages/aws_robomaker_bookstore_world)
[0.337s] Level 1:colcon.colcon_core.environment:create_environment_scripts_only(aws_robomaker_bookstore_world)
[0.337s] Level 1:colcon.colcon_core.environment:checking '/home/william-ubuntu/16832_ws/install/aws_robomaker_bookstore_world' for CMake module files
[0.338s] Level 1:colcon.colcon_core.environment:checking '/home/william-ubuntu/16832_ws/install/aws_robomaker_bookstore_world' for CMake config files
[0.339s] Level 1:colcon.colcon_core.shell:create_environment_hook('aws_robomaker_bookstore_world', 'cmake_prefix_path')
[0.339s] INFO:colcon.colcon_core.shell:Creating environment hook '/home/william-ubuntu/16832_ws/install/aws_robomaker_bookstore_world/share/aws_robomaker_bookstore_world/hook/cmake_prefix_path.ps1'
[0.340s] INFO:colcon.colcon_core.shell:Creating environment descriptor '/home/william-ubuntu/16832_ws/install/aws_robomaker_bookstore_world/share/aws_robomaker_bookstore_world/hook/cmake_prefix_path.dsv'
[0.340s] INFO:colcon.colcon_core.shell:Creating environment hook '/home/william-ubuntu/16832_ws/install/aws_robomaker_bookstore_world/share/aws_robomaker_bookstore_world/hook/cmake_prefix_path.sh'
[0.340s] Level 1:colcon.colcon_core.environment:checking '/home/william-ubuntu/16832_ws/install/aws_robomaker_bookstore_world/bin'
[0.340s] Level 1:colcon.colcon_core.environment:checking '/home/william-ubuntu/16832_ws/install/aws_robomaker_bookstore_world/lib/pkgconfig/aws_robomaker_bookstore_world.pc'
[0.340s] Level 1:colcon.colcon_core.environment:checking '/home/william-ubuntu/16832_ws/install/aws_robomaker_bookstore_world/lib/python3.10/site-packages'
[0.341s] Level 1:colcon.colcon_core.environment:checking '/home/william-ubuntu/16832_ws/install/aws_robomaker_bookstore_world/bin'
[0.341s] INFO:colcon.colcon_core.shell:Creating package script '/home/william-ubuntu/16832_ws/install/aws_robomaker_bookstore_world/share/aws_robomaker_bookstore_world/package.ps1'
[0.341s] INFO:colcon.colcon_core.shell:Creating package descriptor '/home/william-ubuntu/16832_ws/install/aws_robomaker_bookstore_world/share/aws_robomaker_bookstore_world/package.dsv'
[0.341s] INFO:colcon.colcon_core.shell:Creating package script '/home/william-ubuntu/16832_ws/install/aws_robomaker_bookstore_world/share/aws_robomaker_bookstore_world/package.sh'
[0.342s] INFO:colcon.colcon_core.shell:Creating package script '/home/william-ubuntu/16832_ws/install/aws_robomaker_bookstore_world/share/aws_robomaker_bookstore_world/package.bash'
[0.342s] INFO:colcon.colcon_core.shell:Creating package script '/home/william-ubuntu/16832_ws/install/aws_robomaker_bookstore_world/share/aws_robomaker_bookstore_world/package.zsh'
[0.342s] Level 1:colcon.colcon_core.environment:create_file_with_runtime_dependencies(/home/william-ubuntu/16832_ws/install/aws_robomaker_bookstore_world/share/colcon-core/packages/aws_robomaker_bookstore_world)
[0.344s] DEBUG:colcon.colcon_core.event_handler.log_command:Invoking command in '/home/william-ubuntu/16832_ws/build/laplace_pathfinder': CMAKE_PREFIX_PATH=/home/william-ubuntu/16832_ws/install/dynamic_logistics_warehouse:/home/william-ubuntu/16832_ws/install/laplace_pathfinder:/opt/ros/humble:/home/william-ubuntu/16832_ws/install/aws_robomaker_bookstore_world /usr/bin/cmake --build /home/william-ubuntu/16832_ws/build/laplace_pathfinder -- -j12 -l12
[0.527s] DEBUG:colcon.colcon_core.event_handler.log_command:Invoked command in '/home/william-ubuntu/16832_ws/build/laplace_pathfinder' returned '0': CMAKE_PREFIX_PATH=/home/william-ubuntu/16832_ws/install/dynamic_logistics_warehouse:/home/william-ubuntu/16832_ws/install/laplace_pathfinder:/opt/ros/humble:/home/william-ubuntu/16832_ws/install/aws_robomaker_bookstore_world /usr/bin/cmake --build /home/william-ubuntu/16832_ws/build/laplace_pathfinder -- -j12 -l12
[0.530s] DEBUG:colcon.colcon_core.event_handler.log_command:Invoking command in '/home/william-ubuntu/16832_ws/build/laplace_pathfinder': CMAKE_PREFIX_PATH=/home/william-ubuntu/16832_ws/install/dynamic_logistics_warehouse:/home/william-ubuntu/16832_ws/install/laplace_pathfinder:/opt/ros/humble:/home/william-ubuntu/16832_ws/install/aws_robomaker_bookstore_world /usr/bin/cmake --install /home/william-ubuntu/16832_ws/build/laplace_pathfinder
[0.541s] Level 1:colcon.colcon_core.environment:create_environment_scripts_only(laplace_pathfinder)
[0.541s] Level 1:colcon.colcon_core.environment:checking '/home/william-ubuntu/16832_ws/install/laplace_pathfinder' for CMake module files
[0.542s] DEBUG:colcon.colcon_core.event_handler.log_command:Invoked command in '/home/william-ubuntu/16832_ws/build/laplace_pathfinder' returned '0': CMAKE_PREFIX_PATH=/home/william-ubuntu/16832_ws/install/dynamic_logistics_warehouse:/home/william-ubuntu/16832_ws/install/laplace_pathfinder:/opt/ros/humble:/home/william-ubuntu/16832_ws/install/aws_robomaker_bookstore_world /usr/bin/cmake --install /home/william-ubuntu/16832_ws/build/laplace_pathfinder
[0.542s] Level 1:colcon.colcon_core.environment:checking '/home/william-ubuntu/16832_ws/install/laplace_pathfinder' for CMake config files
[0.542s] Level 1:colcon.colcon_core.shell:create_environment_hook('laplace_pathfinder', 'cmake_prefix_path')
[0.542s] INFO:colcon.colcon_core.shell:Creating environment hook '/home/william-ubuntu/16832_ws/install/laplace_pathfinder/share/laplace_pathfinder/hook/cmake_prefix_path.ps1'
[0.543s] INFO:colcon.colcon_core.shell:Creating environment descriptor '/home/william-ubuntu/16832_ws/install/laplace_pathfinder/share/laplace_pathfinder/hook/cmake_prefix_path.dsv'
[0.543s] INFO:colcon.colcon_core.shell:Creating environment hook '/home/william-ubuntu/16832_ws/install/laplace_pathfinder/share/laplace_pathfinder/hook/cmake_prefix_path.sh'
[0.543s] Level 1:colcon.colcon_core.environment:checking '/home/william-ubuntu/16832_ws/install/laplace_pathfinder/bin'
[0.543s] Level 1:colcon.colcon_core.environment:checking '/home/william-ubuntu/16832_ws/install/laplace_pathfinder/lib/pkgconfig/laplace_pathfinder.pc'
[0.544s] Level 1:colcon.colcon_core.environment:checking '/home/william-ubuntu/16832_ws/install/laplace_pathfinder/lib/python3.10/site-packages'
[0.544s] Level 1:colcon.colcon_core.environment:checking '/home/william-ubuntu/16832_ws/install/laplace_pathfinder/bin'
[0.544s] INFO:colcon.colcon_core.shell:Creating package script '/home/william-ubuntu/16832_ws/install/laplace_pathfinder/share/laplace_pathfinder/package.ps1'
[0.545s] INFO:colcon.colcon_core.shell:Creating package descriptor '/home/william-ubuntu/16832_ws/install/laplace_pathfinder/share/laplace_pathfinder/package.dsv'
[0.545s] INFO:colcon.colcon_core.shell:Creating package script '/home/william-ubuntu/16832_ws/install/laplace_pathfinder/share/laplace_pathfinder/package.sh'
[0.545s] INFO:colcon.colcon_core.shell:Creating package script '/home/william-ubuntu/16832_ws/install/laplace_pathfinder/share/laplace_pathfinder/package.bash'
[0.546s] INFO:colcon.colcon_core.shell:Creating package script '/home/william-ubuntu/16832_ws/install/laplace_pathfinder/share/laplace_pathfinder/package.zsh'
[0.546s] Level 1:colcon.colcon_core.environment:create_file_with_runtime_dependencies(/home/william-ubuntu/16832_ws/install/laplace_pathfinder/share/colcon-core/packages/laplace_pathfinder)
[0.546s] Level 1:colcon.colcon_core.environment:create_environment_scripts_only(laplace_pathfinder)
[0.547s] Level 1:colcon.colcon_core.environment:checking '/home/william-ubuntu/16832_ws/install/laplace_pathfinder' for CMake module files
[0.547s] Level 1:colcon.colcon_core.environment:checking '/home/william-ubuntu/16832_ws/install/laplace_pathfinder' for CMake config files
[0.547s] Level 1:colcon.colcon_core.shell:create_environment_hook('laplace_pathfinder', 'cmake_prefix_path')
[0.548s] INFO:colcon.colcon_core.shell:Creating environment hook '/home/william-ubuntu/16832_ws/install/laplace_pathfinder/share/laplace_pathfinder/hook/cmake_prefix_path.ps1'
[0.548s] INFO:colcon.colcon_core.shell:Creating environment descriptor '/home/william-ubuntu/16832_ws/install/laplace_pathfinder/share/laplace_pathfinder/hook/cmake_prefix_path.dsv'
[0.549s] INFO:colcon.colcon_core.shell:Creating environment hook '/home/william-ubuntu/16832_ws/install/laplace_pathfinder/share/laplace_pathfinder/hook/cmake_prefix_path.sh'
[0.549s] Level 1:colcon.colcon_core.environment:checking '/home/william-ubuntu/16832_ws/install/laplace_pathfinder/bin'
[0.550s] Level 1:colcon.colcon_core.environment:checking '/home/william-ubuntu/16832_ws/install/laplace_pathfinder/lib/pkgconfig/laplace_pathfinder.pc'
[0.550s] Level 1:colcon.colcon_core.environment:checking '/home/william-ubuntu/16832_ws/install/laplace_pathfinder/lib/python3.10/site-packages'
[0.550s] Level 1:colcon.colcon_core.environment:checking '/home/william-ubuntu/16832_ws/install/laplace_pathfinder/bin'
[0.551s] INFO:colcon.colcon_core.shell:Creating package script '/home/william-ubuntu/16832_ws/install/laplace_pathfinder/share/laplace_pathfinder/package.ps1'
[0.552s] INFO:colcon.colcon_core.shell:Creating package descriptor '/home/william-ubuntu/16832_ws/install/laplace_pathfinder/share/laplace_pathfinder/package.dsv'
[0.552s] INFO:colcon.colcon_core.shell:Creating package script '/home/william-ubuntu/16832_ws/install/laplace_pathfinder/share/laplace_pathfinder/package.sh'
[0.553s] INFO:colcon.colcon_core.shell:Creating package script '/home/william-ubuntu/16832_ws/install/laplace_pathfinder/share/laplace_pathfinder/package.bash'
[0.554s] INFO:colcon.colcon_core.shell:Creating package script '/home/william-ubuntu/16832_ws/install/laplace_pathfinder/share/laplace_pathfinder/package.zsh'
[0.554s] Level 1:colcon.colcon_core.environment:create_file_with_runtime_dependencies(/home/william-ubuntu/16832_ws/install/laplace_pathfinder/share/colcon-core/packages/laplace_pathfinder)
[0.554s] DEBUG:colcon.colcon_parallel_executor.executor.parallel:closing loop
[0.555s] DEBUG:colcon.colcon_parallel_executor.executor.parallel:loop closed
[0.555s] DEBUG:colcon.colcon_parallel_executor.executor.parallel:run_until_complete finished with '0'
[0.555s] DEBUG:colcon.colcon_core.event_reactor:joining thread
[0.561s] INFO:colcon.colcon_core.plugin_system:Skipping extension 'colcon_notification.desktop_notification.terminal_notifier': Not used on non-Darwin systems
[0.561s] INFO:colcon.colcon_core.plugin_system:Skipping extension 'colcon_notification.desktop_notification.win32': Not used on non-Windows systems
[0.561s] INFO:colcon.colcon_notification.desktop_notification:Sending desktop notification using 'notify2'
[0.578s] DEBUG:colcon.colcon_core.event_reactor:joined thread
[0.578s] INFO:colcon.colcon_core.shell:Creating prefix script '/home/william-ubuntu/16832_ws/install/local_setup.ps1'
[0.581s] INFO:colcon.colcon_core.shell:Creating prefix util module '/home/william-ubuntu/16832_ws/install/_local_setup_util_ps1.py'
[0.583s] INFO:colcon.colcon_core.shell:Creating prefix chain script '/home/william-ubuntu/16832_ws/install/setup.ps1'
[0.584s] INFO:colcon.colcon_core.shell:Creating prefix script '/home/william-ubuntu/16832_ws/install/local_setup.sh'
[0.584s] INFO:colcon.colcon_core.shell:Creating prefix util module '/home/william-ubuntu/16832_ws/install/_local_setup_util_sh.py'
[0.585s] INFO:colcon.colcon_core.shell:Creating prefix chain script '/home/william-ubuntu/16832_ws/install/setup.sh'
[0.586s] INFO:colcon.colcon_core.shell:Creating prefix script '/home/william-ubuntu/16832_ws/install/local_setup.bash'
[0.586s] INFO:colcon.colcon_core.shell:Creating prefix chain script '/home/william-ubuntu/16832_ws/install/setup.bash'
[0.587s] INFO:colcon.colcon_core.shell:Creating prefix script '/home/william-ubuntu/16832_ws/install/local_setup.zsh'
[0.587s] INFO:colcon.colcon_core.shell:Creating prefix chain script '/home/william-ubuntu/16832_ws/install/setup.zsh'
