[0.016s] Invoking command in '/home/william-ubuntu/16832_ws/build/aws_robomaker_small_warehouse_world': /usr/bin/cmake /home/william-ubuntu/16832_ws/src/aws-robomaker-small-warehouse-world -DCATKIN_INSTALL_INTO_PREFIX_ROOT=0 -DCMAKE_INSTALL_PREFIX=/home/william-ubuntu/16832_ws/install/aws_robomaker_small_warehouse_world
[0.032s] [0mCMake Deprecation Warning at CMakeLists.txt:1 (cmake_minimum_required):
[0.033s]   Compatibility with CMake < 2.8.12 will be removed from a future version of
[0.033s]   CMake.
[0.033s] 
[0.033s]   Update the VERSION argument <min> value or use a ...<max> suffix to tell
[0.033s]   CMake that the project does not need compatibility with older versions.
[0.034s] 
[0.034s] [0m
[0.119s] -- The C compiler identification is GNU 11.4.0
[0.193s] -- The CXX compiler identification is GNU 11.4.0
[0.202s] -- Detecting C compiler ABI info
[0.263s] -- Detecting C compiler ABI info - done
[0.270s] -- Check for working C compiler: /usr/bin/cc - skipped
[0.270s] -- Detecting C compile features
[0.271s] -- Detecting C compile features - done
[0.274s] -- Detecting CXX compiler ABI info
[0.373s] -- Detecting CXX compiler ABI info - done
[0.379s] -- Check for working CXX compiler: /usr/bin/c++ - skipped
[0.379s] -- Detecting CXX compile features
[0.379s] -- Detecting CXX compile features - done
[0.386s] [31mCMake Error at CMakeLists.txt:4 (find_package):
[0.387s]   By not providing "Findcatkin.cmake" in CMAKE_MODULE_PATH this project has
[0.387s]   asked CMake to find a package configuration file provided by "catkin", but
[0.387s]   CMake did not find one.
[0.387s] 
[0.387s]   Could not find a package configuration file provided by "catkin" with any
[0.387s]   of the following names:
[0.387s] 
[0.387s]     catkinConfig.cmake
[0.387s]     catkin-config.cmake
[0.387s] 
[0.387s]   Add the installation prefix of "catkin" to CMAKE_PREFIX_PATH or set
[0.387s]   "catkin_DIR" to a directory containing one of the above files.  If "catkin"
[0.387s]   provides a separate development package or SDK, be sure it has been
[0.387s]   installed.
[0.387s] 
[0.387s] [0m
[0.387s] -- Configuring incomplete, errors occurred!
[0.387s] See also "/home/william-ubuntu/16832_ws/build/aws_robomaker_small_warehouse_world/CMakeFiles/CMakeOutput.log".
[0.389s] Invoked command in '/home/william-ubuntu/16832_ws/build/aws_robomaker_small_warehouse_world' returned '1': /usr/bin/cmake /home/william-ubuntu/16832_ws/src/aws-robomaker-small-warehouse-world -DCATKIN_INSTALL_INTO_PREFIX_ROOT=0 -DCMAKE_INSTALL_PREFIX=/home/william-ubuntu/16832_ws/install/aws_robomaker_small_warehouse_world
