[0.010s] Invoking command in '/home/william-ubuntu/16832_ws/build/dynamic_logistics_warehouse': CMAKE_PREFIX_PATH=/opt/ros/humble /usr/bin/cmake --build /home/william-ubuntu/16832_ws/build/dynamic_logistics_warehouse -- -j12 -l12
[0.060s] Invoked command in '/home/william-ubuntu/16832_ws/build/dynamic_logistics_warehouse' returned '0': CMAKE_PREFIX_PATH=/opt/ros/humble /usr/bin/cmake --build /home/william-ubuntu/16832_ws/build/dynamic_logistics_warehouse -- -j12 -l12
[0.069s] Invoking command in '/home/william-ubuntu/16832_ws/build/dynamic_logistics_warehouse': CMAKE_PREFIX_PATH=/opt/ros/humble /usr/bin/cmake --install /home/william-ubuntu/16832_ws/build/dynamic_logistics_warehouse
[0.078s] -- Install configuration: ""
[0.079s] -- Up-to-date: /home/william-ubuntu/16832_ws/install/dynamic_logistics_warehouse/share/dynamic_logistics_warehouse/launch
[0.079s] -- Up-to-date: /home/william-ubuntu/16832_ws/install/dynamic_logistics_warehouse/share/dynamic_logistics_warehouse/launch/logistics_warehouse.launch.py
[0.079s] -- Up-to-date: /home/william-ubuntu/16832_ws/install/dynamic_logistics_warehouse/share/dynamic_logistics_warehouse/launch/logistics_warehouse.launch
[0.079s] -- Up-to-date: /home/william-ubuntu/16832_ws/install/dynamic_logistics_warehouse/share/dynamic_logistics_warehouse/models
[0.079s] -- Up-to-date: /home/william-ubuntu/16832_ws/install/dynamic_logistics_warehouse/share/dynamic_logistics_warehouse/models/aws_robomaker_warehouse_Lamp_01
[0.079s] -- Up-to-date: /home/william-ubuntu/16832_ws/install/dynamic_logistics_warehouse/share/dynamic_logistics_warehouse/models/aws_robomaker_warehouse_Lamp_01/meshes
[0.079s] -- Up-to-date: /home/william-ubuntu/16832_ws/install/dynamic_logistics_warehouse/share/dynamic_logistics_warehouse/models/aws_robomaker_warehouse_Lamp_01/meshes/aws_robomaker_warehouse_Lamp_01_collision.DAE
[0.079s] -- Up-to-date: /home/william-ubuntu/16832_ws/install/dynamic_logistics_warehouse/share/dynamic_logistics_warehouse/models/aws_robomaker_warehouse_Lamp_01/meshes/aws_robomaker_warehouse_Lamp_01_visual.DAE
[0.079s] -- Up-to-date: /home/william-ubuntu/16832_ws/install/dynamic_logistics_warehouse/share/dynamic_logistics_warehouse/models/aws_robomaker_warehouse_Lamp_01/materials
[0.079s] -- Up-to-date: /home/william-ubuntu/16832_ws/install/dynamic_logistics_warehouse/share/dynamic_logistics_warehouse/models/aws_robomaker_warehouse_Lamp_01/materials/textures
[0.079s] -- Up-to-date: /home/william-ubuntu/16832_ws/install/dynamic_logistics_warehouse/share/dynamic_logistics_warehouse/models/aws_robomaker_warehouse_Lamp_01/materials/textures/aws_robomaker_warehouse_Lamp_01.png
[0.079s] -- Up-to-date: /home/william-ubuntu/16832_ws/install/dynamic_logistics_warehouse/share/dynamic_logistics_warehouse/models/aws_robomaker_warehouse_Lamp_01/model.config
[0.080s] -- Up-to-date: /home/william-ubuntu/16832_ws/install/dynamic_logistics_warehouse/share/dynamic_logistics_warehouse/models/aws_robomaker_warehouse_Lamp_01/model.sdf
[0.080s] -- Up-to-date: /home/william-ubuntu/16832_ws/install/dynamic_logistics_warehouse/share/dynamic_logistics_warehouse/models/aws_robomaker_warehouse_ClutteringC_01
[0.080s] -- Up-to-date: /home/william-ubuntu/16832_ws/install/dynamic_logistics_warehouse/share/dynamic_logistics_warehouse/models/aws_robomaker_warehouse_ClutteringC_01/meshes
[0.080s] -- Up-to-date: /home/william-ubuntu/16832_ws/install/dynamic_logistics_warehouse/share/dynamic_logistics_warehouse/models/aws_robomaker_warehouse_ClutteringC_01/meshes/aws_robomaker_warehouse_ClutteringC_01_visual.DAE
[0.080s] -- Up-to-date: /home/william-ubuntu/16832_ws/install/dynamic_logistics_warehouse/share/dynamic_logistics_warehouse/models/aws_robomaker_warehouse_ClutteringC_01/meshes/aws_robomaker_warehouse_ClutteringC_01_collision.DAE
[0.080s] -- Up-to-date: /home/william-ubuntu/16832_ws/install/dynamic_logistics_warehouse/share/dynamic_logistics_warehouse/models/aws_robomaker_warehouse_ClutteringC_01/materials
[0.080s] -- Up-to-date: /home/william-ubuntu/16832_ws/install/dynamic_logistics_warehouse/share/dynamic_logistics_warehouse/models/aws_robomaker_warehouse_ClutteringC_01/materials/textures
[0.080s] -- Up-to-date: /home/william-ubuntu/16832_ws/install/dynamic_logistics_warehouse/share/dynamic_logistics_warehouse/models/aws_robomaker_warehouse_ClutteringC_01/materials/textures/aws_robomaker_warehouse_ClutteringC_02.png
[0.081s] -- Up-to-date: /home/william-ubuntu/16832_ws/install/dynamic_logistics_warehouse/share/dynamic_logistics_warehouse/models/aws_robomaker_warehouse_ClutteringC_01/materials/textures/aws_robomaker_warehouse_ClutteringC_01.png
[0.081s] -- Up-to-date: /home/william-ubuntu/16832_ws/install/dynamic_logistics_warehouse/share/dynamic_logistics_warehouse/models/aws_robomaker_warehouse_ClutteringC_01/model.config
[0.081s] -- Up-to-date: /home/william-ubuntu/16832_ws/install/dynamic_logistics_warehouse/share/dynamic_logistics_warehouse/models/aws_robomaker_warehouse_ClutteringC_01/model.sdf
[0.082s] -- Up-to-date: /home/william-ubuntu/16832_ws/install/dynamic_logistics_warehouse/share/dynamic_logistics_warehouse/models/aws_robomaker_warehouse_ShelfF_01
[0.082s] -- Up-to-date: /home/william-ubuntu/16832_ws/install/dynamic_logistics_warehouse/share/dynamic_logistics_warehouse/models/aws_robomaker_warehouse_ShelfF_01/meshes
[0.082s] -- Up-to-date: /home/william-ubuntu/16832_ws/install/dynamic_logistics_warehouse/share/dynamic_logistics_warehouse/models/aws_robomaker_warehouse_ShelfF_01/meshes/aws_robomaker_warehouse_ShelfF_01_collision.DAE
[0.082s] -- Up-to-date: /home/william-ubuntu/16832_ws/install/dynamic_logistics_warehouse/share/dynamic_logistics_warehouse/models/aws_robomaker_warehouse_ShelfF_01/meshes/aws_robomaker_warehouse_ShelfF_01_visual.DAE
[0.082s] -- Up-to-date: /home/william-ubuntu/16832_ws/install/dynamic_logistics_warehouse/share/dynamic_logistics_warehouse/models/aws_robomaker_warehouse_ShelfF_01/materials
[0.083s] -- Up-to-date: /home/william-ubuntu/16832_ws/install/dynamic_logistics_warehouse/share/dynamic_logistics_warehouse/models/aws_robomaker_warehouse_ShelfF_01/materials/textures
[0.083s] -- Up-to-date: /home/william-ubuntu/16832_ws/install/dynamic_logistics_warehouse/share/dynamic_logistics_warehouse/models/aws_robomaker_warehouse_ShelfF_01/materials/textures/aws_robomaker_warehouse_ShelfF_01.png
[0.083s] -- Up-to-date: /home/william-ubuntu/16832_ws/install/dynamic_logistics_warehouse/share/dynamic_logistics_warehouse/models/aws_robomaker_warehouse_ShelfF_01/materials/textures/aws_robomaker_warehouse_ShelfF_03.png
[0.084s] -- Up-to-date: /home/william-ubuntu/16832_ws/install/dynamic_logistics_warehouse/share/dynamic_logistics_warehouse/models/aws_robomaker_warehouse_ShelfF_01/materials/textures/aws_robomaker_warehouse_ShelfF_02.png
[0.084s] -- Up-to-date: /home/william-ubuntu/16832_ws/install/dynamic_logistics_warehouse/share/dynamic_logistics_warehouse/models/aws_robomaker_warehouse_ShelfF_01/model.config
[0.084s] -- Up-to-date: /home/william-ubuntu/16832_ws/install/dynamic_logistics_warehouse/share/dynamic_logistics_warehouse/models/aws_robomaker_warehouse_ShelfF_01/model.sdf
[0.085s] -- Up-to-date: /home/william-ubuntu/16832_ws/install/dynamic_logistics_warehouse/share/dynamic_logistics_warehouse/models/aws_robomaker_warehouse_DeskC_01
[0.085s] -- Up-to-date: /home/william-ubuntu/16832_ws/install/dynamic_logistics_warehouse/share/dynamic_logistics_warehouse/models/aws_robomaker_warehouse_DeskC_01/meshes
[0.085s] -- Up-to-date: /home/william-ubuntu/16832_ws/install/dynamic_logistics_warehouse/share/dynamic_logistics_warehouse/models/aws_robomaker_warehouse_DeskC_01/meshes/aws_robomaker_warehouse_DeskC_01_visual.DAE
[0.085s] -- Up-to-date: /home/william-ubuntu/16832_ws/install/dynamic_logistics_warehouse/share/dynamic_logistics_warehouse/models/aws_robomaker_warehouse_DeskC_01/meshes/aws_robomaker_warehouse_DeskC_01_collision.DAE
[0.085s] -- Up-to-date: /home/william-ubuntu/16832_ws/install/dynamic_logistics_warehouse/share/dynamic_logistics_warehouse/models/aws_robomaker_warehouse_DeskC_01/materials
[0.085s] -- Up-to-date: /home/william-ubuntu/16832_ws/install/dynamic_logistics_warehouse/share/dynamic_logistics_warehouse/models/aws_robomaker_warehouse_DeskC_01/materials/textures
[0.086s] -- Up-to-date: /home/william-ubuntu/16832_ws/install/dynamic_logistics_warehouse/share/dynamic_logistics_warehouse/models/aws_robomaker_warehouse_DeskC_01/materials/textures/aws_robomaker_warehouse_DeskC_04.png
[0.086s] -- Up-to-date: /home/william-ubuntu/16832_ws/install/dynamic_logistics_warehouse/share/dynamic_logistics_warehouse/models/aws_robomaker_warehouse_DeskC_01/materials/textures/aws_robomaker_warehouse_DeskC_02.png
[0.086s] -- Up-to-date: /home/william-ubuntu/16832_ws/install/dynamic_logistics_warehouse/share/dynamic_logistics_warehouse/models/aws_robomaker_warehouse_DeskC_01/materials/textures/aws_robomaker_warehouse_DeskC_03.psd
[0.086s] -- Up-to-date: /home/william-ubuntu/16832_ws/install/dynamic_logistics_warehouse/share/dynamic_logistics_warehouse/models/aws_robomaker_warehouse_DeskC_01/materials/textures/aws_robomaker_warehouse_DeskC_01.png
[0.087s] -- Up-to-date: /home/william-ubuntu/16832_ws/install/dynamic_logistics_warehouse/share/dynamic_logistics_warehouse/models/aws_robomaker_warehouse_DeskC_01/materials/textures/aws_robomaker_warehouse_DeskC_03.png
[0.087s] -- Up-to-date: /home/william-ubuntu/16832_ws/install/dynamic_logistics_warehouse/share/dynamic_logistics_warehouse/models/aws_robomaker_warehouse_DeskC_01/model.config
[0.087s] -- Up-to-date: /home/william-ubuntu/16832_ws/install/dynamic_logistics_warehouse/share/dynamic_logistics_warehouse/models/aws_robomaker_warehouse_DeskC_01/model.sdf
[0.087s] -- Up-to-date: /home/william-ubuntu/16832_ws/install/dynamic_logistics_warehouse/share/dynamic_logistics_warehouse/models/aws_robomaker_warehouse_PalletJackB_01
[0.087s] -- Up-to-date: /home/william-ubuntu/16832_ws/install/dynamic_logistics_warehouse/share/dynamic_logistics_warehouse/models/aws_robomaker_warehouse_PalletJackB_01/meshes
[0.087s] -- Up-to-date: /home/william-ubuntu/16832_ws/install/dynamic_logistics_warehouse/share/dynamic_logistics_warehouse/models/aws_robomaker_warehouse_PalletJackB_01/meshes/aws_robomaker_warehouse_PalletJackB_01_visual.DAE
[0.088s] -- Up-to-date: /home/william-ubuntu/16832_ws/install/dynamic_logistics_warehouse/share/dynamic_logistics_warehouse/models/aws_robomaker_warehouse_PalletJackB_01/meshes/aws_robomaker_warehouse_PalletJackB_01_collision.DAE
[0.088s] -- Up-to-date: /home/william-ubuntu/16832_ws/install/dynamic_logistics_warehouse/share/dynamic_logistics_warehouse/models/aws_robomaker_warehouse_PalletJackB_01/materials
[0.088s] -- Up-to-date: /home/william-ubuntu/16832_ws/install/dynamic_logistics_warehouse/share/dynamic_logistics_warehouse/models/aws_robomaker_warehouse_PalletJackB_01/materials/textures
[0.088s] -- Up-to-date: /home/william-ubuntu/16832_ws/install/dynamic_logistics_warehouse/share/dynamic_logistics_warehouse/models/aws_robomaker_warehouse_PalletJackB_01/materials/textures/aws_robomaker_warehouse_PalletJackB_01.png
[0.088s] -- Up-to-date: /home/william-ubuntu/16832_ws/install/dynamic_logistics_warehouse/share/dynamic_logistics_warehouse/models/aws_robomaker_warehouse_PalletJackB_01/materials/textures/aws_robomaker_warehouse_PalletJackB_02.png
[0.088s] -- Up-to-date: /home/william-ubuntu/16832_ws/install/dynamic_logistics_warehouse/share/dynamic_logistics_warehouse/models/aws_robomaker_warehouse_PalletJackB_01/model.config
[0.088s] -- Up-to-date: /home/william-ubuntu/16832_ws/install/dynamic_logistics_warehouse/share/dynamic_logistics_warehouse/models/aws_robomaker_warehouse_PalletJackB_01/model.sdf
[0.089s] -- Up-to-date: /home/william-ubuntu/16832_ws/install/dynamic_logistics_warehouse/share/dynamic_logistics_warehouse/models/aws_robomaker_warehouse_ShelfE_01
[0.089s] -- Up-to-date: /home/william-ubuntu/16832_ws/install/dynamic_logistics_warehouse/share/dynamic_logistics_warehouse/models/aws_robomaker_warehouse_ShelfE_01/meshes
[0.089s] -- Up-to-date: /home/william-ubuntu/16832_ws/install/dynamic_logistics_warehouse/share/dynamic_logistics_warehouse/models/aws_robomaker_warehouse_ShelfE_01/meshes/aws_robomaker_warehouse_ShelfE_01_visual.DAE
[0.089s] -- Up-to-date: /home/william-ubuntu/16832_ws/install/dynamic_logistics_warehouse/share/dynamic_logistics_warehouse/models/aws_robomaker_warehouse_ShelfE_01/meshes/aws_robomaker_warehouse_ShelfE_01_collision.DAE
[0.089s] -- Up-to-date: /home/william-ubuntu/16832_ws/install/dynamic_logistics_warehouse/share/dynamic_logistics_warehouse/models/aws_robomaker_warehouse_ShelfE_01/materials
[0.089s] -- Up-to-date: /home/william-ubuntu/16832_ws/install/dynamic_logistics_warehouse/share/dynamic_logistics_warehouse/models/aws_robomaker_warehouse_ShelfE_01/materials/textures
[0.090s] -- Up-to-date: /home/william-ubuntu/16832_ws/install/dynamic_logistics_warehouse/share/dynamic_logistics_warehouse/models/aws_robomaker_warehouse_ShelfE_01/materials/textures/aws_robomaker_warehouse_ShelfE_04.png
[0.090s] -- Up-to-date: /home/william-ubuntu/16832_ws/install/dynamic_logistics_warehouse/share/dynamic_logistics_warehouse/models/aws_robomaker_warehouse_ShelfE_01/materials/textures/aws_robomaker_warehouse_ShelfE_03.png
[0.090s] -- Up-to-date: /home/william-ubuntu/16832_ws/install/dynamic_logistics_warehouse/share/dynamic_logistics_warehouse/models/aws_robomaker_warehouse_ShelfE_01/materials/textures/aws_robomaker_warehouse_ShelfE_02.png
[0.090s] -- Up-to-date: /home/william-ubuntu/16832_ws/install/dynamic_logistics_warehouse/share/dynamic_logistics_warehouse/models/aws_robomaker_warehouse_ShelfE_01/materials/textures/aws_robomaker_warehouse_ShelfE_01.png
[0.091s] -- Up-to-date: /home/william-ubuntu/16832_ws/install/dynamic_logistics_warehouse/share/dynamic_logistics_warehouse/models/aws_robomaker_warehouse_ShelfE_01/model.config
[0.091s] -- Up-to-date: /home/william-ubuntu/16832_ws/install/dynamic_logistics_warehouse/share/dynamic_logistics_warehouse/models/aws_robomaker_warehouse_ShelfE_01/model.sdf
[0.091s] -- Up-to-date: /home/william-ubuntu/16832_ws/install/dynamic_logistics_warehouse/share/dynamic_logistics_warehouse/models/aws_robomaker_warehouse_ShelfD_01
[0.091s] -- Up-to-date: /home/william-ubuntu/16832_ws/install/dynamic_logistics_warehouse/share/dynamic_logistics_warehouse/models/aws_robomaker_warehouse_ShelfD_01/materials
[0.091s] -- Up-to-date: /home/william-ubuntu/16832_ws/install/dynamic_logistics_warehouse/share/dynamic_logistics_warehouse/models/aws_robomaker_warehouse_ShelfD_01/materials/textures
[0.092s] -- Up-to-date: /home/william-ubuntu/16832_ws/install/dynamic_logistics_warehouse/share/dynamic_logistics_warehouse/models/aws_robomaker_warehouse_ShelfD_01/materials/textures/aws_robomaker_warehouse_ShelfD_04.png
[0.092s] -- Up-to-date: /home/william-ubuntu/16832_ws/install/dynamic_logistics_warehouse/share/dynamic_logistics_warehouse/models/aws_robomaker_warehouse_ShelfD_01/materials/textures/aws_robomaker_warehouse_ShelfD_03.png
[0.092s] -- Up-to-date: /home/william-ubuntu/16832_ws/install/dynamic_logistics_warehouse/share/dynamic_logistics_warehouse/models/aws_robomaker_warehouse_ShelfD_01/materials/textures/aws_robomaker_warehouse_ShelfD_01.png
[0.092s] -- Up-to-date: /home/william-ubuntu/16832_ws/install/dynamic_logistics_warehouse/share/dynamic_logistics_warehouse/models/aws_robomaker_warehouse_ShelfD_01/materials/textures/aws_robomaker_warehouse_ShelfD_02.png
[0.092s] -- Up-to-date: /home/william-ubuntu/16832_ws/install/dynamic_logistics_warehouse/share/dynamic_logistics_warehouse/models/aws_robomaker_warehouse_ShelfD_01/model.config
[0.093s] -- Up-to-date: /home/william-ubuntu/16832_ws/install/dynamic_logistics_warehouse/share/dynamic_logistics_warehouse/models/aws_robomaker_warehouse_ShelfD_01/model.sdf
[0.093s] -- Up-to-date: /home/william-ubuntu/16832_ws/install/dynamic_logistics_warehouse/share/dynamic_logistics_warehouse/models/aws_robomaker_warehouse_RoofB_01
[0.093s] -- Up-to-date: /home/william-ubuntu/16832_ws/install/dynamic_logistics_warehouse/share/dynamic_logistics_warehouse/models/aws_robomaker_warehouse_RoofB_01/meshes
[0.093s] -- Up-to-date: /home/william-ubuntu/16832_ws/install/dynamic_logistics_warehouse/share/dynamic_logistics_warehouse/models/aws_robomaker_warehouse_RoofB_01/meshes/aws_robomaker_warehouse_RoofB_01_visual.DAE
[0.094s] -- Up-to-date: /home/william-ubuntu/16832_ws/install/dynamic_logistics_warehouse/share/dynamic_logistics_warehouse/models/aws_robomaker_warehouse_RoofB_01/meshes/aws_robomaker_warehouse_RoofB_01_collision.DAE
[0.094s] -- Up-to-date: /home/william-ubuntu/16832_ws/install/dynamic_logistics_warehouse/share/dynamic_logistics_warehouse/models/aws_robomaker_warehouse_RoofB_01/materials
[0.094s] -- Up-to-date: /home/william-ubuntu/16832_ws/install/dynamic_logistics_warehouse/share/dynamic_logistics_warehouse/models/aws_robomaker_warehouse_RoofB_01/materials/textures
[0.094s] -- Up-to-date: /home/william-ubuntu/16832_ws/install/dynamic_logistics_warehouse/share/dynamic_logistics_warehouse/models/aws_robomaker_warehouse_RoofB_01/materials/textures/aws_robomaker_warehouse_RoofB_01.png
[0.094s] -- Up-to-date: /home/william-ubuntu/16832_ws/install/dynamic_logistics_warehouse/share/dynamic_logistics_warehouse/models/aws_robomaker_warehouse_RoofB_01/model.config
[0.095s] -- Up-to-date: /home/william-ubuntu/16832_ws/install/dynamic_logistics_warehouse/share/dynamic_logistics_warehouse/models/aws_robomaker_warehouse_RoofB_01/model.sdf
[0.095s] -- Up-to-date: /home/william-ubuntu/16832_ws/install/dynamic_logistics_warehouse/share/dynamic_logistics_warehouse/models/aws_robomaker_warehouse_TrashCanC_01
[0.095s] -- Up-to-date: /home/william-ubuntu/16832_ws/install/dynamic_logistics_warehouse/share/dynamic_logistics_warehouse/models/aws_robomaker_warehouse_TrashCanC_01/meshes
[0.095s] -- Up-to-date: /home/william-ubuntu/16832_ws/install/dynamic_logistics_warehouse/share/dynamic_logistics_warehouse/models/aws_robomaker_warehouse_TrashCanC_01/meshes/aws_robomaker_warehouse_TrashCanC_01_visual.DAE
[0.095s] -- Up-to-date: /home/william-ubuntu/16832_ws/install/dynamic_logistics_warehouse/share/dynamic_logistics_warehouse/models/aws_robomaker_warehouse_TrashCanC_01/meshes/aws_robomaker_warehouse_TrashCanC_01_collision.DAE
[0.095s] -- Up-to-date: /home/william-ubuntu/16832_ws/install/dynamic_logistics_warehouse/share/dynamic_logistics_warehouse/models/aws_robomaker_warehouse_TrashCanC_01/materials
[0.095s] -- Up-to-date: /home/william-ubuntu/16832_ws/install/dynamic_logistics_warehouse/share/dynamic_logistics_warehouse/models/aws_robomaker_warehouse_TrashCanC_01/materials/textures
[0.096s] -- Up-to-date: /home/william-ubuntu/16832_ws/install/dynamic_logistics_warehouse/share/dynamic_logistics_warehouse/models/aws_robomaker_warehouse_TrashCanC_01/materials/textures/aws_robomaker_warehouse_TrashCanC_01.png
[0.097s] -- Up-to-date: /home/william-ubuntu/16832_ws/install/dynamic_logistics_warehouse/share/dynamic_logistics_warehouse/models/aws_robomaker_warehouse_TrashCanC_01/model.config
[0.097s] -- Up-to-date: /home/william-ubuntu/16832_ws/install/dynamic_logistics_warehouse/share/dynamic_logistics_warehouse/models/aws_robomaker_warehouse_TrashCanC_01/model.sdf
[0.098s] -- Up-to-date: /home/william-ubuntu/16832_ws/install/dynamic_logistics_warehouse/share/dynamic_logistics_warehouse/models/aws_robomaker_warehouse_WallB_01
[0.098s] -- Up-to-date: /home/william-ubuntu/16832_ws/install/dynamic_logistics_warehouse/share/dynamic_logistics_warehouse/models/aws_robomaker_warehouse_WallB_01/meshes
[0.099s] -- Up-to-date: /home/william-ubuntu/16832_ws/install/dynamic_logistics_warehouse/share/dynamic_logistics_warehouse/models/aws_robomaker_warehouse_WallB_01/meshes/aws_robomaker_warehouse_WallB_01_collision.DAE
[0.099s] -- Up-to-date: /home/william-ubuntu/16832_ws/install/dynamic_logistics_warehouse/share/dynamic_logistics_warehouse/models/aws_robomaker_warehouse_WallB_01/meshes/aws_robomaker_warehouse_WallB_01_visual.DAE
[0.099s] -- Up-to-date: /home/william-ubuntu/16832_ws/install/dynamic_logistics_warehouse/share/dynamic_logistics_warehouse/models/aws_robomaker_warehouse_WallB_01/materials
[0.100s] -- Up-to-date: /home/william-ubuntu/16832_ws/install/dynamic_logistics_warehouse/share/dynamic_logistics_warehouse/models/aws_robomaker_warehouse_WallB_01/materials/textures
[0.100s] -- Up-to-date: /home/william-ubuntu/16832_ws/install/dynamic_logistics_warehouse/share/dynamic_logistics_warehouse/models/aws_robomaker_warehouse_WallB_01/materials/textures/aws_robomaker_warehouse_WallB_01.png
[0.101s] -- Up-to-date: /home/william-ubuntu/16832_ws/install/dynamic_logistics_warehouse/share/dynamic_logistics_warehouse/models/aws_robomaker_warehouse_WallB_01/model.config
[0.101s] -- Up-to-date: /home/william-ubuntu/16832_ws/install/dynamic_logistics_warehouse/share/dynamic_logistics_warehouse/models/aws_robomaker_warehouse_WallB_01/model.sdf
[0.102s] -- Up-to-date: /home/william-ubuntu/16832_ws/install/dynamic_logistics_warehouse/share/dynamic_logistics_warehouse/models/aws_robomaker_warehouse_ClutteringA_01
[0.102s] -- Up-to-date: /home/william-ubuntu/16832_ws/install/dynamic_logistics_warehouse/share/dynamic_logistics_warehouse/models/aws_robomaker_warehouse_ClutteringA_01/meshes
[0.102s] -- Up-to-date: /home/william-ubuntu/16832_ws/install/dynamic_logistics_warehouse/share/dynamic_logistics_warehouse/models/aws_robomaker_warehouse_ClutteringA_01/meshes/aws_robomaker_warehouse_ClutteringA_01_collision.DAE
[0.103s] -- Up-to-date: /home/william-ubuntu/16832_ws/install/dynamic_logistics_warehouse/share/dynamic_logistics_warehouse/models/aws_robomaker_warehouse_ClutteringA_01/meshes/aws_robomaker_warehouse_ClutteringA_01_visual.DAE
[0.103s] -- Up-to-date: /home/william-ubuntu/16832_ws/install/dynamic_logistics_warehouse/share/dynamic_logistics_warehouse/models/aws_robomaker_warehouse_ClutteringA_01/materials
[0.104s] -- Up-to-date: /home/william-ubuntu/16832_ws/install/dynamic_logistics_warehouse/share/dynamic_logistics_warehouse/models/aws_robomaker_warehouse_ClutteringA_01/materials/textures
[0.106s] -- Up-to-date: /home/william-ubuntu/16832_ws/install/dynamic_logistics_warehouse/share/dynamic_logistics_warehouse/models/aws_robomaker_warehouse_ClutteringA_01/materials/textures/aws_robomaker_warehouse_ClutteringA_02.png
[0.106s] -- Up-to-date: /home/william-ubuntu/16832_ws/install/dynamic_logistics_warehouse/share/dynamic_logistics_warehouse/models/aws_robomaker_warehouse_ClutteringA_01/materials/textures/aws_robomaker_warehouse_ClutteringA_01.png
[0.106s] -- Up-to-date: /home/william-ubuntu/16832_ws/install/dynamic_logistics_warehouse/share/dynamic_logistics_warehouse/models/aws_robomaker_warehouse_ClutteringA_01/materials/textures/aws_robomaker_warehouse_ClutteringA_03.png
[0.107s] -- Up-to-date: /home/william-ubuntu/16832_ws/install/dynamic_logistics_warehouse/share/dynamic_logistics_warehouse/models/aws_robomaker_warehouse_ClutteringA_01/model.config
[0.107s] -- Up-to-date: /home/william-ubuntu/16832_ws/install/dynamic_logistics_warehouse/share/dynamic_logistics_warehouse/models/aws_robomaker_warehouse_ClutteringA_01/model.sdf
[0.107s] -- Up-to-date: /home/william-ubuntu/16832_ws/install/dynamic_logistics_warehouse/share/dynamic_logistics_warehouse/models/aws_robomaker_warehouse_ClutteringD_01
[0.107s] -- Up-to-date: /home/william-ubuntu/16832_ws/install/dynamic_logistics_warehouse/share/dynamic_logistics_warehouse/models/aws_robomaker_warehouse_ClutteringD_01/meshes
[0.107s] -- Up-to-date: /home/william-ubuntu/16832_ws/install/dynamic_logistics_warehouse/share/dynamic_logistics_warehouse/models/aws_robomaker_warehouse_ClutteringD_01/meshes/aws_robomaker_warehouse_ClutteringD_01_collision.DAE
[0.107s] -- Up-to-date: /home/william-ubuntu/16832_ws/install/dynamic_logistics_warehouse/share/dynamic_logistics_warehouse/models/aws_robomaker_warehouse_ClutteringD_01/meshes/aws_robomaker_warehouse_ClutteringD_01_visual.DAE
[0.107s] -- Up-to-date: /home/william-ubuntu/16832_ws/install/dynamic_logistics_warehouse/share/dynamic_logistics_warehouse/models/aws_robomaker_warehouse_ClutteringD_01/materials
[0.107s] -- Up-to-date: /home/william-ubuntu/16832_ws/install/dynamic_logistics_warehouse/share/dynamic_logistics_warehouse/models/aws_robomaker_warehouse_ClutteringD_01/materials/textures
[0.107s] -- Up-to-date: /home/william-ubuntu/16832_ws/install/dynamic_logistics_warehouse/share/dynamic_logistics_warehouse/models/aws_robomaker_warehouse_ClutteringD_01/materials/textures/aws_robomaker_warehouse_ClutteringD_01.png
[0.108s] -- Up-to-date: /home/william-ubuntu/16832_ws/install/dynamic_logistics_warehouse/share/dynamic_logistics_warehouse/models/aws_robomaker_warehouse_ClutteringD_01/materials/textures/aws_robomaker_warehouse_ClutteringD_02.png
[0.108s] -- Up-to-date: /home/william-ubuntu/16832_ws/install/dynamic_logistics_warehouse/share/dynamic_logistics_warehouse/models/aws_robomaker_warehouse_ClutteringD_01/model.config
[0.108s] -- Up-to-date: /home/william-ubuntu/16832_ws/install/dynamic_logistics_warehouse/share/dynamic_logistics_warehouse/models/aws_robomaker_warehouse_ClutteringD_01/model.sdf
[0.108s] -- Up-to-date: /home/william-ubuntu/16832_ws/install/dynamic_logistics_warehouse/share/dynamic_logistics_warehouse/models/aws_robomaker_warehouse_GroundB_01
[0.108s] -- Up-to-date: /home/william-ubuntu/16832_ws/install/dynamic_logistics_warehouse/share/dynamic_logistics_warehouse/models/aws_robomaker_warehouse_GroundB_01/meshes
[0.108s] -- Up-to-date: /home/william-ubuntu/16832_ws/install/dynamic_logistics_warehouse/share/dynamic_logistics_warehouse/models/aws_robomaker_warehouse_GroundB_01/meshes/aws_robomaker_warehouse_GroundB_01_visual.DAE
[0.108s] -- Up-to-date: /home/william-ubuntu/16832_ws/install/dynamic_logistics_warehouse/share/dynamic_logistics_warehouse/models/aws_robomaker_warehouse_GroundB_01/meshes/aws_robomaker_warehouse_GroundB_01_collision.DAE
[0.108s] -- Up-to-date: /home/william-ubuntu/16832_ws/install/dynamic_logistics_warehouse/share/dynamic_logistics_warehouse/models/aws_robomaker_warehouse_GroundB_01/materials
[0.108s] -- Up-to-date: /home/william-ubuntu/16832_ws/install/dynamic_logistics_warehouse/share/dynamic_logistics_warehouse/models/aws_robomaker_warehouse_GroundB_01/materials/textures
[0.109s] -- Up-to-date: /home/william-ubuntu/16832_ws/install/dynamic_logistics_warehouse/share/dynamic_logistics_warehouse/models/aws_robomaker_warehouse_GroundB_01/materials/textures/aws_robomaker_warehouse_GroundB_02.png
[0.109s] -- Up-to-date: /home/william-ubuntu/16832_ws/install/dynamic_logistics_warehouse/share/dynamic_logistics_warehouse/models/aws_robomaker_warehouse_GroundB_01/materials/textures/aws_robomaker_warehouse_GroundB_01.png
[0.109s] -- Up-to-date: /home/william-ubuntu/16832_ws/install/dynamic_logistics_warehouse/share/dynamic_logistics_warehouse/models/aws_robomaker_warehouse_GroundB_01/model.config
[0.109s] -- Up-to-date: /home/william-ubuntu/16832_ws/install/dynamic_logistics_warehouse/share/dynamic_logistics_warehouse/models/aws_robomaker_warehouse_GroundB_01/model.sdf
[0.109s] -- Up-to-date: /home/william-ubuntu/16832_ws/install/dynamic_logistics_warehouse/share/dynamic_logistics_warehouse/worlds
[0.109s] -- Installing: /home/william-ubuntu/16832_ws/install/dynamic_logistics_warehouse/share/dynamic_logistics_warehouse/worlds/warehouse.world
[0.109s] -- Up-to-date: /home/william-ubuntu/16832_ws/install/dynamic_logistics_warehouse/share/dynamic_logistics_warehouse/maps
[0.109s] -- Up-to-date: /home/william-ubuntu/16832_ws/install/dynamic_logistics_warehouse/share/dynamic_logistics_warehouse/maps/002
[0.109s] -- Up-to-date: /home/william-ubuntu/16832_ws/install/dynamic_logistics_warehouse/share/dynamic_logistics_warehouse/maps/002/map.yaml
[0.109s] -- Up-to-date: /home/william-ubuntu/16832_ws/install/dynamic_logistics_warehouse/share/dynamic_logistics_warehouse/maps/002/map.pgm
[0.109s] -- Up-to-date: /home/william-ubuntu/16832_ws/install/dynamic_logistics_warehouse/share/dynamic_logistics_warehouse/maps/005
[0.109s] -- Up-to-date: /home/william-ubuntu/16832_ws/install/dynamic_logistics_warehouse/share/dynamic_logistics_warehouse/maps/005/map_rotated.pgm
[0.109s] -- Up-to-date: /home/william-ubuntu/16832_ws/install/dynamic_logistics_warehouse/share/dynamic_logistics_warehouse/maps/005/map_rotated.png
[0.109s] -- Up-to-date: /home/william-ubuntu/16832_ws/install/dynamic_logistics_warehouse/share/dynamic_logistics_warehouse/maps/005/map.yaml
[0.109s] -- Up-to-date: /home/william-ubuntu/16832_ws/install/dynamic_logistics_warehouse/share/dynamic_logistics_warehouse/maps/005/map.pgm
[0.109s] -- Up-to-date: /home/william-ubuntu/16832_ws/install/dynamic_logistics_warehouse/share/dynamic_logistics_warehouse/rviz
[0.109s] -- Up-to-date: /home/william-ubuntu/16832_ws/install/dynamic_logistics_warehouse/share/dynamic_logistics_warehouse/rviz/basic_data.rviz
[0.109s] -- Up-to-date: /home/william-ubuntu/16832_ws/install/dynamic_logistics_warehouse/share/ament_index/resource_index/package_run_dependencies/dynamic_logistics_warehouse
[0.109s] -- Up-to-date: /home/william-ubuntu/16832_ws/install/dynamic_logistics_warehouse/share/ament_index/resource_index/parent_prefix_path/dynamic_logistics_warehouse
[0.109s] -- Up-to-date: /home/william-ubuntu/16832_ws/install/dynamic_logistics_warehouse/share/dynamic_logistics_warehouse/environment/ament_prefix_path.sh
[0.110s] -- Up-to-date: /home/william-ubuntu/16832_ws/install/dynamic_logistics_warehouse/share/dynamic_logistics_warehouse/environment/ament_prefix_path.dsv
[0.110s] -- Up-to-date: /home/william-ubuntu/16832_ws/install/dynamic_logistics_warehouse/share/dynamic_logistics_warehouse/environment/path.sh
[0.110s] -- Up-to-date: /home/william-ubuntu/16832_ws/install/dynamic_logistics_warehouse/share/dynamic_logistics_warehouse/environment/path.dsv
[0.110s] -- Up-to-date: /home/william-ubuntu/16832_ws/install/dynamic_logistics_warehouse/share/dynamic_logistics_warehouse/local_setup.bash
[0.110s] -- Up-to-date: /home/william-ubuntu/16832_ws/install/dynamic_logistics_warehouse/share/dynamic_logistics_warehouse/local_setup.sh
[0.110s] -- Up-to-date: /home/william-ubuntu/16832_ws/install/dynamic_logistics_warehouse/share/dynamic_logistics_warehouse/local_setup.zsh
[0.110s] -- Up-to-date: /home/william-ubuntu/16832_ws/install/dynamic_logistics_warehouse/share/dynamic_logistics_warehouse/local_setup.dsv
[0.110s] -- Installing: /home/william-ubuntu/16832_ws/install/dynamic_logistics_warehouse/share/dynamic_logistics_warehouse/package.dsv
[0.110s] -- Up-to-date: /home/william-ubuntu/16832_ws/install/dynamic_logistics_warehouse/share/ament_index/resource_index/packages/dynamic_logistics_warehouse
[0.110s] -- Up-to-date: /home/william-ubuntu/16832_ws/install/dynamic_logistics_warehouse/share/dynamic_logistics_warehouse/cmake/dynamic_logistics_warehouseConfig.cmake
[0.110s] -- Up-to-date: /home/william-ubuntu/16832_ws/install/dynamic_logistics_warehouse/share/dynamic_logistics_warehouse/cmake/dynamic_logistics_warehouseConfig-version.cmake
[0.110s] -- Up-to-date: /home/william-ubuntu/16832_ws/install/dynamic_logistics_warehouse/share/dynamic_logistics_warehouse/package.xml
[0.110s] Invoked command in '/home/william-ubuntu/16832_ws/build/dynamic_logistics_warehouse' returned '0': CMAKE_PREFIX_PATH=/opt/ros/humble /usr/bin/cmake --install /home/william-ubuntu/16832_ws/build/dynamic_logistics_warehouse
