[0.011s] Invoking command in '/home/william-ubuntu/16832_ws/build/laplace_pathfinder': CMAKE_PREFIX_PATH=/home/william-ubuntu/16832_ws/install/dynamic_logistics_warehouse:/home/william-ubuntu/16832_ws/install/laplace_pathfinder:/opt/ros/humble:/home/william-ubuntu/16832_ws/install/aws_robomaker_bookstore_world /usr/bin/cmake --build /home/william-ubuntu/16832_ws/build/laplace_pathfinder -- -j12 -l12
[0.038s] -- Found ament_cmake: 1.3.14 (/opt/ros/humble/share/ament_cmake/cmake)
[0.243s] -- Configuring done
[0.245s] -- Generating done
[0.246s] -- Build files have been written to: /home/william-ubuntu/16832_ws/build/laplace_pathfinder
[0.273s] Invoked command in '/home/william-ubuntu/16832_ws/build/laplace_pathfinder' returned '0': CMAKE_PREFIX_PATH=/home/william-ubuntu/16832_ws/install/dynamic_logistics_warehouse:/home/william-ubuntu/16832_ws/install/laplace_pathfinder:/opt/ros/humble:/home/william-ubuntu/16832_ws/install/aws_robomaker_bookstore_world /usr/bin/cmake --build /home/william-ubuntu/16832_ws/build/laplace_pathfinder -- -j12 -l12
[0.285s] Invoking command in '/home/william-ubuntu/16832_ws/build/laplace_pathfinder': CMAKE_PREFIX_PATH=/home/william-ubuntu/16832_ws/install/dynamic_logistics_warehouse:/home/william-ubuntu/16832_ws/install/laplace_pathfinder:/opt/ros/humble:/home/william-ubuntu/16832_ws/install/aws_robomaker_bookstore_world /usr/bin/cmake --install /home/william-ubuntu/16832_ws/build/laplace_pathfinder
[0.292s] -- Install configuration: ""
[0.292s] -- Up-to-date: /home/william-ubuntu/16832_ws/install/laplace_pathfinder/share/laplace_pathfinder/launch
[0.292s] -- Installing: /home/william-ubuntu/16832_ws/install/laplace_pathfinder/share/laplace_pathfinder/launch/warehouse_with_burger.launch.py
[0.292s] -- Installing: /home/william-ubuntu/16832_ws/install/laplace_pathfinder/share/ament_index/resource_index/package_run_dependencies/laplace_pathfinder
[0.292s] -- Installing: /home/william-ubuntu/16832_ws/install/laplace_pathfinder/share/ament_index/resource_index/parent_prefix_path/laplace_pathfinder
[0.292s] -- Up-to-date: /home/william-ubuntu/16832_ws/install/laplace_pathfinder/share/laplace_pathfinder/environment/ament_prefix_path.sh
[0.293s] -- Installing: /home/william-ubuntu/16832_ws/install/laplace_pathfinder/share/laplace_pathfinder/environment/ament_prefix_path.dsv
[0.293s] -- Up-to-date: /home/william-ubuntu/16832_ws/install/laplace_pathfinder/share/laplace_pathfinder/environment/path.sh
[0.293s] -- Installing: /home/william-ubuntu/16832_ws/install/laplace_pathfinder/share/laplace_pathfinder/environment/path.dsv
[0.293s] -- Up-to-date: /home/william-ubuntu/16832_ws/install/laplace_pathfinder/share/laplace_pathfinder/local_setup.bash
[0.293s] -- Up-to-date: /home/william-ubuntu/16832_ws/install/laplace_pathfinder/share/laplace_pathfinder/local_setup.sh
[0.293s] -- Up-to-date: /home/william-ubuntu/16832_ws/install/laplace_pathfinder/share/laplace_pathfinder/local_setup.zsh
[0.293s] -- Installing: /home/william-ubuntu/16832_ws/install/laplace_pathfinder/share/laplace_pathfinder/local_setup.dsv
[0.293s] -- Installing: /home/william-ubuntu/16832_ws/install/laplace_pathfinder/share/laplace_pathfinder/package.dsv
[0.293s] -- Up-to-date: /home/william-ubuntu/16832_ws/install/laplace_pathfinder/share/ament_index/resource_index/packages/laplace_pathfinder
[0.293s] -- Up-to-date: /home/william-ubuntu/16832_ws/install/laplace_pathfinder/share/laplace_pathfinder/cmake/laplace_pathfinderConfig.cmake
[0.293s] -- Up-to-date: /home/william-ubuntu/16832_ws/install/laplace_pathfinder/share/laplace_pathfinder/cmake/laplace_pathfinderConfig-version.cmake
[0.294s] -- Installing: /home/william-ubuntu/16832_ws/install/laplace_pathfinder/share/laplace_pathfinder/package.xml
[0.294s] Invoked command in '/home/william-ubuntu/16832_ws/build/laplace_pathfinder' returned '0': CMAKE_PREFIX_PATH=/home/william-ubuntu/16832_ws/install/dynamic_logistics_warehouse:/home/william-ubuntu/16832_ws/install/laplace_pathfinder:/opt/ros/humble:/home/william-ubuntu/16832_ws/install/aws_robomaker_bookstore_world /usr/bin/cmake --install /home/william-ubuntu/16832_ws/build/laplace_pathfinder
