[0.008s] Invoking command in '/home/william-ubuntu/16832_ws/build/aws_robomaker_bookstore_world': /usr/bin/cmake /home/william-ubuntu/16832_ws/src/aws-robomaker-bookstore-world -DCATKIN_INSTALL_INTO_PREFIX_ROOT=0 -DCMAKE_INSTALL_PREFIX=/home/william-ubuntu/16832_ws/install/aws_robomaker_bookstore_world
[0.014s] [0mCMake Deprecation Warning at CMakeLists.txt:1 (cmake_minimum_required):
[0.014s]   Compatibility with CMake < 2.8.12 will be removed from a future version of
[0.014s]   CMake.
[0.014s] 
[0.014s]   Update the VERSION argument <min> value or use a ...<max> suffix to tell
[0.014s]   CMake that the project does not need compatibility with older versions.
[0.014s] 
[0.014s] [0m
[0.057s] -- The C compiler identification is GNU 11.4.0
[0.097s] -- The CXX compiler identification is GNU 11.4.0
[0.104s] -- Detecting C compiler ABI info
[0.178s] -- Detecting C compiler ABI info - done
[0.183s] -- Check for working C compiler: /usr/bin/cc - skipped
[0.183s] -- Detecting C compile features
[0.183s] -- Detecting C compile features - done
[0.186s] -- Detecting CXX compiler ABI info
[0.253s] -- Detecting CXX compiler ABI info - done
[0.261s] -- Check for working CXX compiler: /usr/bin/c++ - skipped
[0.262s] -- Detecting CXX compile features
[0.262s] -- Detecting CXX compile features - done
[0.270s] -- Configuring incomplete, errors occurred!
[0.270s] See also "/home/william-ubuntu/16832_ws/build/aws_robomaker_bookstore_world/CMakeFiles/CMakeOutput.log".
[0.271s] [31mCMake Error at CMakeLists.txt:4 (find_package):
[0.271s]   By not providing "Findcatkin.cmake" in CMAKE_MODULE_PATH this project has
[0.271s]   asked CMake to find a package configuration file provided by "catkin", but
[0.271s]   CMake did not find one.
[0.271s] 
[0.271s]   Could not find a package configuration file provided by "catkin" with any
[0.271s]   of the following names:
[0.271s] 
[0.271s]     catkinConfig.cmake
[0.271s]     catkin-config.cmake
[0.271s] 
[0.271s]   Add the installation prefix of "catkin" to CMAKE_PREFIX_PATH or set
[0.271s]   "catkin_DIR" to a directory containing one of the above files.  If "catkin"
[0.272s]   provides a separate development package or SDK, be sure it has been
[0.272s]   installed.
[0.272s] 
[0.272s] [0m
[0.273s] Invoked command in '/home/william-ubuntu/16832_ws/build/aws_robomaker_bookstore_world' returned '1': /usr/bin/cmake /home/william-ubuntu/16832_ws/src/aws-robomaker-bookstore-world -DCATKIN_INSTALL_INTO_PREFIX_ROOT=0 -DCMAKE_INSTALL_PREFIX=/home/william-ubuntu/16832_ws/install/aws_robomaker_bookstore_world
