[0.011s] Invoking command in '/home/william-ubuntu/16832_ws/build/laplace_pathfinder': AMENT_PREFIX_PATH=/home/william-ubuntu/16832_ws/install/dynamic_logistics_warehouse:/home/william-ubuntu/16832_ws/install/aws_robomaker_bookstore_world:${AMENT_PREFIX_PATH} CMAKE_PREFIX_PATH=/home/william-ubuntu/16832_ws/install/dynamic_logistics_warehouse:/opt/ros/humble:/home/william-ubuntu/16832_ws/install/aws_robomaker_bookstore_world /usr/bin/cmake --build /home/william-ubuntu/16832_ws/build/laplace_pathfinder -- -j12 -l12
[0.035s] -- Found ament_cmake: 1.3.14 (/opt/ros/humble/share/ament_cmake/cmake)
[0.137s] -- Found geometry_msgs: 4.9.1 (/opt/ros/humble/share/geometry_msgs/cmake)
[0.180s] -- Found rosidl_generator_c: 3.1.8 (/opt/ros/humble/share/rosidl_generator_c/cmake)
[0.185s] -- Found rosidl_adapter: 3.1.8 (/opt/ros/humble/share/rosidl_adapter/cmake)
[0.195s] -- Found rosidl_generator_cpp: 3.1.8 (/opt/ros/humble/share/rosidl_generator_cpp/cmake)
[0.209s] -- Using all available rosidl_typesupport_c: rosidl_typesupport_fastrtps_c;rosidl_typesupport_introspection_c
[0.228s] -- Using all available rosidl_typesupport_cpp: rosidl_typesupport_fastrtps_cpp;rosidl_typesupport_introspection_cpp
[0.263s] -- Found nav_msgs: 4.9.1 (/opt/ros/humble/share/nav_msgs/cmake)
[0.277s] -- Found rclcpp: 16.0.18 (/opt/ros/humble/share/rclcpp/cmake)
[0.308s] -- Found rmw_implementation_cmake: 6.1.2 (/opt/ros/humble/share/rmw_implementation_cmake/cmake)
[0.310s] -- Found rmw_fastrtps_cpp: 6.2.10 (/opt/ros/humble/share/rmw_fastrtps_cpp/cmake)
[0.401s] -- Found OpenSSL: /usr/lib/x86_64-linux-gnu/libcrypto.so (found version "3.0.2")  
[0.432s] -- Found FastRTPS: /opt/ros/humble/include  
[0.466s] -- Using RMW implementation 'rmw_fastrtps_cpp' as default
[0.473s] -- Looking for pthread.h
[0.558s] -- Looking for pthread.h - found
[0.559s] -- Performing Test CMAKE_HAVE_LIBC_PTHREAD
[0.650s] -- Performing Test CMAKE_HAVE_LIBC_PTHREAD - Success
[0.651s] -- Found Threads: TRUE  
[0.738s] -- Configuring done
[0.744s] -- Generating done
[0.746s] -- Build files have been written to: /home/william-ubuntu/16832_ws/build/laplace_pathfinder
[0.788s] [ 33%] [32mBuilding CXX object CMakeFiles/robot_nav_controller.dir/src/robot_nav_controller_main.cpp.o[0m
[0.788s] [ 66%] [32mBuilding CXX object CMakeFiles/robot_nav_controller.dir/src/robot_nav_controller_node.cpp.o[0m
[6.509s] [100%] [32m[1mLinking CXX executable robot_nav_controller[0m
[6.822s] [100%] Built target robot_nav_controller
[6.831s] Invoked command in '/home/william-ubuntu/16832_ws/build/laplace_pathfinder' returned '0': AMENT_PREFIX_PATH=/home/william-ubuntu/16832_ws/install/dynamic_logistics_warehouse:/home/william-ubuntu/16832_ws/install/aws_robomaker_bookstore_world:${AMENT_PREFIX_PATH} CMAKE_PREFIX_PATH=/home/william-ubuntu/16832_ws/install/dynamic_logistics_warehouse:/opt/ros/humble:/home/william-ubuntu/16832_ws/install/aws_robomaker_bookstore_world /usr/bin/cmake --build /home/william-ubuntu/16832_ws/build/laplace_pathfinder -- -j12 -l12
[6.841s] Invoking command in '/home/william-ubuntu/16832_ws/build/laplace_pathfinder': AMENT_PREFIX_PATH=/home/william-ubuntu/16832_ws/install/dynamic_logistics_warehouse:/home/william-ubuntu/16832_ws/install/aws_robomaker_bookstore_world:${AMENT_PREFIX_PATH} CMAKE_PREFIX_PATH=/home/william-ubuntu/16832_ws/install/dynamic_logistics_warehouse:/opt/ros/humble:/home/william-ubuntu/16832_ws/install/aws_robomaker_bookstore_world /usr/bin/cmake --install /home/william-ubuntu/16832_ws/build/laplace_pathfinder
[6.846s] -- Install configuration: ""
[6.846s] -- Up-to-date: /home/william-ubuntu/16832_ws/install/laplace_pathfinder/share/laplace_pathfinder/launch
[6.846s] -- Up-to-date: /home/william-ubuntu/16832_ws/install/laplace_pathfinder/share/laplace_pathfinder/launch/laplace_pathfinder.launch.py
[6.846s] -- Up-to-date: /home/william-ubuntu/16832_ws/install/laplace_pathfinder/share/laplace_pathfinder/config
[6.846s] -- Up-to-date: /home/william-ubuntu/16832_ws/install/laplace_pathfinder/share/laplace_pathfinder/config/scenario_config.yaml
[6.846s] -- Up-to-date: /home/william-ubuntu/16832_ws/install/laplace_pathfinder/share/laplace_pathfinder/models
[6.846s] -- Up-to-date: /home/william-ubuntu/16832_ws/install/laplace_pathfinder/share/laplace_pathfinder/models/goal_marker.sdf
[6.846s] -- Up-to-date: /home/william-ubuntu/16832_ws/install/laplace_pathfinder/share/laplace_pathfinder/models/start_marker.sdf
[6.847s] -- Installing: /home/william-ubuntu/16832_ws/install/laplace_pathfinder/include
[6.847s] -- Installing: /home/william-ubuntu/16832_ws/install/laplace_pathfinder/include/laplace_pathfinder
[6.847s] -- Installing: /home/william-ubuntu/16832_ws/install/laplace_pathfinder/include/laplace_pathfinder/robot_nav_controller.hpp
[6.847s] -- Installing: /home/william-ubuntu/16832_ws/install/laplace_pathfinder/lib/laplace_pathfinder/robot_nav_controller
[6.848s] -- Set runtime path of "/home/william-ubuntu/16832_ws/install/laplace_pathfinder/lib/laplace_pathfinder/robot_nav_controller" to ""
[6.848s] -- Installing: /home/william-ubuntu/16832_ws/install/laplace_pathfinder/share/ament_index/resource_index/package_run_dependencies/laplace_pathfinder
[6.849s] -- Installing: /home/william-ubuntu/16832_ws/install/laplace_pathfinder/share/ament_index/resource_index/parent_prefix_path/laplace_pathfinder
[6.849s] -- Up-to-date: /home/william-ubuntu/16832_ws/install/laplace_pathfinder/share/laplace_pathfinder/environment/ament_prefix_path.sh
[6.849s] -- Installing: /home/william-ubuntu/16832_ws/install/laplace_pathfinder/share/laplace_pathfinder/environment/ament_prefix_path.dsv
[6.849s] -- Up-to-date: /home/william-ubuntu/16832_ws/install/laplace_pathfinder/share/laplace_pathfinder/environment/path.sh
[6.849s] -- Installing: /home/william-ubuntu/16832_ws/install/laplace_pathfinder/share/laplace_pathfinder/environment/path.dsv
[6.849s] -- Up-to-date: /home/william-ubuntu/16832_ws/install/laplace_pathfinder/share/laplace_pathfinder/local_setup.bash
[6.849s] -- Up-to-date: /home/william-ubuntu/16832_ws/install/laplace_pathfinder/share/laplace_pathfinder/local_setup.sh
[6.849s] -- Up-to-date: /home/william-ubuntu/16832_ws/install/laplace_pathfinder/share/laplace_pathfinder/local_setup.zsh
[6.849s] -- Installing: /home/william-ubuntu/16832_ws/install/laplace_pathfinder/share/laplace_pathfinder/local_setup.dsv
[6.849s] -- Installing: /home/william-ubuntu/16832_ws/install/laplace_pathfinder/share/laplace_pathfinder/package.dsv
[6.849s] -- Up-to-date: /home/william-ubuntu/16832_ws/install/laplace_pathfinder/share/ament_index/resource_index/packages/laplace_pathfinder
[6.849s] -- Up-to-date: /home/william-ubuntu/16832_ws/install/laplace_pathfinder/share/laplace_pathfinder/cmake/laplace_pathfinderConfig.cmake
[6.849s] -- Up-to-date: /home/william-ubuntu/16832_ws/install/laplace_pathfinder/share/laplace_pathfinder/cmake/laplace_pathfinderConfig-version.cmake
[6.849s] -- Installing: /home/william-ubuntu/16832_ws/install/laplace_pathfinder/share/laplace_pathfinder/package.xml
[6.850s] Invoked command in '/home/william-ubuntu/16832_ws/build/laplace_pathfinder' returned '0': AMENT_PREFIX_PATH=/home/william-ubuntu/16832_ws/install/dynamic_logistics_warehouse:/home/william-ubuntu/16832_ws/install/aws_robomaker_bookstore_world:${AMENT_PREFIX_PATH} CMAKE_PREFIX_PATH=/home/william-ubuntu/16832_ws/install/dynamic_logistics_warehouse:/opt/ros/humble:/home/william-ubuntu/16832_ws/install/aws_robomaker_bookstore_world /usr/bin/cmake --install /home/william-ubuntu/16832_ws/build/laplace_pathfinder
