[0.065s] DEBUG:colcon:Command line arguments: ['/usr/bin/colcon', 'build']
[0.066s] DEBUG:colcon:Parsed command line arguments: Namespace(log_base=None, log_level=None, verb_name='build', build_base='build', install_base='install', merge_install=False, symlink_install=False, test_result_base=None, continue_on_error=False, executor='parallel', parallel_workers=12, event_handlers=None, ignore_user_meta=False, metas=['./colcon.meta'], base_paths=['.'], packages_ignore=None, packages_ignore_regex=None, paths=None, packages_up_to=None, packages_up_to_regex=None, packages_above=None, packages_above_and_dependencies=None, packages_above_depth=None, packages_select_by_dep=None, packages_skip_by_dep=None, packages_skip_up_to=None, packages_select_build_failed=False, packages_skip_build_finished=False, packages_select_test_failures=False, packages_skip_test_passed=False, packages_select=None, packages_skip=None, packages_select_regex=None, packages_skip_regex=None, packages_start=None, packages_end=None, allow_overriding=[], cmake_args=None, cmake_target=None, cmake_target_skip_unavailable=False, cmake_clean_cache=False, cmake_clean_first=False, cmake_force_configure=False, ament_cmake_args=None, catkin_cmake_args=None, catkin_skip_building_tests=False, mixin_files=None, mixin=None, verb_parser=<colcon_mixin.mixin.mixin_argument.MixinArgumentDecorator object at 0x7226a2261810>, verb_extension=<colcon_core.verb.build.BuildVerb object at 0x7226a236e800>, main=<bound method BuildVerb.main of <colcon_core.verb.build.BuildVerb object at 0x7226a236e800>>, mixin_verb=('build',))
[0.160s] Level 1:colcon.colcon_core.package_discovery:discover_packages(colcon_meta) check parameters
[0.160s] Level 1:colcon.colcon_core.package_discovery:discover_packages(recursive) check parameters
[0.160s] Level 1:colcon.colcon_core.package_discovery:discover_packages(ignore) check parameters
[0.160s] Level 1:colcon.colcon_core.package_discovery:discover_packages(path) check parameters
[0.160s] Level 1:colcon.colcon_core.package_discovery:discover_packages(colcon_meta) discover
[0.161s] Level 1:colcon.colcon_core.package_discovery:discover_packages(recursive) discover
[0.161s] INFO:colcon.colcon_core.package_discovery:Crawling recursively for packages in '/home/william-ubuntu/16832_ws'
[0.161s] Level 1:colcon.colcon_core.package_identification:_identify(.) by extensions ['ignore', 'ignore_ament_install']
[0.161s] Level 1:colcon.colcon_core.package_identification:_identify(.) by extension 'ignore'
[0.161s] Level 1:colcon.colcon_core.package_identification:_identify(.) by extension 'ignore_ament_install'
[0.161s] Level 1:colcon.colcon_core.package_identification:_identify(.) by extensions ['colcon_pkg']
[0.161s] Level 1:colcon.colcon_core.package_identification:_identify(.) by extension 'colcon_pkg'
[0.161s] Level 1:colcon.colcon_core.package_identification:_identify(.) by extensions ['colcon_meta']
[0.161s] Level 1:colcon.colcon_core.package_identification:_identify(.) by extension 'colcon_meta'
[0.161s] Level 1:colcon.colcon_core.package_identification:_identify(.) by extensions ['ros']
[0.161s] Level 1:colcon.colcon_core.package_identification:_identify(.) by extension 'ros'
[0.168s] Level 1:colcon.colcon_core.package_identification:_identify(.) by extensions ['cmake', 'python']
[0.168s] Level 1:colcon.colcon_core.package_identification:_identify(.) by extension 'cmake'
[0.168s] Level 1:colcon.colcon_core.package_identification:_identify(.) by extension 'python'
[0.168s] Level 1:colcon.colcon_core.package_identification:_identify(.) by extensions ['python_setup_py']
[0.168s] Level 1:colcon.colcon_core.package_identification:_identify(.) by extension 'python_setup_py'
[0.168s] Level 1:colcon.colcon_core.package_identification:_identify(build) by extensions ['ignore', 'ignore_ament_install']
[0.168s] Level 1:colcon.colcon_core.package_identification:_identify(build) by extension 'ignore'
[0.168s] Level 1:colcon.colcon_core.package_identification:_identify(build) ignored
[0.168s] Level 1:colcon.colcon_core.package_identification:_identify(install) by extensions ['ignore', 'ignore_ament_install']
[0.168s] Level 1:colcon.colcon_core.package_identification:_identify(install) by extension 'ignore'
[0.168s] Level 1:colcon.colcon_core.package_identification:_identify(install) ignored
[0.168s] Level 1:colcon.colcon_core.package_identification:_identify(log) by extensions ['ignore', 'ignore_ament_install']
[0.168s] Level 1:colcon.colcon_core.package_identification:_identify(log) by extension 'ignore'
[0.168s] Level 1:colcon.colcon_core.package_identification:_identify(log) ignored
[0.168s] Level 1:colcon.colcon_core.package_identification:_identify(src) by extensions ['ignore', 'ignore_ament_install']
[0.168s] Level 1:colcon.colcon_core.package_identification:_identify(src) by extension 'ignore'
[0.168s] Level 1:colcon.colcon_core.package_identification:_identify(src) by extension 'ignore_ament_install'
[0.168s] Level 1:colcon.colcon_core.package_identification:_identify(src) by extensions ['colcon_pkg']
[0.168s] Level 1:colcon.colcon_core.package_identification:_identify(src) by extension 'colcon_pkg'
[0.169s] Level 1:colcon.colcon_core.package_identification:_identify(src) by extensions ['colcon_meta']
[0.169s] Level 1:colcon.colcon_core.package_identification:_identify(src) by extension 'colcon_meta'
[0.169s] Level 1:colcon.colcon_core.package_identification:_identify(src) by extensions ['ros']
[0.169s] Level 1:colcon.colcon_core.package_identification:_identify(src) by extension 'ros'
[0.169s] Level 1:colcon.colcon_core.package_identification:_identify(src) by extensions ['cmake', 'python']
[0.169s] Level 1:colcon.colcon_core.package_identification:_identify(src) by extension 'cmake'
[0.169s] Level 1:colcon.colcon_core.package_identification:_identify(src) by extension 'python'
[0.169s] Level 1:colcon.colcon_core.package_identification:_identify(src) by extensions ['python_setup_py']
[0.169s] Level 1:colcon.colcon_core.package_identification:_identify(src) by extension 'python_setup_py'
[0.169s] Level 1:colcon.colcon_core.package_identification:_identify(src/aws-robomaker-bookstore-world) by extensions ['ignore', 'ignore_ament_install']
[0.169s] Level 1:colcon.colcon_core.package_identification:_identify(src/aws-robomaker-bookstore-world) by extension 'ignore'
[0.169s] Level 1:colcon.colcon_core.package_identification:_identify(src/aws-robomaker-bookstore-world) by extension 'ignore_ament_install'
[0.169s] Level 1:colcon.colcon_core.package_identification:_identify(src/aws-robomaker-bookstore-world) by extensions ['colcon_pkg']
[0.169s] Level 1:colcon.colcon_core.package_identification:_identify(src/aws-robomaker-bookstore-world) by extension 'colcon_pkg'
[0.169s] Level 1:colcon.colcon_core.package_identification:_identify(src/aws-robomaker-bookstore-world) by extensions ['colcon_meta']
[0.169s] Level 1:colcon.colcon_core.package_identification:_identify(src/aws-robomaker-bookstore-world) by extension 'colcon_meta'
[0.169s] Level 1:colcon.colcon_core.package_identification:_identify(src/aws-robomaker-bookstore-world) by extensions ['ros']
[0.169s] Level 1:colcon.colcon_core.package_identification:_identify(src/aws-robomaker-bookstore-world) by extension 'ros'
[0.171s] DEBUG:colcon.colcon_core.package_identification:Package 'src/aws-robomaker-bookstore-world' with type 'ros.ament_cmake' and name 'aws_robomaker_bookstore_world'
[0.171s] Level 1:colcon.colcon_core.package_identification:_identify(src/dynamic_logistics_warehouse) by extensions ['ignore', 'ignore_ament_install']
[0.171s] Level 1:colcon.colcon_core.package_identification:_identify(src/dynamic_logistics_warehouse) by extension 'ignore'
[0.171s] Level 1:colcon.colcon_core.package_identification:_identify(src/dynamic_logistics_warehouse) by extension 'ignore_ament_install'
[0.171s] Level 1:colcon.colcon_core.package_identification:_identify(src/dynamic_logistics_warehouse) by extensions ['colcon_pkg']
[0.171s] Level 1:colcon.colcon_core.package_identification:_identify(src/dynamic_logistics_warehouse) by extension 'colcon_pkg'
[0.171s] Level 1:colcon.colcon_core.package_identification:_identify(src/dynamic_logistics_warehouse) by extensions ['colcon_meta']
[0.171s] Level 1:colcon.colcon_core.package_identification:_identify(src/dynamic_logistics_warehouse) by extension 'colcon_meta'
[0.171s] Level 1:colcon.colcon_core.package_identification:_identify(src/dynamic_logistics_warehouse) by extensions ['ros']
[0.171s] Level 1:colcon.colcon_core.package_identification:_identify(src/dynamic_logistics_warehouse) by extension 'ros'
[0.171s] DEBUG:colcon.colcon_core.package_identification:Package 'src/dynamic_logistics_warehouse' with type 'ros.ament_cmake' and name 'dynamic_logistics_warehouse'
[0.171s] Level 1:colcon.colcon_core.package_identification:_identify(src/gazebo_ros2_2Dmap_plugin) by extensions ['ignore', 'ignore_ament_install']
[0.171s] Level 1:colcon.colcon_core.package_identification:_identify(src/gazebo_ros2_2Dmap_plugin) by extension 'ignore'
[0.171s] Level 1:colcon.colcon_core.package_identification:_identify(src/gazebo_ros2_2Dmap_plugin) by extension 'ignore_ament_install'
[0.171s] Level 1:colcon.colcon_core.package_identification:_identify(src/gazebo_ros2_2Dmap_plugin) by extensions ['colcon_pkg']
[0.171s] Level 1:colcon.colcon_core.package_identification:_identify(src/gazebo_ros2_2Dmap_plugin) by extension 'colcon_pkg'
[0.171s] Level 1:colcon.colcon_core.package_identification:_identify(src/gazebo_ros2_2Dmap_plugin) by extensions ['colcon_meta']
[0.171s] Level 1:colcon.colcon_core.package_identification:_identify(src/gazebo_ros2_2Dmap_plugin) by extension 'colcon_meta'
[0.172s] Level 1:colcon.colcon_core.package_identification:_identify(src/gazebo_ros2_2Dmap_plugin) by extensions ['ros']
[0.172s] Level 1:colcon.colcon_core.package_identification:_identify(src/gazebo_ros2_2Dmap_plugin) by extension 'ros'
[0.172s] DEBUG:colcon.colcon_core.package_identification:Package 'src/gazebo_ros2_2Dmap_plugin' with type 'ros.ament_cmake' and name 'gazebo_ros2_2dmap_plugin'
[0.172s] Level 1:colcon.colcon_core.package_identification:_identify(src/laplace_pathfinder) by extensions ['ignore', 'ignore_ament_install']
[0.172s] Level 1:colcon.colcon_core.package_identification:_identify(src/laplace_pathfinder) by extension 'ignore'
[0.172s] Level 1:colcon.colcon_core.package_identification:_identify(src/laplace_pathfinder) by extension 'ignore_ament_install'
[0.172s] Level 1:colcon.colcon_core.package_identification:_identify(src/laplace_pathfinder) by extensions ['colcon_pkg']
[0.172s] Level 1:colcon.colcon_core.package_identification:_identify(src/laplace_pathfinder) by extension 'colcon_pkg'
[0.172s] Level 1:colcon.colcon_core.package_identification:_identify(src/laplace_pathfinder) by extensions ['colcon_meta']
[0.172s] Level 1:colcon.colcon_core.package_identification:_identify(src/laplace_pathfinder) by extension 'colcon_meta'
[0.172s] Level 1:colcon.colcon_core.package_identification:_identify(src/laplace_pathfinder) by extensions ['ros']
[0.172s] Level 1:colcon.colcon_core.package_identification:_identify(src/laplace_pathfinder) by extension 'ros'
[0.173s] DEBUG:colcon.colcon_core.package_identification:Package 'src/laplace_pathfinder' with type 'ros.ament_cmake' and name 'laplace_pathfinder'
[0.173s] Level 1:colcon.colcon_core.package_discovery:discover_packages(recursive) using defaults
[0.173s] Level 1:colcon.colcon_core.package_discovery:discover_packages(ignore) discover
[0.173s] Level 1:colcon.colcon_core.package_discovery:discover_packages(ignore) using defaults
[0.173s] Level 1:colcon.colcon_core.package_discovery:discover_packages(path) discover
[0.173s] Level 1:colcon.colcon_core.package_discovery:discover_packages(path) using defaults
[0.193s] Level 1:colcon.colcon_core.package_discovery:discover_packages(prefix_path) check parameters
[0.193s] Level 1:colcon.colcon_core.package_discovery:discover_packages(prefix_path) discover
[0.194s] DEBUG:colcon.colcon_installed_package_information.package_discovery:Found 5 installed packages in /home/william-ubuntu/16832_ws/install
[0.195s] DEBUG:colcon.colcon_installed_package_information.package_discovery:Found 341 installed packages in /opt/ros/humble
[0.196s] Level 1:colcon.colcon_core.package_discovery:discover_packages(prefix_path) using defaults
[0.220s] Level 5:colcon.colcon_core.verb:set package 'aws_robomaker_bookstore_world' build argument 'cmake_args' from command line to 'None'
[0.220s] Level 5:colcon.colcon_core.verb:set package 'aws_robomaker_bookstore_world' build argument 'cmake_target' from command line to 'None'
[0.220s] Level 5:colcon.colcon_core.verb:set package 'aws_robomaker_bookstore_world' build argument 'cmake_target_skip_unavailable' from command line to 'False'
[0.220s] Level 5:colcon.colcon_core.verb:set package 'aws_robomaker_bookstore_world' build argument 'cmake_clean_cache' from command line to 'False'
[0.220s] Level 5:colcon.colcon_core.verb:set package 'aws_robomaker_bookstore_world' build argument 'cmake_clean_first' from command line to 'False'
[0.220s] Level 5:colcon.colcon_core.verb:set package 'aws_robomaker_bookstore_world' build argument 'cmake_force_configure' from command line to 'False'
[0.220s] Level 5:colcon.colcon_core.verb:set package 'aws_robomaker_bookstore_world' build argument 'ament_cmake_args' from command line to 'None'
[0.220s] Level 5:colcon.colcon_core.verb:set package 'aws_robomaker_bookstore_world' build argument 'catkin_cmake_args' from command line to 'None'
[0.220s] Level 5:colcon.colcon_core.verb:set package 'aws_robomaker_bookstore_world' build argument 'catkin_skip_building_tests' from command line to 'False'
[0.220s] DEBUG:colcon.colcon_core.verb:Building package 'aws_robomaker_bookstore_world' with the following arguments: {'ament_cmake_args': None, 'build_base': '/home/william-ubuntu/16832_ws/build/aws_robomaker_bookstore_world', 'catkin_cmake_args': None, 'catkin_skip_building_tests': False, 'cmake_args': None, 'cmake_clean_cache': False, 'cmake_clean_first': False, 'cmake_force_configure': False, 'cmake_target': None, 'cmake_target_skip_unavailable': False, 'install_base': '/home/william-ubuntu/16832_ws/install/aws_robomaker_bookstore_world', 'merge_install': False, 'path': '/home/william-ubuntu/16832_ws/src/aws-robomaker-bookstore-world', 'symlink_install': False, 'test_result_base': None}
[0.221s] Level 5:colcon.colcon_core.verb:set package 'dynamic_logistics_warehouse' build argument 'cmake_args' from command line to 'None'
[0.221s] Level 5:colcon.colcon_core.verb:set package 'dynamic_logistics_warehouse' build argument 'cmake_target' from command line to 'None'
[0.221s] Level 5:colcon.colcon_core.verb:set package 'dynamic_logistics_warehouse' build argument 'cmake_target_skip_unavailable' from command line to 'False'
[0.221s] Level 5:colcon.colcon_core.verb:set package 'dynamic_logistics_warehouse' build argument 'cmake_clean_cache' from command line to 'False'
[0.221s] Level 5:colcon.colcon_core.verb:set package 'dynamic_logistics_warehouse' build argument 'cmake_clean_first' from command line to 'False'
[0.221s] Level 5:colcon.colcon_core.verb:set package 'dynamic_logistics_warehouse' build argument 'cmake_force_configure' from command line to 'False'
[0.221s] Level 5:colcon.colcon_core.verb:set package 'dynamic_logistics_warehouse' build argument 'ament_cmake_args' from command line to 'None'
[0.221s] Level 5:colcon.colcon_core.verb:set package 'dynamic_logistics_warehouse' build argument 'catkin_cmake_args' from command line to 'None'
[0.221s] Level 5:colcon.colcon_core.verb:set package 'dynamic_logistics_warehouse' build argument 'catkin_skip_building_tests' from command line to 'False'
[0.221s] DEBUG:colcon.colcon_core.verb:Building package 'dynamic_logistics_warehouse' with the following arguments: {'ament_cmake_args': None, 'build_base': '/home/william-ubuntu/16832_ws/build/dynamic_logistics_warehouse', 'catkin_cmake_args': None, 'catkin_skip_building_tests': False, 'cmake_args': None, 'cmake_clean_cache': False, 'cmake_clean_first': False, 'cmake_force_configure': False, 'cmake_target': None, 'cmake_target_skip_unavailable': False, 'install_base': '/home/william-ubuntu/16832_ws/install/dynamic_logistics_warehouse', 'merge_install': False, 'path': '/home/william-ubuntu/16832_ws/src/dynamic_logistics_warehouse', 'symlink_install': False, 'test_result_base': None}
[0.221s] Level 5:colcon.colcon_core.verb:set package 'gazebo_ros2_2dmap_plugin' build argument 'cmake_args' from command line to 'None'
[0.221s] Level 5:colcon.colcon_core.verb:set package 'gazebo_ros2_2dmap_plugin' build argument 'cmake_target' from command line to 'None'
[0.221s] Level 5:colcon.colcon_core.verb:set package 'gazebo_ros2_2dmap_plugin' build argument 'cmake_target_skip_unavailable' from command line to 'False'
[0.221s] Level 5:colcon.colcon_core.verb:set package 'gazebo_ros2_2dmap_plugin' build argument 'cmake_clean_cache' from command line to 'False'
[0.221s] Level 5:colcon.colcon_core.verb:set package 'gazebo_ros2_2dmap_plugin' build argument 'cmake_clean_first' from command line to 'False'
[0.221s] Level 5:colcon.colcon_core.verb:set package 'gazebo_ros2_2dmap_plugin' build argument 'cmake_force_configure' from command line to 'False'
[0.221s] Level 5:colcon.colcon_core.verb:set package 'gazebo_ros2_2dmap_plugin' build argument 'ament_cmake_args' from command line to 'None'
[0.221s] Level 5:colcon.colcon_core.verb:set package 'gazebo_ros2_2dmap_plugin' build argument 'catkin_cmake_args' from command line to 'None'
[0.221s] Level 5:colcon.colcon_core.verb:set package 'gazebo_ros2_2dmap_plugin' build argument 'catkin_skip_building_tests' from command line to 'False'
[0.221s] DEBUG:colcon.colcon_core.verb:Building package 'gazebo_ros2_2dmap_plugin' with the following arguments: {'ament_cmake_args': None, 'build_base': '/home/william-ubuntu/16832_ws/build/gazebo_ros2_2dmap_plugin', 'catkin_cmake_args': None, 'catkin_skip_building_tests': False, 'cmake_args': None, 'cmake_clean_cache': False, 'cmake_clean_first': False, 'cmake_force_configure': False, 'cmake_target': None, 'cmake_target_skip_unavailable': False, 'install_base': '/home/william-ubuntu/16832_ws/install/gazebo_ros2_2dmap_plugin', 'merge_install': False, 'path': '/home/william-ubuntu/16832_ws/src/gazebo_ros2_2Dmap_plugin', 'symlink_install': False, 'test_result_base': None}
[0.221s] Level 5:colcon.colcon_core.verb:set package 'laplace_pathfinder' build argument 'cmake_args' from command line to 'None'
[0.221s] Level 5:colcon.colcon_core.verb:set package 'laplace_pathfinder' build argument 'cmake_target' from command line to 'None'
[0.221s] Level 5:colcon.colcon_core.verb:set package 'laplace_pathfinder' build argument 'cmake_target_skip_unavailable' from command line to 'False'
[0.221s] Level 5:colcon.colcon_core.verb:set package 'laplace_pathfinder' build argument 'cmake_clean_cache' from command line to 'False'
[0.221s] Level 5:colcon.colcon_core.verb:set package 'laplace_pathfinder' build argument 'cmake_clean_first' from command line to 'False'
[0.221s] Level 5:colcon.colcon_core.verb:set package 'laplace_pathfinder' build argument 'cmake_force_configure' from command line to 'False'
[0.221s] Level 5:colcon.colcon_core.verb:set package 'laplace_pathfinder' build argument 'ament_cmake_args' from command line to 'None'
[0.221s] Level 5:colcon.colcon_core.verb:set package 'laplace_pathfinder' build argument 'catkin_cmake_args' from command line to 'None'
[0.221s] Level 5:colcon.colcon_core.verb:set package 'laplace_pathfinder' build argument 'catkin_skip_building_tests' from command line to 'False'
[0.221s] DEBUG:colcon.colcon_core.verb:Building package 'laplace_pathfinder' with the following arguments: {'ament_cmake_args': None, 'build_base': '/home/william-ubuntu/16832_ws/build/laplace_pathfinder', 'catkin_cmake_args': None, 'catkin_skip_building_tests': False, 'cmake_args': None, 'cmake_clean_cache': False, 'cmake_clean_first': False, 'cmake_force_configure': False, 'cmake_target': None, 'cmake_target_skip_unavailable': False, 'install_base': '/home/william-ubuntu/16832_ws/install/laplace_pathfinder', 'merge_install': False, 'path': '/home/william-ubuntu/16832_ws/src/laplace_pathfinder', 'symlink_install': False, 'test_result_base': None}
[0.221s] INFO:colcon.colcon_core.executor:Executing jobs using 'parallel' executor
[0.222s] DEBUG:colcon.colcon_parallel_executor.executor.parallel:run_until_complete
[0.222s] INFO:colcon.colcon_ros.task.ament_cmake.build:Building ROS package in '/home/william-ubuntu/16832_ws/src/aws-robomaker-bookstore-world' with build type 'ament_cmake'
[0.222s] INFO:colcon.colcon_cmake.task.cmake.build:Building CMake package in '/home/william-ubuntu/16832_ws/src/aws-robomaker-bookstore-world'
[0.224s] INFO:colcon.colcon_core.plugin_system:Skipping extension 'colcon_core.shell.bat': Not used on non-Windows systems
[0.224s] INFO:colcon.colcon_core.shell:Skip shell extension 'powershell' for command environment: Not usable outside of PowerShell
[0.224s] DEBUG:colcon.colcon_core.shell:Skip shell extension 'dsv' for command environment
[0.226s] INFO:colcon.colcon_ros.task.ament_cmake.build:Building ROS package in '/home/william-ubuntu/16832_ws/src/dynamic_logistics_warehouse' with build type 'ament_cmake'
[0.226s] INFO:colcon.colcon_cmake.task.cmake.build:Building CMake package in '/home/william-ubuntu/16832_ws/src/dynamic_logistics_warehouse'
[0.226s] INFO:colcon.colcon_core.shell:Skip shell extension 'powershell' for command environment: Not usable outside of PowerShell
[0.226s] DEBUG:colcon.colcon_core.shell:Skip shell extension 'dsv' for command environment
[0.229s] INFO:colcon.colcon_ros.task.ament_cmake.build:Building ROS package in '/home/william-ubuntu/16832_ws/src/gazebo_ros2_2Dmap_plugin' with build type 'ament_cmake'
[0.229s] INFO:colcon.colcon_cmake.task.cmake.build:Building CMake package in '/home/william-ubuntu/16832_ws/src/gazebo_ros2_2Dmap_plugin'
[0.229s] INFO:colcon.colcon_core.shell:Skip shell extension 'powershell' for command environment: Not usable outside of PowerShell
[0.229s] DEBUG:colcon.colcon_core.shell:Skip shell extension 'dsv' for command environment
[0.234s] DEBUG:colcon.colcon_core.event_handler.log_command:Invoking command in '/home/william-ubuntu/16832_ws/build/aws_robomaker_bookstore_world': CMAKE_PREFIX_PATH=/home/william-ubuntu/16832_ws/install/laplace_pathfinder:/home/william-ubuntu/16832_ws/install/gazebo_ros2_2dmap_plugin:/home/william-ubuntu/16832_ws/install/dynamic_logistics_warehouse:/opt/ros/humble:/home/william-ubuntu/16832_ws/install/aws_robomaker_bookstore_world /usr/bin/cmake --build /home/william-ubuntu/16832_ws/build/aws_robomaker_bookstore_world -- -j12 -l12
[0.236s] DEBUG:colcon.colcon_core.event_handler.log_command:Invoking command in '/home/william-ubuntu/16832_ws/build/dynamic_logistics_warehouse': CMAKE_PREFIX_PATH=/home/william-ubuntu/16832_ws/install/laplace_pathfinder:/home/william-ubuntu/16832_ws/install/gazebo_ros2_2dmap_plugin:/home/william-ubuntu/16832_ws/install/dynamic_logistics_warehouse:/opt/ros/humble:/home/william-ubuntu/16832_ws/install/aws_robomaker_bookstore_world /usr/bin/cmake --build /home/william-ubuntu/16832_ws/build/dynamic_logistics_warehouse -- -j12 -l12
[0.239s] DEBUG:colcon.colcon_core.event_handler.log_command:Invoking command in '/home/william-ubuntu/16832_ws/build/gazebo_ros2_2dmap_plugin': CMAKE_PREFIX_PATH=/home/william-ubuntu/16832_ws/install/laplace_pathfinder:/home/william-ubuntu/16832_ws/install/gazebo_ros2_2dmap_plugin:/home/william-ubuntu/16832_ws/install/dynamic_logistics_warehouse:/opt/ros/humble:/home/william-ubuntu/16832_ws/install/aws_robomaker_bookstore_world /usr/bin/cmake --build /home/william-ubuntu/16832_ws/build/gazebo_ros2_2dmap_plugin -- -j12 -l12
[0.267s] DEBUG:colcon.colcon_core.event_handler.log_command:Invoked command in '/home/william-ubuntu/16832_ws/build/aws_robomaker_bookstore_world' returned '0': CMAKE_PREFIX_PATH=/home/william-ubuntu/16832_ws/install/laplace_pathfinder:/home/william-ubuntu/16832_ws/install/gazebo_ros2_2dmap_plugin:/home/william-ubuntu/16832_ws/install/dynamic_logistics_warehouse:/opt/ros/humble:/home/william-ubuntu/16832_ws/install/aws_robomaker_bookstore_world /usr/bin/cmake --build /home/william-ubuntu/16832_ws/build/aws_robomaker_bookstore_world -- -j12 -l12
[0.275s] DEBUG:colcon.colcon_core.event_handler.log_command:Invoking command in '/home/william-ubuntu/16832_ws/build/aws_robomaker_bookstore_world': CMAKE_PREFIX_PATH=/home/william-ubuntu/16832_ws/install/laplace_pathfinder:/home/william-ubuntu/16832_ws/install/gazebo_ros2_2dmap_plugin:/home/william-ubuntu/16832_ws/install/dynamic_logistics_warehouse:/opt/ros/humble:/home/william-ubuntu/16832_ws/install/aws_robomaker_bookstore_world /usr/bin/cmake --install /home/william-ubuntu/16832_ws/build/aws_robomaker_bookstore_world
[0.276s] DEBUG:colcon.colcon_core.event_handler.log_command:Invoked command in '/home/william-ubuntu/16832_ws/build/dynamic_logistics_warehouse' returned '0': CMAKE_PREFIX_PATH=/home/william-ubuntu/16832_ws/install/laplace_pathfinder:/home/william-ubuntu/16832_ws/install/gazebo_ros2_2dmap_plugin:/home/william-ubuntu/16832_ws/install/dynamic_logistics_warehouse:/opt/ros/humble:/home/william-ubuntu/16832_ws/install/aws_robomaker_bookstore_world /usr/bin/cmake --build /home/william-ubuntu/16832_ws/build/dynamic_logistics_warehouse -- -j12 -l12
[0.277s] DEBUG:colcon.colcon_core.event_handler.log_command:Invoking command in '/home/william-ubuntu/16832_ws/build/dynamic_logistics_warehouse': CMAKE_PREFIX_PATH=/home/william-ubuntu/16832_ws/install/laplace_pathfinder:/home/william-ubuntu/16832_ws/install/gazebo_ros2_2dmap_plugin:/home/william-ubuntu/16832_ws/install/dynamic_logistics_warehouse:/opt/ros/humble:/home/william-ubuntu/16832_ws/install/aws_robomaker_bookstore_world /usr/bin/cmake --install /home/william-ubuntu/16832_ws/build/dynamic_logistics_warehouse
[0.296s] Level 1:colcon.colcon_core.environment:create_environment_scripts_only(aws_robomaker_bookstore_world)
[0.310s] DEBUG:colcon.colcon_core.event_handler.log_command:Invoked command in '/home/william-ubuntu/16832_ws/build/aws_robomaker_bookstore_world' returned '0': CMAKE_PREFIX_PATH=/home/william-ubuntu/16832_ws/install/laplace_pathfinder:/home/william-ubuntu/16832_ws/install/gazebo_ros2_2dmap_plugin:/home/william-ubuntu/16832_ws/install/dynamic_logistics_warehouse:/opt/ros/humble:/home/william-ubuntu/16832_ws/install/aws_robomaker_bookstore_world /usr/bin/cmake --install /home/william-ubuntu/16832_ws/build/aws_robomaker_bookstore_world
[0.312s] Level 1:colcon.colcon_core.environment:checking '/home/william-ubuntu/16832_ws/install/aws_robomaker_bookstore_world' for CMake module files
[0.312s] Level 1:colcon.colcon_core.environment:checking '/home/william-ubuntu/16832_ws/install/aws_robomaker_bookstore_world' for CMake config files
[0.315s] Level 1:colcon.colcon_core.shell:create_environment_hook('aws_robomaker_bookstore_world', 'cmake_prefix_path')
[0.315s] INFO:colcon.colcon_core.shell:Creating environment hook '/home/william-ubuntu/16832_ws/install/aws_robomaker_bookstore_world/share/aws_robomaker_bookstore_world/hook/cmake_prefix_path.ps1'
[0.315s] INFO:colcon.colcon_core.shell:Creating environment descriptor '/home/william-ubuntu/16832_ws/install/aws_robomaker_bookstore_world/share/aws_robomaker_bookstore_world/hook/cmake_prefix_path.dsv'
[0.316s] INFO:colcon.colcon_core.shell:Creating environment hook '/home/william-ubuntu/16832_ws/install/aws_robomaker_bookstore_world/share/aws_robomaker_bookstore_world/hook/cmake_prefix_path.sh'
[0.316s] Level 1:colcon.colcon_core.environment:checking '/home/william-ubuntu/16832_ws/install/aws_robomaker_bookstore_world/bin'
[0.316s] Level 1:colcon.colcon_core.environment:checking '/home/william-ubuntu/16832_ws/install/aws_robomaker_bookstore_world/lib/pkgconfig/aws_robomaker_bookstore_world.pc'
[0.316s] Level 1:colcon.colcon_core.environment:checking '/home/william-ubuntu/16832_ws/install/aws_robomaker_bookstore_world/lib/python3.10/site-packages'
[0.317s] Level 1:colcon.colcon_core.environment:checking '/home/william-ubuntu/16832_ws/install/aws_robomaker_bookstore_world/bin'
[0.317s] INFO:colcon.colcon_core.shell:Creating package script '/home/william-ubuntu/16832_ws/install/aws_robomaker_bookstore_world/share/aws_robomaker_bookstore_world/package.ps1'
[0.317s] INFO:colcon.colcon_core.shell:Creating package descriptor '/home/william-ubuntu/16832_ws/install/aws_robomaker_bookstore_world/share/aws_robomaker_bookstore_world/package.dsv'
[0.317s] INFO:colcon.colcon_core.shell:Creating package script '/home/william-ubuntu/16832_ws/install/aws_robomaker_bookstore_world/share/aws_robomaker_bookstore_world/package.sh'
[0.318s] INFO:colcon.colcon_core.shell:Creating package script '/home/william-ubuntu/16832_ws/install/aws_robomaker_bookstore_world/share/aws_robomaker_bookstore_world/package.bash'
[0.318s] INFO:colcon.colcon_core.shell:Creating package script '/home/william-ubuntu/16832_ws/install/aws_robomaker_bookstore_world/share/aws_robomaker_bookstore_world/package.zsh'
[0.319s] Level 1:colcon.colcon_core.environment:create_file_with_runtime_dependencies(/home/william-ubuntu/16832_ws/install/aws_robomaker_bookstore_world/share/colcon-core/packages/aws_robomaker_bookstore_world)
[0.319s] Level 1:colcon.colcon_core.environment:create_environment_scripts_only(aws_robomaker_bookstore_world)
[0.319s] Level 1:colcon.colcon_core.environment:checking '/home/william-ubuntu/16832_ws/install/aws_robomaker_bookstore_world' for CMake module files
[0.319s] Level 1:colcon.colcon_core.environment:checking '/home/william-ubuntu/16832_ws/install/aws_robomaker_bookstore_world' for CMake config files
[0.320s] Level 1:colcon.colcon_core.shell:create_environment_hook('aws_robomaker_bookstore_world', 'cmake_prefix_path')
[0.321s] INFO:colcon.colcon_core.shell:Creating environment hook '/home/william-ubuntu/16832_ws/install/aws_robomaker_bookstore_world/share/aws_robomaker_bookstore_world/hook/cmake_prefix_path.ps1'
[0.321s] INFO:colcon.colcon_core.shell:Creating environment descriptor '/home/william-ubuntu/16832_ws/install/aws_robomaker_bookstore_world/share/aws_robomaker_bookstore_world/hook/cmake_prefix_path.dsv'
[0.321s] INFO:colcon.colcon_core.shell:Creating environment hook '/home/william-ubuntu/16832_ws/install/aws_robomaker_bookstore_world/share/aws_robomaker_bookstore_world/hook/cmake_prefix_path.sh'
[0.321s] Level 1:colcon.colcon_core.environment:checking '/home/william-ubuntu/16832_ws/install/aws_robomaker_bookstore_world/bin'
[0.321s] Level 1:colcon.colcon_core.environment:checking '/home/william-ubuntu/16832_ws/install/aws_robomaker_bookstore_world/lib/pkgconfig/aws_robomaker_bookstore_world.pc'
[0.321s] Level 1:colcon.colcon_core.environment:checking '/home/william-ubuntu/16832_ws/install/aws_robomaker_bookstore_world/lib/python3.10/site-packages'
[0.322s] Level 1:colcon.colcon_core.environment:checking '/home/william-ubuntu/16832_ws/install/aws_robomaker_bookstore_world/bin'
[0.322s] INFO:colcon.colcon_core.shell:Creating package script '/home/william-ubuntu/16832_ws/install/aws_robomaker_bookstore_world/share/aws_robomaker_bookstore_world/package.ps1'
[0.322s] INFO:colcon.colcon_core.shell:Creating package descriptor '/home/william-ubuntu/16832_ws/install/aws_robomaker_bookstore_world/share/aws_robomaker_bookstore_world/package.dsv'
[0.323s] INFO:colcon.colcon_core.shell:Creating package script '/home/william-ubuntu/16832_ws/install/aws_robomaker_bookstore_world/share/aws_robomaker_bookstore_world/package.sh'
[0.323s] INFO:colcon.colcon_core.shell:Creating package script '/home/william-ubuntu/16832_ws/install/aws_robomaker_bookstore_world/share/aws_robomaker_bookstore_world/package.bash'
[0.323s] INFO:colcon.colcon_core.shell:Creating package script '/home/william-ubuntu/16832_ws/install/aws_robomaker_bookstore_world/share/aws_robomaker_bookstore_world/package.zsh'
[0.323s] Level 1:colcon.colcon_core.environment:create_file_with_runtime_dependencies(/home/william-ubuntu/16832_ws/install/aws_robomaker_bookstore_world/share/colcon-core/packages/aws_robomaker_bookstore_world)
[0.324s] Level 1:colcon.colcon_core.environment:create_environment_scripts_only(dynamic_logistics_warehouse)
[0.324s] Level 1:colcon.colcon_core.environment:checking '/home/william-ubuntu/16832_ws/install/dynamic_logistics_warehouse' for CMake module files
[0.324s] Level 1:colcon.colcon_core.environment:checking '/home/william-ubuntu/16832_ws/install/dynamic_logistics_warehouse' for CMake config files
[0.324s] DEBUG:colcon.colcon_core.event_handler.log_command:Invoked command in '/home/william-ubuntu/16832_ws/build/dynamic_logistics_warehouse' returned '0': CMAKE_PREFIX_PATH=/home/william-ubuntu/16832_ws/install/laplace_pathfinder:/home/william-ubuntu/16832_ws/install/gazebo_ros2_2dmap_plugin:/home/william-ubuntu/16832_ws/install/dynamic_logistics_warehouse:/opt/ros/humble:/home/william-ubuntu/16832_ws/install/aws_robomaker_bookstore_world /usr/bin/cmake --install /home/william-ubuntu/16832_ws/build/dynamic_logistics_warehouse
[0.325s] Level 1:colcon.colcon_core.shell:create_environment_hook('dynamic_logistics_warehouse', 'cmake_prefix_path')
[0.325s] INFO:colcon.colcon_core.shell:Creating environment hook '/home/william-ubuntu/16832_ws/install/dynamic_logistics_warehouse/share/dynamic_logistics_warehouse/hook/cmake_prefix_path.ps1'
[0.325s] INFO:colcon.colcon_core.shell:Creating environment descriptor '/home/william-ubuntu/16832_ws/install/dynamic_logistics_warehouse/share/dynamic_logistics_warehouse/hook/cmake_prefix_path.dsv'
[0.326s] INFO:colcon.colcon_core.shell:Creating environment hook '/home/william-ubuntu/16832_ws/install/dynamic_logistics_warehouse/share/dynamic_logistics_warehouse/hook/cmake_prefix_path.sh'
[0.326s] Level 1:colcon.colcon_core.environment:checking '/home/william-ubuntu/16832_ws/install/dynamic_logistics_warehouse/bin'
[0.326s] Level 1:colcon.colcon_core.environment:checking '/home/william-ubuntu/16832_ws/install/dynamic_logistics_warehouse/lib/pkgconfig/dynamic_logistics_warehouse.pc'
[0.326s] Level 1:colcon.colcon_core.environment:checking '/home/william-ubuntu/16832_ws/install/dynamic_logistics_warehouse/lib/python3.10/site-packages'
[0.326s] Level 1:colcon.colcon_core.environment:checking '/home/william-ubuntu/16832_ws/install/dynamic_logistics_warehouse/bin'
[0.326s] INFO:colcon.colcon_core.shell:Creating package script '/home/william-ubuntu/16832_ws/install/dynamic_logistics_warehouse/share/dynamic_logistics_warehouse/package.ps1'
[0.327s] INFO:colcon.colcon_core.shell:Creating package descriptor '/home/william-ubuntu/16832_ws/install/dynamic_logistics_warehouse/share/dynamic_logistics_warehouse/package.dsv'
[0.327s] INFO:colcon.colcon_core.shell:Creating package script '/home/william-ubuntu/16832_ws/install/dynamic_logistics_warehouse/share/dynamic_logistics_warehouse/package.sh'
[0.327s] INFO:colcon.colcon_core.shell:Creating package script '/home/william-ubuntu/16832_ws/install/dynamic_logistics_warehouse/share/dynamic_logistics_warehouse/package.bash'
[0.327s] INFO:colcon.colcon_core.shell:Creating package script '/home/william-ubuntu/16832_ws/install/dynamic_logistics_warehouse/share/dynamic_logistics_warehouse/package.zsh'
[0.327s] Level 1:colcon.colcon_core.environment:create_file_with_runtime_dependencies(/home/william-ubuntu/16832_ws/install/dynamic_logistics_warehouse/share/colcon-core/packages/dynamic_logistics_warehouse)
[0.328s] Level 1:colcon.colcon_core.environment:create_environment_scripts_only(dynamic_logistics_warehouse)
[0.328s] Level 1:colcon.colcon_core.environment:checking '/home/william-ubuntu/16832_ws/install/dynamic_logistics_warehouse' for CMake module files
[0.328s] Level 1:colcon.colcon_core.environment:checking '/home/william-ubuntu/16832_ws/install/dynamic_logistics_warehouse' for CMake config files
[0.329s] Level 1:colcon.colcon_core.shell:create_environment_hook('dynamic_logistics_warehouse', 'cmake_prefix_path')
[0.329s] INFO:colcon.colcon_core.shell:Creating environment hook '/home/william-ubuntu/16832_ws/install/dynamic_logistics_warehouse/share/dynamic_logistics_warehouse/hook/cmake_prefix_path.ps1'
[0.329s] INFO:colcon.colcon_core.shell:Creating environment descriptor '/home/william-ubuntu/16832_ws/install/dynamic_logistics_warehouse/share/dynamic_logistics_warehouse/hook/cmake_prefix_path.dsv'
[0.330s] INFO:colcon.colcon_core.shell:Creating environment hook '/home/william-ubuntu/16832_ws/install/dynamic_logistics_warehouse/share/dynamic_logistics_warehouse/hook/cmake_prefix_path.sh'
[0.330s] Level 1:colcon.colcon_core.environment:checking '/home/william-ubuntu/16832_ws/install/dynamic_logistics_warehouse/bin'
[0.330s] Level 1:colcon.colcon_core.environment:checking '/home/william-ubuntu/16832_ws/install/dynamic_logistics_warehouse/lib/pkgconfig/dynamic_logistics_warehouse.pc'
[0.330s] Level 1:colcon.colcon_core.environment:checking '/home/william-ubuntu/16832_ws/install/dynamic_logistics_warehouse/lib/python3.10/site-packages'
[0.330s] Level 1:colcon.colcon_core.environment:checking '/home/william-ubuntu/16832_ws/install/dynamic_logistics_warehouse/bin'
[0.330s] INFO:colcon.colcon_core.shell:Creating package script '/home/william-ubuntu/16832_ws/install/dynamic_logistics_warehouse/share/dynamic_logistics_warehouse/package.ps1'
[0.331s] INFO:colcon.colcon_core.shell:Creating package descriptor '/home/william-ubuntu/16832_ws/install/dynamic_logistics_warehouse/share/dynamic_logistics_warehouse/package.dsv'
[0.331s] INFO:colcon.colcon_core.shell:Creating package script '/home/william-ubuntu/16832_ws/install/dynamic_logistics_warehouse/share/dynamic_logistics_warehouse/package.sh'
[0.331s] INFO:colcon.colcon_core.shell:Creating package script '/home/william-ubuntu/16832_ws/install/dynamic_logistics_warehouse/share/dynamic_logistics_warehouse/package.bash'
[0.331s] INFO:colcon.colcon_core.shell:Creating package script '/home/william-ubuntu/16832_ws/install/dynamic_logistics_warehouse/share/dynamic_logistics_warehouse/package.zsh'
[0.332s] Level 1:colcon.colcon_core.environment:create_file_with_runtime_dependencies(/home/william-ubuntu/16832_ws/install/dynamic_logistics_warehouse/share/colcon-core/packages/dynamic_logistics_warehouse)
[0.332s] INFO:colcon.colcon_ros.task.ament_cmake.build:Building ROS package in '/home/william-ubuntu/16832_ws/src/laplace_pathfinder' with build type 'ament_cmake'
[0.332s] INFO:colcon.colcon_cmake.task.cmake.build:Building CMake package in '/home/william-ubuntu/16832_ws/src/laplace_pathfinder'
[0.332s] INFO:colcon.colcon_core.shell:Skip shell extension 'powershell' for command environment: Not usable outside of PowerShell
[0.332s] DEBUG:colcon.colcon_core.shell:Skip shell extension 'dsv' for command environment
[0.335s] DEBUG:colcon.colcon_core.event_handler.log_command:Invoked command in '/home/william-ubuntu/16832_ws/build/gazebo_ros2_2dmap_plugin' returned '0': CMAKE_PREFIX_PATH=/home/william-ubuntu/16832_ws/install/laplace_pathfinder:/home/william-ubuntu/16832_ws/install/gazebo_ros2_2dmap_plugin:/home/william-ubuntu/16832_ws/install/dynamic_logistics_warehouse:/opt/ros/humble:/home/william-ubuntu/16832_ws/install/aws_robomaker_bookstore_world /usr/bin/cmake --build /home/william-ubuntu/16832_ws/build/gazebo_ros2_2dmap_plugin -- -j12 -l12
[0.337s] DEBUG:colcon.colcon_core.event_handler.log_command:Invoking command in '/home/william-ubuntu/16832_ws/build/gazebo_ros2_2dmap_plugin': CMAKE_PREFIX_PATH=/home/william-ubuntu/16832_ws/install/laplace_pathfinder:/home/william-ubuntu/16832_ws/install/gazebo_ros2_2dmap_plugin:/home/william-ubuntu/16832_ws/install/dynamic_logistics_warehouse:/opt/ros/humble:/home/william-ubuntu/16832_ws/install/aws_robomaker_bookstore_world /usr/bin/cmake --install /home/william-ubuntu/16832_ws/build/gazebo_ros2_2dmap_plugin
[0.340s] DEBUG:colcon.colcon_core.event_handler.log_command:Invoking command in '/home/william-ubuntu/16832_ws/build/laplace_pathfinder': CMAKE_PREFIX_PATH=/home/william-ubuntu/16832_ws/install/dynamic_logistics_warehouse:/opt/ros/humble:/home/william-ubuntu/16832_ws/install/aws_robomaker_bookstore_world:/home/william-ubuntu/16832_ws/install/laplace_pathfinder:/home/william-ubuntu/16832_ws/install/gazebo_ros2_2dmap_plugin /usr/bin/cmake --build /home/william-ubuntu/16832_ws/build/laplace_pathfinder -- -j12 -l12
[0.344s] Level 1:colcon.colcon_core.environment:create_environment_scripts_only(gazebo_ros2_2dmap_plugin)
[0.344s] Level 1:colcon.colcon_core.environment:checking '/home/william-ubuntu/16832_ws/install/gazebo_ros2_2dmap_plugin' for CMake module files
[0.345s] DEBUG:colcon.colcon_core.event_handler.log_command:Invoked command in '/home/william-ubuntu/16832_ws/build/gazebo_ros2_2dmap_plugin' returned '0': CMAKE_PREFIX_PATH=/home/william-ubuntu/16832_ws/install/laplace_pathfinder:/home/william-ubuntu/16832_ws/install/gazebo_ros2_2dmap_plugin:/home/william-ubuntu/16832_ws/install/dynamic_logistics_warehouse:/opt/ros/humble:/home/william-ubuntu/16832_ws/install/aws_robomaker_bookstore_world /usr/bin/cmake --install /home/william-ubuntu/16832_ws/build/gazebo_ros2_2dmap_plugin
[0.345s] Level 1:colcon.colcon_core.environment:checking '/home/william-ubuntu/16832_ws/install/gazebo_ros2_2dmap_plugin' for CMake config files
[0.346s] Level 1:colcon.colcon_core.shell:create_environment_hook('gazebo_ros2_2dmap_plugin', 'cmake_prefix_path')
[0.346s] INFO:colcon.colcon_core.shell:Creating environment hook '/home/william-ubuntu/16832_ws/install/gazebo_ros2_2dmap_plugin/share/gazebo_ros2_2dmap_plugin/hook/cmake_prefix_path.ps1'
[0.346s] INFO:colcon.colcon_core.shell:Creating environment descriptor '/home/william-ubuntu/16832_ws/install/gazebo_ros2_2dmap_plugin/share/gazebo_ros2_2dmap_plugin/hook/cmake_prefix_path.dsv'
[0.347s] INFO:colcon.colcon_core.shell:Creating environment hook '/home/william-ubuntu/16832_ws/install/gazebo_ros2_2dmap_plugin/share/gazebo_ros2_2dmap_plugin/hook/cmake_prefix_path.sh'
[0.347s] Level 1:colcon.colcon_core.environment:checking '/home/william-ubuntu/16832_ws/install/gazebo_ros2_2dmap_plugin/lib'
[0.348s] Level 1:colcon.colcon_core.shell:create_environment_hook('gazebo_ros2_2dmap_plugin', 'ld_library_path_lib')
[0.348s] INFO:colcon.colcon_core.shell:Creating environment hook '/home/william-ubuntu/16832_ws/install/gazebo_ros2_2dmap_plugin/share/gazebo_ros2_2dmap_plugin/hook/ld_library_path_lib.ps1'
[0.349s] INFO:colcon.colcon_core.shell:Creating environment descriptor '/home/william-ubuntu/16832_ws/install/gazebo_ros2_2dmap_plugin/share/gazebo_ros2_2dmap_plugin/hook/ld_library_path_lib.dsv'
[0.349s] INFO:colcon.colcon_core.shell:Creating environment hook '/home/william-ubuntu/16832_ws/install/gazebo_ros2_2dmap_plugin/share/gazebo_ros2_2dmap_plugin/hook/ld_library_path_lib.sh'
[0.349s] Level 1:colcon.colcon_core.environment:checking '/home/william-ubuntu/16832_ws/install/gazebo_ros2_2dmap_plugin/bin'
[0.350s] Level 1:colcon.colcon_core.environment:checking '/home/william-ubuntu/16832_ws/install/gazebo_ros2_2dmap_plugin/lib/pkgconfig/gazebo_ros2_2dmap_plugin.pc'
[0.350s] Level 1:colcon.colcon_core.environment:checking '/home/william-ubuntu/16832_ws/install/gazebo_ros2_2dmap_plugin/lib/python3.10/site-packages'
[0.350s] Level 1:colcon.colcon_core.environment:checking '/home/william-ubuntu/16832_ws/install/gazebo_ros2_2dmap_plugin/bin'
[0.351s] INFO:colcon.colcon_core.shell:Creating package script '/home/william-ubuntu/16832_ws/install/gazebo_ros2_2dmap_plugin/share/gazebo_ros2_2dmap_plugin/package.ps1'
[0.351s] INFO:colcon.colcon_core.shell:Creating package descriptor '/home/william-ubuntu/16832_ws/install/gazebo_ros2_2dmap_plugin/share/gazebo_ros2_2dmap_plugin/package.dsv'
[0.352s] INFO:colcon.colcon_core.shell:Creating package script '/home/william-ubuntu/16832_ws/install/gazebo_ros2_2dmap_plugin/share/gazebo_ros2_2dmap_plugin/package.sh'
[0.352s] INFO:colcon.colcon_core.shell:Creating package script '/home/william-ubuntu/16832_ws/install/gazebo_ros2_2dmap_plugin/share/gazebo_ros2_2dmap_plugin/package.bash'
[0.353s] INFO:colcon.colcon_core.shell:Creating package script '/home/william-ubuntu/16832_ws/install/gazebo_ros2_2dmap_plugin/share/gazebo_ros2_2dmap_plugin/package.zsh'
[0.353s] Level 1:colcon.colcon_core.environment:create_file_with_runtime_dependencies(/home/william-ubuntu/16832_ws/install/gazebo_ros2_2dmap_plugin/share/colcon-core/packages/gazebo_ros2_2dmap_plugin)
[0.353s] Level 1:colcon.colcon_core.environment:create_environment_scripts_only(gazebo_ros2_2dmap_plugin)
[0.353s] Level 1:colcon.colcon_core.environment:checking '/home/william-ubuntu/16832_ws/install/gazebo_ros2_2dmap_plugin' for CMake module files
[0.354s] Level 1:colcon.colcon_core.environment:checking '/home/william-ubuntu/16832_ws/install/gazebo_ros2_2dmap_plugin' for CMake config files
[0.354s] Level 1:colcon.colcon_core.shell:create_environment_hook('gazebo_ros2_2dmap_plugin', 'cmake_prefix_path')
[0.354s] INFO:colcon.colcon_core.shell:Creating environment hook '/home/william-ubuntu/16832_ws/install/gazebo_ros2_2dmap_plugin/share/gazebo_ros2_2dmap_plugin/hook/cmake_prefix_path.ps1'
[0.354s] INFO:colcon.colcon_core.shell:Creating environment descriptor '/home/william-ubuntu/16832_ws/install/gazebo_ros2_2dmap_plugin/share/gazebo_ros2_2dmap_plugin/hook/cmake_prefix_path.dsv'
[0.355s] INFO:colcon.colcon_core.shell:Creating environment hook '/home/william-ubuntu/16832_ws/install/gazebo_ros2_2dmap_plugin/share/gazebo_ros2_2dmap_plugin/hook/cmake_prefix_path.sh'
[0.355s] Level 1:colcon.colcon_core.environment:checking '/home/william-ubuntu/16832_ws/install/gazebo_ros2_2dmap_plugin/lib'
[0.355s] Level 1:colcon.colcon_core.shell:create_environment_hook('gazebo_ros2_2dmap_plugin', 'ld_library_path_lib')
[0.355s] INFO:colcon.colcon_core.shell:Creating environment hook '/home/william-ubuntu/16832_ws/install/gazebo_ros2_2dmap_plugin/share/gazebo_ros2_2dmap_plugin/hook/ld_library_path_lib.ps1'
[0.355s] INFO:colcon.colcon_core.shell:Creating environment descriptor '/home/william-ubuntu/16832_ws/install/gazebo_ros2_2dmap_plugin/share/gazebo_ros2_2dmap_plugin/hook/ld_library_path_lib.dsv'
[0.356s] INFO:colcon.colcon_core.shell:Creating environment hook '/home/william-ubuntu/16832_ws/install/gazebo_ros2_2dmap_plugin/share/gazebo_ros2_2dmap_plugin/hook/ld_library_path_lib.sh'
[0.356s] Level 1:colcon.colcon_core.environment:checking '/home/william-ubuntu/16832_ws/install/gazebo_ros2_2dmap_plugin/bin'
[0.356s] Level 1:colcon.colcon_core.environment:checking '/home/william-ubuntu/16832_ws/install/gazebo_ros2_2dmap_plugin/lib/pkgconfig/gazebo_ros2_2dmap_plugin.pc'
[0.356s] Level 1:colcon.colcon_core.environment:checking '/home/william-ubuntu/16832_ws/install/gazebo_ros2_2dmap_plugin/lib/python3.10/site-packages'
[0.356s] Level 1:colcon.colcon_core.environment:checking '/home/william-ubuntu/16832_ws/install/gazebo_ros2_2dmap_plugin/bin'
[0.356s] INFO:colcon.colcon_core.shell:Creating package script '/home/william-ubuntu/16832_ws/install/gazebo_ros2_2dmap_plugin/share/gazebo_ros2_2dmap_plugin/package.ps1'
[0.357s] INFO:colcon.colcon_core.shell:Creating package descriptor '/home/william-ubuntu/16832_ws/install/gazebo_ros2_2dmap_plugin/share/gazebo_ros2_2dmap_plugin/package.dsv'
[0.357s] INFO:colcon.colcon_core.shell:Creating package script '/home/william-ubuntu/16832_ws/install/gazebo_ros2_2dmap_plugin/share/gazebo_ros2_2dmap_plugin/package.sh'
[0.357s] INFO:colcon.colcon_core.shell:Creating package script '/home/william-ubuntu/16832_ws/install/gazebo_ros2_2dmap_plugin/share/gazebo_ros2_2dmap_plugin/package.bash'
[0.358s] INFO:colcon.colcon_core.shell:Creating package script '/home/william-ubuntu/16832_ws/install/gazebo_ros2_2dmap_plugin/share/gazebo_ros2_2dmap_plugin/package.zsh'
[0.358s] Level 1:colcon.colcon_core.environment:create_file_with_runtime_dependencies(/home/william-ubuntu/16832_ws/install/gazebo_ros2_2dmap_plugin/share/colcon-core/packages/gazebo_ros2_2dmap_plugin)
[6.183s] DEBUG:colcon.colcon_core.event_handler.log_command:Invoked command in '/home/william-ubuntu/16832_ws/build/laplace_pathfinder' returned '0': CMAKE_PREFIX_PATH=/home/william-ubuntu/16832_ws/install/dynamic_logistics_warehouse:/opt/ros/humble:/home/william-ubuntu/16832_ws/install/aws_robomaker_bookstore_world:/home/william-ubuntu/16832_ws/install/laplace_pathfinder:/home/william-ubuntu/16832_ws/install/gazebo_ros2_2dmap_plugin /usr/bin/cmake --build /home/william-ubuntu/16832_ws/build/laplace_pathfinder -- -j12 -l12
[6.185s] DEBUG:colcon.colcon_core.event_handler.log_command:Invoking command in '/home/william-ubuntu/16832_ws/build/laplace_pathfinder': CMAKE_PREFIX_PATH=/home/william-ubuntu/16832_ws/install/dynamic_logistics_warehouse:/opt/ros/humble:/home/william-ubuntu/16832_ws/install/aws_robomaker_bookstore_world:/home/william-ubuntu/16832_ws/install/laplace_pathfinder:/home/william-ubuntu/16832_ws/install/gazebo_ros2_2dmap_plugin /usr/bin/cmake --install /home/william-ubuntu/16832_ws/build/laplace_pathfinder
[6.202s] Level 1:colcon.colcon_core.environment:create_environment_scripts_only(laplace_pathfinder)
[6.202s] Level 1:colcon.colcon_core.environment:checking '/home/william-ubuntu/16832_ws/install/laplace_pathfinder' for CMake module files
[6.202s] DEBUG:colcon.colcon_core.event_handler.log_command:Invoked command in '/home/william-ubuntu/16832_ws/build/laplace_pathfinder' returned '0': CMAKE_PREFIX_PATH=/home/william-ubuntu/16832_ws/install/dynamic_logistics_warehouse:/opt/ros/humble:/home/william-ubuntu/16832_ws/install/aws_robomaker_bookstore_world:/home/william-ubuntu/16832_ws/install/laplace_pathfinder:/home/william-ubuntu/16832_ws/install/gazebo_ros2_2dmap_plugin /usr/bin/cmake --install /home/william-ubuntu/16832_ws/build/laplace_pathfinder
[6.203s] Level 1:colcon.colcon_core.environment:checking '/home/william-ubuntu/16832_ws/install/laplace_pathfinder' for CMake config files
[6.203s] Level 1:colcon.colcon_core.shell:create_environment_hook('laplace_pathfinder', 'cmake_prefix_path')
[6.203s] INFO:colcon.colcon_core.shell:Creating environment hook '/home/william-ubuntu/16832_ws/install/laplace_pathfinder/share/laplace_pathfinder/hook/cmake_prefix_path.ps1'
[6.203s] INFO:colcon.colcon_core.shell:Creating environment descriptor '/home/william-ubuntu/16832_ws/install/laplace_pathfinder/share/laplace_pathfinder/hook/cmake_prefix_path.dsv'
[6.204s] INFO:colcon.colcon_core.shell:Creating environment hook '/home/william-ubuntu/16832_ws/install/laplace_pathfinder/share/laplace_pathfinder/hook/cmake_prefix_path.sh'
[6.204s] Level 1:colcon.colcon_core.environment:checking '/home/william-ubuntu/16832_ws/install/laplace_pathfinder/lib'
[6.204s] Level 1:colcon.colcon_core.environment:checking '/home/william-ubuntu/16832_ws/install/laplace_pathfinder/bin'
[6.204s] Level 1:colcon.colcon_core.environment:checking '/home/william-ubuntu/16832_ws/install/laplace_pathfinder/lib/pkgconfig/laplace_pathfinder.pc'
[6.204s] Level 1:colcon.colcon_core.environment:checking '/home/william-ubuntu/16832_ws/install/laplace_pathfinder/lib/python3.10/site-packages'
[6.205s] Level 1:colcon.colcon_core.environment:checking '/home/william-ubuntu/16832_ws/install/laplace_pathfinder/bin'
[6.205s] INFO:colcon.colcon_core.shell:Creating package script '/home/william-ubuntu/16832_ws/install/laplace_pathfinder/share/laplace_pathfinder/package.ps1'
[6.205s] INFO:colcon.colcon_core.shell:Creating package descriptor '/home/william-ubuntu/16832_ws/install/laplace_pathfinder/share/laplace_pathfinder/package.dsv'
[6.205s] INFO:colcon.colcon_core.shell:Creating package script '/home/william-ubuntu/16832_ws/install/laplace_pathfinder/share/laplace_pathfinder/package.sh'
[6.206s] INFO:colcon.colcon_core.shell:Creating package script '/home/william-ubuntu/16832_ws/install/laplace_pathfinder/share/laplace_pathfinder/package.bash'
[6.206s] INFO:colcon.colcon_core.shell:Creating package script '/home/william-ubuntu/16832_ws/install/laplace_pathfinder/share/laplace_pathfinder/package.zsh'
[6.206s] Level 1:colcon.colcon_core.environment:create_file_with_runtime_dependencies(/home/william-ubuntu/16832_ws/install/laplace_pathfinder/share/colcon-core/packages/laplace_pathfinder)
[6.206s] Level 1:colcon.colcon_core.environment:create_environment_scripts_only(laplace_pathfinder)
[6.206s] Level 1:colcon.colcon_core.environment:checking '/home/william-ubuntu/16832_ws/install/laplace_pathfinder' for CMake module files
[6.207s] Level 1:colcon.colcon_core.environment:checking '/home/william-ubuntu/16832_ws/install/laplace_pathfinder' for CMake config files
[6.207s] Level 1:colcon.colcon_core.shell:create_environment_hook('laplace_pathfinder', 'cmake_prefix_path')
[6.207s] INFO:colcon.colcon_core.shell:Creating environment hook '/home/william-ubuntu/16832_ws/install/laplace_pathfinder/share/laplace_pathfinder/hook/cmake_prefix_path.ps1'
[6.207s] INFO:colcon.colcon_core.shell:Creating environment descriptor '/home/william-ubuntu/16832_ws/install/laplace_pathfinder/share/laplace_pathfinder/hook/cmake_prefix_path.dsv'
[6.207s] INFO:colcon.colcon_core.shell:Creating environment hook '/home/william-ubuntu/16832_ws/install/laplace_pathfinder/share/laplace_pathfinder/hook/cmake_prefix_path.sh'
[6.208s] Level 1:colcon.colcon_core.environment:checking '/home/william-ubuntu/16832_ws/install/laplace_pathfinder/lib'
[6.208s] Level 1:colcon.colcon_core.environment:checking '/home/william-ubuntu/16832_ws/install/laplace_pathfinder/bin'
[6.208s] Level 1:colcon.colcon_core.environment:checking '/home/william-ubuntu/16832_ws/install/laplace_pathfinder/lib/pkgconfig/laplace_pathfinder.pc'
[6.208s] Level 1:colcon.colcon_core.environment:checking '/home/william-ubuntu/16832_ws/install/laplace_pathfinder/lib/python3.10/site-packages'
[6.208s] Level 1:colcon.colcon_core.environment:checking '/home/william-ubuntu/16832_ws/install/laplace_pathfinder/bin'
[6.208s] INFO:colcon.colcon_core.shell:Creating package script '/home/william-ubuntu/16832_ws/install/laplace_pathfinder/share/laplace_pathfinder/package.ps1'
[6.208s] INFO:colcon.colcon_core.shell:Creating package descriptor '/home/william-ubuntu/16832_ws/install/laplace_pathfinder/share/laplace_pathfinder/package.dsv'
[6.209s] INFO:colcon.colcon_core.shell:Creating package script '/home/william-ubuntu/16832_ws/install/laplace_pathfinder/share/laplace_pathfinder/package.sh'
[6.209s] INFO:colcon.colcon_core.shell:Creating package script '/home/william-ubuntu/16832_ws/install/laplace_pathfinder/share/laplace_pathfinder/package.bash'
[6.209s] INFO:colcon.colcon_core.shell:Creating package script '/home/william-ubuntu/16832_ws/install/laplace_pathfinder/share/laplace_pathfinder/package.zsh'
[6.209s] Level 1:colcon.colcon_core.environment:create_file_with_runtime_dependencies(/home/william-ubuntu/16832_ws/install/laplace_pathfinder/share/colcon-core/packages/laplace_pathfinder)
[6.209s] DEBUG:colcon.colcon_parallel_executor.executor.parallel:closing loop
[6.210s] DEBUG:colcon.colcon_parallel_executor.executor.parallel:loop closed
[6.210s] DEBUG:colcon.colcon_parallel_executor.executor.parallel:run_until_complete finished with '0'
[6.210s] DEBUG:colcon.colcon_core.event_reactor:joining thread
[6.213s] INFO:colcon.colcon_core.plugin_system:Skipping extension 'colcon_notification.desktop_notification.terminal_notifier': Not used on non-Darwin systems
[6.213s] INFO:colcon.colcon_core.plugin_system:Skipping extension 'colcon_notification.desktop_notification.win32': Not used on non-Windows systems
[6.213s] INFO:colcon.colcon_notification.desktop_notification:Sending desktop notification using 'notify2'
[6.222s] DEBUG:colcon.colcon_core.event_reactor:joined thread
[6.222s] INFO:colcon.colcon_core.shell:Creating prefix script '/home/william-ubuntu/16832_ws/install/local_setup.ps1'
[6.223s] INFO:colcon.colcon_core.shell:Creating prefix util module '/home/william-ubuntu/16832_ws/install/_local_setup_util_ps1.py'
[6.225s] INFO:colcon.colcon_core.shell:Creating prefix chain script '/home/william-ubuntu/16832_ws/install/setup.ps1'
[6.226s] INFO:colcon.colcon_core.shell:Creating prefix script '/home/william-ubuntu/16832_ws/install/local_setup.sh'
[6.226s] INFO:colcon.colcon_core.shell:Creating prefix util module '/home/william-ubuntu/16832_ws/install/_local_setup_util_sh.py'
[6.227s] INFO:colcon.colcon_core.shell:Creating prefix chain script '/home/william-ubuntu/16832_ws/install/setup.sh'
[6.228s] INFO:colcon.colcon_core.shell:Creating prefix script '/home/william-ubuntu/16832_ws/install/local_setup.bash'
[6.228s] INFO:colcon.colcon_core.shell:Creating prefix chain script '/home/william-ubuntu/16832_ws/install/setup.bash'
[6.229s] INFO:colcon.colcon_core.shell:Creating prefix script '/home/william-ubuntu/16832_ws/install/local_setup.zsh'
[6.229s] INFO:colcon.colcon_core.shell:Creating prefix chain script '/home/william-ubuntu/16832_ws/install/setup.zsh'
